epoch 0 train_loss 4.158 train_acc@1 7.612 train_acc@5 24.558 val_loss 3.694 val_acc@1 13.150 val_acc@5 37.300
epoch 1 train_loss 3.605 train_acc@1 14.258 train_acc@5 39.292 val_loss 3.320 val_acc@1 19.840 val_acc@5 47.220
epoch 2 train_loss 3.278 train_acc@1 19.544 train_acc@5 48.214 val_loss 3.036 val_acc@1 24.320 val_acc@5 55.070
epoch 3 train_loss 3.020 train_acc@1 24.452 train_acc@5 55.058 val_loss 2.732 val_acc@1 29.880 val_acc@5 62.580
epoch 4 train_loss 2.815 train_acc@1 28.126 train_acc@5 60.046 val_loss 2.548 val_acc@1 34.200 val_acc@5 66.850
epoch 5 train_loss 2.650 train_acc@1 31.462 train_acc@5 63.970 val_loss 2.379 val_acc@1 36.690 val_acc@5 70.550
epoch 6 train_loss 2.512 train_acc@1 34.006 train_acc@5 67.148 val_loss 2.411 val_acc@1 36.380 val_acc@5 69.340
epoch 7 train_loss 2.405 train_acc@1 36.636 train_acc@5 69.706 val_loss 2.232 val_acc@1 40.930 val_acc@5 73.180
epoch 8 train_loss 2.326 train_acc@1 38.530 train_acc@5 71.198 val_loss 2.249 val_acc@1 39.810 val_acc@5 73.390
epoch 9 train_loss 2.245 train_acc@1 40.352 train_acc@5 72.802 val_loss 2.070 val_acc@1 44.280 val_acc@5 76.570
epoch 10 train_loss 2.180 train_acc@1 41.410 train_acc@5 74.290 val_loss 1.934 val_acc@1 47.390 val_acc@5 78.620
epoch 11 train_loss 2.111 train_acc@1 43.360 train_acc@5 75.512 val_loss 1.986 val_acc@1 46.220 val_acc@5 77.590
epoch 12 train_loss 2.065 train_acc@1 44.000 train_acc@5 76.450 val_loss 2.006 val_acc@1 46.210 val_acc@5 77.680
epoch 13 train_loss 2.004 train_acc@1 45.304 train_acc@5 77.672 val_loss 1.880 val_acc@1 48.990 val_acc@5 79.660
epoch 14 train_loss 1.963 train_acc@1 46.728 train_acc@5 78.400 val_loss 1.826 val_acc@1 50.130 val_acc@5 80.300
epoch 15 train_loss 1.910 train_acc@1 47.706 train_acc@5 79.340 val_loss 1.739 val_acc@1 52.240 val_acc@5 82.390
epoch 16 train_loss 1.863 train_acc@1 48.882 train_acc@5 80.284 val_loss 1.654 val_acc@1 54.660 val_acc@5 83.430
epoch 17 train_loss 1.813 train_acc@1 50.448 train_acc@5 81.204 val_loss 1.642 val_acc@1 54.030 val_acc@5 83.450
epoch 18 train_loss 1.784 train_acc@1 50.784 train_acc@5 81.462 val_loss 1.669 val_acc@1 53.430 val_acc@5 83.270
epoch 19 train_loss 1.738 train_acc@1 51.860 train_acc@5 82.618 val_loss 1.662 val_acc@1 54.660 val_acc@5 84.010
epoch 20 train_loss 1.706 train_acc@1 52.868 train_acc@5 82.824 val_loss 1.570 val_acc@1 56.410 val_acc@5 84.760
epoch 21 train_loss 1.666 train_acc@1 53.838 train_acc@5 83.564 val_loss 1.573 val_acc@1 56.430 val_acc@5 84.650
epoch 22 train_loss 1.637 train_acc@1 54.434 train_acc@5 84.048 val_loss 1.520 val_acc@1 57.720 val_acc@5 86.100
epoch 23 train_loss 1.619 train_acc@1 54.714 train_acc@5 84.598 val_loss 1.559 val_acc@1 57.260 val_acc@5 85.390
epoch 24 train_loss 1.583 train_acc@1 55.716 train_acc@5 84.968 val_loss 1.505 val_acc@1 58.140 val_acc@5 86.000
epoch 25 train_loss 1.556 train_acc@1 56.582 train_acc@5 85.268 val_loss 1.424 val_acc@1 60.230 val_acc@5 86.960
epoch 26 train_loss 1.520 train_acc@1 57.256 train_acc@5 85.936 val_loss 1.504 val_acc@1 58.040 val_acc@5 86.380
epoch 27 train_loss 1.502 train_acc@1 57.686 train_acc@5 86.130 val_loss 1.486 val_acc@1 58.770 val_acc@5 86.270
epoch 28 train_loss 1.480 train_acc@1 58.424 train_acc@5 86.516 val_loss 1.478 val_acc@1 59.390 val_acc@5 86.380
epoch 29 train_loss 1.455 train_acc@1 59.166 train_acc@5 86.856 val_loss 1.379 val_acc@1 60.840 val_acc@5 87.750
epoch 30 train_loss 1.431 train_acc@1 59.452 train_acc@5 87.180 val_loss 1.374 val_acc@1 61.480 val_acc@5 88.390
epoch 31 train_loss 1.423 train_acc@1 59.922 train_acc@5 87.306 val_loss 1.306 val_acc@1 63.160 val_acc@5 88.730
epoch 32 train_loss 1.404 train_acc@1 60.236 train_acc@5 87.532 val_loss 1.376 val_acc@1 61.020 val_acc@5 88.310
epoch 33 train_loss 1.378 train_acc@1 60.708 train_acc@5 88.132 val_loss 1.311 val_acc@1 63.070 val_acc@5 89.100
epoch 34 train_loss 1.373 train_acc@1 61.010 train_acc@5 88.052 val_loss 1.347 val_acc@1 61.930 val_acc@5 88.510
epoch 35 train_loss 1.349 train_acc@1 61.868 train_acc@5 88.282 val_loss 1.303 val_acc@1 62.520 val_acc@5 89.290
epoch 36 train_loss 1.328 train_acc@1 62.200 train_acc@5 88.508 val_loss 1.278 val_acc@1 64.180 val_acc@5 89.510
epoch 37 train_loss 1.307 train_acc@1 62.770 train_acc@5 88.978 val_loss 1.265 val_acc@1 63.920 val_acc@5 89.490
epoch 38 train_loss 1.301 train_acc@1 62.930 train_acc@5 89.030 val_loss 1.306 val_acc@1 63.200 val_acc@5 88.870
epoch 39 train_loss 1.284 train_acc@1 63.068 train_acc@5 89.358 val_loss 1.290 val_acc@1 63.610 val_acc@5 89.000
epoch 40 train_loss 1.260 train_acc@1 63.878 train_acc@5 89.518 val_loss 1.244 val_acc@1 64.740 val_acc@5 90.210
epoch 41 train_loss 1.252 train_acc@1 64.016 train_acc@5 89.730 val_loss 1.236 val_acc@1 65.190 val_acc@5 89.850
epoch 42 train_loss 1.233 train_acc@1 64.680 train_acc@5 90.102 val_loss 1.260 val_acc@1 64.530 val_acc@5 89.370
epoch 43 train_loss 1.224 train_acc@1 64.758 train_acc@5 90.074 val_loss 1.224 val_acc@1 64.960 val_acc@5 90.120
epoch 44 train_loss 1.209 train_acc@1 65.140 train_acc@5 90.346 val_loss 1.258 val_acc@1 64.810 val_acc@5 89.800
epoch 45 train_loss 1.202 train_acc@1 65.530 train_acc@5 90.328 val_loss 1.225 val_acc@1 65.490 val_acc@5 89.900
epoch 46 train_loss 1.191 train_acc@1 65.686 train_acc@5 90.480 val_loss 1.220 val_acc@1 65.540 val_acc@5 90.300
epoch 47 train_loss 1.180 train_acc@1 65.972 train_acc@5 90.684 val_loss 1.206 val_acc@1 66.270 val_acc@5 90.270
epoch 48 train_loss 1.161 train_acc@1 66.312 train_acc@5 90.938 val_loss 1.281 val_acc@1 64.440 val_acc@5 89.560
epoch 49 train_loss 1.150 train_acc@1 66.658 train_acc@5 91.052 val_loss 1.253 val_acc@1 65.290 val_acc@5 89.620
epoch 50 train_loss 1.140 train_acc@1 67.036 train_acc@5 91.190 val_loss 1.193 val_acc@1 66.370 val_acc@5 90.330
epoch 51 train_loss 1.137 train_acc@1 67.038 train_acc@5 91.278 val_loss 1.238 val_acc@1 65.230 val_acc@5 90.080
epoch 52 train_loss 1.136 train_acc@1 67.112 train_acc@5 91.324 val_loss 1.187 val_acc@1 66.180 val_acc@5 90.830
epoch 53 train_loss 1.115 train_acc@1 67.782 train_acc@5 91.444 val_loss 1.201 val_acc@1 66.050 val_acc@5 90.480
epoch 54 train_loss 1.109 train_acc@1 67.634 train_acc@5 91.496 val_loss 1.186 val_acc@1 66.950 val_acc@5 90.600
epoch 55 train_loss 1.101 train_acc@1 67.812 train_acc@5 91.744 val_loss 1.225 val_acc@1 66.050 val_acc@5 90.200
epoch 56 train_loss 1.084 train_acc@1 68.430 train_acc@5 91.910 val_loss 1.193 val_acc@1 66.870 val_acc@5 90.650
epoch 57 train_loss 1.076 train_acc@1 68.518 train_acc@5 92.030 val_loss 1.174 val_acc@1 67.000 val_acc@5 90.850
epoch 58 train_loss 1.076 train_acc@1 68.470 train_acc@5 91.980 val_loss 1.228 val_acc@1 65.840 val_acc@5 90.110
epoch 59 train_loss 1.065 train_acc@1 68.830 train_acc@5 92.186 val_loss 1.238 val_acc@1 65.390 val_acc@5 89.940
epoch 60 train_loss 1.052 train_acc@1 69.244 train_acc@5 92.208 val_loss 1.209 val_acc@1 66.580 val_acc@5 90.740
epoch 61 train_loss 1.045 train_acc@1 69.340 train_acc@5 92.322 val_loss 1.186 val_acc@1 66.800 val_acc@5 90.850
epoch 62 train_loss 1.037 train_acc@1 69.574 train_acc@5 92.442 val_loss 1.164 val_acc@1 67.440 val_acc@5 91.100
epoch 63 train_loss 1.032 train_acc@1 69.460 train_acc@5 92.532 val_loss 1.193 val_acc@1 67.510 val_acc@5 90.970
epoch 64 train_loss 1.015 train_acc@1 70.116 train_acc@5 92.834 val_loss 1.210 val_acc@1 66.830 val_acc@5 90.350
epoch 65 train_loss 1.019 train_acc@1 70.188 train_acc@5 92.682 val_loss 1.199 val_acc@1 67.210 val_acc@5 90.920
epoch 66 train_loss 1.005 train_acc@1 70.536 train_acc@5 92.884 val_loss 1.217 val_acc@1 66.240 val_acc@5 90.350
epoch 67 train_loss 0.998 train_acc@1 70.690 train_acc@5 92.912 val_loss 1.204 val_acc@1 66.600 val_acc@5 90.760
epoch 68 train_loss 0.993 train_acc@1 70.660 train_acc@5 92.924 val_loss 1.212 val_acc@1 66.740 val_acc@5 90.690
epoch 69 train_loss 0.989 train_acc@1 70.902 train_acc@5 93.144 val_loss 1.191 val_acc@1 67.410 val_acc@5 90.900
epoch 70 train_loss 0.985 train_acc@1 70.648 train_acc@5 93.192 val_loss 1.181 val_acc@1 67.760 val_acc@5 90.870
epoch 71 train_loss 0.964 train_acc@1 71.678 train_acc@5 93.254 val_loss 1.191 val_acc@1 67.730 val_acc@5 90.930
epoch 72 train_loss 0.978 train_acc@1 71.270 train_acc@5 93.130 val_loss 1.187 val_acc@1 67.480 val_acc@5 90.690
epoch 73 train_loss 0.955 train_acc@1 71.670 train_acc@5 93.458 val_loss 1.181 val_acc@1 67.120 val_acc@5 90.800
epoch 74 train_loss 0.951 train_acc@1 71.800 train_acc@5 93.546 val_loss 1.177 val_acc@1 67.350 val_acc@5 91.170
epoch 75 train_loss 0.956 train_acc@1 71.736 train_acc@5 93.374 val_loss 1.155 val_acc@1 68.260 val_acc@5 91.300
epoch 76 train_loss 0.951 train_acc@1 71.886 train_acc@5 93.496 val_loss 1.161 val_acc@1 68.340 val_acc@5 91.340
epoch 77 train_loss 0.939 train_acc@1 72.190 train_acc@5 93.584 val_loss 1.200 val_acc@1 67.490 val_acc@5 90.940
epoch 78 train_loss 0.931 train_acc@1 72.444 train_acc@5 93.632 val_loss 1.199 val_acc@1 67.480 val_acc@5 91.040
epoch 79 train_loss 0.933 train_acc@1 72.492 train_acc@5 93.704 val_loss 1.195 val_acc@1 68.100 val_acc@5 90.990
epoch 80 train_loss 0.928 train_acc@1 72.650 train_acc@5 93.770 val_loss 1.209 val_acc@1 67.790 val_acc@5 90.910
epoch 81 train_loss 0.917 train_acc@1 72.818 train_acc@5 93.866 val_loss 1.201 val_acc@1 67.920 val_acc@5 90.380
epoch 82 train_loss 0.918 train_acc@1 72.724 train_acc@5 93.846 val_loss 1.205 val_acc@1 67.650 val_acc@5 90.910
epoch 83 train_loss 0.907 train_acc@1 73.038 train_acc@5 93.942 val_loss 1.192 val_acc@1 67.910 val_acc@5 90.820
epoch 84 train_loss 0.903 train_acc@1 73.276 train_acc@5 94.056 val_loss 1.204 val_acc@1 67.040 val_acc@5 90.530
epoch 85 train_loss 0.907 train_acc@1 72.948 train_acc@5 94.046 val_loss 1.200 val_acc@1 67.570 val_acc@5 91.210
epoch 86 train_loss 0.892 train_acc@1 73.460 train_acc@5 94.164 val_loss 1.216 val_acc@1 67.410 val_acc@5 90.800
epoch 87 train_loss 0.895 train_acc@1 73.210 train_acc@5 94.120 val_loss 1.201 val_acc@1 67.470 val_acc@5 90.990
epoch 88 train_loss 0.882 train_acc@1 73.636 train_acc@5 94.266 val_loss 1.202 val_acc@1 67.800 val_acc@5 90.960
epoch 89 train_loss 0.873 train_acc@1 73.870 train_acc@5 94.332 val_loss 1.182 val_acc@1 68.460 val_acc@5 91.060
epoch 90 train_loss 0.873 train_acc@1 73.900 train_acc@5 94.330 val_loss 1.205 val_acc@1 67.720 val_acc@5 91.040
epoch 91 train_loss 0.870 train_acc@1 74.018 train_acc@5 94.276 val_loss 1.181 val_acc@1 68.180 val_acc@5 91.250
epoch 92 train_loss 0.859 train_acc@1 74.250 train_acc@5 94.552 val_loss 1.179 val_acc@1 68.520 val_acc@5 91.370
epoch 93 train_loss 0.856 train_acc@1 74.386 train_acc@5 94.634 val_loss 1.179 val_acc@1 69.080 val_acc@5 90.980
epoch 94 train_loss 0.861 train_acc@1 74.010 train_acc@5 94.512 val_loss 1.238 val_acc@1 67.650 val_acc@5 90.680
epoch 95 train_loss 0.857 train_acc@1 74.118 train_acc@5 94.494 val_loss 1.201 val_acc@1 68.310 val_acc@5 91.350
epoch 96 train_loss 0.846 train_acc@1 74.760 train_acc@5 94.652 val_loss 1.218 val_acc@1 68.020 val_acc@5 90.890
epoch 97 train_loss 0.851 train_acc@1 74.624 train_acc@5 94.628 val_loss 1.237 val_acc@1 67.550 val_acc@5 90.830
epoch 98 train_loss 0.843 train_acc@1 74.656 train_acc@5 94.708 val_loss 1.222 val_acc@1 67.620 val_acc@5 90.990
epoch 99 train_loss 0.841 train_acc@1 74.712 train_acc@5 94.724 val_loss 1.165 val_acc@1 68.600 val_acc@5 91.490
epoch 100 train_loss 0.829 train_acc@1 75.204 train_acc@5 94.704 val_loss 1.203 val_acc@1 68.290 val_acc@5 91.310
epoch 101 train_loss 0.826 train_acc@1 75.316 train_acc@5 94.824 val_loss 1.197 val_acc@1 68.190 val_acc@5 91.440
epoch 102 train_loss 0.827 train_acc@1 75.044 train_acc@5 94.918 val_loss 1.192 val_acc@1 67.860 val_acc@5 91.080
epoch 103 train_loss 0.833 train_acc@1 75.008 train_acc@5 94.730 val_loss 1.189 val_acc@1 68.160 val_acc@5 91.200
epoch 104 train_loss 0.828 train_acc@1 75.148 train_acc@5 94.826 val_loss 1.195 val_acc@1 68.070 val_acc@5 91.180
epoch 105 train_loss 0.800 train_acc@1 75.958 train_acc@5 95.192 val_loss 1.217 val_acc@1 68.600 val_acc@5 91.050
epoch 106 train_loss 0.803 train_acc@1 75.718 train_acc@5 95.170 val_loss 1.188 val_acc@1 68.850 val_acc@5 91.410
epoch 107 train_loss 0.814 train_acc@1 75.482 train_acc@5 94.972 val_loss 1.224 val_acc@1 68.460 val_acc@5 91.170
epoch 108 train_loss 0.809 train_acc@1 75.610 train_acc@5 95.006 val_loss 1.224 val_acc@1 68.370 val_acc@5 91.430
epoch 109 train_loss 0.801 train_acc@1 75.964 train_acc@5 95.052 val_loss 1.222 val_acc@1 69.020 val_acc@5 90.830
epoch 110 train_loss 0.791 train_acc@1 76.272 train_acc@5 95.228 val_loss 1.254 val_acc@1 68.380 val_acc@5 91.020
epoch 111 train_loss 0.792 train_acc@1 76.138 train_acc@5 95.124 val_loss 1.213 val_acc@1 68.420 val_acc@5 91.050
epoch 112 train_loss 0.790 train_acc@1 76.074 train_acc@5 95.228 val_loss 1.194 val_acc@1 69.400 val_acc@5 91.050
epoch 113 train_loss 0.774 train_acc@1 76.592 train_acc@5 95.410 val_loss 1.182 val_acc@1 68.960 val_acc@5 91.830
epoch 114 train_loss 0.776 train_acc@1 76.600 train_acc@5 95.312 val_loss 1.202 val_acc@1 69.100 val_acc@5 91.150
epoch 115 train_loss 0.779 train_acc@1 76.410 train_acc@5 95.304 val_loss 1.212 val_acc@1 68.340 val_acc@5 91.240
epoch 116 train_loss 0.777 train_acc@1 76.544 train_acc@5 95.332 val_loss 1.237 val_acc@1 68.230 val_acc@5 90.740
epoch 117 train_loss 0.763 train_acc@1 76.720 train_acc@5 95.478 val_loss 1.199 val_acc@1 69.310 val_acc@5 91.450
epoch 118 train_loss 0.770 train_acc@1 76.744 train_acc@5 95.458 val_loss 1.222 val_acc@1 69.170 val_acc@5 91.510
epoch 119 train_loss 0.779 train_acc@1 76.592 train_acc@5 95.166 val_loss 1.237 val_acc@1 68.620 val_acc@5 91.160
epoch 120 train_loss 0.755 train_acc@1 77.142 train_acc@5 95.592 val_loss 1.212 val_acc@1 68.890 val_acc@5 91.250
epoch 121 train_loss 0.757 train_acc@1 77.158 train_acc@5 95.550 val_loss 1.247 val_acc@1 67.970 val_acc@5 90.890
epoch 122 train_loss 0.759 train_acc@1 77.132 train_acc@5 95.564 val_loss 1.233 val_acc@1 68.950 val_acc@5 91.000
epoch 123 train_loss 0.760 train_acc@1 76.966 train_acc@5 95.546 val_loss 1.228 val_acc@1 68.820 val_acc@5 91.080
epoch 124 train_loss 0.757 train_acc@1 77.142 train_acc@5 95.528 val_loss 1.200 val_acc@1 68.570 val_acc@5 91.430
epoch 125 train_loss 0.752 train_acc@1 77.332 train_acc@5 95.590 val_loss 1.195 val_acc@1 69.470 val_acc@5 91.200
epoch 126 train_loss 0.738 train_acc@1 77.566 train_acc@5 95.660 val_loss 1.193 val_acc@1 69.650 val_acc@5 91.710
epoch 127 train_loss 0.743 train_acc@1 77.278 train_acc@5 95.660 val_loss 1.250 val_acc@1 68.370 val_acc@5 91.160
epoch 128 train_loss 0.739 train_acc@1 77.682 train_acc@5 95.778 val_loss 1.216 val_acc@1 68.970 val_acc@5 91.410
epoch 129 train_loss 0.732 train_acc@1 77.856 train_acc@5 95.718 val_loss 1.211 val_acc@1 69.100 val_acc@5 91.330
epoch 130 train_loss 0.747 train_acc@1 77.512 train_acc@5 95.656 val_loss 1.235 val_acc@1 68.400 val_acc@5 90.860
epoch 131 train_loss 0.735 train_acc@1 77.718 train_acc@5 95.824 val_loss 1.211 val_acc@1 69.750 val_acc@5 91.320
epoch 132 train_loss 0.729 train_acc@1 77.824 train_acc@5 95.880 val_loss 1.188 val_acc@1 70.110 val_acc@5 91.840
epoch 133 train_loss 0.718 train_acc@1 78.430 train_acc@5 95.810 val_loss 1.235 val_acc@1 68.800 val_acc@5 91.170
epoch 134 train_loss 0.714 train_acc@1 78.348 train_acc@5 95.946 val_loss 1.205 val_acc@1 69.630 val_acc@5 91.430
epoch 135 train_loss 0.731 train_acc@1 77.812 train_acc@5 95.726 val_loss 1.229 val_acc@1 69.540 val_acc@5 91.180
epoch 136 train_loss 0.715 train_acc@1 78.462 train_acc@5 95.990 val_loss 1.212 val_acc@1 68.860 val_acc@5 91.530
epoch 137 train_loss 0.724 train_acc@1 78.036 train_acc@5 95.854 val_loss 1.205 val_acc@1 69.310 val_acc@5 91.380
epoch 138 train_loss 0.719 train_acc@1 77.992 train_acc@5 95.950 val_loss 1.206 val_acc@1 69.080 val_acc@5 91.750
epoch 139 train_loss 0.719 train_acc@1 77.944 train_acc@5 95.978 val_loss 1.211 val_acc@1 69.270 val_acc@5 91.730
epoch 140 train_loss 0.708 train_acc@1 78.356 train_acc@5 96.032 val_loss 1.226 val_acc@1 69.120 val_acc@5 91.450
epoch 141 train_loss 0.708 train_acc@1 78.386 train_acc@5 96.112 val_loss 1.253 val_acc@1 69.250 val_acc@5 91.240
epoch 142 train_loss 0.701 train_acc@1 78.676 train_acc@5 96.056 val_loss 1.191 val_acc@1 69.600 val_acc@5 91.580
epoch 143 train_loss 0.705 train_acc@1 78.568 train_acc@5 96.050 val_loss 1.212 val_acc@1 69.160 val_acc@5 91.320
epoch 144 train_loss 0.703 train_acc@1 78.738 train_acc@5 96.146 val_loss 1.222 val_acc@1 68.780 val_acc@5 91.360
epoch 145 train_loss 0.693 train_acc@1 78.806 train_acc@5 96.138 val_loss 1.257 val_acc@1 68.530 val_acc@5 91.450
epoch 146 train_loss 0.696 train_acc@1 78.816 train_acc@5 96.148 val_loss 1.213 val_acc@1 68.710 val_acc@5 91.050
epoch 147 train_loss 0.691 train_acc@1 78.812 train_acc@5 96.228 val_loss 1.239 val_acc@1 69.730 val_acc@5 91.470
epoch 148 train_loss 0.690 train_acc@1 78.982 train_acc@5 96.234 val_loss 1.200 val_acc@1 69.370 val_acc@5 91.680
epoch 149 train_loss 0.689 train_acc@1 78.948 train_acc@5 96.154 val_loss 1.257 val_acc@1 68.770 val_acc@5 91.220
epoch 150 train_loss 0.683 train_acc@1 79.334 train_acc@5 96.252 val_loss 1.210 val_acc@1 69.690 val_acc@5 91.490
epoch 151 train_loss 0.676 train_acc@1 79.386 train_acc@5 96.198 val_loss 1.198 val_acc@1 69.640 val_acc@5 91.520
epoch 152 train_loss 0.674 train_acc@1 79.282 train_acc@5 96.374 val_loss 1.262 val_acc@1 68.700 val_acc@5 91.070
epoch 153 train_loss 0.676 train_acc@1 79.462 train_acc@5 96.182 val_loss 1.235 val_acc@1 69.640 val_acc@5 91.280
epoch 154 train_loss 0.673 train_acc@1 79.406 train_acc@5 96.222 val_loss 1.197 val_acc@1 69.840 val_acc@5 91.720
epoch 155 train_loss 0.685 train_acc@1 79.264 train_acc@5 96.064 val_loss 1.199 val_acc@1 69.860 val_acc@5 91.600
epoch 156 train_loss 0.672 train_acc@1 79.484 train_acc@5 96.362 val_loss 1.256 val_acc@1 69.010 val_acc@5 91.340
epoch 157 train_loss 0.671 train_acc@1 79.458 train_acc@5 96.374 val_loss 1.215 val_acc@1 69.890 val_acc@5 91.390
epoch 158 train_loss 0.674 train_acc@1 79.258 train_acc@5 96.300 val_loss 1.221 val_acc@1 69.520 val_acc@5 91.560
epoch 159 train_loss 0.668 train_acc@1 79.554 train_acc@5 96.328 val_loss 1.173 val_acc@1 70.850 val_acc@5 91.840
epoch 160 train_loss 0.660 train_acc@1 79.890 train_acc@5 96.448 val_loss 1.194 val_acc@1 70.260 val_acc@5 91.670
epoch 161 train_loss 0.666 train_acc@1 79.552 train_acc@5 96.564 val_loss 1.223 val_acc@1 69.770 val_acc@5 91.710
epoch 162 train_loss 0.663 train_acc@1 79.696 train_acc@5 96.470 val_loss 1.231 val_acc@1 69.720 val_acc@5 91.800
epoch 163 train_loss 0.658 train_acc@1 79.726 train_acc@5 96.396 val_loss 1.241 val_acc@1 69.660 val_acc@5 91.660
epoch 164 train_loss 0.666 train_acc@1 79.670 train_acc@5 96.466 val_loss 1.217 val_acc@1 70.190 val_acc@5 91.620
epoch 165 train_loss 0.653 train_acc@1 80.160 train_acc@5 96.416 val_loss 1.202 val_acc@1 70.440 val_acc@5 91.640
epoch 166 train_loss 0.652 train_acc@1 80.006 train_acc@5 96.554 val_loss 1.215 val_acc@1 70.160 val_acc@5 91.740
epoch 167 train_loss 0.650 train_acc@1 80.312 train_acc@5 96.522 val_loss 1.232 val_acc@1 69.700 val_acc@5 91.610
epoch 168 train_loss 0.650 train_acc@1 80.132 train_acc@5 96.618 val_loss 1.208 val_acc@1 70.000 val_acc@5 91.630
epoch 169 train_loss 0.635 train_acc@1 80.620 train_acc@5 96.710 val_loss 1.212 val_acc@1 70.300 val_acc@5 91.890
epoch 170 train_loss 0.653 train_acc@1 79.958 train_acc@5 96.536 val_loss 1.203 val_acc@1 70.010 val_acc@5 91.680
epoch 171 train_loss 0.647 train_acc@1 80.222 train_acc@5 96.542 val_loss 1.237 val_acc@1 69.660 val_acc@5 91.730
epoch 172 train_loss 0.643 train_acc@1 80.386 train_acc@5 96.616 val_loss 1.184 val_acc@1 70.630 val_acc@5 91.810
epoch 173 train_loss 0.636 train_acc@1 80.656 train_acc@5 96.646 val_loss 1.219 val_acc@1 70.160 val_acc@5 91.750
epoch 174 train_loss 0.631 train_acc@1 80.698 train_acc@5 96.590 val_loss 1.219 val_acc@1 70.080 val_acc@5 91.510
epoch 175 train_loss 0.629 train_acc@1 80.914 train_acc@5 96.636 val_loss 1.225 val_acc@1 69.410 val_acc@5 91.510
epoch 176 train_loss 0.650 train_acc@1 80.194 train_acc@5 96.456 val_loss 1.239 val_acc@1 69.800 val_acc@5 91.640
epoch 177 train_loss 0.629 train_acc@1 80.492 train_acc@5 96.792 val_loss 1.219 val_acc@1 69.870 val_acc@5 91.790
epoch 178 train_loss 0.623 train_acc@1 80.874 train_acc@5 96.796 val_loss 1.217 val_acc@1 70.310 val_acc@5 91.600
epoch 179 train_loss 0.632 train_acc@1 80.820 train_acc@5 96.626 val_loss 1.208 val_acc@1 70.170 val_acc@5 92.070
epoch 180 train_loss 0.628 train_acc@1 80.594 train_acc@5 96.748 val_loss 1.221 val_acc@1 69.880 val_acc@5 91.750
epoch 181 train_loss 0.622 train_acc@1 81.170 train_acc@5 96.644 val_loss 1.232 val_acc@1 69.820 val_acc@5 91.410
epoch 182 train_loss 0.622 train_acc@1 80.860 train_acc@5 96.800 val_loss 1.201 val_acc@1 70.100 val_acc@5 91.810
epoch 183 train_loss 0.615 train_acc@1 81.240 train_acc@5 96.844 val_loss 1.230 val_acc@1 69.370 val_acc@5 91.580
epoch 184 train_loss 0.613 train_acc@1 81.218 train_acc@5 96.812 val_loss 1.228 val_acc@1 70.110 val_acc@5 91.610
epoch 185 train_loss 0.616 train_acc@1 81.168 train_acc@5 96.840 val_loss 1.189 val_acc@1 70.490 val_acc@5 91.870
epoch 186 train_loss 0.611 train_acc@1 81.170 train_acc@5 96.870 val_loss 1.186 val_acc@1 70.510 val_acc@5 91.710
epoch 187 train_loss 0.618 train_acc@1 81.214 train_acc@5 96.666 val_loss 1.220 val_acc@1 70.010 val_acc@5 91.770
epoch 188 train_loss 0.613 train_acc@1 81.166 train_acc@5 96.802 val_loss 1.220 val_acc@1 70.170 val_acc@5 91.850
epoch 189 train_loss 0.600 train_acc@1 81.498 train_acc@5 97.002 val_loss 1.225 val_acc@1 70.010 val_acc@5 91.580
epoch 190 train_loss 0.600 train_acc@1 81.854 train_acc@5 96.998 val_loss 1.254 val_acc@1 69.850 val_acc@5 91.480
epoch 191 train_loss 0.605 train_acc@1 81.564 train_acc@5 96.818 val_loss 1.233 val_acc@1 70.420 val_acc@5 91.490
epoch 192 train_loss 0.613 train_acc@1 81.264 train_acc@5 96.854 val_loss 1.236 val_acc@1 70.200 val_acc@5 91.960
epoch 193 train_loss 0.599 train_acc@1 81.674 train_acc@5 97.026 val_loss 1.236 val_acc@1 70.660 val_acc@5 91.660
epoch 194 train_loss 0.602 train_acc@1 81.570 train_acc@5 96.976 val_loss 1.226 val_acc@1 70.820 val_acc@5 91.920
epoch 195 train_loss 0.598 train_acc@1 81.638 train_acc@5 96.946 val_loss 1.207 val_acc@1 70.230 val_acc@5 91.740
epoch 196 train_loss 0.590 train_acc@1 81.994 train_acc@5 97.050 val_loss 1.255 val_acc@1 70.030 val_acc@5 91.710
epoch 197 train_loss 0.587 train_acc@1 81.908 train_acc@5 96.990 val_loss 1.227 val_acc@1 70.550 val_acc@5 91.480
epoch 198 train_loss 0.587 train_acc@1 82.016 train_acc@5 97.036 val_loss 1.233 val_acc@1 69.880 val_acc@5 91.710
epoch 199 train_loss 0.591 train_acc@1 81.838 train_acc@5 97.048 val_loss 1.215 val_acc@1 70.060 val_acc@5 92.020
epoch 200 train_loss 0.581 train_acc@1 82.214 train_acc@5 97.018 val_loss 1.225 val_acc@1 70.000 val_acc@5 91.670
epoch 201 train_loss 0.590 train_acc@1 81.946 train_acc@5 96.974 val_loss 1.210 val_acc@1 70.160 val_acc@5 91.590
epoch 202 train_loss 0.583 train_acc@1 82.048 train_acc@5 97.168 val_loss 1.222 val_acc@1 70.760 val_acc@5 91.860
epoch 203 train_loss 0.580 train_acc@1 82.120 train_acc@5 97.062 val_loss 1.244 val_acc@1 70.440 val_acc@5 92.220
epoch 204 train_loss 0.583 train_acc@1 82.100 train_acc@5 97.138 val_loss 1.218 val_acc@1 70.710 val_acc@5 91.970
epoch 205 train_loss 0.577 train_acc@1 82.452 train_acc@5 97.066 val_loss 1.240 val_acc@1 70.510 val_acc@5 92.110
epoch 206 train_loss 0.586 train_acc@1 82.148 train_acc@5 96.976 val_loss 1.220 val_acc@1 70.620 val_acc@5 91.810
epoch 207 train_loss 0.578 train_acc@1 81.888 train_acc@5 97.124 val_loss 1.246 val_acc@1 70.270 val_acc@5 91.880
epoch 208 train_loss 0.568 train_acc@1 82.504 train_acc@5 97.210 val_loss 1.218 val_acc@1 70.950 val_acc@5 91.840
epoch 209 train_loss 0.578 train_acc@1 82.360 train_acc@5 97.094 val_loss 1.217 val_acc@1 70.460 val_acc@5 91.730
epoch 210 train_loss 0.578 train_acc@1 82.246 train_acc@5 97.124 val_loss 1.266 val_acc@1 69.650 val_acc@5 91.630
epoch 211 train_loss 0.579 train_acc@1 82.100 train_acc@5 97.020 val_loss 1.253 val_acc@1 69.910 val_acc@5 91.610
epoch 212 train_loss 0.567 train_acc@1 82.450 train_acc@5 97.182 val_loss 1.241 val_acc@1 69.500 val_acc@5 91.730
epoch 213 train_loss 0.570 train_acc@1 82.606 train_acc@5 97.138 val_loss 1.234 val_acc@1 70.730 val_acc@5 91.690
epoch 214 train_loss 0.563 train_acc@1 82.602 train_acc@5 97.196 val_loss 1.221 val_acc@1 71.010 val_acc@5 91.730
epoch 215 train_loss 0.565 train_acc@1 82.612 train_acc@5 97.248 val_loss 1.238 val_acc@1 70.670 val_acc@5 91.480
epoch 216 train_loss 0.564 train_acc@1 82.742 train_acc@5 97.106 val_loss 1.248 val_acc@1 70.800 val_acc@5 91.680
epoch 217 train_loss 0.559 train_acc@1 82.930 train_acc@5 97.202 val_loss 1.227 val_acc@1 70.240 val_acc@5 91.540
epoch 218 train_loss 0.558 train_acc@1 82.886 train_acc@5 97.242 val_loss 1.227 val_acc@1 71.020 val_acc@5 91.900
epoch 219 train_loss 0.553 train_acc@1 82.846 train_acc@5 97.338 val_loss 1.241 val_acc@1 69.930 val_acc@5 92.050
epoch 220 train_loss 0.553 train_acc@1 83.030 train_acc@5 97.272 val_loss 1.201 val_acc@1 70.890 val_acc@5 92.070
epoch 221 train_loss 0.552 train_acc@1 83.006 train_acc@5 97.244 val_loss 1.242 val_acc@1 70.280 val_acc@5 91.900
epoch 222 train_loss 0.549 train_acc@1 83.074 train_acc@5 97.300 val_loss 1.245 val_acc@1 70.210 val_acc@5 91.970
epoch 223 train_loss 0.546 train_acc@1 83.354 train_acc@5 97.370 val_loss 1.251 val_acc@1 70.400 val_acc@5 91.740
epoch 224 train_loss 0.541 train_acc@1 83.480 train_acc@5 97.380 val_loss 1.270 val_acc@1 70.370 val_acc@5 91.580
epoch 225 train_loss 0.546 train_acc@1 83.310 train_acc@5 97.344 val_loss 1.209 val_acc@1 71.190 val_acc@5 92.290
epoch 226 train_loss 0.538 train_acc@1 83.478 train_acc@5 97.460 val_loss 1.220 val_acc@1 70.780 val_acc@5 92.240
epoch 227 train_loss 0.541 train_acc@1 83.152 train_acc@5 97.336 val_loss 1.245 val_acc@1 70.710 val_acc@5 92.050
epoch 228 train_loss 0.548 train_acc@1 83.216 train_acc@5 97.310 val_loss 1.267 val_acc@1 70.270 val_acc@5 91.760
epoch 229 train_loss 0.537 train_acc@1 83.582 train_acc@5 97.374 val_loss 1.250 val_acc@1 70.410 val_acc@5 91.710
epoch 230 train_loss 0.539 train_acc@1 83.190 train_acc@5 97.504 val_loss 1.223 val_acc@1 70.610 val_acc@5 91.910
epoch 231 train_loss 0.532 train_acc@1 83.610 train_acc@5 97.476 val_loss 1.246 val_acc@1 70.380 val_acc@5 92.020
epoch 232 train_loss 0.533 train_acc@1 83.394 train_acc@5 97.452 val_loss 1.252 val_acc@1 70.340 val_acc@5 91.650
epoch 233 train_loss 0.536 train_acc@1 83.518 train_acc@5 97.388 val_loss 1.241 val_acc@1 70.400 val_acc@5 91.880
epoch 234 train_loss 0.528 train_acc@1 83.678 train_acc@5 97.524 val_loss 1.246 val_acc@1 70.230 val_acc@5 92.120
epoch 235 train_loss 0.530 train_acc@1 83.680 train_acc@5 97.446 val_loss 1.242 val_acc@1 70.380 val_acc@5 92.040
epoch 236 train_loss 0.536 train_acc@1 83.608 train_acc@5 97.336 val_loss 1.258 val_acc@1 70.240 val_acc@5 92.190
epoch 237 train_loss 0.518 train_acc@1 84.042 train_acc@5 97.508 val_loss 1.255 val_acc@1 70.880 val_acc@5 92.050
epoch 238 train_loss 0.526 train_acc@1 83.690 train_acc@5 97.408 val_loss 1.258 val_acc@1 70.410 val_acc@5 91.870
epoch 239 train_loss 0.532 train_acc@1 83.644 train_acc@5 97.374 val_loss 1.252 val_acc@1 70.590 val_acc@5 92.190
epoch 240 train_loss 0.524 train_acc@1 83.666 train_acc@5 97.424 val_loss 1.253 val_acc@1 70.390 val_acc@5 91.590
epoch 241 train_loss 0.519 train_acc@1 84.180 train_acc@5 97.564 val_loss 1.257 val_acc@1 70.460 val_acc@5 91.950
epoch 242 train_loss 0.518 train_acc@1 83.886 train_acc@5 97.564 val_loss 1.247 val_acc@1 70.260 val_acc@5 92.110
epoch 243 train_loss 0.513 train_acc@1 84.220 train_acc@5 97.596 val_loss 1.269 val_acc@1 70.570 val_acc@5 91.610
epoch 244 train_loss 0.520 train_acc@1 83.950 train_acc@5 97.514 val_loss 1.242 val_acc@1 70.540 val_acc@5 91.920
epoch 245 train_loss 0.512 train_acc@1 84.132 train_acc@5 97.646 val_loss 1.248 val_acc@1 70.730 val_acc@5 92.040
epoch 246 train_loss 0.511 train_acc@1 84.362 train_acc@5 97.506 val_loss 1.265 val_acc@1 71.110 val_acc@5 92.010
epoch 247 train_loss 0.523 train_acc@1 84.066 train_acc@5 97.370 val_loss 1.231 val_acc@1 70.830 val_acc@5 92.240
epoch 248 train_loss 0.512 train_acc@1 84.260 train_acc@5 97.508 val_loss 1.253 val_acc@1 70.430 val_acc@5 92.110
epoch 249 train_loss 0.514 train_acc@1 84.308 train_acc@5 97.534 val_loss 1.256 val_acc@1 70.570 val_acc@5 92.030
epoch 250 train_loss 0.508 train_acc@1 84.296 train_acc@5 97.688 val_loss 1.278 val_acc@1 70.730 val_acc@5 91.540
epoch 251 train_loss 0.504 train_acc@1 84.414 train_acc@5 97.614 val_loss 1.227 val_acc@1 70.810 val_acc@5 91.870
epoch 252 train_loss 0.500 train_acc@1 84.408 train_acc@5 97.744 val_loss 1.230 val_acc@1 71.110 val_acc@5 92.080
epoch 253 train_loss 0.500 train_acc@1 84.420 train_acc@5 97.694 val_loss 1.247 val_acc@1 70.720 val_acc@5 91.880
epoch 254 train_loss 0.497 train_acc@1 84.468 train_acc@5 97.674 val_loss 1.241 val_acc@1 70.730 val_acc@5 91.810
epoch 255 train_loss 0.501 train_acc@1 84.520 train_acc@5 97.716 val_loss 1.263 val_acc@1 70.650 val_acc@5 91.680
epoch 256 train_loss 0.499 train_acc@1 84.634 train_acc@5 97.610 val_loss 1.233 val_acc@1 70.900 val_acc@5 92.130
epoch 257 train_loss 0.503 train_acc@1 84.566 train_acc@5 97.598 val_loss 1.244 val_acc@1 71.490 val_acc@5 91.970
epoch 258 train_loss 0.497 train_acc@1 84.426 train_acc@5 97.646 val_loss 1.255 val_acc@1 70.910 val_acc@5 91.900
epoch 259 train_loss 0.496 train_acc@1 84.648 train_acc@5 97.700 val_loss 1.246 val_acc@1 70.830 val_acc@5 92.090
epoch 260 train_loss 0.493 train_acc@1 84.836 train_acc@5 97.708 val_loss 1.261 val_acc@1 70.560 val_acc@5 91.740
epoch 261 train_loss 0.488 train_acc@1 84.768 train_acc@5 97.830 val_loss 1.238 val_acc@1 70.920 val_acc@5 91.910
epoch 262 train_loss 0.483 train_acc@1 85.096 train_acc@5 97.832 val_loss 1.249 val_acc@1 70.540 val_acc@5 92.120
epoch 263 train_loss 0.480 train_acc@1 85.064 train_acc@5 97.768 val_loss 1.246 val_acc@1 71.230 val_acc@5 91.950
epoch 264 train_loss 0.482 train_acc@1 85.138 train_acc@5 97.776 val_loss 1.232 val_acc@1 71.370 val_acc@5 92.060
epoch 265 train_loss 0.478 train_acc@1 85.004 train_acc@5 97.934 val_loss 1.250 val_acc@1 70.950 val_acc@5 91.940
epoch 266 train_loss 0.492 train_acc@1 84.776 train_acc@5 97.692 val_loss 1.241 val_acc@1 71.230 val_acc@5 92.280
epoch 267 train_loss 0.477 train_acc@1 85.248 train_acc@5 97.738 val_loss 1.219 val_acc@1 71.580 val_acc@5 92.420
epoch 268 train_loss 0.474 train_acc@1 85.340 train_acc@5 97.876 val_loss 1.250 val_acc@1 70.950 val_acc@5 92.080
epoch 269 train_loss 0.480 train_acc@1 85.296 train_acc@5 97.784 val_loss 1.230 val_acc@1 70.950 val_acc@5 91.960
epoch 270 train_loss 0.473 train_acc@1 85.438 train_acc@5 97.846 val_loss 1.244 val_acc@1 70.440 val_acc@5 92.010
epoch 271 train_loss 0.469 train_acc@1 85.480 train_acc@5 97.844 val_loss 1.277 val_acc@1 70.840 val_acc@5 92.020
epoch 272 train_loss 0.465 train_acc@1 85.748 train_acc@5 97.902 val_loss 1.258 val_acc@1 70.730 val_acc@5 92.470
epoch 273 train_loss 0.471 train_acc@1 85.448 train_acc@5 97.870 val_loss 1.273 val_acc@1 70.570 val_acc@5 91.850
epoch 274 train_loss 0.464 train_acc@1 85.706 train_acc@5 97.930 val_loss 1.267 val_acc@1 70.770 val_acc@5 92.110
epoch 275 train_loss 0.472 train_acc@1 85.426 train_acc@5 97.908 val_loss 1.272 val_acc@1 70.890 val_acc@5 92.160
epoch 276 train_loss 0.465 train_acc@1 85.616 train_acc@5 97.906 val_loss 1.257 val_acc@1 71.000 val_acc@5 92.370
epoch 277 train_loss 0.462 train_acc@1 85.682 train_acc@5 97.918 val_loss 1.241 val_acc@1 71.010 val_acc@5 92.190
epoch 278 train_loss 0.471 train_acc@1 85.510 train_acc@5 97.792 val_loss 1.232 val_acc@1 71.250 val_acc@5 92.060
epoch 279 train_loss 0.460 train_acc@1 85.716 train_acc@5 97.954 val_loss 1.253 val_acc@1 71.020 val_acc@5 92.040
epoch 280 train_loss 0.455 train_acc@1 85.962 train_acc@5 97.912 val_loss 1.267 val_acc@1 71.300 val_acc@5 92.020
epoch 281 train_loss 0.453 train_acc@1 85.900 train_acc@5 97.968 val_loss 1.242 val_acc@1 71.310 val_acc@5 92.080
epoch 282 train_loss 0.456 train_acc@1 85.904 train_acc@5 97.962 val_loss 1.282 val_acc@1 71.020 val_acc@5 92.020
epoch 283 train_loss 0.465 train_acc@1 85.670 train_acc@5 97.898 val_loss 1.280 val_acc@1 71.020 val_acc@5 91.930
epoch 284 train_loss 0.453 train_acc@1 86.096 train_acc@5 97.952 val_loss 1.243 val_acc@1 71.290 val_acc@5 92.010
epoch 285 train_loss 0.443 train_acc@1 86.238 train_acc@5 98.090 val_loss 1.271 val_acc@1 71.420 val_acc@5 92.130
epoch 286 train_loss 0.445 train_acc@1 86.242 train_acc@5 98.038 val_loss 1.260 val_acc@1 71.320 val_acc@5 92.270
epoch 287 train_loss 0.451 train_acc@1 85.898 train_acc@5 98.084 val_loss 1.250 val_acc@1 71.970 val_acc@5 92.170
epoch 288 train_loss 0.437 train_acc@1 86.442 train_acc@5 98.010 val_loss 1.244 val_acc@1 71.970 val_acc@5 92.220
epoch 289 train_loss 0.438 train_acc@1 86.400 train_acc@5 98.148 val_loss 1.253 val_acc@1 71.480 val_acc@5 92.020
epoch 290 train_loss 0.452 train_acc@1 86.140 train_acc@5 97.900 val_loss 1.270 val_acc@1 71.390 val_acc@5 92.330
epoch 291 train_loss 0.444 train_acc@1 86.330 train_acc@5 98.014 val_loss 1.271 val_acc@1 71.080 val_acc@5 91.990
epoch 292 train_loss 0.442 train_acc@1 86.364 train_acc@5 98.112 val_loss 1.267 val_acc@1 71.200 val_acc@5 91.910
epoch 293 train_loss 0.437 train_acc@1 86.494 train_acc@5 98.004 val_loss 1.269 val_acc@1 70.950 val_acc@5 92.270
epoch 294 train_loss 0.437 train_acc@1 86.522 train_acc@5 98.018 val_loss 1.266 val_acc@1 70.640 val_acc@5 91.970
epoch 295 train_loss 0.434 train_acc@1 86.568 train_acc@5 98.088 val_loss 1.292 val_acc@1 70.810 val_acc@5 91.930
epoch 296 train_loss 0.434 train_acc@1 86.718 train_acc@5 98.138 val_loss 1.238 val_acc@1 71.500 val_acc@5 92.280
epoch 297 train_loss 0.432 train_acc@1 86.656 train_acc@5 98.074 val_loss 1.251 val_acc@1 71.320 val_acc@5 92.240
epoch 298 train_loss 0.440 train_acc@1 86.582 train_acc@5 98.052 val_loss 1.268 val_acc@1 71.320 val_acc@5 92.440
epoch 299 train_loss 0.428 train_acc@1 86.764 train_acc@5 98.066 val_loss 1.275 val_acc@1 71.210 val_acc@5 92.200
epoch 300 train_loss 0.419 train_acc@1 86.994 train_acc@5 98.198 val_loss 1.250 val_acc@1 71.680 val_acc@5 92.100
epoch 301 train_loss 0.424 train_acc@1 86.990 train_acc@5 98.150 val_loss 1.265 val_acc@1 70.970 val_acc@5 92.040
epoch 302 train_loss 0.426 train_acc@1 86.982 train_acc@5 98.148 val_loss 1.284 val_acc@1 71.520 val_acc@5 91.980
epoch 303 train_loss 0.426 train_acc@1 86.798 train_acc@5 98.168 val_loss 1.273 val_acc@1 71.290 val_acc@5 92.140
epoch 304 train_loss 0.423 train_acc@1 86.886 train_acc@5 98.098 val_loss 1.255 val_acc@1 71.270 val_acc@5 92.260
epoch 305 train_loss 0.422 train_acc@1 86.816 train_acc@5 98.106 val_loss 1.275 val_acc@1 71.480 val_acc@5 91.920
epoch 306 train_loss 0.420 train_acc@1 87.084 train_acc@5 98.162 val_loss 1.273 val_acc@1 71.610 val_acc@5 92.300
epoch 307 train_loss 0.415 train_acc@1 87.090 train_acc@5 98.178 val_loss 1.260 val_acc@1 71.310 val_acc@5 92.200
epoch 308 train_loss 0.405 train_acc@1 87.484 train_acc@5 98.342 val_loss 1.264 val_acc@1 71.590 val_acc@5 92.050
epoch 309 train_loss 0.421 train_acc@1 87.100 train_acc@5 98.154 val_loss 1.256 val_acc@1 71.670 val_acc@5 92.450
epoch 310 train_loss 0.417 train_acc@1 87.236 train_acc@5 98.192 val_loss 1.255 val_acc@1 71.020 val_acc@5 92.040
epoch 311 train_loss 0.414 train_acc@1 87.270 train_acc@5 98.178 val_loss 1.270 val_acc@1 71.400 val_acc@5 92.310
epoch 312 train_loss 0.415 train_acc@1 87.350 train_acc@5 98.128 val_loss 1.269 val_acc@1 71.360 val_acc@5 92.220
epoch 313 train_loss 0.410 train_acc@1 87.364 train_acc@5 98.188 val_loss 1.266 val_acc@1 71.760 val_acc@5 92.170
epoch 314 train_loss 0.407 train_acc@1 87.524 train_acc@5 98.304 val_loss 1.268 val_acc@1 71.330 val_acc@5 92.170
epoch 315 train_loss 0.400 train_acc@1 87.634 train_acc@5 98.208 val_loss 1.289 val_acc@1 71.440 val_acc@5 92.090
epoch 316 train_loss 0.402 train_acc@1 87.684 train_acc@5 98.220 val_loss 1.254 val_acc@1 71.830 val_acc@5 92.330
epoch 317 train_loss 0.398 train_acc@1 87.714 train_acc@5 98.322 val_loss 1.273 val_acc@1 71.620 val_acc@5 92.360
epoch 318 train_loss 0.398 train_acc@1 87.696 train_acc@5 98.378 val_loss 1.275 val_acc@1 71.740 val_acc@5 92.200
epoch 319 train_loss 0.405 train_acc@1 87.690 train_acc@5 98.206 val_loss 1.294 val_acc@1 71.380 val_acc@5 92.300
epoch 320 train_loss 0.392 train_acc@1 87.962 train_acc@5 98.218 val_loss 1.269 val_acc@1 71.570 val_acc@5 92.540
epoch 321 train_loss 0.393 train_acc@1 87.942 train_acc@5 98.224 val_loss 1.296 val_acc@1 71.540 val_acc@5 92.400
epoch 322 train_loss 0.394 train_acc@1 87.796 train_acc@5 98.318 val_loss 1.266 val_acc@1 71.920 val_acc@5 92.400
epoch 323 train_loss 0.386 train_acc@1 88.110 train_acc@5 98.396 val_loss 1.306 val_acc@1 71.260 val_acc@5 92.350
epoch 324 train_loss 0.386 train_acc@1 88.138 train_acc@5 98.428 val_loss 1.288 val_acc@1 71.300 val_acc@5 92.330
epoch 325 train_loss 0.396 train_acc@1 87.756 train_acc@5 98.254 val_loss 1.278 val_acc@1 71.190 val_acc@5 92.370
epoch 326 train_loss 0.375 train_acc@1 88.334 train_acc@5 98.398 val_loss 1.264 val_acc@1 71.880 val_acc@5 92.300
epoch 327 train_loss 0.379 train_acc@1 88.448 train_acc@5 98.344 val_loss 1.265 val_acc@1 71.820 val_acc@5 92.600
epoch 328 train_loss 0.382 train_acc@1 88.238 train_acc@5 98.348 val_loss 1.261 val_acc@1 71.840 val_acc@5 92.450
epoch 329 train_loss 0.382 train_acc@1 88.308 train_acc@5 98.422 val_loss 1.279 val_acc@1 71.360 val_acc@5 92.120
epoch 330 train_loss 0.385 train_acc@1 88.258 train_acc@5 98.326 val_loss 1.294 val_acc@1 71.390 val_acc@5 92.010
epoch 331 train_loss 0.381 train_acc@1 88.348 train_acc@5 98.370 val_loss 1.257 val_acc@1 71.820 val_acc@5 92.480
epoch 332 train_loss 0.373 train_acc@1 88.494 train_acc@5 98.464 val_loss 1.270 val_acc@1 71.930 val_acc@5 92.280
epoch 333 train_loss 0.371 train_acc@1 88.738 train_acc@5 98.406 val_loss 1.283 val_acc@1 71.770 val_acc@5 92.270
epoch 334 train_loss 0.365 train_acc@1 88.710 train_acc@5 98.512 val_loss 1.280 val_acc@1 71.570 val_acc@5 92.410
epoch 335 train_loss 0.367 train_acc@1 88.526 train_acc@5 98.360 val_loss 1.264 val_acc@1 72.080 val_acc@5 92.570
epoch 336 train_loss 0.362 train_acc@1 88.816 train_acc@5 98.444 val_loss 1.276 val_acc@1 71.800 val_acc@5 92.410
epoch 337 train_loss 0.362 train_acc@1 88.864 train_acc@5 98.554 val_loss 1.277 val_acc@1 71.860 val_acc@5 92.280
epoch 338 train_loss 0.370 train_acc@1 88.474 train_acc@5 98.354 val_loss 1.249 val_acc@1 72.140 val_acc@5 92.430
epoch 339 train_loss 0.360 train_acc@1 88.812 train_acc@5 98.490 val_loss 1.289 val_acc@1 71.680 val_acc@5 92.270
epoch 340 train_loss 0.358 train_acc@1 89.030 train_acc@5 98.472 val_loss 1.271 val_acc@1 71.810 val_acc@5 92.580
epoch 341 train_loss 0.354 train_acc@1 89.068 train_acc@5 98.568 val_loss 1.286 val_acc@1 71.710 val_acc@5 92.500
epoch 342 train_loss 0.349 train_acc@1 89.278 train_acc@5 98.506 val_loss 1.275 val_acc@1 71.650 val_acc@5 92.380
epoch 343 train_loss 0.360 train_acc@1 88.978 train_acc@5 98.494 val_loss 1.300 val_acc@1 71.770 val_acc@5 92.430
epoch 344 train_loss 0.361 train_acc@1 88.812 train_acc@5 98.488 val_loss 1.283 val_acc@1 71.890 val_acc@5 92.230
epoch 345 train_loss 0.352 train_acc@1 89.124 train_acc@5 98.574 val_loss 1.300 val_acc@1 71.460 val_acc@5 92.260
epoch 346 train_loss 0.352 train_acc@1 89.072 train_acc@5 98.550 val_loss 1.294 val_acc@1 71.940 val_acc@5 92.940
epoch 347 train_loss 0.351 train_acc@1 89.320 train_acc@5 98.548 val_loss 1.297 val_acc@1 71.920 val_acc@5 92.130
epoch 348 train_loss 0.353 train_acc@1 89.290 train_acc@5 98.510 val_loss 1.276 val_acc@1 72.340 val_acc@5 92.320
epoch 349 train_loss 0.346 train_acc@1 89.466 train_acc@5 98.590 val_loss 1.296 val_acc@1 72.030 val_acc@5 92.390
epoch 350 train_loss 0.346 train_acc@1 89.416 train_acc@5 98.584 val_loss 1.300 val_acc@1 71.590 val_acc@5 92.380
epoch 351 train_loss 0.338 train_acc@1 89.550 train_acc@5 98.698 val_loss 1.281 val_acc@1 72.020 val_acc@5 92.410
epoch 352 train_loss 0.338 train_acc@1 89.616 train_acc@5 98.706 val_loss 1.283 val_acc@1 72.440 val_acc@5 92.350
epoch 353 train_loss 0.340 train_acc@1 89.672 train_acc@5 98.542 val_loss 1.273 val_acc@1 72.420 val_acc@5 92.210
epoch 354 train_loss 0.336 train_acc@1 89.750 train_acc@5 98.582 val_loss 1.275 val_acc@1 72.510 val_acc@5 92.600
epoch 355 train_loss 0.339 train_acc@1 89.516 train_acc@5 98.572 val_loss 1.273 val_acc@1 72.870 val_acc@5 92.460
epoch 356 train_loss 0.328 train_acc@1 89.910 train_acc@5 98.632 val_loss 1.284 val_acc@1 71.870 val_acc@5 92.380
epoch 357 train_loss 0.325 train_acc@1 90.112 train_acc@5 98.658 val_loss 1.281 val_acc@1 72.330 val_acc@5 92.740
epoch 358 train_loss 0.328 train_acc@1 89.998 train_acc@5 98.656 val_loss 1.281 val_acc@1 72.150 val_acc@5 92.480
epoch 359 train_loss 0.325 train_acc@1 90.060 train_acc@5 98.688 val_loss 1.272 val_acc@1 72.580 val_acc@5 92.660
epoch 360 train_loss 0.323 train_acc@1 90.024 train_acc@5 98.606 val_loss 1.278 val_acc@1 71.750 val_acc@5 92.500
epoch 361 train_loss 0.315 train_acc@1 90.300 train_acc@5 98.856 val_loss 1.298 val_acc@1 71.760 val_acc@5 92.400
epoch 362 train_loss 0.322 train_acc@1 90.154 train_acc@5 98.662 val_loss 1.283 val_acc@1 72.280 val_acc@5 92.680
epoch 363 train_loss 0.314 train_acc@1 90.396 train_acc@5 98.756 val_loss 1.290 val_acc@1 72.210 val_acc@5 92.560
epoch 364 train_loss 0.316 train_acc@1 90.350 train_acc@5 98.776 val_loss 1.282 val_acc@1 72.540 val_acc@5 92.630
epoch 365 train_loss 0.313 train_acc@1 90.514 train_acc@5 98.736 val_loss 1.293 val_acc@1 72.290 val_acc@5 92.450
epoch 366 train_loss 0.311 train_acc@1 90.408 train_acc@5 98.738 val_loss 1.269 val_acc@1 72.390 val_acc@5 92.640
epoch 367 train_loss 0.317 train_acc@1 90.344 train_acc@5 98.618 val_loss 1.279 val_acc@1 72.490 val_acc@5 92.650
epoch 368 train_loss 0.307 train_acc@1 90.570 train_acc@5 98.848 val_loss 1.285 val_acc@1 72.400 val_acc@5 92.380
epoch 369 train_loss 0.309 train_acc@1 90.656 train_acc@5 98.698 val_loss 1.270 val_acc@1 72.300 val_acc@5 92.820
epoch 370 train_loss 0.305 train_acc@1 90.692 train_acc@5 98.732 val_loss 1.285 val_acc@1 72.370 val_acc@5 92.760
epoch 371 train_loss 0.301 train_acc@1 90.780 train_acc@5 98.816 val_loss 1.259 val_acc@1 72.330 val_acc@5 92.500
epoch 372 train_loss 0.297 train_acc@1 90.934 train_acc@5 98.878 val_loss 1.264 val_acc@1 73.130 val_acc@5 92.640
epoch 373 train_loss 0.297 train_acc@1 90.940 train_acc@5 98.812 val_loss 1.283 val_acc@1 72.800 val_acc@5 92.660
epoch 374 train_loss 0.296 train_acc@1 90.958 train_acc@5 98.908 val_loss 1.284 val_acc@1 72.900 val_acc@5 92.710
epoch 375 train_loss 0.297 train_acc@1 90.998 train_acc@5 98.764 val_loss 1.277 val_acc@1 72.780 val_acc@5 92.930
epoch 376 train_loss 0.296 train_acc@1 90.824 train_acc@5 98.796 val_loss 1.284 val_acc@1 72.590 val_acc@5 92.730
epoch 377 train_loss 0.284 train_acc@1 91.408 train_acc@5 98.882 val_loss 1.272 val_acc@1 72.750 val_acc@5 92.760
epoch 378 train_loss 0.285 train_acc@1 91.138 train_acc@5 98.916 val_loss 1.277 val_acc@1 72.680 val_acc@5 92.610
epoch 379 train_loss 0.296 train_acc@1 91.044 train_acc@5 98.776 val_loss 1.280 val_acc@1 72.500 val_acc@5 92.910
epoch 380 train_loss 0.280 train_acc@1 91.498 train_acc@5 98.908 val_loss 1.280 val_acc@1 73.010 val_acc@5 92.850
epoch 381 train_loss 0.277 train_acc@1 91.574 train_acc@5 98.950 val_loss 1.280 val_acc@1 73.060 val_acc@5 92.750
epoch 382 train_loss 0.276 train_acc@1 91.626 train_acc@5 98.978 val_loss 1.266 val_acc@1 72.900 val_acc@5 92.920
epoch 383 train_loss 0.272 train_acc@1 91.646 train_acc@5 98.964 val_loss 1.270 val_acc@1 73.200 val_acc@5 93.010
epoch 384 train_loss 0.269 train_acc@1 91.764 train_acc@5 98.968 val_loss 1.261 val_acc@1 73.010 val_acc@5 92.700
epoch 385 train_loss 0.273 train_acc@1 91.738 train_acc@5 98.920 val_loss 1.271 val_acc@1 72.680 val_acc@5 92.830
epoch 386 train_loss 0.265 train_acc@1 91.822 train_acc@5 98.976 val_loss 1.278 val_acc@1 72.650 val_acc@5 92.720
epoch 387 train_loss 0.268 train_acc@1 91.932 train_acc@5 98.896 val_loss 1.282 val_acc@1 72.960 val_acc@5 92.600
epoch 388 train_loss 0.258 train_acc@1 92.130 train_acc@5 99.042 val_loss 1.266 val_acc@1 73.040 val_acc@5 92.600
epoch 389 train_loss 0.257 train_acc@1 92.180 train_acc@5 99.106 val_loss 1.271 val_acc@1 73.260 val_acc@5 92.830
epoch 390 train_loss 0.265 train_acc@1 92.078 train_acc@5 98.886 val_loss 1.263 val_acc@1 73.150 val_acc@5 92.850
epoch 391 train_loss 0.255 train_acc@1 92.138 train_acc@5 98.984 val_loss 1.268 val_acc@1 73.430 val_acc@5 92.810
epoch 392 train_loss 0.256 train_acc@1 92.288 train_acc@5 99.006 val_loss 1.270 val_acc@1 73.430 val_acc@5 92.700
epoch 393 train_loss 0.250 train_acc@1 92.438 train_acc@5 99.010 val_loss 1.272 val_acc@1 72.880 val_acc@5 92.840
epoch 394 train_loss 0.257 train_acc@1 92.214 train_acc@5 98.968 val_loss 1.279 val_acc@1 73.290 val_acc@5 92.840
epoch 395 train_loss 0.244 train_acc@1 92.624 train_acc@5 99.098 val_loss 1.269 val_acc@1 73.430 val_acc@5 92.930
epoch 396 train_loss 0.246 train_acc@1 92.530 train_acc@5 99.092 val_loss 1.253 val_acc@1 73.560 val_acc@5 92.890
epoch 397 train_loss 0.238 train_acc@1 92.832 train_acc@5 99.136 val_loss 1.262 val_acc@1 73.340 val_acc@5 92.850
epoch 398 train_loss 0.237 train_acc@1 92.920 train_acc@5 99.066 val_loss 1.262 val_acc@1 73.440 val_acc@5 92.860
epoch 399 train_loss 0.241 train_acc@1 92.864 train_acc@5 99.072 val_loss 1.258 val_acc@1 73.240 val_acc@5 92.970
