epoch 0 train_loss 4.153 train_acc@1 7.768 train_acc@5 24.810 val_loss 3.604 val_acc@1 14.800 val_acc@5 38.530
epoch 1 train_loss 3.599 train_acc@1 14.388 train_acc@5 39.258 val_loss 3.376 val_acc@1 18.480 val_acc@5 45.870
epoch 2 train_loss 3.276 train_acc@1 19.908 train_acc@5 48.256 val_loss 3.063 val_acc@1 23.300 val_acc@5 53.960
epoch 3 train_loss 2.995 train_acc@1 24.682 train_acc@5 55.712 val_loss 2.735 val_acc@1 30.540 val_acc@5 61.990
epoch 4 train_loss 2.784 train_acc@1 28.534 train_acc@5 60.752 val_loss 2.546 val_acc@1 33.700 val_acc@5 66.400
epoch 5 train_loss 2.639 train_acc@1 31.750 train_acc@5 64.312 val_loss 2.332 val_acc@1 37.710 val_acc@5 71.190
epoch 6 train_loss 2.516 train_acc@1 34.160 train_acc@5 67.184 val_loss 2.428 val_acc@1 36.400 val_acc@5 69.320
epoch 7 train_loss 2.401 train_acc@1 36.558 train_acc@5 69.720 val_loss 2.307 val_acc@1 39.360 val_acc@5 72.950
epoch 8 train_loss 2.314 train_acc@1 38.578 train_acc@5 71.442 val_loss 2.137 val_acc@1 42.380 val_acc@5 74.940
epoch 9 train_loss 2.245 train_acc@1 40.296 train_acc@5 72.960 val_loss 2.135 val_acc@1 42.900 val_acc@5 75.250
epoch 10 train_loss 2.187 train_acc@1 41.324 train_acc@5 74.050 val_loss 2.070 val_acc@1 44.800 val_acc@5 77.090
epoch 11 train_loss 2.123 train_acc@1 42.934 train_acc@5 75.282 val_loss 2.026 val_acc@1 46.130 val_acc@5 77.520
epoch 12 train_loss 2.063 train_acc@1 44.252 train_acc@5 76.552 val_loss 1.936 val_acc@1 47.170 val_acc@5 79.050
epoch 13 train_loss 2.011 train_acc@1 45.504 train_acc@5 77.606 val_loss 1.849 val_acc@1 49.500 val_acc@5 80.990
epoch 14 train_loss 1.964 train_acc@1 46.758 train_acc@5 78.270 val_loss 1.828 val_acc@1 49.910 val_acc@5 81.650
epoch 15 train_loss 1.909 train_acc@1 47.982 train_acc@5 79.352 val_loss 1.756 val_acc@1 51.460 val_acc@5 82.250
epoch 16 train_loss 1.865 train_acc@1 48.992 train_acc@5 80.108 val_loss 1.717 val_acc@1 52.880 val_acc@5 82.990
epoch 17 train_loss 1.818 train_acc@1 49.924 train_acc@5 80.828 val_loss 1.713 val_acc@1 52.470 val_acc@5 82.540
epoch 18 train_loss 1.780 train_acc@1 50.952 train_acc@5 81.706 val_loss 1.620 val_acc@1 54.820 val_acc@5 84.180
epoch 19 train_loss 1.736 train_acc@1 52.136 train_acc@5 82.384 val_loss 1.587 val_acc@1 55.770 val_acc@5 85.050
epoch 20 train_loss 1.694 train_acc@1 52.892 train_acc@5 83.196 val_loss 1.600 val_acc@1 55.700 val_acc@5 84.230
epoch 21 train_loss 1.678 train_acc@1 53.454 train_acc@5 83.382 val_loss 1.682 val_acc@1 54.840 val_acc@5 84.330
epoch 22 train_loss 1.649 train_acc@1 54.068 train_acc@5 83.772 val_loss 1.503 val_acc@1 57.810 val_acc@5 85.920
epoch 23 train_loss 1.614 train_acc@1 54.676 train_acc@5 84.464 val_loss 1.564 val_acc@1 57.050 val_acc@5 85.240
epoch 24 train_loss 1.580 train_acc@1 55.930 train_acc@5 84.764 val_loss 1.491 val_acc@1 58.600 val_acc@5 86.300
epoch 25 train_loss 1.563 train_acc@1 56.130 train_acc@5 85.220 val_loss 1.451 val_acc@1 59.740 val_acc@5 86.760
epoch 26 train_loss 1.533 train_acc@1 56.816 train_acc@5 85.658 val_loss 1.476 val_acc@1 58.940 val_acc@5 86.590
epoch 27 train_loss 1.501 train_acc@1 57.822 train_acc@5 86.132 val_loss 1.419 val_acc@1 60.230 val_acc@5 87.570
epoch 28 train_loss 1.489 train_acc@1 58.006 train_acc@5 86.554 val_loss 1.428 val_acc@1 59.980 val_acc@5 87.180
epoch 29 train_loss 1.459 train_acc@1 58.850 train_acc@5 86.782 val_loss 1.370 val_acc@1 61.130 val_acc@5 88.020
epoch 30 train_loss 1.442 train_acc@1 59.052 train_acc@5 87.014 val_loss 1.355 val_acc@1 62.130 val_acc@5 88.240
epoch 31 train_loss 1.422 train_acc@1 59.760 train_acc@5 87.460 val_loss 1.392 val_acc@1 61.220 val_acc@5 87.790
epoch 32 train_loss 1.399 train_acc@1 60.444 train_acc@5 87.674 val_loss 1.321 val_acc@1 62.700 val_acc@5 88.700
epoch 33 train_loss 1.382 train_acc@1 60.792 train_acc@5 87.826 val_loss 1.384 val_acc@1 61.260 val_acc@5 88.000
epoch 34 train_loss 1.365 train_acc@1 61.132 train_acc@5 88.004 val_loss 1.291 val_acc@1 63.150 val_acc@5 89.440
epoch 35 train_loss 1.358 train_acc@1 61.424 train_acc@5 88.234 val_loss 1.298 val_acc@1 63.620 val_acc@5 89.010
epoch 36 train_loss 1.332 train_acc@1 61.814 train_acc@5 88.704 val_loss 1.290 val_acc@1 63.560 val_acc@5 89.540
epoch 37 train_loss 1.310 train_acc@1 62.280 train_acc@5 89.086 val_loss 1.291 val_acc@1 63.510 val_acc@5 89.060
epoch 38 train_loss 1.299 train_acc@1 62.790 train_acc@5 89.116 val_loss 1.305 val_acc@1 62.830 val_acc@5 88.710
epoch 39 train_loss 1.294 train_acc@1 62.910 train_acc@5 89.076 val_loss 1.260 val_acc@1 64.450 val_acc@5 89.240
epoch 40 train_loss 1.273 train_acc@1 63.590 train_acc@5 89.474 val_loss 1.300 val_acc@1 63.510 val_acc@5 89.210
epoch 41 train_loss 1.262 train_acc@1 63.882 train_acc@5 89.690 val_loss 1.277 val_acc@1 64.480 val_acc@5 89.570
epoch 42 train_loss 1.250 train_acc@1 63.984 train_acc@5 89.810 val_loss 1.259 val_acc@1 64.900 val_acc@5 89.740
epoch 43 train_loss 1.233 train_acc@1 64.522 train_acc@5 90.092 val_loss 1.281 val_acc@1 64.090 val_acc@5 89.370
epoch 44 train_loss 1.226 train_acc@1 64.662 train_acc@5 90.100 val_loss 1.231 val_acc@1 65.550 val_acc@5 89.900
epoch 45 train_loss 1.210 train_acc@1 64.878 train_acc@5 90.386 val_loss 1.260 val_acc@1 64.840 val_acc@5 89.720
epoch 46 train_loss 1.196 train_acc@1 65.430 train_acc@5 90.398 val_loss 1.234 val_acc@1 65.130 val_acc@5 89.710
epoch 47 train_loss 1.187 train_acc@1 65.732 train_acc@5 90.552 val_loss 1.235 val_acc@1 65.120 val_acc@5 89.970
epoch 48 train_loss 1.166 train_acc@1 66.056 train_acc@5 90.904 val_loss 1.205 val_acc@1 65.750 val_acc@5 90.490
epoch 49 train_loss 1.165 train_acc@1 66.370 train_acc@5 90.870 val_loss 1.239 val_acc@1 65.410 val_acc@5 90.130
epoch 50 train_loss 1.155 train_acc@1 66.614 train_acc@5 90.920 val_loss 1.193 val_acc@1 66.280 val_acc@5 90.850
epoch 51 train_loss 1.144 train_acc@1 66.816 train_acc@5 91.022 val_loss 1.226 val_acc@1 65.500 val_acc@5 90.100
epoch 52 train_loss 1.131 train_acc@1 67.288 train_acc@5 91.384 val_loss 1.209 val_acc@1 65.960 val_acc@5 90.180
epoch 53 train_loss 1.124 train_acc@1 67.258 train_acc@5 91.462 val_loss 1.246 val_acc@1 65.110 val_acc@5 89.910
epoch 54 train_loss 1.104 train_acc@1 67.740 train_acc@5 91.726 val_loss 1.202 val_acc@1 65.880 val_acc@5 90.280
epoch 55 train_loss 1.102 train_acc@1 68.200 train_acc@5 91.510 val_loss 1.196 val_acc@1 66.150 val_acc@5 90.010
epoch 56 train_loss 1.098 train_acc@1 68.104 train_acc@5 91.706 val_loss 1.207 val_acc@1 66.260 val_acc@5 90.680
epoch 57 train_loss 1.089 train_acc@1 68.370 train_acc@5 91.694 val_loss 1.209 val_acc@1 66.150 val_acc@5 90.060
epoch 58 train_loss 1.084 train_acc@1 68.258 train_acc@5 91.802 val_loss 1.204 val_acc@1 66.040 val_acc@5 90.330
epoch 59 train_loss 1.070 train_acc@1 68.702 train_acc@5 92.132 val_loss 1.221 val_acc@1 66.450 val_acc@5 90.970
epoch 60 train_loss 1.056 train_acc@1 69.052 train_acc@5 92.284 val_loss 1.174 val_acc@1 67.300 val_acc@5 90.640
epoch 61 train_loss 1.058 train_acc@1 69.002 train_acc@5 92.178 val_loss 1.200 val_acc@1 66.560 val_acc@5 91.030
epoch 62 train_loss 1.049 train_acc@1 69.182 train_acc@5 92.116 val_loss 1.172 val_acc@1 67.020 val_acc@5 91.070
epoch 63 train_loss 1.040 train_acc@1 69.416 train_acc@5 92.514 val_loss 1.237 val_acc@1 66.440 val_acc@5 89.970
epoch 64 train_loss 1.034 train_acc@1 69.610 train_acc@5 92.522 val_loss 1.187 val_acc@1 67.150 val_acc@5 90.740
epoch 65 train_loss 1.018 train_acc@1 70.228 train_acc@5 92.674 val_loss 1.195 val_acc@1 66.690 val_acc@5 90.530
epoch 66 train_loss 1.026 train_acc@1 69.928 train_acc@5 92.548 val_loss 1.196 val_acc@1 67.270 val_acc@5 90.490
epoch 67 train_loss 1.006 train_acc@1 70.164 train_acc@5 92.854 val_loss 1.205 val_acc@1 66.970 val_acc@5 90.770
epoch 68 train_loss 1.002 train_acc@1 70.454 train_acc@5 92.864 val_loss 1.163 val_acc@1 68.130 val_acc@5 91.000
epoch 69 train_loss 1.000 train_acc@1 70.488 train_acc@5 92.858 val_loss 1.202 val_acc@1 67.330 val_acc@5 90.650
epoch 70 train_loss 0.999 train_acc@1 70.624 train_acc@5 92.810 val_loss 1.229 val_acc@1 66.420 val_acc@5 90.500
epoch 71 train_loss 0.984 train_acc@1 71.074 train_acc@5 93.086 val_loss 1.186 val_acc@1 67.730 val_acc@5 90.970
epoch 72 train_loss 0.983 train_acc@1 71.016 train_acc@5 93.116 val_loss 1.189 val_acc@1 67.780 val_acc@5 90.870
epoch 73 train_loss 0.969 train_acc@1 71.292 train_acc@5 93.266 val_loss 1.224 val_acc@1 67.010 val_acc@5 90.400
epoch 74 train_loss 0.973 train_acc@1 71.020 train_acc@5 93.228 val_loss 1.196 val_acc@1 67.060 val_acc@5 90.890
epoch 75 train_loss 0.963 train_acc@1 71.442 train_acc@5 93.274 val_loss 1.208 val_acc@1 67.320 val_acc@5 90.840
epoch 76 train_loss 0.959 train_acc@1 71.502 train_acc@5 93.538 val_loss 1.247 val_acc@1 66.880 val_acc@5 90.680
epoch 77 train_loss 0.951 train_acc@1 71.908 train_acc@5 93.494 val_loss 1.204 val_acc@1 67.390 val_acc@5 90.870
epoch 78 train_loss 0.941 train_acc@1 72.148 train_acc@5 93.658 val_loss 1.208 val_acc@1 67.420 val_acc@5 91.150
epoch 79 train_loss 0.938 train_acc@1 72.138 train_acc@5 93.694 val_loss 1.191 val_acc@1 67.780 val_acc@5 91.050
epoch 80 train_loss 0.930 train_acc@1 72.390 train_acc@5 93.752 val_loss 1.174 val_acc@1 68.580 val_acc@5 90.810
epoch 81 train_loss 0.934 train_acc@1 72.440 train_acc@5 93.784 val_loss 1.224 val_acc@1 67.120 val_acc@5 90.870
epoch 82 train_loss 0.923 train_acc@1 72.580 train_acc@5 93.838 val_loss 1.184 val_acc@1 67.900 val_acc@5 91.080
epoch 83 train_loss 0.917 train_acc@1 72.938 train_acc@5 93.764 val_loss 1.192 val_acc@1 68.200 val_acc@5 91.240
epoch 84 train_loss 0.917 train_acc@1 72.880 train_acc@5 93.734 val_loss 1.188 val_acc@1 68.490 val_acc@5 90.720
epoch 85 train_loss 0.903 train_acc@1 72.888 train_acc@5 94.132 val_loss 1.207 val_acc@1 68.010 val_acc@5 90.780
epoch 86 train_loss 0.905 train_acc@1 72.958 train_acc@5 93.948 val_loss 1.174 val_acc@1 68.150 val_acc@5 90.750
epoch 87 train_loss 0.900 train_acc@1 73.202 train_acc@5 94.050 val_loss 1.169 val_acc@1 68.110 val_acc@5 91.270
epoch 88 train_loss 0.902 train_acc@1 73.190 train_acc@5 93.970 val_loss 1.156 val_acc@1 69.110 val_acc@5 91.410
epoch 89 train_loss 0.889 train_acc@1 73.542 train_acc@5 94.262 val_loss 1.204 val_acc@1 68.280 val_acc@5 90.860
epoch 90 train_loss 0.880 train_acc@1 73.556 train_acc@5 94.284 val_loss 1.169 val_acc@1 68.380 val_acc@5 91.350
epoch 91 train_loss 0.888 train_acc@1 73.400 train_acc@5 94.238 val_loss 1.187 val_acc@1 68.780 val_acc@5 90.970
epoch 92 train_loss 0.875 train_acc@1 73.832 train_acc@5 94.210 val_loss 1.215 val_acc@1 67.900 val_acc@5 90.920
epoch 93 train_loss 0.865 train_acc@1 74.060 train_acc@5 94.454 val_loss 1.165 val_acc@1 68.780 val_acc@5 91.230
epoch 94 train_loss 0.869 train_acc@1 74.180 train_acc@5 94.496 val_loss 1.213 val_acc@1 68.250 val_acc@5 91.050
epoch 95 train_loss 0.856 train_acc@1 74.318 train_acc@5 94.504 val_loss 1.180 val_acc@1 68.370 val_acc@5 90.900
epoch 96 train_loss 0.856 train_acc@1 74.442 train_acc@5 94.570 val_loss 1.158 val_acc@1 68.740 val_acc@5 91.370
epoch 97 train_loss 0.862 train_acc@1 74.258 train_acc@5 94.374 val_loss 1.184 val_acc@1 68.560 val_acc@5 91.430
epoch 98 train_loss 0.849 train_acc@1 74.510 train_acc@5 94.644 val_loss 1.195 val_acc@1 69.080 val_acc@5 91.430
epoch 99 train_loss 0.848 train_acc@1 74.690 train_acc@5 94.680 val_loss 1.214 val_acc@1 68.150 val_acc@5 90.770
epoch 100 train_loss 0.848 train_acc@1 74.652 train_acc@5 94.704 val_loss 1.217 val_acc@1 68.000 val_acc@5 90.690
epoch 101 train_loss 0.839 train_acc@1 74.614 train_acc@5 94.816 val_loss 1.176 val_acc@1 68.910 val_acc@5 90.890
epoch 102 train_loss 0.830 train_acc@1 74.940 train_acc@5 94.870 val_loss 1.168 val_acc@1 69.510 val_acc@5 91.330
epoch 103 train_loss 0.819 train_acc@1 75.234 train_acc@5 95.032 val_loss 1.208 val_acc@1 68.330 val_acc@5 91.020
epoch 104 train_loss 0.836 train_acc@1 75.030 train_acc@5 94.690 val_loss 1.202 val_acc@1 68.660 val_acc@5 90.880
epoch 105 train_loss 0.831 train_acc@1 75.206 train_acc@5 94.826 val_loss 1.196 val_acc@1 68.850 val_acc@5 90.960
epoch 106 train_loss 0.824 train_acc@1 75.318 train_acc@5 94.834 val_loss 1.183 val_acc@1 68.460 val_acc@5 91.440
epoch 107 train_loss 0.804 train_acc@1 75.826 train_acc@5 95.092 val_loss 1.163 val_acc@1 69.370 val_acc@5 91.580
epoch 108 train_loss 0.820 train_acc@1 75.376 train_acc@5 94.954 val_loss 1.205 val_acc@1 68.840 val_acc@5 91.090
epoch 109 train_loss 0.817 train_acc@1 75.322 train_acc@5 94.920 val_loss 1.198 val_acc@1 69.000 val_acc@5 91.110
epoch 110 train_loss 0.799 train_acc@1 75.804 train_acc@5 95.192 val_loss 1.206 val_acc@1 69.010 val_acc@5 91.070
epoch 111 train_loss 0.807 train_acc@1 75.716 train_acc@5 95.128 val_loss 1.184 val_acc@1 69.070 val_acc@5 91.370
epoch 112 train_loss 0.798 train_acc@1 75.898 train_acc@5 95.228 val_loss 1.175 val_acc@1 69.680 val_acc@5 91.390
epoch 113 train_loss 0.795 train_acc@1 76.186 train_acc@5 95.026 val_loss 1.194 val_acc@1 68.500 val_acc@5 91.240
epoch 114 train_loss 0.799 train_acc@1 76.076 train_acc@5 94.988 val_loss 1.184 val_acc@1 68.600 val_acc@5 91.160
epoch 115 train_loss 0.794 train_acc@1 76.098 train_acc@5 95.230 val_loss 1.154 val_acc@1 69.800 val_acc@5 91.250
epoch 116 train_loss 0.778 train_acc@1 76.550 train_acc@5 95.318 val_loss 1.183 val_acc@1 69.230 val_acc@5 90.990
epoch 117 train_loss 0.782 train_acc@1 76.472 train_acc@5 95.274 val_loss 1.210 val_acc@1 69.210 val_acc@5 91.130
epoch 118 train_loss 0.786 train_acc@1 76.172 train_acc@5 95.330 val_loss 1.247 val_acc@1 67.730 val_acc@5 90.830
epoch 119 train_loss 0.776 train_acc@1 76.814 train_acc@5 95.268 val_loss 1.183 val_acc@1 69.040 val_acc@5 91.360
epoch 120 train_loss 0.769 train_acc@1 76.576 train_acc@5 95.354 val_loss 1.182 val_acc@1 69.270 val_acc@5 91.490
epoch 121 train_loss 0.773 train_acc@1 76.694 train_acc@5 95.272 val_loss 1.180 val_acc@1 69.370 val_acc@5 91.670
epoch 122 train_loss 0.763 train_acc@1 76.840 train_acc@5 95.466 val_loss 1.179 val_acc@1 69.270 val_acc@5 91.500
epoch 123 train_loss 0.759 train_acc@1 77.074 train_acc@5 95.540 val_loss 1.190 val_acc@1 69.250 val_acc@5 91.280
epoch 124 train_loss 0.761 train_acc@1 77.042 train_acc@5 95.462 val_loss 1.205 val_acc@1 69.220 val_acc@5 90.830
epoch 125 train_loss 0.757 train_acc@1 76.964 train_acc@5 95.598 val_loss 1.192 val_acc@1 69.210 val_acc@5 91.140
epoch 126 train_loss 0.755 train_acc@1 77.024 train_acc@5 95.574 val_loss 1.197 val_acc@1 69.160 val_acc@5 91.470
epoch 127 train_loss 0.750 train_acc@1 77.328 train_acc@5 95.732 val_loss 1.171 val_acc@1 69.760 val_acc@5 91.490
epoch 128 train_loss 0.746 train_acc@1 77.448 train_acc@5 95.706 val_loss 1.177 val_acc@1 69.490 val_acc@5 91.600
epoch 129 train_loss 0.751 train_acc@1 77.262 train_acc@5 95.590 val_loss 1.191 val_acc@1 69.460 val_acc@5 91.450
epoch 130 train_loss 0.741 train_acc@1 77.438 train_acc@5 95.788 val_loss 1.232 val_acc@1 68.860 val_acc@5 91.080
epoch 131 train_loss 0.735 train_acc@1 77.854 train_acc@5 95.794 val_loss 1.177 val_acc@1 70.050 val_acc@5 91.590
epoch 132 train_loss 0.736 train_acc@1 77.444 train_acc@5 95.716 val_loss 1.180 val_acc@1 69.520 val_acc@5 91.400
epoch 133 train_loss 0.740 train_acc@1 77.556 train_acc@5 95.684 val_loss 1.200 val_acc@1 69.000 val_acc@5 91.120
epoch 134 train_loss 0.744 train_acc@1 77.304 train_acc@5 95.788 val_loss 1.150 val_acc@1 70.230 val_acc@5 91.530
epoch 135 train_loss 0.736 train_acc@1 77.550 train_acc@5 95.784 val_loss 1.207 val_acc@1 69.230 val_acc@5 91.580
epoch 136 train_loss 0.717 train_acc@1 78.146 train_acc@5 95.894 val_loss 1.178 val_acc@1 70.110 val_acc@5 91.390
epoch 137 train_loss 0.720 train_acc@1 78.102 train_acc@5 95.874 val_loss 1.178 val_acc@1 70.240 val_acc@5 91.930
epoch 138 train_loss 0.733 train_acc@1 77.654 train_acc@5 95.840 val_loss 1.173 val_acc@1 69.780 val_acc@5 91.470
epoch 139 train_loss 0.721 train_acc@1 78.082 train_acc@5 95.870 val_loss 1.187 val_acc@1 69.710 val_acc@5 91.560
epoch 140 train_loss 0.714 train_acc@1 78.292 train_acc@5 95.856 val_loss 1.198 val_acc@1 69.780 val_acc@5 91.420
epoch 141 train_loss 0.711 train_acc@1 78.268 train_acc@5 96.002 val_loss 1.208 val_acc@1 69.470 val_acc@5 91.520
epoch 142 train_loss 0.711 train_acc@1 78.320 train_acc@5 95.844 val_loss 1.219 val_acc@1 69.460 val_acc@5 90.990
epoch 143 train_loss 0.707 train_acc@1 78.398 train_acc@5 96.108 val_loss 1.205 val_acc@1 69.380 val_acc@5 90.860
epoch 144 train_loss 0.714 train_acc@1 78.472 train_acc@5 95.928 val_loss 1.184 val_acc@1 69.380 val_acc@5 91.350
epoch 145 train_loss 0.693 train_acc@1 78.798 train_acc@5 96.196 val_loss 1.202 val_acc@1 69.880 val_acc@5 91.350
epoch 146 train_loss 0.701 train_acc@1 78.640 train_acc@5 96.038 val_loss 1.201 val_acc@1 69.990 val_acc@5 91.250
epoch 147 train_loss 0.695 train_acc@1 78.732 train_acc@5 96.042 val_loss 1.211 val_acc@1 70.150 val_acc@5 91.590
epoch 148 train_loss 0.696 train_acc@1 78.662 train_acc@5 96.142 val_loss 1.195 val_acc@1 69.180 val_acc@5 91.310
epoch 149 train_loss 0.693 train_acc@1 79.018 train_acc@5 96.200 val_loss 1.225 val_acc@1 68.920 val_acc@5 91.310
epoch 150 train_loss 0.698 train_acc@1 78.734 train_acc@5 96.038 val_loss 1.177 val_acc@1 69.790 val_acc@5 91.610
epoch 151 train_loss 0.684 train_acc@1 79.142 train_acc@5 96.208 val_loss 1.240 val_acc@1 69.110 val_acc@5 91.350
epoch 152 train_loss 0.684 train_acc@1 79.156 train_acc@5 96.136 val_loss 1.211 val_acc@1 70.370 val_acc@5 91.910
epoch 153 train_loss 0.685 train_acc@1 79.304 train_acc@5 96.222 val_loss 1.212 val_acc@1 69.740 val_acc@5 91.570
epoch 154 train_loss 0.691 train_acc@1 78.920 train_acc@5 96.258 val_loss 1.221 val_acc@1 69.890 val_acc@5 91.480
epoch 155 train_loss 0.676 train_acc@1 79.138 train_acc@5 96.420 val_loss 1.203 val_acc@1 69.600 val_acc@5 91.720
epoch 156 train_loss 0.677 train_acc@1 79.124 train_acc@5 96.404 val_loss 1.198 val_acc@1 70.040 val_acc@5 91.620
epoch 157 train_loss 0.681 train_acc@1 79.194 train_acc@5 96.284 val_loss 1.194 val_acc@1 69.640 val_acc@5 91.690
epoch 158 train_loss 0.684 train_acc@1 79.320 train_acc@5 96.214 val_loss 1.188 val_acc@1 70.050 val_acc@5 91.380
epoch 159 train_loss 0.678 train_acc@1 79.316 train_acc@5 96.260 val_loss 1.225 val_acc@1 69.590 val_acc@5 91.430
epoch 160 train_loss 0.671 train_acc@1 79.594 train_acc@5 96.420 val_loss 1.187 val_acc@1 70.040 val_acc@5 91.460
epoch 161 train_loss 0.669 train_acc@1 79.432 train_acc@5 96.384 val_loss 1.210 val_acc@1 69.700 val_acc@5 91.440
epoch 162 train_loss 0.667 train_acc@1 79.704 train_acc@5 96.456 val_loss 1.227 val_acc@1 69.970 val_acc@5 90.980
epoch 163 train_loss 0.663 train_acc@1 79.588 train_acc@5 96.572 val_loss 1.184 val_acc@1 70.410 val_acc@5 91.580
epoch 164 train_loss 0.657 train_acc@1 79.816 train_acc@5 96.528 val_loss 1.202 val_acc@1 70.120 val_acc@5 91.670
epoch 165 train_loss 0.661 train_acc@1 79.790 train_acc@5 96.410 val_loss 1.208 val_acc@1 69.940 val_acc@5 92.010
epoch 166 train_loss 0.670 train_acc@1 79.520 train_acc@5 96.426 val_loss 1.201 val_acc@1 70.070 val_acc@5 91.590
epoch 167 train_loss 0.660 train_acc@1 79.928 train_acc@5 96.362 val_loss 1.197 val_acc@1 69.750 val_acc@5 91.520
epoch 168 train_loss 0.651 train_acc@1 80.156 train_acc@5 96.604 val_loss 1.212 val_acc@1 69.870 val_acc@5 91.500
epoch 169 train_loss 0.656 train_acc@1 80.010 train_acc@5 96.544 val_loss 1.193 val_acc@1 69.610 val_acc@5 91.490
epoch 170 train_loss 0.651 train_acc@1 80.130 train_acc@5 96.500 val_loss 1.183 val_acc@1 70.700 val_acc@5 91.790
epoch 171 train_loss 0.643 train_acc@1 80.288 train_acc@5 96.544 val_loss 1.210 val_acc@1 70.270 val_acc@5 91.710
epoch 172 train_loss 0.648 train_acc@1 80.110 train_acc@5 96.596 val_loss 1.196 val_acc@1 70.200 val_acc@5 91.760
epoch 173 train_loss 0.644 train_acc@1 80.178 train_acc@5 96.612 val_loss 1.194 val_acc@1 70.010 val_acc@5 91.550
epoch 174 train_loss 0.639 train_acc@1 80.278 train_acc@5 96.644 val_loss 1.200 val_acc@1 70.160 val_acc@5 91.650
epoch 175 train_loss 0.644 train_acc@1 80.304 train_acc@5 96.550 val_loss 1.205 val_acc@1 70.420 val_acc@5 91.500
epoch 176 train_loss 0.636 train_acc@1 80.458 train_acc@5 96.706 val_loss 1.207 val_acc@1 70.360 val_acc@5 91.540
epoch 177 train_loss 0.624 train_acc@1 80.818 train_acc@5 96.736 val_loss 1.216 val_acc@1 70.330 val_acc@5 91.500
epoch 178 train_loss 0.646 train_acc@1 80.284 train_acc@5 96.478 val_loss 1.209 val_acc@1 69.740 val_acc@5 91.540
epoch 179 train_loss 0.636 train_acc@1 80.632 train_acc@5 96.588 val_loss 1.210 val_acc@1 70.740 val_acc@5 91.550
epoch 180 train_loss 0.637 train_acc@1 80.498 train_acc@5 96.650 val_loss 1.202 val_acc@1 70.840 val_acc@5 91.710
epoch 181 train_loss 0.625 train_acc@1 80.856 train_acc@5 96.738 val_loss 1.206 val_acc@1 70.220 val_acc@5 91.810
epoch 182 train_loss 0.628 train_acc@1 80.978 train_acc@5 96.696 val_loss 1.236 val_acc@1 69.870 val_acc@5 91.660
epoch 183 train_loss 0.627 train_acc@1 80.780 train_acc@5 96.766 val_loss 1.185 val_acc@1 70.660 val_acc@5 91.700
epoch 184 train_loss 0.626 train_acc@1 80.830 train_acc@5 96.620 val_loss 1.196 val_acc@1 70.630 val_acc@5 91.840
epoch 185 train_loss 0.607 train_acc@1 81.074 train_acc@5 96.960 val_loss 1.202 val_acc@1 69.910 val_acc@5 91.710
epoch 186 train_loss 0.626 train_acc@1 80.700 train_acc@5 96.900 val_loss 1.234 val_acc@1 69.820 val_acc@5 91.470
epoch 187 train_loss 0.616 train_acc@1 81.226 train_acc@5 96.784 val_loss 1.219 val_acc@1 70.190 val_acc@5 91.940
epoch 188 train_loss 0.623 train_acc@1 80.952 train_acc@5 96.784 val_loss 1.224 val_acc@1 70.150 val_acc@5 91.670
epoch 189 train_loss 0.620 train_acc@1 81.202 train_acc@5 96.762 val_loss 1.201 val_acc@1 70.210 val_acc@5 91.420
epoch 190 train_loss 0.613 train_acc@1 81.132 train_acc@5 96.912 val_loss 1.204 val_acc@1 70.360 val_acc@5 91.770
epoch 191 train_loss 0.605 train_acc@1 81.406 train_acc@5 96.974 val_loss 1.177 val_acc@1 70.620 val_acc@5 91.510
epoch 192 train_loss 0.607 train_acc@1 81.386 train_acc@5 96.912 val_loss 1.209 val_acc@1 70.350 val_acc@5 91.690
epoch 193 train_loss 0.611 train_acc@1 81.230 train_acc@5 96.830 val_loss 1.223 val_acc@1 70.430 val_acc@5 91.460
epoch 194 train_loss 0.599 train_acc@1 81.716 train_acc@5 97.010 val_loss 1.196 val_acc@1 70.300 val_acc@5 91.910
epoch 195 train_loss 0.598 train_acc@1 81.688 train_acc@5 96.880 val_loss 1.211 val_acc@1 70.110 val_acc@5 91.550
epoch 196 train_loss 0.605 train_acc@1 81.452 train_acc@5 96.872 val_loss 1.199 val_acc@1 70.520 val_acc@5 91.880
epoch 197 train_loss 0.615 train_acc@1 81.294 train_acc@5 96.698 val_loss 1.238 val_acc@1 69.390 val_acc@5 91.750
epoch 198 train_loss 0.601 train_acc@1 81.444 train_acc@5 97.006 val_loss 1.204 val_acc@1 70.060 val_acc@5 91.640
epoch 199 train_loss 0.595 train_acc@1 81.692 train_acc@5 97.084 val_loss 1.222 val_acc@1 70.310 val_acc@5 91.480
epoch 200 train_loss 0.593 train_acc@1 81.914 train_acc@5 96.906 val_loss 1.208 val_acc@1 70.340 val_acc@5 91.810
epoch 201 train_loss 0.588 train_acc@1 81.848 train_acc@5 97.100 val_loss 1.213 val_acc@1 70.550 val_acc@5 91.730
epoch 202 train_loss 0.589 train_acc@1 82.008 train_acc@5 97.028 val_loss 1.224 val_acc@1 70.270 val_acc@5 91.580
epoch 203 train_loss 0.598 train_acc@1 81.742 train_acc@5 96.950 val_loss 1.217 val_acc@1 69.940 val_acc@5 91.910
epoch 204 train_loss 0.585 train_acc@1 81.956 train_acc@5 97.136 val_loss 1.192 val_acc@1 70.720 val_acc@5 92.220
epoch 205 train_loss 0.588 train_acc@1 81.720 train_acc@5 97.064 val_loss 1.240 val_acc@1 69.970 val_acc@5 91.730
epoch 206 train_loss 0.580 train_acc@1 82.212 train_acc@5 97.148 val_loss 1.223 val_acc@1 70.890 val_acc@5 91.650
epoch 207 train_loss 0.588 train_acc@1 81.810 train_acc@5 96.988 val_loss 1.238 val_acc@1 70.380 val_acc@5 91.740
epoch 208 train_loss 0.574 train_acc@1 82.270 train_acc@5 97.092 val_loss 1.221 val_acc@1 69.880 val_acc@5 91.780
epoch 209 train_loss 0.573 train_acc@1 82.526 train_acc@5 97.142 val_loss 1.236 val_acc@1 69.780 val_acc@5 91.630
epoch 210 train_loss 0.571 train_acc@1 82.346 train_acc@5 97.132 val_loss 1.232 val_acc@1 70.450 val_acc@5 91.660
epoch 211 train_loss 0.582 train_acc@1 82.150 train_acc@5 97.004 val_loss 1.228 val_acc@1 70.220 val_acc@5 91.690
epoch 212 train_loss 0.575 train_acc@1 82.268 train_acc@5 97.136 val_loss 1.229 val_acc@1 70.690 val_acc@5 91.740
epoch 213 train_loss 0.574 train_acc@1 82.362 train_acc@5 97.182 val_loss 1.222 val_acc@1 70.140 val_acc@5 91.850
epoch 214 train_loss 0.568 train_acc@1 82.532 train_acc@5 97.238 val_loss 1.203 val_acc@1 70.580 val_acc@5 92.160
epoch 215 train_loss 0.571 train_acc@1 82.386 train_acc@5 97.164 val_loss 1.226 val_acc@1 70.500 val_acc@5 91.860
epoch 216 train_loss 0.556 train_acc@1 82.868 train_acc@5 97.264 val_loss 1.192 val_acc@1 70.920 val_acc@5 92.010
epoch 217 train_loss 0.557 train_acc@1 82.854 train_acc@5 97.256 val_loss 1.217 val_acc@1 70.470 val_acc@5 91.590
epoch 218 train_loss 0.557 train_acc@1 82.928 train_acc@5 97.250 val_loss 1.225 val_acc@1 70.470 val_acc@5 91.520
epoch 219 train_loss 0.550 train_acc@1 82.950 train_acc@5 97.324 val_loss 1.209 val_acc@1 70.590 val_acc@5 92.100
epoch 220 train_loss 0.550 train_acc@1 82.938 train_acc@5 97.368 val_loss 1.217 val_acc@1 70.730 val_acc@5 91.810
epoch 221 train_loss 0.550 train_acc@1 83.126 train_acc@5 97.252 val_loss 1.230 val_acc@1 70.380 val_acc@5 91.830
epoch 222 train_loss 0.550 train_acc@1 83.090 train_acc@5 97.342 val_loss 1.264 val_acc@1 70.060 val_acc@5 91.360
epoch 223 train_loss 0.553 train_acc@1 83.110 train_acc@5 97.294 val_loss 1.270 val_acc@1 70.040 val_acc@5 91.700
epoch 224 train_loss 0.557 train_acc@1 82.906 train_acc@5 97.214 val_loss 1.236 val_acc@1 69.960 val_acc@5 91.850
epoch 225 train_loss 0.547 train_acc@1 83.184 train_acc@5 97.288 val_loss 1.231 val_acc@1 70.390 val_acc@5 91.650
epoch 226 train_loss 0.553 train_acc@1 83.092 train_acc@5 97.226 val_loss 1.224 val_acc@1 70.710 val_acc@5 91.800
epoch 227 train_loss 0.551 train_acc@1 83.160 train_acc@5 97.200 val_loss 1.251 val_acc@1 70.330 val_acc@5 91.770
epoch 228 train_loss 0.544 train_acc@1 83.404 train_acc@5 97.416 val_loss 1.260 val_acc@1 69.940 val_acc@5 91.540
epoch 229 train_loss 0.551 train_acc@1 83.030 train_acc@5 97.300 val_loss 1.260 val_acc@1 70.130 val_acc@5 91.470
epoch 230 train_loss 0.543 train_acc@1 83.314 train_acc@5 97.332 val_loss 1.232 val_acc@1 70.750 val_acc@5 91.770
epoch 231 train_loss 0.547 train_acc@1 83.180 train_acc@5 97.284 val_loss 1.233 val_acc@1 70.700 val_acc@5 91.610
epoch 232 train_loss 0.535 train_acc@1 83.586 train_acc@5 97.414 val_loss 1.236 val_acc@1 70.850 val_acc@5 91.590
epoch 233 train_loss 0.539 train_acc@1 83.466 train_acc@5 97.376 val_loss 1.217 val_acc@1 71.130 val_acc@5 92.160
epoch 234 train_loss 0.533 train_acc@1 83.538 train_acc@5 97.484 val_loss 1.258 val_acc@1 70.910 val_acc@5 91.600
epoch 235 train_loss 0.532 train_acc@1 83.524 train_acc@5 97.516 val_loss 1.221 val_acc@1 70.620 val_acc@5 91.730
epoch 236 train_loss 0.527 train_acc@1 83.886 train_acc@5 97.454 val_loss 1.221 val_acc@1 70.900 val_acc@5 92.010
epoch 237 train_loss 0.538 train_acc@1 83.392 train_acc@5 97.410 val_loss 1.224 val_acc@1 70.920 val_acc@5 91.870
epoch 238 train_loss 0.518 train_acc@1 83.986 train_acc@5 97.596 val_loss 1.223 val_acc@1 70.790 val_acc@5 91.480
epoch 239 train_loss 0.523 train_acc@1 84.008 train_acc@5 97.452 val_loss 1.214 val_acc@1 70.660 val_acc@5 91.950
epoch 240 train_loss 0.523 train_acc@1 83.860 train_acc@5 97.526 val_loss 1.202 val_acc@1 71.140 val_acc@5 92.080
epoch 241 train_loss 0.527 train_acc@1 83.862 train_acc@5 97.444 val_loss 1.226 val_acc@1 71.140 val_acc@5 92.130
epoch 242 train_loss 0.520 train_acc@1 83.930 train_acc@5 97.566 val_loss 1.225 val_acc@1 70.850 val_acc@5 91.700
epoch 243 train_loss 0.520 train_acc@1 83.876 train_acc@5 97.530 val_loss 1.222 val_acc@1 71.150 val_acc@5 92.060
epoch 244 train_loss 0.517 train_acc@1 84.162 train_acc@5 97.500 val_loss 1.232 val_acc@1 71.320 val_acc@5 91.790
epoch 245 train_loss 0.521 train_acc@1 84.116 train_acc@5 97.508 val_loss 1.247 val_acc@1 70.660 val_acc@5 91.930
epoch 246 train_loss 0.515 train_acc@1 84.214 train_acc@5 97.656 val_loss 1.233 val_acc@1 70.250 val_acc@5 92.020
epoch 247 train_loss 0.511 train_acc@1 84.272 train_acc@5 97.626 val_loss 1.233 val_acc@1 70.660 val_acc@5 91.800
epoch 248 train_loss 0.513 train_acc@1 84.130 train_acc@5 97.662 val_loss 1.214 val_acc@1 71.150 val_acc@5 92.050
epoch 249 train_loss 0.506 train_acc@1 84.360 train_acc@5 97.618 val_loss 1.223 val_acc@1 70.870 val_acc@5 92.090
epoch 250 train_loss 0.503 train_acc@1 84.540 train_acc@5 97.724 val_loss 1.226 val_acc@1 70.720 val_acc@5 91.940
epoch 251 train_loss 0.506 train_acc@1 84.478 train_acc@5 97.656 val_loss 1.226 val_acc@1 70.510 val_acc@5 92.130
epoch 252 train_loss 0.514 train_acc@1 84.274 train_acc@5 97.526 val_loss 1.255 val_acc@1 70.240 val_acc@5 91.860
epoch 253 train_loss 0.507 train_acc@1 84.334 train_acc@5 97.654 val_loss 1.257 val_acc@1 70.490 val_acc@5 91.660
epoch 254 train_loss 0.511 train_acc@1 84.322 train_acc@5 97.544 val_loss 1.231 val_acc@1 71.060 val_acc@5 92.130
epoch 255 train_loss 0.493 train_acc@1 84.720 train_acc@5 97.708 val_loss 1.245 val_acc@1 70.700 val_acc@5 92.050
epoch 256 train_loss 0.497 train_acc@1 84.692 train_acc@5 97.658 val_loss 1.250 val_acc@1 70.860 val_acc@5 91.850
epoch 257 train_loss 0.502 train_acc@1 84.590 train_acc@5 97.622 val_loss 1.241 val_acc@1 70.940 val_acc@5 92.020
epoch 258 train_loss 0.494 train_acc@1 84.804 train_acc@5 97.714 val_loss 1.232 val_acc@1 70.960 val_acc@5 91.990
epoch 259 train_loss 0.491 train_acc@1 84.686 train_acc@5 97.796 val_loss 1.241 val_acc@1 70.890 val_acc@5 92.030
epoch 260 train_loss 0.496 train_acc@1 84.730 train_acc@5 97.714 val_loss 1.249 val_acc@1 71.190 val_acc@5 91.820
epoch 261 train_loss 0.496 train_acc@1 84.692 train_acc@5 97.774 val_loss 1.285 val_acc@1 70.780 val_acc@5 91.500
epoch 262 train_loss 0.493 train_acc@1 84.766 train_acc@5 97.690 val_loss 1.228 val_acc@1 70.520 val_acc@5 92.030
epoch 263 train_loss 0.498 train_acc@1 84.740 train_acc@5 97.588 val_loss 1.275 val_acc@1 70.950 val_acc@5 91.890
epoch 264 train_loss 0.484 train_acc@1 85.108 train_acc@5 97.778 val_loss 1.245 val_acc@1 70.770 val_acc@5 91.800
epoch 265 train_loss 0.490 train_acc@1 85.028 train_acc@5 97.666 val_loss 1.221 val_acc@1 71.360 val_acc@5 92.190
epoch 266 train_loss 0.486 train_acc@1 85.144 train_acc@5 97.760 val_loss 1.237 val_acc@1 71.050 val_acc@5 91.840
epoch 267 train_loss 0.483 train_acc@1 85.034 train_acc@5 97.680 val_loss 1.253 val_acc@1 70.440 val_acc@5 91.940
epoch 268 train_loss 0.481 train_acc@1 85.024 train_acc@5 97.822 val_loss 1.241 val_acc@1 71.140 val_acc@5 91.810
epoch 269 train_loss 0.475 train_acc@1 85.396 train_acc@5 97.746 val_loss 1.229 val_acc@1 71.580 val_acc@5 92.040
epoch 270 train_loss 0.483 train_acc@1 85.200 train_acc@5 97.792 val_loss 1.251 val_acc@1 71.030 val_acc@5 91.970
epoch 271 train_loss 0.477 train_acc@1 85.378 train_acc@5 97.856 val_loss 1.241 val_acc@1 71.230 val_acc@5 92.010
epoch 272 train_loss 0.470 train_acc@1 85.460 train_acc@5 97.886 val_loss 1.260 val_acc@1 71.120 val_acc@5 92.010
epoch 273 train_loss 0.480 train_acc@1 85.366 train_acc@5 97.832 val_loss 1.256 val_acc@1 71.300 val_acc@5 92.090
epoch 274 train_loss 0.470 train_acc@1 85.512 train_acc@5 97.832 val_loss 1.249 val_acc@1 70.940 val_acc@5 92.010
epoch 275 train_loss 0.479 train_acc@1 85.366 train_acc@5 97.792 val_loss 1.239 val_acc@1 70.460 val_acc@5 91.920
epoch 276 train_loss 0.470 train_acc@1 85.602 train_acc@5 97.826 val_loss 1.226 val_acc@1 71.450 val_acc@5 92.420
epoch 277 train_loss 0.476 train_acc@1 85.356 train_acc@5 97.786 val_loss 1.255 val_acc@1 71.230 val_acc@5 92.030
epoch 278 train_loss 0.468 train_acc@1 85.620 train_acc@5 97.930 val_loss 1.225 val_acc@1 71.430 val_acc@5 92.320
epoch 279 train_loss 0.466 train_acc@1 85.642 train_acc@5 97.828 val_loss 1.257 val_acc@1 71.220 val_acc@5 92.120
epoch 280 train_loss 0.472 train_acc@1 85.612 train_acc@5 97.752 val_loss 1.253 val_acc@1 71.010 val_acc@5 92.160
epoch 281 train_loss 0.463 train_acc@1 85.670 train_acc@5 97.890 val_loss 1.258 val_acc@1 70.950 val_acc@5 91.850
epoch 282 train_loss 0.453 train_acc@1 86.178 train_acc@5 97.918 val_loss 1.258 val_acc@1 71.010 val_acc@5 92.060
epoch 283 train_loss 0.465 train_acc@1 85.788 train_acc@5 97.916 val_loss 1.258 val_acc@1 70.590 val_acc@5 91.670
epoch 284 train_loss 0.455 train_acc@1 86.096 train_acc@5 97.928 val_loss 1.249 val_acc@1 71.460 val_acc@5 91.930
epoch 285 train_loss 0.461 train_acc@1 85.850 train_acc@5 97.900 val_loss 1.263 val_acc@1 70.860 val_acc@5 92.150
epoch 286 train_loss 0.455 train_acc@1 85.928 train_acc@5 97.986 val_loss 1.253 val_acc@1 71.230 val_acc@5 92.160
epoch 287 train_loss 0.459 train_acc@1 85.922 train_acc@5 97.910 val_loss 1.256 val_acc@1 71.120 val_acc@5 91.960
epoch 288 train_loss 0.452 train_acc@1 85.990 train_acc@5 98.012 val_loss 1.234 val_acc@1 71.880 val_acc@5 91.920
epoch 289 train_loss 0.446 train_acc@1 86.168 train_acc@5 97.918 val_loss 1.278 val_acc@1 71.010 val_acc@5 91.810
epoch 290 train_loss 0.447 train_acc@1 86.176 train_acc@5 97.964 val_loss 1.248 val_acc@1 71.240 val_acc@5 91.740
epoch 291 train_loss 0.447 train_acc@1 86.296 train_acc@5 98.034 val_loss 1.249 val_acc@1 71.630 val_acc@5 91.940
epoch 292 train_loss 0.447 train_acc@1 86.296 train_acc@5 97.938 val_loss 1.270 val_acc@1 70.710 val_acc@5 92.060
epoch 293 train_loss 0.445 train_acc@1 86.292 train_acc@5 98.038 val_loss 1.224 val_acc@1 71.610 val_acc@5 92.160
epoch 294 train_loss 0.437 train_acc@1 86.558 train_acc@5 98.046 val_loss 1.248 val_acc@1 71.500 val_acc@5 92.090
epoch 295 train_loss 0.442 train_acc@1 86.450 train_acc@5 98.018 val_loss 1.248 val_acc@1 71.170 val_acc@5 91.980
epoch 296 train_loss 0.432 train_acc@1 86.714 train_acc@5 98.026 val_loss 1.248 val_acc@1 71.280 val_acc@5 91.800
epoch 297 train_loss 0.429 train_acc@1 86.874 train_acc@5 98.082 val_loss 1.243 val_acc@1 71.400 val_acc@5 92.050
epoch 298 train_loss 0.435 train_acc@1 86.568 train_acc@5 98.070 val_loss 1.255 val_acc@1 71.510 val_acc@5 91.980
epoch 299 train_loss 0.429 train_acc@1 86.720 train_acc@5 98.096 val_loss 1.272 val_acc@1 70.990 val_acc@5 92.070
epoch 300 train_loss 0.432 train_acc@1 86.692 train_acc@5 98.108 val_loss 1.272 val_acc@1 71.040 val_acc@5 92.040
epoch 301 train_loss 0.428 train_acc@1 86.962 train_acc@5 98.160 val_loss 1.255 val_acc@1 71.020 val_acc@5 91.880
epoch 302 train_loss 0.429 train_acc@1 86.928 train_acc@5 98.106 val_loss 1.260 val_acc@1 71.850 val_acc@5 91.860
epoch 303 train_loss 0.430 train_acc@1 86.768 train_acc@5 98.024 val_loss 1.235 val_acc@1 71.390 val_acc@5 92.140
epoch 304 train_loss 0.423 train_acc@1 86.940 train_acc@5 98.112 val_loss 1.253 val_acc@1 71.470 val_acc@5 92.020
epoch 305 train_loss 0.430 train_acc@1 86.690 train_acc@5 98.004 val_loss 1.256 val_acc@1 70.910 val_acc@5 91.960
epoch 306 train_loss 0.424 train_acc@1 86.816 train_acc@5 98.134 val_loss 1.276 val_acc@1 71.430 val_acc@5 91.770
epoch 307 train_loss 0.420 train_acc@1 87.140 train_acc@5 98.132 val_loss 1.243 val_acc@1 71.200 val_acc@5 92.120
epoch 308 train_loss 0.422 train_acc@1 87.168 train_acc@5 98.096 val_loss 1.267 val_acc@1 71.070 val_acc@5 92.020
epoch 309 train_loss 0.412 train_acc@1 87.338 train_acc@5 98.194 val_loss 1.269 val_acc@1 71.270 val_acc@5 92.040
epoch 310 train_loss 0.420 train_acc@1 87.256 train_acc@5 98.128 val_loss 1.251 val_acc@1 71.510 val_acc@5 92.190
epoch 311 train_loss 0.413 train_acc@1 87.194 train_acc@5 98.264 val_loss 1.257 val_acc@1 71.020 val_acc@5 92.070
epoch 312 train_loss 0.413 train_acc@1 87.454 train_acc@5 98.256 val_loss 1.260 val_acc@1 71.200 val_acc@5 92.380
epoch 313 train_loss 0.414 train_acc@1 87.212 train_acc@5 98.172 val_loss 1.259 val_acc@1 71.320 val_acc@5 92.040
epoch 314 train_loss 0.409 train_acc@1 87.402 train_acc@5 98.238 val_loss 1.247 val_acc@1 71.590 val_acc@5 92.190
epoch 315 train_loss 0.412 train_acc@1 87.312 train_acc@5 98.200 val_loss 1.272 val_acc@1 70.800 val_acc@5 92.280
epoch 316 train_loss 0.405 train_acc@1 87.620 train_acc@5 98.188 val_loss 1.274 val_acc@1 71.470 val_acc@5 91.960
epoch 317 train_loss 0.402 train_acc@1 87.476 train_acc@5 98.350 val_loss 1.261 val_acc@1 72.140 val_acc@5 91.990
epoch 318 train_loss 0.405 train_acc@1 87.568 train_acc@5 98.236 val_loss 1.276 val_acc@1 71.570 val_acc@5 92.170
epoch 319 train_loss 0.401 train_acc@1 87.714 train_acc@5 98.310 val_loss 1.310 val_acc@1 70.990 val_acc@5 91.710
epoch 320 train_loss 0.402 train_acc@1 87.678 train_acc@5 98.278 val_loss 1.273 val_acc@1 71.100 val_acc@5 91.920
epoch 321 train_loss 0.398 train_acc@1 87.798 train_acc@5 98.252 val_loss 1.270 val_acc@1 71.380 val_acc@5 91.880
epoch 322 train_loss 0.401 train_acc@1 87.602 train_acc@5 98.328 val_loss 1.267 val_acc@1 71.530 val_acc@5 91.950
epoch 323 train_loss 0.393 train_acc@1 88.054 train_acc@5 98.208 val_loss 1.275 val_acc@1 71.370 val_acc@5 91.890
epoch 324 train_loss 0.390 train_acc@1 88.170 train_acc@5 98.200 val_loss 1.268 val_acc@1 70.900 val_acc@5 92.080
epoch 325 train_loss 0.382 train_acc@1 88.158 train_acc@5 98.372 val_loss 1.283 val_acc@1 71.330 val_acc@5 92.390
epoch 326 train_loss 0.393 train_acc@1 87.846 train_acc@5 98.306 val_loss 1.270 val_acc@1 71.510 val_acc@5 92.290
epoch 327 train_loss 0.388 train_acc@1 88.182 train_acc@5 98.240 val_loss 1.267 val_acc@1 71.610 val_acc@5 92.110
epoch 328 train_loss 0.385 train_acc@1 88.174 train_acc@5 98.340 val_loss 1.283 val_acc@1 71.350 val_acc@5 92.010
epoch 329 train_loss 0.377 train_acc@1 88.370 train_acc@5 98.424 val_loss 1.276 val_acc@1 71.090 val_acc@5 92.170
epoch 330 train_loss 0.383 train_acc@1 88.044 train_acc@5 98.392 val_loss 1.268 val_acc@1 71.710 val_acc@5 92.340
epoch 331 train_loss 0.386 train_acc@1 88.150 train_acc@5 98.340 val_loss 1.267 val_acc@1 71.380 val_acc@5 92.220
epoch 332 train_loss 0.379 train_acc@1 88.262 train_acc@5 98.446 val_loss 1.270 val_acc@1 71.500 val_acc@5 92.020
epoch 333 train_loss 0.377 train_acc@1 88.556 train_acc@5 98.348 val_loss 1.264 val_acc@1 71.680 val_acc@5 92.160
epoch 334 train_loss 0.376 train_acc@1 88.342 train_acc@5 98.488 val_loss 1.273 val_acc@1 71.270 val_acc@5 92.320
epoch 335 train_loss 0.375 train_acc@1 88.468 train_acc@5 98.426 val_loss 1.275 val_acc@1 71.570 val_acc@5 91.970
epoch 336 train_loss 0.373 train_acc@1 88.502 train_acc@5 98.472 val_loss 1.261 val_acc@1 71.750 val_acc@5 92.120
epoch 337 train_loss 0.369 train_acc@1 88.652 train_acc@5 98.456 val_loss 1.273 val_acc@1 71.560 val_acc@5 92.130
epoch 338 train_loss 0.365 train_acc@1 88.772 train_acc@5 98.476 val_loss 1.285 val_acc@1 71.660 val_acc@5 92.100
epoch 339 train_loss 0.360 train_acc@1 88.794 train_acc@5 98.552 val_loss 1.269 val_acc@1 71.300 val_acc@5 92.220
epoch 340 train_loss 0.360 train_acc@1 88.900 train_acc@5 98.516 val_loss 1.264 val_acc@1 71.570 val_acc@5 92.090
epoch 341 train_loss 0.359 train_acc@1 89.048 train_acc@5 98.466 val_loss 1.263 val_acc@1 71.810 val_acc@5 92.260
epoch 342 train_loss 0.370 train_acc@1 88.660 train_acc@5 98.432 val_loss 1.248 val_acc@1 71.700 val_acc@5 92.380
epoch 343 train_loss 0.358 train_acc@1 88.884 train_acc@5 98.598 val_loss 1.281 val_acc@1 71.450 val_acc@5 92.270
epoch 344 train_loss 0.353 train_acc@1 89.156 train_acc@5 98.592 val_loss 1.265 val_acc@1 72.110 val_acc@5 92.370
epoch 345 train_loss 0.362 train_acc@1 88.798 train_acc@5 98.452 val_loss 1.249 val_acc@1 72.200 val_acc@5 92.490
epoch 346 train_loss 0.353 train_acc@1 89.306 train_acc@5 98.544 val_loss 1.263 val_acc@1 71.940 val_acc@5 92.360
epoch 347 train_loss 0.352 train_acc@1 89.254 train_acc@5 98.522 val_loss 1.274 val_acc@1 71.820 val_acc@5 92.350
epoch 348 train_loss 0.348 train_acc@1 89.406 train_acc@5 98.618 val_loss 1.245 val_acc@1 71.600 val_acc@5 92.290
epoch 349 train_loss 0.338 train_acc@1 89.658 train_acc@5 98.598 val_loss 1.270 val_acc@1 71.950 val_acc@5 92.380
epoch 350 train_loss 0.352 train_acc@1 89.232 train_acc@5 98.516 val_loss 1.271 val_acc@1 71.530 val_acc@5 92.090
epoch 351 train_loss 0.340 train_acc@1 89.662 train_acc@5 98.544 val_loss 1.270 val_acc@1 71.820 val_acc@5 91.960
epoch 352 train_loss 0.335 train_acc@1 89.870 train_acc@5 98.574 val_loss 1.276 val_acc@1 71.920 val_acc@5 92.250
epoch 353 train_loss 0.336 train_acc@1 89.616 train_acc@5 98.570 val_loss 1.281 val_acc@1 72.070 val_acc@5 92.190
epoch 354 train_loss 0.336 train_acc@1 89.674 train_acc@5 98.636 val_loss 1.270 val_acc@1 71.790 val_acc@5 92.540
epoch 355 train_loss 0.344 train_acc@1 89.540 train_acc@5 98.600 val_loss 1.265 val_acc@1 72.090 val_acc@5 92.410
epoch 356 train_loss 0.334 train_acc@1 89.918 train_acc@5 98.634 val_loss 1.264 val_acc@1 72.030 val_acc@5 92.380
epoch 357 train_loss 0.335 train_acc@1 89.768 train_acc@5 98.630 val_loss 1.290 val_acc@1 71.470 val_acc@5 92.310
epoch 358 train_loss 0.327 train_acc@1 90.124 train_acc@5 98.644 val_loss 1.270 val_acc@1 72.050 val_acc@5 92.190
epoch 359 train_loss 0.325 train_acc@1 90.138 train_acc@5 98.650 val_loss 1.285 val_acc@1 71.830 val_acc@5 92.650
epoch 360 train_loss 0.323 train_acc@1 90.078 train_acc@5 98.716 val_loss 1.258 val_acc@1 72.230 val_acc@5 92.480
epoch 361 train_loss 0.320 train_acc@1 90.210 train_acc@5 98.648 val_loss 1.283 val_acc@1 72.030 val_acc@5 92.490
epoch 362 train_loss 0.315 train_acc@1 90.268 train_acc@5 98.782 val_loss 1.256 val_acc@1 72.370 val_acc@5 92.720
epoch 363 train_loss 0.313 train_acc@1 90.448 train_acc@5 98.728 val_loss 1.281 val_acc@1 72.090 val_acc@5 92.190
epoch 364 train_loss 0.321 train_acc@1 90.128 train_acc@5 98.688 val_loss 1.291 val_acc@1 72.060 val_acc@5 92.460
epoch 365 train_loss 0.324 train_acc@1 90.098 train_acc@5 98.666 val_loss 1.269 val_acc@1 72.290 val_acc@5 92.430
epoch 366 train_loss 0.314 train_acc@1 90.316 train_acc@5 98.776 val_loss 1.284 val_acc@1 71.930 val_acc@5 92.500
epoch 367 train_loss 0.309 train_acc@1 90.490 train_acc@5 98.772 val_loss 1.263 val_acc@1 71.900 val_acc@5 92.630
epoch 368 train_loss 0.311 train_acc@1 90.556 train_acc@5 98.732 val_loss 1.284 val_acc@1 71.670 val_acc@5 92.450
epoch 369 train_loss 0.315 train_acc@1 90.346 train_acc@5 98.666 val_loss 1.270 val_acc@1 72.150 val_acc@5 92.380
epoch 370 train_loss 0.311 train_acc@1 90.538 train_acc@5 98.744 val_loss 1.263 val_acc@1 72.120 val_acc@5 92.540
epoch 371 train_loss 0.308 train_acc@1 90.550 train_acc@5 98.718 val_loss 1.283 val_acc@1 71.870 val_acc@5 92.610
epoch 372 train_loss 0.309 train_acc@1 90.574 train_acc@5 98.748 val_loss 1.281 val_acc@1 72.260 val_acc@5 92.610
epoch 373 train_loss 0.294 train_acc@1 90.992 train_acc@5 98.874 val_loss 1.253 val_acc@1 72.430 val_acc@5 92.730
epoch 374 train_loss 0.296 train_acc@1 91.076 train_acc@5 98.790 val_loss 1.265 val_acc@1 72.390 val_acc@5 92.570
epoch 375 train_loss 0.295 train_acc@1 91.076 train_acc@5 98.844 val_loss 1.274 val_acc@1 72.370 val_acc@5 92.670
epoch 376 train_loss 0.297 train_acc@1 91.068 train_acc@5 98.724 val_loss 1.266 val_acc@1 72.230 val_acc@5 92.200
epoch 377 train_loss 0.294 train_acc@1 91.090 train_acc@5 98.780 val_loss 1.268 val_acc@1 72.300 val_acc@5 92.410
epoch 378 train_loss 0.284 train_acc@1 91.384 train_acc@5 98.906 val_loss 1.277 val_acc@1 72.540 val_acc@5 92.550
epoch 379 train_loss 0.283 train_acc@1 91.446 train_acc@5 98.862 val_loss 1.284 val_acc@1 72.230 val_acc@5 92.310
epoch 380 train_loss 0.278 train_acc@1 91.606 train_acc@5 98.872 val_loss 1.283 val_acc@1 72.290 val_acc@5 92.600
epoch 381 train_loss 0.286 train_acc@1 91.352 train_acc@5 98.866 val_loss 1.263 val_acc@1 72.940 val_acc@5 92.560
epoch 382 train_loss 0.277 train_acc@1 91.540 train_acc@5 98.888 val_loss 1.269 val_acc@1 72.530 val_acc@5 92.500
epoch 383 train_loss 0.273 train_acc@1 91.716 train_acc@5 99.018 val_loss 1.271 val_acc@1 72.280 val_acc@5 92.430
epoch 384 train_loss 0.278 train_acc@1 91.576 train_acc@5 98.890 val_loss 1.279 val_acc@1 72.280 val_acc@5 92.600
epoch 385 train_loss 0.273 train_acc@1 91.878 train_acc@5 98.848 val_loss 1.277 val_acc@1 72.330 val_acc@5 92.400
epoch 386 train_loss 0.268 train_acc@1 91.850 train_acc@5 98.994 val_loss 1.276 val_acc@1 72.560 val_acc@5 92.580
epoch 387 train_loss 0.264 train_acc@1 92.150 train_acc@5 99.002 val_loss 1.252 val_acc@1 72.890 val_acc@5 92.710
epoch 388 train_loss 0.263 train_acc@1 91.896 train_acc@5 98.984 val_loss 1.271 val_acc@1 72.480 val_acc@5 92.550
epoch 389 train_loss 0.264 train_acc@1 92.020 train_acc@5 98.934 val_loss 1.261 val_acc@1 72.360 val_acc@5 92.720
epoch 390 train_loss 0.263 train_acc@1 92.118 train_acc@5 99.002 val_loss 1.271 val_acc@1 72.350 val_acc@5 92.810
epoch 391 train_loss 0.255 train_acc@1 92.318 train_acc@5 99.018 val_loss 1.259 val_acc@1 72.880 val_acc@5 92.670
epoch 392 train_loss 0.255 train_acc@1 92.288 train_acc@5 98.990 val_loss 1.256 val_acc@1 72.840 val_acc@5 92.820
epoch 393 train_loss 0.249 train_acc@1 92.446 train_acc@5 99.090 val_loss 1.258 val_acc@1 72.720 val_acc@5 92.640
epoch 394 train_loss 0.247 train_acc@1 92.512 train_acc@5 99.090 val_loss 1.254 val_acc@1 72.750 val_acc@5 92.710
epoch 395 train_loss 0.250 train_acc@1 92.510 train_acc@5 98.944 val_loss 1.262 val_acc@1 72.880 val_acc@5 92.810
epoch 396 train_loss 0.242 train_acc@1 92.776 train_acc@5 99.098 val_loss 1.262 val_acc@1 73.030 val_acc@5 92.890
epoch 397 train_loss 0.237 train_acc@1 92.896 train_acc@5 99.130 val_loss 1.244 val_acc@1 73.190 val_acc@5 92.790
epoch 398 train_loss 0.238 train_acc@1 92.752 train_acc@5 99.112 val_loss 1.245 val_acc@1 73.230 val_acc@5 92.970
epoch 399 train_loss 0.239 train_acc@1 92.924 train_acc@5 99.116 val_loss 1.256 val_acc@1 73.060 val_acc@5 92.870
