epoch 0 train_loss 4.143 train_acc@1 7.678 train_acc@5 25.248 val_loss 3.786 val_acc@1 12.110 val_acc@5 34.810
epoch 1 train_loss 3.603 train_acc@1 14.354 train_acc@5 39.512 val_loss 3.374 val_acc@1 18.080 val_acc@5 45.560
epoch 2 train_loss 3.285 train_acc@1 19.698 train_acc@5 48.210 val_loss 3.039 val_acc@1 24.160 val_acc@5 55.470
epoch 3 train_loss 3.021 train_acc@1 24.226 train_acc@5 54.966 val_loss 2.811 val_acc@1 28.170 val_acc@5 60.270
epoch 4 train_loss 2.811 train_acc@1 28.004 train_acc@5 60.388 val_loss 2.540 val_acc@1 33.750 val_acc@5 67.130
epoch 5 train_loss 2.658 train_acc@1 31.308 train_acc@5 63.898 val_loss 2.420 val_acc@1 36.750 val_acc@5 69.560
epoch 6 train_loss 2.525 train_acc@1 33.870 train_acc@5 67.072 val_loss 2.341 val_acc@1 38.500 val_acc@5 71.120
epoch 7 train_loss 2.414 train_acc@1 36.260 train_acc@5 69.156 val_loss 2.192 val_acc@1 40.710 val_acc@5 74.330
epoch 8 train_loss 2.322 train_acc@1 38.312 train_acc@5 71.154 val_loss 2.253 val_acc@1 40.050 val_acc@5 72.960
epoch 9 train_loss 2.256 train_acc@1 39.832 train_acc@5 72.604 val_loss 2.084 val_acc@1 43.440 val_acc@5 76.100
epoch 10 train_loss 2.188 train_acc@1 41.550 train_acc@5 73.970 val_loss 2.081 val_acc@1 43.890 val_acc@5 76.580
epoch 11 train_loss 2.122 train_acc@1 42.960 train_acc@5 75.464 val_loss 2.056 val_acc@1 44.630 val_acc@5 77.210
epoch 12 train_loss 2.069 train_acc@1 43.842 train_acc@5 76.460 val_loss 1.910 val_acc@1 47.850 val_acc@5 79.920
epoch 13 train_loss 2.009 train_acc@1 45.438 train_acc@5 77.620 val_loss 1.905 val_acc@1 48.400 val_acc@5 78.960
epoch 14 train_loss 1.965 train_acc@1 46.372 train_acc@5 78.640 val_loss 1.803 val_acc@1 50.240 val_acc@5 81.150
epoch 15 train_loss 1.918 train_acc@1 47.592 train_acc@5 79.258 val_loss 1.744 val_acc@1 52.650 val_acc@5 82.060
epoch 16 train_loss 1.870 train_acc@1 48.732 train_acc@5 80.190 val_loss 1.722 val_acc@1 52.250 val_acc@5 82.690
epoch 17 train_loss 1.825 train_acc@1 49.676 train_acc@5 81.006 val_loss 1.688 val_acc@1 54.060 val_acc@5 82.940
epoch 18 train_loss 1.782 train_acc@1 50.784 train_acc@5 81.756 val_loss 1.665 val_acc@1 54.730 val_acc@5 83.990
epoch 19 train_loss 1.745 train_acc@1 51.888 train_acc@5 82.168 val_loss 1.582 val_acc@1 55.610 val_acc@5 84.380
epoch 20 train_loss 1.713 train_acc@1 52.460 train_acc@5 82.830 val_loss 1.537 val_acc@1 56.520 val_acc@5 85.470
epoch 21 train_loss 1.677 train_acc@1 53.564 train_acc@5 83.336 val_loss 1.487 val_acc@1 57.990 val_acc@5 86.070
epoch 22 train_loss 1.647 train_acc@1 54.272 train_acc@5 83.724 val_loss 1.537 val_acc@1 57.040 val_acc@5 85.590
epoch 23 train_loss 1.617 train_acc@1 54.842 train_acc@5 84.520 val_loss 1.470 val_acc@1 58.240 val_acc@5 86.660
epoch 24 train_loss 1.591 train_acc@1 55.506 train_acc@5 84.760 val_loss 1.449 val_acc@1 58.810 val_acc@5 86.820
epoch 25 train_loss 1.558 train_acc@1 56.298 train_acc@5 85.274 val_loss 1.485 val_acc@1 58.490 val_acc@5 86.330
epoch 26 train_loss 1.527 train_acc@1 57.296 train_acc@5 85.706 val_loss 1.407 val_acc@1 60.160 val_acc@5 87.480
epoch 27 train_loss 1.502 train_acc@1 57.690 train_acc@5 86.252 val_loss 1.378 val_acc@1 60.990 val_acc@5 87.900
epoch 28 train_loss 1.488 train_acc@1 58.264 train_acc@5 86.108 val_loss 1.407 val_acc@1 60.420 val_acc@5 87.070
epoch 29 train_loss 1.463 train_acc@1 58.588 train_acc@5 86.732 val_loss 1.438 val_acc@1 59.880 val_acc@5 87.090
epoch 30 train_loss 1.448 train_acc@1 59.086 train_acc@5 86.900 val_loss 1.393 val_acc@1 59.720 val_acc@5 87.950
epoch 31 train_loss 1.424 train_acc@1 59.682 train_acc@5 87.236 val_loss 1.362 val_acc@1 61.790 val_acc@5 88.070
epoch 32 train_loss 1.407 train_acc@1 60.016 train_acc@5 87.494 val_loss 1.350 val_acc@1 62.250 val_acc@5 88.270
epoch 33 train_loss 1.379 train_acc@1 60.676 train_acc@5 88.094 val_loss 1.323 val_acc@1 62.640 val_acc@5 88.490
epoch 34 train_loss 1.369 train_acc@1 60.778 train_acc@5 87.980 val_loss 1.324 val_acc@1 62.590 val_acc@5 88.770
epoch 35 train_loss 1.353 train_acc@1 61.262 train_acc@5 88.348 val_loss 1.318 val_acc@1 63.090 val_acc@5 88.820
epoch 36 train_loss 1.331 train_acc@1 62.136 train_acc@5 88.694 val_loss 1.281 val_acc@1 63.590 val_acc@5 89.170
epoch 37 train_loss 1.320 train_acc@1 62.408 train_acc@5 88.754 val_loss 1.322 val_acc@1 62.790 val_acc@5 88.570
epoch 38 train_loss 1.302 train_acc@1 62.706 train_acc@5 89.008 val_loss 1.297 val_acc@1 63.010 val_acc@5 89.200
epoch 39 train_loss 1.286 train_acc@1 63.266 train_acc@5 89.248 val_loss 1.283 val_acc@1 63.200 val_acc@5 89.190
epoch 40 train_loss 1.270 train_acc@1 63.556 train_acc@5 89.608 val_loss 1.280 val_acc@1 63.870 val_acc@5 89.000
epoch 41 train_loss 1.264 train_acc@1 63.856 train_acc@5 89.474 val_loss 1.270 val_acc@1 63.810 val_acc@5 89.560
epoch 42 train_loss 1.246 train_acc@1 64.198 train_acc@5 89.748 val_loss 1.235 val_acc@1 64.810 val_acc@5 90.000
epoch 43 train_loss 1.239 train_acc@1 64.172 train_acc@5 89.860 val_loss 1.213 val_acc@1 65.380 val_acc@5 90.550
epoch 44 train_loss 1.227 train_acc@1 64.834 train_acc@5 90.004 val_loss 1.254 val_acc@1 64.780 val_acc@5 89.670
epoch 45 train_loss 1.201 train_acc@1 65.500 train_acc@5 90.358 val_loss 1.239 val_acc@1 64.520 val_acc@5 90.230
epoch 46 train_loss 1.192 train_acc@1 65.730 train_acc@5 90.456 val_loss 1.245 val_acc@1 64.700 val_acc@5 89.510
epoch 47 train_loss 1.184 train_acc@1 65.800 train_acc@5 90.530 val_loss 1.244 val_acc@1 65.180 val_acc@5 89.650
epoch 48 train_loss 1.175 train_acc@1 66.054 train_acc@5 90.670 val_loss 1.210 val_acc@1 65.900 val_acc@5 90.220
epoch 49 train_loss 1.162 train_acc@1 66.406 train_acc@5 90.846 val_loss 1.244 val_acc@1 65.120 val_acc@5 90.100
epoch 50 train_loss 1.140 train_acc@1 66.794 train_acc@5 91.162 val_loss 1.227 val_acc@1 65.240 val_acc@5 90.130
epoch 51 train_loss 1.142 train_acc@1 66.922 train_acc@5 91.244 val_loss 1.185 val_acc@1 66.560 val_acc@5 90.910
epoch 52 train_loss 1.127 train_acc@1 67.408 train_acc@5 91.300 val_loss 1.218 val_acc@1 65.510 val_acc@5 90.120
epoch 53 train_loss 1.119 train_acc@1 67.588 train_acc@5 91.434 val_loss 1.229 val_acc@1 65.400 val_acc@5 90.280
epoch 54 train_loss 1.114 train_acc@1 67.592 train_acc@5 91.498 val_loss 1.219 val_acc@1 66.020 val_acc@5 90.210
epoch 55 train_loss 1.099 train_acc@1 67.994 train_acc@5 91.738 val_loss 1.206 val_acc@1 66.260 val_acc@5 90.210
epoch 56 train_loss 1.089 train_acc@1 68.396 train_acc@5 91.810 val_loss 1.218 val_acc@1 65.720 val_acc@5 90.120
epoch 57 train_loss 1.090 train_acc@1 67.922 train_acc@5 91.940 val_loss 1.236 val_acc@1 65.810 val_acc@5 89.630
epoch 58 train_loss 1.077 train_acc@1 68.710 train_acc@5 91.950 val_loss 1.198 val_acc@1 66.720 val_acc@5 90.790
epoch 59 train_loss 1.061 train_acc@1 68.980 train_acc@5 92.122 val_loss 1.187 val_acc@1 66.680 val_acc@5 90.570
epoch 60 train_loss 1.061 train_acc@1 68.876 train_acc@5 92.178 val_loss 1.222 val_acc@1 66.250 val_acc@5 90.530
epoch 61 train_loss 1.056 train_acc@1 69.396 train_acc@5 92.060 val_loss 1.174 val_acc@1 67.320 val_acc@5 90.510
epoch 62 train_loss 1.041 train_acc@1 69.354 train_acc@5 92.542 val_loss 1.167 val_acc@1 67.120 val_acc@5 90.990
epoch 63 train_loss 1.031 train_acc@1 69.898 train_acc@5 92.410 val_loss 1.204 val_acc@1 66.860 val_acc@5 90.440
epoch 64 train_loss 1.036 train_acc@1 69.652 train_acc@5 92.562 val_loss 1.206 val_acc@1 66.070 val_acc@5 89.970
epoch 65 train_loss 1.024 train_acc@1 70.020 train_acc@5 92.580 val_loss 1.212 val_acc@1 66.870 val_acc@5 90.420
epoch 66 train_loss 1.010 train_acc@1 70.154 train_acc@5 92.898 val_loss 1.190 val_acc@1 67.070 val_acc@5 91.140
epoch 67 train_loss 1.005 train_acc@1 70.508 train_acc@5 92.866 val_loss 1.197 val_acc@1 66.890 val_acc@5 90.760
epoch 68 train_loss 0.996 train_acc@1 70.710 train_acc@5 93.014 val_loss 1.203 val_acc@1 67.120 val_acc@5 90.630
epoch 69 train_loss 0.995 train_acc@1 70.714 train_acc@5 92.968 val_loss 1.201 val_acc@1 67.500 val_acc@5 90.810
epoch 70 train_loss 0.983 train_acc@1 70.958 train_acc@5 93.014 val_loss 1.189 val_acc@1 67.380 val_acc@5 91.060
epoch 71 train_loss 0.978 train_acc@1 70.980 train_acc@5 93.154 val_loss 1.198 val_acc@1 67.240 val_acc@5 90.470
epoch 72 train_loss 0.971 train_acc@1 71.176 train_acc@5 93.228 val_loss 1.203 val_acc@1 67.230 val_acc@5 90.710
epoch 73 train_loss 0.967 train_acc@1 71.200 train_acc@5 93.346 val_loss 1.204 val_acc@1 67.300 val_acc@5 90.980
epoch 74 train_loss 0.950 train_acc@1 71.938 train_acc@5 93.416 val_loss 1.181 val_acc@1 67.640 val_acc@5 91.230
epoch 75 train_loss 0.956 train_acc@1 71.702 train_acc@5 93.464 val_loss 1.195 val_acc@1 67.580 val_acc@5 90.820
epoch 76 train_loss 0.947 train_acc@1 72.016 train_acc@5 93.496 val_loss 1.196 val_acc@1 67.580 val_acc@5 90.720
epoch 77 train_loss 0.934 train_acc@1 72.374 train_acc@5 93.778 val_loss 1.201 val_acc@1 67.230 val_acc@5 91.270
epoch 78 train_loss 0.930 train_acc@1 72.392 train_acc@5 93.644 val_loss 1.200 val_acc@1 67.980 val_acc@5 90.440
epoch 79 train_loss 0.928 train_acc@1 72.256 train_acc@5 93.692 val_loss 1.174 val_acc@1 68.370 val_acc@5 91.360
epoch 80 train_loss 0.927 train_acc@1 72.398 train_acc@5 93.886 val_loss 1.220 val_acc@1 67.120 val_acc@5 90.470
epoch 81 train_loss 0.926 train_acc@1 72.400 train_acc@5 93.774 val_loss 1.189 val_acc@1 67.930 val_acc@5 91.030
epoch 82 train_loss 0.911 train_acc@1 72.876 train_acc@5 94.116 val_loss 1.203 val_acc@1 67.850 val_acc@5 91.280
epoch 83 train_loss 0.915 train_acc@1 72.742 train_acc@5 93.842 val_loss 1.213 val_acc@1 67.670 val_acc@5 90.600
epoch 84 train_loss 0.903 train_acc@1 73.262 train_acc@5 94.070 val_loss 1.185 val_acc@1 67.940 val_acc@5 90.890
epoch 85 train_loss 0.896 train_acc@1 73.164 train_acc@5 94.020 val_loss 1.223 val_acc@1 67.620 val_acc@5 91.030
epoch 86 train_loss 0.899 train_acc@1 73.370 train_acc@5 94.106 val_loss 1.182 val_acc@1 68.700 val_acc@5 91.030
epoch 87 train_loss 0.892 train_acc@1 73.318 train_acc@5 94.112 val_loss 1.180 val_acc@1 68.900 val_acc@5 91.170
epoch 88 train_loss 0.885 train_acc@1 73.544 train_acc@5 94.192 val_loss 1.238 val_acc@1 67.200 val_acc@5 90.550
epoch 89 train_loss 0.881 train_acc@1 73.710 train_acc@5 94.372 val_loss 1.197 val_acc@1 68.150 val_acc@5 90.780
epoch 90 train_loss 0.869 train_acc@1 74.206 train_acc@5 94.264 val_loss 1.166 val_acc@1 68.590 val_acc@5 91.170
epoch 91 train_loss 0.866 train_acc@1 74.332 train_acc@5 94.362 val_loss 1.172 val_acc@1 69.280 val_acc@5 91.400
epoch 92 train_loss 0.863 train_acc@1 74.324 train_acc@5 94.504 val_loss 1.196 val_acc@1 68.720 val_acc@5 91.010
epoch 93 train_loss 0.870 train_acc@1 74.104 train_acc@5 94.272 val_loss 1.205 val_acc@1 68.610 val_acc@5 91.030
epoch 94 train_loss 0.852 train_acc@1 74.448 train_acc@5 94.650 val_loss 1.180 val_acc@1 68.290 val_acc@5 91.080
epoch 95 train_loss 0.857 train_acc@1 74.344 train_acc@5 94.606 val_loss 1.188 val_acc@1 68.360 val_acc@5 91.020
epoch 96 train_loss 0.850 train_acc@1 74.522 train_acc@5 94.626 val_loss 1.153 val_acc@1 69.420 val_acc@5 91.300
epoch 97 train_loss 0.845 train_acc@1 74.604 train_acc@5 94.670 val_loss 1.179 val_acc@1 68.690 val_acc@5 91.590
epoch 98 train_loss 0.841 train_acc@1 74.726 train_acc@5 94.718 val_loss 1.184 val_acc@1 68.590 val_acc@5 91.240
epoch 99 train_loss 0.830 train_acc@1 75.224 train_acc@5 94.620 val_loss 1.196 val_acc@1 68.860 val_acc@5 91.450
epoch 100 train_loss 0.828 train_acc@1 75.210 train_acc@5 94.758 val_loss 1.194 val_acc@1 68.540 val_acc@5 91.540
epoch 101 train_loss 0.829 train_acc@1 75.336 train_acc@5 94.828 val_loss 1.171 val_acc@1 69.160 val_acc@5 91.270
epoch 102 train_loss 0.828 train_acc@1 75.166 train_acc@5 94.808 val_loss 1.220 val_acc@1 68.060 val_acc@5 91.190
epoch 103 train_loss 0.814 train_acc@1 75.578 train_acc@5 94.892 val_loss 1.166 val_acc@1 68.660 val_acc@5 91.530
epoch 104 train_loss 0.815 train_acc@1 75.458 train_acc@5 95.008 val_loss 1.186 val_acc@1 69.260 val_acc@5 91.360
epoch 105 train_loss 0.819 train_acc@1 75.458 train_acc@5 94.970 val_loss 1.213 val_acc@1 68.360 val_acc@5 90.710
epoch 106 train_loss 0.806 train_acc@1 75.516 train_acc@5 95.174 val_loss 1.180 val_acc@1 69.190 val_acc@5 91.380
epoch 107 train_loss 0.807 train_acc@1 75.472 train_acc@5 95.116 val_loss 1.216 val_acc@1 68.260 val_acc@5 90.780
epoch 108 train_loss 0.804 train_acc@1 75.866 train_acc@5 95.060 val_loss 1.187 val_acc@1 68.970 val_acc@5 91.370
epoch 109 train_loss 0.789 train_acc@1 76.470 train_acc@5 95.278 val_loss 1.167 val_acc@1 69.880 val_acc@5 91.460
epoch 110 train_loss 0.800 train_acc@1 75.964 train_acc@5 95.068 val_loss 1.198 val_acc@1 68.640 val_acc@5 91.010
epoch 111 train_loss 0.796 train_acc@1 75.884 train_acc@5 95.298 val_loss 1.197 val_acc@1 69.510 val_acc@5 91.260
epoch 112 train_loss 0.787 train_acc@1 76.248 train_acc@5 95.280 val_loss 1.203 val_acc@1 69.110 val_acc@5 91.120
epoch 113 train_loss 0.787 train_acc@1 76.112 train_acc@5 95.340 val_loss 1.206 val_acc@1 69.220 val_acc@5 91.410
epoch 114 train_loss 0.790 train_acc@1 76.166 train_acc@5 95.214 val_loss 1.188 val_acc@1 68.850 val_acc@5 91.480
epoch 115 train_loss 0.781 train_acc@1 76.354 train_acc@5 95.384 val_loss 1.189 val_acc@1 68.890 val_acc@5 91.410
epoch 116 train_loss 0.776 train_acc@1 76.556 train_acc@5 95.428 val_loss 1.162 val_acc@1 69.370 val_acc@5 91.370
epoch 117 train_loss 0.770 train_acc@1 76.852 train_acc@5 95.342 val_loss 1.184 val_acc@1 69.140 val_acc@5 91.220
epoch 118 train_loss 0.762 train_acc@1 76.856 train_acc@5 95.426 val_loss 1.211 val_acc@1 68.900 val_acc@5 91.130
epoch 119 train_loss 0.772 train_acc@1 76.786 train_acc@5 95.510 val_loss 1.234 val_acc@1 68.880 val_acc@5 91.060
epoch 120 train_loss 0.768 train_acc@1 76.790 train_acc@5 95.450 val_loss 1.199 val_acc@1 69.090 val_acc@5 91.370
epoch 121 train_loss 0.764 train_acc@1 76.992 train_acc@5 95.462 val_loss 1.191 val_acc@1 69.120 val_acc@5 91.370
epoch 122 train_loss 0.763 train_acc@1 76.826 train_acc@5 95.434 val_loss 1.177 val_acc@1 69.260 val_acc@5 91.300
epoch 123 train_loss 0.745 train_acc@1 77.236 train_acc@5 95.726 val_loss 1.229 val_acc@1 68.950 val_acc@5 91.100
epoch 124 train_loss 0.750 train_acc@1 77.228 train_acc@5 95.554 val_loss 1.200 val_acc@1 69.240 val_acc@5 91.290
epoch 125 train_loss 0.746 train_acc@1 77.230 train_acc@5 95.584 val_loss 1.196 val_acc@1 69.650 val_acc@5 91.620
epoch 126 train_loss 0.747 train_acc@1 77.168 train_acc@5 95.604 val_loss 1.188 val_acc@1 69.480 val_acc@5 91.620
epoch 127 train_loss 0.749 train_acc@1 77.302 train_acc@5 95.732 val_loss 1.183 val_acc@1 69.490 val_acc@5 91.650
epoch 128 train_loss 0.738 train_acc@1 77.502 train_acc@5 95.818 val_loss 1.196 val_acc@1 69.360 val_acc@5 91.490
epoch 129 train_loss 0.736 train_acc@1 77.610 train_acc@5 95.784 val_loss 1.211 val_acc@1 69.050 val_acc@5 91.410
epoch 130 train_loss 0.728 train_acc@1 77.934 train_acc@5 95.756 val_loss 1.238 val_acc@1 68.910 val_acc@5 91.380
epoch 131 train_loss 0.721 train_acc@1 78.020 train_acc@5 96.018 val_loss 1.224 val_acc@1 68.990 val_acc@5 91.210
epoch 132 train_loss 0.725 train_acc@1 77.830 train_acc@5 95.996 val_loss 1.247 val_acc@1 68.580 val_acc@5 91.000
epoch 133 train_loss 0.725 train_acc@1 78.078 train_acc@5 95.816 val_loss 1.194 val_acc@1 69.420 val_acc@5 91.020
epoch 134 train_loss 0.721 train_acc@1 77.974 train_acc@5 95.900 val_loss 1.241 val_acc@1 68.920 val_acc@5 91.250
epoch 135 train_loss 0.718 train_acc@1 78.028 train_acc@5 95.932 val_loss 1.212 val_acc@1 69.280 val_acc@5 91.290
epoch 136 train_loss 0.720 train_acc@1 78.176 train_acc@5 95.886 val_loss 1.201 val_acc@1 69.950 val_acc@5 91.140
epoch 137 train_loss 0.717 train_acc@1 78.018 train_acc@5 95.850 val_loss 1.183 val_acc@1 69.280 val_acc@5 91.670
epoch 138 train_loss 0.720 train_acc@1 78.088 train_acc@5 95.986 val_loss 1.222 val_acc@1 68.690 val_acc@5 90.950
epoch 139 train_loss 0.711 train_acc@1 78.364 train_acc@5 95.990 val_loss 1.237 val_acc@1 69.090 val_acc@5 91.380
epoch 140 train_loss 0.700 train_acc@1 78.496 train_acc@5 96.146 val_loss 1.188 val_acc@1 69.340 val_acc@5 91.460
epoch 141 train_loss 0.707 train_acc@1 78.546 train_acc@5 96.026 val_loss 1.196 val_acc@1 69.620 val_acc@5 91.550
epoch 142 train_loss 0.711 train_acc@1 78.462 train_acc@5 95.956 val_loss 1.206 val_acc@1 69.420 val_acc@5 91.650
epoch 143 train_loss 0.699 train_acc@1 78.714 train_acc@5 96.124 val_loss 1.259 val_acc@1 68.850 val_acc@5 90.860
epoch 144 train_loss 0.706 train_acc@1 78.518 train_acc@5 96.148 val_loss 1.194 val_acc@1 69.840 val_acc@5 91.410
epoch 145 train_loss 0.691 train_acc@1 78.924 train_acc@5 96.004 val_loss 1.176 val_acc@1 69.950 val_acc@5 91.580
epoch 146 train_loss 0.688 train_acc@1 79.034 train_acc@5 96.268 val_loss 1.197 val_acc@1 69.900 val_acc@5 91.430
epoch 147 train_loss 0.687 train_acc@1 78.816 train_acc@5 96.242 val_loss 1.248 val_acc@1 69.090 val_acc@5 90.850
epoch 148 train_loss 0.690 train_acc@1 79.096 train_acc@5 96.092 val_loss 1.221 val_acc@1 69.750 val_acc@5 91.550
epoch 149 train_loss 0.695 train_acc@1 78.800 train_acc@5 96.138 val_loss 1.222 val_acc@1 69.250 val_acc@5 91.060
epoch 150 train_loss 0.681 train_acc@1 79.422 train_acc@5 96.242 val_loss 1.228 val_acc@1 69.210 val_acc@5 91.150
epoch 151 train_loss 0.679 train_acc@1 79.244 train_acc@5 96.378 val_loss 1.235 val_acc@1 69.010 val_acc@5 91.390
epoch 152 train_loss 0.677 train_acc@1 79.620 train_acc@5 96.194 val_loss 1.185 val_acc@1 70.150 val_acc@5 91.570
epoch 153 train_loss 0.665 train_acc@1 79.656 train_acc@5 96.346 val_loss 1.234 val_acc@1 69.630 val_acc@5 91.260
epoch 154 train_loss 0.675 train_acc@1 79.420 train_acc@5 96.244 val_loss 1.205 val_acc@1 69.490 val_acc@5 91.670
epoch 155 train_loss 0.677 train_acc@1 79.370 train_acc@5 96.278 val_loss 1.258 val_acc@1 69.210 val_acc@5 91.140
epoch 156 train_loss 0.668 train_acc@1 79.614 train_acc@5 96.398 val_loss 1.219 val_acc@1 69.880 val_acc@5 91.560
epoch 157 train_loss 0.661 train_acc@1 79.840 train_acc@5 96.580 val_loss 1.212 val_acc@1 69.500 val_acc@5 91.700
epoch 158 train_loss 0.665 train_acc@1 79.648 train_acc@5 96.500 val_loss 1.209 val_acc@1 70.000 val_acc@5 91.400
epoch 159 train_loss 0.665 train_acc@1 79.582 train_acc@5 96.492 val_loss 1.232 val_acc@1 69.550 val_acc@5 91.380
epoch 160 train_loss 0.664 train_acc@1 79.800 train_acc@5 96.526 val_loss 1.209 val_acc@1 70.200 val_acc@5 91.110
epoch 161 train_loss 0.651 train_acc@1 79.980 train_acc@5 96.586 val_loss 1.205 val_acc@1 69.760 val_acc@5 91.750
epoch 162 train_loss 0.654 train_acc@1 80.126 train_acc@5 96.584 val_loss 1.220 val_acc@1 69.680 val_acc@5 91.650
epoch 163 train_loss 0.647 train_acc@1 80.058 train_acc@5 96.576 val_loss 1.229 val_acc@1 69.620 val_acc@5 91.040
epoch 164 train_loss 0.656 train_acc@1 79.974 train_acc@5 96.428 val_loss 1.222 val_acc@1 69.800 val_acc@5 91.050
epoch 165 train_loss 0.641 train_acc@1 80.196 train_acc@5 96.584 val_loss 1.225 val_acc@1 69.650 val_acc@5 91.350
epoch 166 train_loss 0.658 train_acc@1 80.042 train_acc@5 96.448 val_loss 1.233 val_acc@1 69.970 val_acc@5 91.270
epoch 167 train_loss 0.647 train_acc@1 80.272 train_acc@5 96.576 val_loss 1.200 val_acc@1 70.460 val_acc@5 91.330
epoch 168 train_loss 0.644 train_acc@1 80.398 train_acc@5 96.632 val_loss 1.218 val_acc@1 69.930 val_acc@5 91.420
epoch 169 train_loss 0.652 train_acc@1 80.400 train_acc@5 96.456 val_loss 1.222 val_acc@1 70.550 val_acc@5 91.500
epoch 170 train_loss 0.649 train_acc@1 80.130 train_acc@5 96.486 val_loss 1.204 val_acc@1 69.810 val_acc@5 91.590
epoch 171 train_loss 0.637 train_acc@1 80.648 train_acc@5 96.538 val_loss 1.234 val_acc@1 69.860 val_acc@5 91.320
epoch 172 train_loss 0.640 train_acc@1 80.392 train_acc@5 96.626 val_loss 1.248 val_acc@1 69.600 val_acc@5 91.300
epoch 173 train_loss 0.634 train_acc@1 80.562 train_acc@5 96.684 val_loss 1.215 val_acc@1 69.540 val_acc@5 91.400
epoch 174 train_loss 0.626 train_acc@1 80.796 train_acc@5 96.724 val_loss 1.232 val_acc@1 69.960 val_acc@5 91.210
epoch 175 train_loss 0.632 train_acc@1 80.668 train_acc@5 96.702 val_loss 1.225 val_acc@1 70.190 val_acc@5 91.340
epoch 176 train_loss 0.630 train_acc@1 80.760 train_acc@5 96.720 val_loss 1.215 val_acc@1 69.380 val_acc@5 91.140
epoch 177 train_loss 0.627 train_acc@1 80.828 train_acc@5 96.632 val_loss 1.222 val_acc@1 69.980 val_acc@5 91.180
epoch 178 train_loss 0.614 train_acc@1 81.058 train_acc@5 96.852 val_loss 1.223 val_acc@1 70.280 val_acc@5 91.700
epoch 179 train_loss 0.619 train_acc@1 81.048 train_acc@5 96.706 val_loss 1.204 val_acc@1 70.730 val_acc@5 91.600
epoch 180 train_loss 0.622 train_acc@1 80.968 train_acc@5 96.806 val_loss 1.199 val_acc@1 70.740 val_acc@5 91.440
epoch 181 train_loss 0.624 train_acc@1 80.722 train_acc@5 96.830 val_loss 1.204 val_acc@1 70.700 val_acc@5 91.500
epoch 182 train_loss 0.612 train_acc@1 81.276 train_acc@5 96.864 val_loss 1.217 val_acc@1 70.730 val_acc@5 91.740
epoch 183 train_loss 0.617 train_acc@1 81.086 train_acc@5 96.828 val_loss 1.243 val_acc@1 69.810 val_acc@5 91.330
epoch 184 train_loss 0.611 train_acc@1 81.176 train_acc@5 96.758 val_loss 1.233 val_acc@1 70.940 val_acc@5 91.710
epoch 185 train_loss 0.603 train_acc@1 81.536 train_acc@5 96.912 val_loss 1.230 val_acc@1 70.190 val_acc@5 91.640
epoch 186 train_loss 0.619 train_acc@1 81.026 train_acc@5 96.774 val_loss 1.218 val_acc@1 70.390 val_acc@5 91.590
epoch 187 train_loss 0.600 train_acc@1 81.622 train_acc@5 96.872 val_loss 1.233 val_acc@1 70.180 val_acc@5 91.510
epoch 188 train_loss 0.599 train_acc@1 81.736 train_acc@5 96.920 val_loss 1.246 val_acc@1 69.840 val_acc@5 91.460
epoch 189 train_loss 0.609 train_acc@1 81.310 train_acc@5 96.992 val_loss 1.216 val_acc@1 70.710 val_acc@5 91.620
epoch 190 train_loss 0.605 train_acc@1 81.466 train_acc@5 96.978 val_loss 1.180 val_acc@1 70.550 val_acc@5 92.020
epoch 191 train_loss 0.598 train_acc@1 81.686 train_acc@5 96.924 val_loss 1.234 val_acc@1 69.970 val_acc@5 91.790
epoch 192 train_loss 0.595 train_acc@1 81.652 train_acc@5 96.936 val_loss 1.214 val_acc@1 70.100 val_acc@5 91.420
epoch 193 train_loss 0.591 train_acc@1 81.876 train_acc@5 97.134 val_loss 1.212 val_acc@1 70.240 val_acc@5 91.400
epoch 194 train_loss 0.596 train_acc@1 81.928 train_acc@5 96.986 val_loss 1.195 val_acc@1 70.560 val_acc@5 91.830
epoch 195 train_loss 0.587 train_acc@1 81.840 train_acc@5 97.084 val_loss 1.220 val_acc@1 70.770 val_acc@5 92.010
epoch 196 train_loss 0.589 train_acc@1 82.094 train_acc@5 96.914 val_loss 1.260 val_acc@1 70.080 val_acc@5 91.370
epoch 197 train_loss 0.585 train_acc@1 81.944 train_acc@5 97.098 val_loss 1.186 val_acc@1 71.000 val_acc@5 92.070
epoch 198 train_loss 0.586 train_acc@1 82.054 train_acc@5 96.966 val_loss 1.251 val_acc@1 70.120 val_acc@5 91.540
epoch 199 train_loss 0.588 train_acc@1 81.978 train_acc@5 97.126 val_loss 1.207 val_acc@1 70.550 val_acc@5 91.740
epoch 200 train_loss 0.583 train_acc@1 81.836 train_acc@5 97.064 val_loss 1.205 val_acc@1 70.310 val_acc@5 91.600
epoch 201 train_loss 0.586 train_acc@1 82.106 train_acc@5 97.004 val_loss 1.206 val_acc@1 70.490 val_acc@5 91.800
epoch 202 train_loss 0.576 train_acc@1 82.182 train_acc@5 97.122 val_loss 1.211 val_acc@1 70.650 val_acc@5 91.860
epoch 203 train_loss 0.573 train_acc@1 82.224 train_acc@5 97.280 val_loss 1.212 val_acc@1 70.480 val_acc@5 91.930
epoch 204 train_loss 0.574 train_acc@1 82.208 train_acc@5 97.170 val_loss 1.218 val_acc@1 70.450 val_acc@5 91.810
epoch 205 train_loss 0.569 train_acc@1 82.498 train_acc@5 97.208 val_loss 1.230 val_acc@1 70.610 val_acc@5 91.660
epoch 206 train_loss 0.565 train_acc@1 82.684 train_acc@5 97.234 val_loss 1.193 val_acc@1 70.630 val_acc@5 92.190
epoch 207 train_loss 0.579 train_acc@1 82.004 train_acc@5 97.174 val_loss 1.214 val_acc@1 70.440 val_acc@5 91.680
epoch 208 train_loss 0.563 train_acc@1 82.760 train_acc@5 97.246 val_loss 1.223 val_acc@1 70.860 val_acc@5 91.650
epoch 209 train_loss 0.569 train_acc@1 82.568 train_acc@5 97.080 val_loss 1.213 val_acc@1 70.340 val_acc@5 91.790
epoch 210 train_loss 0.567 train_acc@1 82.474 train_acc@5 97.164 val_loss 1.257 val_acc@1 69.880 val_acc@5 91.750
epoch 211 train_loss 0.559 train_acc@1 82.980 train_acc@5 97.298 val_loss 1.205 val_acc@1 70.660 val_acc@5 91.920
epoch 212 train_loss 0.564 train_acc@1 82.654 train_acc@5 97.212 val_loss 1.224 val_acc@1 70.700 val_acc@5 91.810
epoch 213 train_loss 0.561 train_acc@1 82.738 train_acc@5 97.266 val_loss 1.251 val_acc@1 70.210 val_acc@5 91.410
epoch 214 train_loss 0.570 train_acc@1 82.438 train_acc@5 97.128 val_loss 1.211 val_acc@1 70.920 val_acc@5 91.860
epoch 215 train_loss 0.557 train_acc@1 83.032 train_acc@5 97.216 val_loss 1.208 val_acc@1 70.800 val_acc@5 92.050
epoch 216 train_loss 0.558 train_acc@1 82.822 train_acc@5 97.364 val_loss 1.278 val_acc@1 70.120 val_acc@5 91.660
epoch 217 train_loss 0.567 train_acc@1 82.618 train_acc@5 97.182 val_loss 1.243 val_acc@1 70.910 val_acc@5 91.650
epoch 218 train_loss 0.553 train_acc@1 82.794 train_acc@5 97.290 val_loss 1.222 val_acc@1 70.860 val_acc@5 91.650
epoch 219 train_loss 0.544 train_acc@1 83.406 train_acc@5 97.404 val_loss 1.224 val_acc@1 71.010 val_acc@5 91.560
epoch 220 train_loss 0.544 train_acc@1 83.306 train_acc@5 97.330 val_loss 1.224 val_acc@1 70.660 val_acc@5 91.840
epoch 221 train_loss 0.547 train_acc@1 83.224 train_acc@5 97.430 val_loss 1.238 val_acc@1 69.950 val_acc@5 91.700
epoch 222 train_loss 0.549 train_acc@1 83.104 train_acc@5 97.348 val_loss 1.241 val_acc@1 70.940 val_acc@5 91.640
epoch 223 train_loss 0.538 train_acc@1 83.372 train_acc@5 97.470 val_loss 1.215 val_acc@1 70.980 val_acc@5 91.440
epoch 224 train_loss 0.535 train_acc@1 83.716 train_acc@5 97.400 val_loss 1.232 val_acc@1 71.020 val_acc@5 91.700
epoch 225 train_loss 0.541 train_acc@1 83.322 train_acc@5 97.412 val_loss 1.250 val_acc@1 70.360 val_acc@5 91.830
epoch 226 train_loss 0.533 train_acc@1 83.650 train_acc@5 97.484 val_loss 1.239 val_acc@1 70.420 val_acc@5 91.780
epoch 227 train_loss 0.537 train_acc@1 83.500 train_acc@5 97.442 val_loss 1.240 val_acc@1 70.630 val_acc@5 91.790
epoch 228 train_loss 0.534 train_acc@1 83.504 train_acc@5 97.444 val_loss 1.240 val_acc@1 71.040 val_acc@5 92.010
epoch 229 train_loss 0.536 train_acc@1 83.606 train_acc@5 97.378 val_loss 1.204 val_acc@1 71.120 val_acc@5 91.560
epoch 230 train_loss 0.534 train_acc@1 83.564 train_acc@5 97.466 val_loss 1.236 val_acc@1 71.010 val_acc@5 91.520
epoch 231 train_loss 0.530 train_acc@1 83.830 train_acc@5 97.426 val_loss 1.193 val_acc@1 71.400 val_acc@5 91.990
epoch 232 train_loss 0.530 train_acc@1 83.826 train_acc@5 97.374 val_loss 1.234 val_acc@1 71.340 val_acc@5 91.600
epoch 233 train_loss 0.530 train_acc@1 83.590 train_acc@5 97.478 val_loss 1.227 val_acc@1 71.040 val_acc@5 91.950
epoch 234 train_loss 0.529 train_acc@1 83.852 train_acc@5 97.426 val_loss 1.224 val_acc@1 71.280 val_acc@5 91.660
epoch 235 train_loss 0.523 train_acc@1 83.722 train_acc@5 97.542 val_loss 1.232 val_acc@1 71.300 val_acc@5 91.930
epoch 236 train_loss 0.519 train_acc@1 84.068 train_acc@5 97.550 val_loss 1.268 val_acc@1 70.460 val_acc@5 91.680
epoch 237 train_loss 0.519 train_acc@1 83.912 train_acc@5 97.550 val_loss 1.224 val_acc@1 71.250 val_acc@5 91.670
epoch 238 train_loss 0.527 train_acc@1 83.802 train_acc@5 97.440 val_loss 1.236 val_acc@1 70.280 val_acc@5 91.440
epoch 239 train_loss 0.515 train_acc@1 83.920 train_acc@5 97.586 val_loss 1.228 val_acc@1 71.310 val_acc@5 91.800
epoch 240 train_loss 0.517 train_acc@1 84.048 train_acc@5 97.538 val_loss 1.233 val_acc@1 70.950 val_acc@5 91.550
epoch 241 train_loss 0.521 train_acc@1 83.928 train_acc@5 97.506 val_loss 1.227 val_acc@1 71.460 val_acc@5 91.610
epoch 242 train_loss 0.509 train_acc@1 84.286 train_acc@5 97.674 val_loss 1.219 val_acc@1 70.940 val_acc@5 91.770
epoch 243 train_loss 0.511 train_acc@1 84.404 train_acc@5 97.548 val_loss 1.252 val_acc@1 70.940 val_acc@5 92.110
epoch 244 train_loss 0.519 train_acc@1 84.104 train_acc@5 97.478 val_loss 1.240 val_acc@1 70.980 val_acc@5 91.830
epoch 245 train_loss 0.512 train_acc@1 84.224 train_acc@5 97.480 val_loss 1.249 val_acc@1 70.620 val_acc@5 91.190
epoch 246 train_loss 0.501 train_acc@1 84.524 train_acc@5 97.698 val_loss 1.245 val_acc@1 71.020 val_acc@5 91.890
epoch 247 train_loss 0.516 train_acc@1 84.008 train_acc@5 97.578 val_loss 1.258 val_acc@1 70.730 val_acc@5 91.960
epoch 248 train_loss 0.496 train_acc@1 84.818 train_acc@5 97.796 val_loss 1.242 val_acc@1 71.040 val_acc@5 91.830
epoch 249 train_loss 0.498 train_acc@1 84.762 train_acc@5 97.692 val_loss 1.256 val_acc@1 71.330 val_acc@5 91.710
epoch 250 train_loss 0.490 train_acc@1 84.916 train_acc@5 97.600 val_loss 1.228 val_acc@1 71.080 val_acc@5 91.860
epoch 251 train_loss 0.499 train_acc@1 84.572 train_acc@5 97.678 val_loss 1.232 val_acc@1 71.170 val_acc@5 91.960
epoch 252 train_loss 0.495 train_acc@1 84.724 train_acc@5 97.720 val_loss 1.251 val_acc@1 70.850 val_acc@5 91.580
epoch 253 train_loss 0.496 train_acc@1 84.684 train_acc@5 97.750 val_loss 1.249 val_acc@1 70.900 val_acc@5 91.750
epoch 254 train_loss 0.493 train_acc@1 84.784 train_acc@5 97.712 val_loss 1.257 val_acc@1 71.050 val_acc@5 91.870
epoch 255 train_loss 0.498 train_acc@1 84.692 train_acc@5 97.622 val_loss 1.215 val_acc@1 71.220 val_acc@5 92.010
epoch 256 train_loss 0.488 train_acc@1 84.860 train_acc@5 97.686 val_loss 1.244 val_acc@1 70.970 val_acc@5 91.750
epoch 257 train_loss 0.491 train_acc@1 84.800 train_acc@5 97.756 val_loss 1.243 val_acc@1 71.130 val_acc@5 91.760
epoch 258 train_loss 0.486 train_acc@1 84.948 train_acc@5 97.786 val_loss 1.226 val_acc@1 71.450 val_acc@5 91.820
epoch 259 train_loss 0.495 train_acc@1 84.888 train_acc@5 97.692 val_loss 1.242 val_acc@1 70.970 val_acc@5 92.010
epoch 260 train_loss 0.495 train_acc@1 84.918 train_acc@5 97.656 val_loss 1.244 val_acc@1 71.230 val_acc@5 91.890
epoch 261 train_loss 0.485 train_acc@1 85.080 train_acc@5 97.834 val_loss 1.268 val_acc@1 70.850 val_acc@5 91.710
epoch 262 train_loss 0.479 train_acc@1 85.290 train_acc@5 97.794 val_loss 1.239 val_acc@1 70.980 val_acc@5 91.790
epoch 263 train_loss 0.486 train_acc@1 84.994 train_acc@5 97.798 val_loss 1.240 val_acc@1 70.860 val_acc@5 91.610
epoch 264 train_loss 0.479 train_acc@1 85.158 train_acc@5 97.754 val_loss 1.245 val_acc@1 71.060 val_acc@5 91.840
epoch 265 train_loss 0.478 train_acc@1 85.404 train_acc@5 97.802 val_loss 1.262 val_acc@1 71.020 val_acc@5 91.930
epoch 266 train_loss 0.481 train_acc@1 85.320 train_acc@5 97.728 val_loss 1.215 val_acc@1 71.310 val_acc@5 92.040
epoch 267 train_loss 0.473 train_acc@1 85.384 train_acc@5 97.858 val_loss 1.254 val_acc@1 71.580 val_acc@5 91.760
epoch 268 train_loss 0.475 train_acc@1 85.458 train_acc@5 97.748 val_loss 1.230 val_acc@1 71.440 val_acc@5 91.970
epoch 269 train_loss 0.469 train_acc@1 85.582 train_acc@5 97.828 val_loss 1.243 val_acc@1 71.170 val_acc@5 91.650
epoch 270 train_loss 0.468 train_acc@1 85.560 train_acc@5 97.892 val_loss 1.258 val_acc@1 70.980 val_acc@5 91.860
epoch 271 train_loss 0.469 train_acc@1 85.764 train_acc@5 97.828 val_loss 1.246 val_acc@1 71.050 val_acc@5 91.610
epoch 272 train_loss 0.466 train_acc@1 85.768 train_acc@5 97.914 val_loss 1.265 val_acc@1 71.040 val_acc@5 91.750
epoch 273 train_loss 0.459 train_acc@1 86.038 train_acc@5 98.018 val_loss 1.260 val_acc@1 71.380 val_acc@5 91.660
epoch 274 train_loss 0.468 train_acc@1 85.658 train_acc@5 97.836 val_loss 1.257 val_acc@1 71.090 val_acc@5 91.930
epoch 275 train_loss 0.465 train_acc@1 85.638 train_acc@5 97.918 val_loss 1.252 val_acc@1 71.220 val_acc@5 91.710
epoch 276 train_loss 0.450 train_acc@1 86.104 train_acc@5 98.056 val_loss 1.272 val_acc@1 71.150 val_acc@5 91.610
epoch 277 train_loss 0.454 train_acc@1 85.974 train_acc@5 97.956 val_loss 1.294 val_acc@1 70.690 val_acc@5 91.920
epoch 278 train_loss 0.454 train_acc@1 86.060 train_acc@5 98.006 val_loss 1.257 val_acc@1 71.140 val_acc@5 91.900
epoch 279 train_loss 0.457 train_acc@1 85.788 train_acc@5 97.930 val_loss 1.284 val_acc@1 70.580 val_acc@5 91.640
epoch 280 train_loss 0.454 train_acc@1 85.816 train_acc@5 97.932 val_loss 1.265 val_acc@1 71.390 val_acc@5 91.900
epoch 281 train_loss 0.453 train_acc@1 86.030 train_acc@5 97.976 val_loss 1.243 val_acc@1 71.560 val_acc@5 91.730
epoch 282 train_loss 0.460 train_acc@1 85.866 train_acc@5 97.862 val_loss 1.295 val_acc@1 71.230 val_acc@5 91.790
epoch 283 train_loss 0.455 train_acc@1 86.022 train_acc@5 97.946 val_loss 1.268 val_acc@1 71.470 val_acc@5 91.980
epoch 284 train_loss 0.451 train_acc@1 86.062 train_acc@5 97.958 val_loss 1.271 val_acc@1 71.180 val_acc@5 92.010
epoch 285 train_loss 0.450 train_acc@1 86.176 train_acc@5 97.974 val_loss 1.283 val_acc@1 70.990 val_acc@5 91.860
epoch 286 train_loss 0.450 train_acc@1 86.240 train_acc@5 97.954 val_loss 1.269 val_acc@1 71.440 val_acc@5 91.890
epoch 287 train_loss 0.441 train_acc@1 86.264 train_acc@5 98.068 val_loss 1.261 val_acc@1 71.200 val_acc@5 91.730
epoch 288 train_loss 0.448 train_acc@1 86.120 train_acc@5 98.018 val_loss 1.268 val_acc@1 71.090 val_acc@5 91.800
epoch 289 train_loss 0.439 train_acc@1 86.444 train_acc@5 98.054 val_loss 1.259 val_acc@1 71.580 val_acc@5 91.780
epoch 290 train_loss 0.436 train_acc@1 86.614 train_acc@5 98.122 val_loss 1.266 val_acc@1 71.860 val_acc@5 91.790
epoch 291 train_loss 0.432 train_acc@1 86.682 train_acc@5 98.040 val_loss 1.306 val_acc@1 71.250 val_acc@5 91.790
epoch 292 train_loss 0.436 train_acc@1 86.492 train_acc@5 98.040 val_loss 1.268 val_acc@1 71.540 val_acc@5 91.910
epoch 293 train_loss 0.434 train_acc@1 86.676 train_acc@5 98.108 val_loss 1.285 val_acc@1 71.660 val_acc@5 92.000
epoch 294 train_loss 0.429 train_acc@1 86.920 train_acc@5 98.144 val_loss 1.277 val_acc@1 71.540 val_acc@5 91.790
epoch 295 train_loss 0.429 train_acc@1 86.824 train_acc@5 98.104 val_loss 1.299 val_acc@1 71.150 val_acc@5 91.840
epoch 296 train_loss 0.432 train_acc@1 86.642 train_acc@5 98.074 val_loss 1.250 val_acc@1 71.560 val_acc@5 91.970
epoch 297 train_loss 0.432 train_acc@1 86.828 train_acc@5 98.036 val_loss 1.263 val_acc@1 71.410 val_acc@5 91.820
epoch 298 train_loss 0.425 train_acc@1 86.918 train_acc@5 98.206 val_loss 1.296 val_acc@1 70.890 val_acc@5 91.680
epoch 299 train_loss 0.427 train_acc@1 86.854 train_acc@5 98.112 val_loss 1.279 val_acc@1 71.100 val_acc@5 91.880
epoch 300 train_loss 0.433 train_acc@1 86.530 train_acc@5 98.104 val_loss 1.288 val_acc@1 71.390 val_acc@5 91.590
epoch 301 train_loss 0.422 train_acc@1 86.924 train_acc@5 98.176 val_loss 1.267 val_acc@1 71.510 val_acc@5 91.890
epoch 302 train_loss 0.427 train_acc@1 86.958 train_acc@5 98.004 val_loss 1.262 val_acc@1 71.030 val_acc@5 91.890
epoch 303 train_loss 0.425 train_acc@1 86.970 train_acc@5 98.096 val_loss 1.273 val_acc@1 71.710 val_acc@5 91.820
epoch 304 train_loss 0.420 train_acc@1 87.108 train_acc@5 98.168 val_loss 1.271 val_acc@1 71.620 val_acc@5 92.090
epoch 305 train_loss 0.409 train_acc@1 87.522 train_acc@5 98.204 val_loss 1.272 val_acc@1 71.300 val_acc@5 91.980
epoch 306 train_loss 0.417 train_acc@1 87.246 train_acc@5 98.162 val_loss 1.268 val_acc@1 71.890 val_acc@5 91.870
epoch 307 train_loss 0.403 train_acc@1 87.738 train_acc@5 98.284 val_loss 1.267 val_acc@1 71.450 val_acc@5 92.230
epoch 308 train_loss 0.411 train_acc@1 87.286 train_acc@5 98.292 val_loss 1.300 val_acc@1 71.480 val_acc@5 91.790
epoch 309 train_loss 0.410 train_acc@1 87.492 train_acc@5 98.222 val_loss 1.285 val_acc@1 71.330 val_acc@5 92.010
epoch 310 train_loss 0.406 train_acc@1 87.458 train_acc@5 98.336 val_loss 1.299 val_acc@1 70.990 val_acc@5 91.780
epoch 311 train_loss 0.407 train_acc@1 87.342 train_acc@5 98.280 val_loss 1.292 val_acc@1 71.470 val_acc@5 91.680
epoch 312 train_loss 0.405 train_acc@1 87.402 train_acc@5 98.250 val_loss 1.267 val_acc@1 71.920 val_acc@5 92.000
epoch 313 train_loss 0.403 train_acc@1 87.600 train_acc@5 98.324 val_loss 1.286 val_acc@1 71.560 val_acc@5 92.020
epoch 314 train_loss 0.403 train_acc@1 87.612 train_acc@5 98.146 val_loss 1.286 val_acc@1 71.580 val_acc@5 91.790
epoch 315 train_loss 0.398 train_acc@1 87.878 train_acc@5 98.322 val_loss 1.262 val_acc@1 71.530 val_acc@5 91.970
epoch 316 train_loss 0.399 train_acc@1 87.840 train_acc@5 98.328 val_loss 1.286 val_acc@1 71.090 val_acc@5 92.040
epoch 317 train_loss 0.399 train_acc@1 87.786 train_acc@5 98.268 val_loss 1.326 val_acc@1 71.550 val_acc@5 91.840
epoch 318 train_loss 0.393 train_acc@1 87.900 train_acc@5 98.250 val_loss 1.280 val_acc@1 71.440 val_acc@5 91.690
epoch 319 train_loss 0.390 train_acc@1 88.040 train_acc@5 98.382 val_loss 1.297 val_acc@1 71.320 val_acc@5 91.780
epoch 320 train_loss 0.386 train_acc@1 88.000 train_acc@5 98.472 val_loss 1.260 val_acc@1 71.740 val_acc@5 92.230
epoch 321 train_loss 0.384 train_acc@1 88.226 train_acc@5 98.382 val_loss 1.286 val_acc@1 71.550 val_acc@5 91.890
epoch 322 train_loss 0.382 train_acc@1 88.126 train_acc@5 98.456 val_loss 1.270 val_acc@1 71.920 val_acc@5 92.470
epoch 323 train_loss 0.389 train_acc@1 88.082 train_acc@5 98.344 val_loss 1.268 val_acc@1 71.790 val_acc@5 92.090
epoch 324 train_loss 0.383 train_acc@1 88.320 train_acc@5 98.314 val_loss 1.272 val_acc@1 71.910 val_acc@5 91.940
epoch 325 train_loss 0.383 train_acc@1 88.160 train_acc@5 98.476 val_loss 1.262 val_acc@1 71.900 val_acc@5 92.020
epoch 326 train_loss 0.382 train_acc@1 88.306 train_acc@5 98.346 val_loss 1.284 val_acc@1 71.670 val_acc@5 92.080
epoch 327 train_loss 0.378 train_acc@1 88.352 train_acc@5 98.440 val_loss 1.281 val_acc@1 71.860 val_acc@5 91.960
epoch 328 train_loss 0.380 train_acc@1 88.268 train_acc@5 98.366 val_loss 1.283 val_acc@1 71.840 val_acc@5 91.910
epoch 329 train_loss 0.372 train_acc@1 88.568 train_acc@5 98.400 val_loss 1.275 val_acc@1 71.890 val_acc@5 92.160
epoch 330 train_loss 0.368 train_acc@1 88.652 train_acc@5 98.506 val_loss 1.287 val_acc@1 71.680 val_acc@5 91.730
epoch 331 train_loss 0.371 train_acc@1 88.648 train_acc@5 98.396 val_loss 1.294 val_acc@1 71.370 val_acc@5 92.020
epoch 332 train_loss 0.371 train_acc@1 88.580 train_acc@5 98.418 val_loss 1.273 val_acc@1 72.030 val_acc@5 92.280
epoch 333 train_loss 0.368 train_acc@1 88.638 train_acc@5 98.466 val_loss 1.274 val_acc@1 71.790 val_acc@5 92.130
epoch 334 train_loss 0.362 train_acc@1 88.826 train_acc@5 98.526 val_loss 1.293 val_acc@1 71.870 val_acc@5 92.330
epoch 335 train_loss 0.366 train_acc@1 88.654 train_acc@5 98.468 val_loss 1.271 val_acc@1 71.930 val_acc@5 92.220
epoch 336 train_loss 0.353 train_acc@1 89.236 train_acc@5 98.536 val_loss 1.269 val_acc@1 71.840 val_acc@5 92.270
epoch 337 train_loss 0.366 train_acc@1 88.640 train_acc@5 98.546 val_loss 1.279 val_acc@1 71.960 val_acc@5 92.280
epoch 338 train_loss 0.357 train_acc@1 89.098 train_acc@5 98.504 val_loss 1.275 val_acc@1 72.220 val_acc@5 92.030
epoch 339 train_loss 0.360 train_acc@1 89.006 train_acc@5 98.494 val_loss 1.284 val_acc@1 72.100 val_acc@5 92.220
epoch 340 train_loss 0.350 train_acc@1 89.296 train_acc@5 98.560 val_loss 1.271 val_acc@1 72.260 val_acc@5 92.070
epoch 341 train_loss 0.355 train_acc@1 89.080 train_acc@5 98.568 val_loss 1.265 val_acc@1 72.070 val_acc@5 92.310
epoch 342 train_loss 0.349 train_acc@1 89.246 train_acc@5 98.598 val_loss 1.277 val_acc@1 72.120 val_acc@5 92.260
epoch 343 train_loss 0.351 train_acc@1 89.372 train_acc@5 98.560 val_loss 1.263 val_acc@1 72.450 val_acc@5 92.230
epoch 344 train_loss 0.347 train_acc@1 89.284 train_acc@5 98.664 val_loss 1.293 val_acc@1 72.350 val_acc@5 92.200
epoch 345 train_loss 0.350 train_acc@1 89.258 train_acc@5 98.554 val_loss 1.301 val_acc@1 71.740 val_acc@5 92.260
epoch 346 train_loss 0.345 train_acc@1 89.456 train_acc@5 98.572 val_loss 1.262 val_acc@1 72.420 val_acc@5 92.240
epoch 347 train_loss 0.343 train_acc@1 89.364 train_acc@5 98.582 val_loss 1.301 val_acc@1 72.030 val_acc@5 92.120
epoch 348 train_loss 0.345 train_acc@1 89.392 train_acc@5 98.510 val_loss 1.268 val_acc@1 72.510 val_acc@5 92.090
epoch 349 train_loss 0.340 train_acc@1 89.566 train_acc@5 98.642 val_loss 1.268 val_acc@1 72.390 val_acc@5 92.270
epoch 350 train_loss 0.336 train_acc@1 89.726 train_acc@5 98.628 val_loss 1.252 val_acc@1 72.410 val_acc@5 92.270
epoch 351 train_loss 0.332 train_acc@1 89.814 train_acc@5 98.626 val_loss 1.282 val_acc@1 72.070 val_acc@5 92.330
epoch 352 train_loss 0.343 train_acc@1 89.478 train_acc@5 98.636 val_loss 1.304 val_acc@1 72.000 val_acc@5 92.230
epoch 353 train_loss 0.334 train_acc@1 89.668 train_acc@5 98.702 val_loss 1.263 val_acc@1 72.170 val_acc@5 92.390
epoch 354 train_loss 0.324 train_acc@1 90.058 train_acc@5 98.722 val_loss 1.261 val_acc@1 72.620 val_acc@5 92.420
epoch 355 train_loss 0.328 train_acc@1 89.978 train_acc@5 98.678 val_loss 1.276 val_acc@1 72.120 val_acc@5 92.250
epoch 356 train_loss 0.333 train_acc@1 89.910 train_acc@5 98.594 val_loss 1.261 val_acc@1 72.360 val_acc@5 92.240
epoch 357 train_loss 0.320 train_acc@1 90.228 train_acc@5 98.688 val_loss 1.261 val_acc@1 72.520 val_acc@5 92.460
epoch 358 train_loss 0.320 train_acc@1 90.136 train_acc@5 98.698 val_loss 1.258 val_acc@1 72.750 val_acc@5 92.320
epoch 359 train_loss 0.319 train_acc@1 90.336 train_acc@5 98.714 val_loss 1.277 val_acc@1 72.250 val_acc@5 92.340
epoch 360 train_loss 0.320 train_acc@1 90.150 train_acc@5 98.676 val_loss 1.277 val_acc@1 72.590 val_acc@5 92.280
epoch 361 train_loss 0.320 train_acc@1 90.240 train_acc@5 98.696 val_loss 1.277 val_acc@1 72.350 val_acc@5 92.210
epoch 362 train_loss 0.320 train_acc@1 90.142 train_acc@5 98.686 val_loss 1.266 val_acc@1 72.840 val_acc@5 92.230
epoch 363 train_loss 0.312 train_acc@1 90.360 train_acc@5 98.760 val_loss 1.285 val_acc@1 72.450 val_acc@5 92.280
epoch 364 train_loss 0.310 train_acc@1 90.652 train_acc@5 98.742 val_loss 1.285 val_acc@1 72.200 val_acc@5 92.320
epoch 365 train_loss 0.306 train_acc@1 90.660 train_acc@5 98.792 val_loss 1.278 val_acc@1 72.650 val_acc@5 92.360
epoch 366 train_loss 0.303 train_acc@1 90.730 train_acc@5 98.764 val_loss 1.289 val_acc@1 72.120 val_acc@5 92.260
epoch 367 train_loss 0.305 train_acc@1 90.696 train_acc@5 98.802 val_loss 1.283 val_acc@1 72.330 val_acc@5 92.470
epoch 368 train_loss 0.307 train_acc@1 90.596 train_acc@5 98.748 val_loss 1.293 val_acc@1 72.220 val_acc@5 92.280
epoch 369 train_loss 0.308 train_acc@1 90.584 train_acc@5 98.728 val_loss 1.291 val_acc@1 72.530 val_acc@5 92.230
epoch 370 train_loss 0.297 train_acc@1 90.854 train_acc@5 98.784 val_loss 1.273 val_acc@1 72.600 val_acc@5 92.570
epoch 371 train_loss 0.293 train_acc@1 91.260 train_acc@5 98.848 val_loss 1.288 val_acc@1 72.940 val_acc@5 92.330
epoch 372 train_loss 0.298 train_acc@1 91.042 train_acc@5 98.812 val_loss 1.274 val_acc@1 72.310 val_acc@5 92.370
epoch 373 train_loss 0.286 train_acc@1 91.214 train_acc@5 98.886 val_loss 1.273 val_acc@1 72.620 val_acc@5 92.290
epoch 374 train_loss 0.287 train_acc@1 91.180 train_acc@5 98.862 val_loss 1.278 val_acc@1 72.220 val_acc@5 92.280
epoch 375 train_loss 0.286 train_acc@1 91.300 train_acc@5 98.896 val_loss 1.276 val_acc@1 72.870 val_acc@5 92.400
epoch 376 train_loss 0.282 train_acc@1 91.330 train_acc@5 98.872 val_loss 1.293 val_acc@1 72.390 val_acc@5 92.320
epoch 377 train_loss 0.281 train_acc@1 91.302 train_acc@5 98.920 val_loss 1.290 val_acc@1 72.820 val_acc@5 92.090
epoch 378 train_loss 0.279 train_acc@1 91.548 train_acc@5 98.970 val_loss 1.286 val_acc@1 72.400 val_acc@5 92.440
epoch 379 train_loss 0.273 train_acc@1 91.722 train_acc@5 98.940 val_loss 1.275 val_acc@1 72.930 val_acc@5 92.420
epoch 380 train_loss 0.280 train_acc@1 91.518 train_acc@5 98.840 val_loss 1.277 val_acc@1 72.890 val_acc@5 92.280
epoch 381 train_loss 0.275 train_acc@1 91.634 train_acc@5 98.858 val_loss 1.268 val_acc@1 72.880 val_acc@5 92.390
epoch 382 train_loss 0.264 train_acc@1 92.036 train_acc@5 98.964 val_loss 1.273 val_acc@1 73.150 val_acc@5 92.220
epoch 383 train_loss 0.271 train_acc@1 91.844 train_acc@5 98.902 val_loss 1.292 val_acc@1 72.960 val_acc@5 92.200
epoch 384 train_loss 0.267 train_acc@1 91.928 train_acc@5 99.012 val_loss 1.286 val_acc@1 72.790 val_acc@5 92.430
epoch 385 train_loss 0.268 train_acc@1 91.914 train_acc@5 98.934 val_loss 1.278 val_acc@1 73.200 val_acc@5 92.170
epoch 386 train_loss 0.261 train_acc@1 92.014 train_acc@5 99.014 val_loss 1.260 val_acc@1 72.940 val_acc@5 92.370
epoch 387 train_loss 0.261 train_acc@1 92.044 train_acc@5 98.934 val_loss 1.270 val_acc@1 72.640 val_acc@5 92.330
epoch 388 train_loss 0.260 train_acc@1 92.040 train_acc@5 99.014 val_loss 1.277 val_acc@1 73.070 val_acc@5 92.360
epoch 389 train_loss 0.254 train_acc@1 92.360 train_acc@5 98.988 val_loss 1.284 val_acc@1 72.830 val_acc@5 92.590
epoch 390 train_loss 0.253 train_acc@1 92.414 train_acc@5 99.030 val_loss 1.272 val_acc@1 72.810 val_acc@5 92.600
epoch 391 train_loss 0.254 train_acc@1 92.242 train_acc@5 99.016 val_loss 1.274 val_acc@1 73.110 val_acc@5 92.520
epoch 392 train_loss 0.248 train_acc@1 92.428 train_acc@5 99.084 val_loss 1.277 val_acc@1 73.130 val_acc@5 92.530
epoch 393 train_loss 0.244 train_acc@1 92.586 train_acc@5 99.104 val_loss 1.283 val_acc@1 72.820 val_acc@5 92.320
epoch 394 train_loss 0.244 train_acc@1 92.626 train_acc@5 99.052 val_loss 1.291 val_acc@1 73.180 val_acc@5 92.320
epoch 395 train_loss 0.242 train_acc@1 92.672 train_acc@5 99.088 val_loss 1.285 val_acc@1 72.690 val_acc@5 92.530
epoch 396 train_loss 0.240 train_acc@1 92.800 train_acc@5 99.056 val_loss 1.272 val_acc@1 73.110 val_acc@5 92.540
epoch 397 train_loss 0.236 train_acc@1 92.938 train_acc@5 99.064 val_loss 1.278 val_acc@1 72.820 val_acc@5 92.630
epoch 398 train_loss 0.231 train_acc@1 93.090 train_acc@5 99.128 val_loss 1.271 val_acc@1 73.320 val_acc@5 92.300
epoch 399 train_loss 0.232 train_acc@1 93.126 train_acc@5 99.104 val_loss 1.268 val_acc@1 73.320 val_acc@5 92.270
