epoch 0 train_loss 4.142 train_acc@1 7.838 train_acc@5 25.128 val_loss 3.691 val_acc@1 13.190 val_acc@5 36.430
epoch 1 train_loss 3.593 train_acc@1 14.482 train_acc@5 39.542 val_loss 3.261 val_acc@1 20.280 val_acc@5 48.490
epoch 2 train_loss 3.301 train_acc@1 19.676 train_acc@5 47.858 val_loss 2.916 val_acc@1 26.790 val_acc@5 57.350
epoch 3 train_loss 3.051 train_acc@1 24.024 train_acc@5 54.184 val_loss 2.854 val_acc@1 27.790 val_acc@5 59.190
epoch 4 train_loss 2.849 train_acc@1 27.650 train_acc@5 59.402 val_loss 2.570 val_acc@1 33.690 val_acc@5 66.800
epoch 5 train_loss 2.681 train_acc@1 31.004 train_acc@5 63.512 val_loss 2.383 val_acc@1 37.090 val_acc@5 70.280
epoch 6 train_loss 2.541 train_acc@1 33.616 train_acc@5 66.340 val_loss 2.268 val_acc@1 38.700 val_acc@5 72.490
epoch 7 train_loss 2.440 train_acc@1 35.846 train_acc@5 68.736 val_loss 2.227 val_acc@1 41.020 val_acc@5 73.020
epoch 8 train_loss 2.338 train_acc@1 38.158 train_acc@5 71.144 val_loss 2.179 val_acc@1 41.690 val_acc@5 74.330
epoch 9 train_loss 2.264 train_acc@1 39.672 train_acc@5 72.550 val_loss 2.039 val_acc@1 44.900 val_acc@5 76.650
epoch 10 train_loss 2.182 train_acc@1 41.340 train_acc@5 74.256 val_loss 1.987 val_acc@1 45.880 val_acc@5 77.920
epoch 11 train_loss 2.132 train_acc@1 42.690 train_acc@5 75.094 val_loss 1.947 val_acc@1 47.500 val_acc@5 78.150
epoch 12 train_loss 2.078 train_acc@1 44.010 train_acc@5 76.124 val_loss 1.900 val_acc@1 48.520 val_acc@5 79.600
epoch 13 train_loss 2.021 train_acc@1 45.396 train_acc@5 77.038 val_loss 1.925 val_acc@1 48.480 val_acc@5 79.340
epoch 14 train_loss 1.962 train_acc@1 46.596 train_acc@5 78.496 val_loss 1.765 val_acc@1 51.410 val_acc@5 81.950
epoch 15 train_loss 1.922 train_acc@1 47.708 train_acc@5 79.034 val_loss 1.755 val_acc@1 51.330 val_acc@5 82.000
epoch 16 train_loss 1.874 train_acc@1 48.608 train_acc@5 80.026 val_loss 1.699 val_acc@1 53.250 val_acc@5 82.830
epoch 17 train_loss 1.830 train_acc@1 49.724 train_acc@5 80.748 val_loss 1.647 val_acc@1 54.230 val_acc@5 83.640
epoch 18 train_loss 1.782 train_acc@1 50.792 train_acc@5 81.574 val_loss 1.602 val_acc@1 54.740 val_acc@5 84.190
epoch 19 train_loss 1.745 train_acc@1 51.840 train_acc@5 82.308 val_loss 1.597 val_acc@1 55.560 val_acc@5 84.430
epoch 20 train_loss 1.711 train_acc@1 52.838 train_acc@5 82.790 val_loss 1.643 val_acc@1 55.050 val_acc@5 84.340
epoch 21 train_loss 1.672 train_acc@1 53.566 train_acc@5 83.290 val_loss 1.605 val_acc@1 55.830 val_acc@5 84.740
epoch 22 train_loss 1.633 train_acc@1 54.412 train_acc@5 84.128 val_loss 1.522 val_acc@1 57.360 val_acc@5 85.810
epoch 23 train_loss 1.617 train_acc@1 54.926 train_acc@5 84.350 val_loss 1.502 val_acc@1 58.310 val_acc@5 86.400
epoch 24 train_loss 1.583 train_acc@1 55.814 train_acc@5 84.904 val_loss 1.528 val_acc@1 57.600 val_acc@5 85.650
epoch 25 train_loss 1.552 train_acc@1 56.548 train_acc@5 85.138 val_loss 1.437 val_acc@1 59.290 val_acc@5 86.910
epoch 26 train_loss 1.534 train_acc@1 57.058 train_acc@5 85.678 val_loss 1.409 val_acc@1 60.450 val_acc@5 87.320
epoch 27 train_loss 1.507 train_acc@1 57.812 train_acc@5 86.198 val_loss 1.463 val_acc@1 59.020 val_acc@5 86.940
epoch 28 train_loss 1.476 train_acc@1 58.290 train_acc@5 86.538 val_loss 1.423 val_acc@1 59.590 val_acc@5 87.550
epoch 29 train_loss 1.460 train_acc@1 58.670 train_acc@5 86.662 val_loss 1.401 val_acc@1 60.360 val_acc@5 87.420
epoch 30 train_loss 1.442 train_acc@1 59.044 train_acc@5 86.908 val_loss 1.355 val_acc@1 61.510 val_acc@5 88.280
epoch 31 train_loss 1.421 train_acc@1 59.850 train_acc@5 87.296 val_loss 1.379 val_acc@1 61.840 val_acc@5 87.650
epoch 32 train_loss 1.394 train_acc@1 60.654 train_acc@5 87.576 val_loss 1.328 val_acc@1 62.460 val_acc@5 88.460
epoch 33 train_loss 1.371 train_acc@1 60.924 train_acc@5 88.030 val_loss 1.328 val_acc@1 62.190 val_acc@5 88.670
epoch 34 train_loss 1.354 train_acc@1 61.544 train_acc@5 88.198 val_loss 1.322 val_acc@1 62.360 val_acc@5 89.130
epoch 35 train_loss 1.342 train_acc@1 61.876 train_acc@5 88.382 val_loss 1.333 val_acc@1 63.120 val_acc@5 88.420
epoch 36 train_loss 1.319 train_acc@1 62.392 train_acc@5 88.754 val_loss 1.357 val_acc@1 61.770 val_acc@5 88.300
epoch 37 train_loss 1.316 train_acc@1 62.434 train_acc@5 88.724 val_loss 1.299 val_acc@1 62.750 val_acc@5 89.000
epoch 38 train_loss 1.296 train_acc@1 62.906 train_acc@5 89.102 val_loss 1.317 val_acc@1 62.440 val_acc@5 88.760
epoch 39 train_loss 1.268 train_acc@1 63.712 train_acc@5 89.568 val_loss 1.283 val_acc@1 63.410 val_acc@5 89.000
epoch 40 train_loss 1.260 train_acc@1 63.910 train_acc@5 89.586 val_loss 1.266 val_acc@1 64.170 val_acc@5 89.650
epoch 41 train_loss 1.253 train_acc@1 63.908 train_acc@5 89.768 val_loss 1.253 val_acc@1 64.400 val_acc@5 89.530
epoch 42 train_loss 1.232 train_acc@1 64.662 train_acc@5 89.984 val_loss 1.240 val_acc@1 64.380 val_acc@5 89.520
epoch 43 train_loss 1.221 train_acc@1 65.002 train_acc@5 90.130 val_loss 1.248 val_acc@1 64.710 val_acc@5 89.670
epoch 44 train_loss 1.214 train_acc@1 65.220 train_acc@5 90.200 val_loss 1.210 val_acc@1 65.780 val_acc@5 90.130
epoch 45 train_loss 1.191 train_acc@1 65.690 train_acc@5 90.566 val_loss 1.212 val_acc@1 65.410 val_acc@5 90.150
epoch 46 train_loss 1.190 train_acc@1 65.710 train_acc@5 90.586 val_loss 1.236 val_acc@1 64.840 val_acc@5 89.790
epoch 47 train_loss 1.175 train_acc@1 66.202 train_acc@5 90.580 val_loss 1.263 val_acc@1 64.530 val_acc@5 89.420
epoch 48 train_loss 1.165 train_acc@1 66.344 train_acc@5 90.744 val_loss 1.214 val_acc@1 65.730 val_acc@5 90.210
epoch 49 train_loss 1.157 train_acc@1 66.606 train_acc@5 90.900 val_loss 1.247 val_acc@1 65.270 val_acc@5 90.310
epoch 50 train_loss 1.141 train_acc@1 67.034 train_acc@5 91.172 val_loss 1.243 val_acc@1 65.170 val_acc@5 90.050
epoch 51 train_loss 1.131 train_acc@1 67.102 train_acc@5 91.184 val_loss 1.188 val_acc@1 66.400 val_acc@5 90.430
epoch 52 train_loss 1.118 train_acc@1 67.518 train_acc@5 91.692 val_loss 1.205 val_acc@1 65.910 val_acc@5 90.220
epoch 53 train_loss 1.112 train_acc@1 67.594 train_acc@5 91.548 val_loss 1.266 val_acc@1 64.520 val_acc@5 89.620
epoch 54 train_loss 1.098 train_acc@1 68.098 train_acc@5 91.690 val_loss 1.217 val_acc@1 65.870 val_acc@5 90.280
epoch 55 train_loss 1.085 train_acc@1 68.300 train_acc@5 91.860 val_loss 1.228 val_acc@1 65.500 val_acc@5 90.260
epoch 56 train_loss 1.092 train_acc@1 68.146 train_acc@5 91.742 val_loss 1.226 val_acc@1 64.980 val_acc@5 89.940
epoch 57 train_loss 1.079 train_acc@1 68.296 train_acc@5 92.080 val_loss 1.179 val_acc@1 66.250 val_acc@5 90.510
epoch 58 train_loss 1.058 train_acc@1 69.162 train_acc@5 92.384 val_loss 1.196 val_acc@1 66.420 val_acc@5 90.170
epoch 59 train_loss 1.062 train_acc@1 69.142 train_acc@5 92.026 val_loss 1.168 val_acc@1 67.010 val_acc@5 90.640
epoch 60 train_loss 1.055 train_acc@1 69.128 train_acc@5 92.188 val_loss 1.185 val_acc@1 66.670 val_acc@5 90.630
epoch 61 train_loss 1.041 train_acc@1 69.248 train_acc@5 92.438 val_loss 1.206 val_acc@1 66.670 val_acc@5 90.080
epoch 62 train_loss 1.026 train_acc@1 69.708 train_acc@5 92.590 val_loss 1.209 val_acc@1 66.200 val_acc@5 90.360
epoch 63 train_loss 1.020 train_acc@1 70.016 train_acc@5 92.652 val_loss 1.172 val_acc@1 66.980 val_acc@5 90.650
epoch 64 train_loss 1.017 train_acc@1 70.212 train_acc@5 92.666 val_loss 1.192 val_acc@1 66.720 val_acc@5 90.560
epoch 65 train_loss 1.004 train_acc@1 70.478 train_acc@5 92.830 val_loss 1.174 val_acc@1 67.280 val_acc@5 91.020
epoch 66 train_loss 1.010 train_acc@1 70.350 train_acc@5 92.740 val_loss 1.172 val_acc@1 67.990 val_acc@5 91.190
epoch 67 train_loss 1.004 train_acc@1 70.588 train_acc@5 92.936 val_loss 1.160 val_acc@1 67.830 val_acc@5 90.780
epoch 68 train_loss 0.986 train_acc@1 70.904 train_acc@5 93.040 val_loss 1.189 val_acc@1 66.530 val_acc@5 90.710
epoch 69 train_loss 0.973 train_acc@1 71.356 train_acc@5 93.220 val_loss 1.254 val_acc@1 66.110 val_acc@5 89.660
epoch 70 train_loss 0.977 train_acc@1 71.066 train_acc@5 93.162 val_loss 1.177 val_acc@1 67.650 val_acc@5 90.670
epoch 71 train_loss 0.968 train_acc@1 71.192 train_acc@5 93.324 val_loss 1.189 val_acc@1 67.470 val_acc@5 90.830
epoch 72 train_loss 0.966 train_acc@1 71.494 train_acc@5 93.210 val_loss 1.175 val_acc@1 67.260 val_acc@5 91.090
epoch 73 train_loss 0.957 train_acc@1 71.758 train_acc@5 93.496 val_loss 1.178 val_acc@1 67.560 val_acc@5 90.850
epoch 74 train_loss 0.947 train_acc@1 72.176 train_acc@5 93.532 val_loss 1.180 val_acc@1 67.400 val_acc@5 91.110
epoch 75 train_loss 0.945 train_acc@1 71.910 train_acc@5 93.492 val_loss 1.216 val_acc@1 66.130 val_acc@5 90.440
epoch 76 train_loss 0.938 train_acc@1 72.330 train_acc@5 93.778 val_loss 1.207 val_acc@1 67.160 val_acc@5 90.580
epoch 77 train_loss 0.946 train_acc@1 71.956 train_acc@5 93.618 val_loss 1.174 val_acc@1 67.900 val_acc@5 90.820
epoch 78 train_loss 0.935 train_acc@1 72.376 train_acc@5 93.534 val_loss 1.220 val_acc@1 67.080 val_acc@5 90.660
epoch 79 train_loss 0.922 train_acc@1 72.832 train_acc@5 93.742 val_loss 1.190 val_acc@1 67.930 val_acc@5 90.810
epoch 80 train_loss 0.912 train_acc@1 72.968 train_acc@5 93.856 val_loss 1.184 val_acc@1 67.830 val_acc@5 90.760
epoch 81 train_loss 0.915 train_acc@1 72.830 train_acc@5 93.698 val_loss 1.253 val_acc@1 66.630 val_acc@5 90.470
epoch 82 train_loss 0.908 train_acc@1 73.054 train_acc@5 93.948 val_loss 1.182 val_acc@1 68.230 val_acc@5 90.980
epoch 83 train_loss 0.902 train_acc@1 73.180 train_acc@5 93.964 val_loss 1.208 val_acc@1 66.940 val_acc@5 90.740
epoch 84 train_loss 0.901 train_acc@1 73.104 train_acc@5 94.024 val_loss 1.203 val_acc@1 67.490 val_acc@5 90.920
epoch 85 train_loss 0.902 train_acc@1 73.216 train_acc@5 94.092 val_loss 1.205 val_acc@1 67.220 val_acc@5 90.880
epoch 86 train_loss 0.892 train_acc@1 73.348 train_acc@5 94.090 val_loss 1.186 val_acc@1 67.720 val_acc@5 90.710
epoch 87 train_loss 0.884 train_acc@1 73.588 train_acc@5 94.142 val_loss 1.169 val_acc@1 68.190 val_acc@5 91.250
epoch 88 train_loss 0.874 train_acc@1 73.812 train_acc@5 94.412 val_loss 1.200 val_acc@1 67.600 val_acc@5 90.750
epoch 89 train_loss 0.871 train_acc@1 73.956 train_acc@5 94.402 val_loss 1.206 val_acc@1 68.080 val_acc@5 90.720
epoch 90 train_loss 0.869 train_acc@1 74.030 train_acc@5 94.470 val_loss 1.237 val_acc@1 67.600 val_acc@5 90.180
epoch 91 train_loss 0.873 train_acc@1 73.860 train_acc@5 94.308 val_loss 1.202 val_acc@1 67.620 val_acc@5 90.780
epoch 92 train_loss 0.853 train_acc@1 74.406 train_acc@5 94.592 val_loss 1.216 val_acc@1 67.750 val_acc@5 90.680
epoch 93 train_loss 0.852 train_acc@1 74.516 train_acc@5 94.674 val_loss 1.199 val_acc@1 67.710 val_acc@5 90.840
epoch 94 train_loss 0.854 train_acc@1 74.250 train_acc@5 94.636 val_loss 1.169 val_acc@1 68.640 val_acc@5 91.050
epoch 95 train_loss 0.848 train_acc@1 74.656 train_acc@5 94.662 val_loss 1.188 val_acc@1 68.990 val_acc@5 91.220
epoch 96 train_loss 0.844 train_acc@1 74.842 train_acc@5 94.616 val_loss 1.168 val_acc@1 68.680 val_acc@5 91.320
epoch 97 train_loss 0.836 train_acc@1 75.074 train_acc@5 94.708 val_loss 1.162 val_acc@1 69.120 val_acc@5 91.600
epoch 98 train_loss 0.835 train_acc@1 75.078 train_acc@5 94.658 val_loss 1.190 val_acc@1 68.850 val_acc@5 91.360
epoch 99 train_loss 0.826 train_acc@1 75.244 train_acc@5 94.872 val_loss 1.195 val_acc@1 68.790 val_acc@5 91.360
epoch 100 train_loss 0.830 train_acc@1 74.936 train_acc@5 94.878 val_loss 1.190 val_acc@1 68.680 val_acc@5 91.050
epoch 101 train_loss 0.827 train_acc@1 75.116 train_acc@5 94.904 val_loss 1.206 val_acc@1 68.020 val_acc@5 91.060
epoch 102 train_loss 0.817 train_acc@1 75.434 train_acc@5 94.894 val_loss 1.169 val_acc@1 69.340 val_acc@5 91.380
epoch 103 train_loss 0.811 train_acc@1 75.704 train_acc@5 95.000 val_loss 1.222 val_acc@1 68.220 val_acc@5 90.600
epoch 104 train_loss 0.816 train_acc@1 75.532 train_acc@5 94.978 val_loss 1.168 val_acc@1 68.890 val_acc@5 91.420
epoch 105 train_loss 0.810 train_acc@1 75.656 train_acc@5 94.962 val_loss 1.177 val_acc@1 68.460 val_acc@5 91.370
epoch 106 train_loss 0.805 train_acc@1 75.900 train_acc@5 95.000 val_loss 1.247 val_acc@1 67.910 val_acc@5 90.730
epoch 107 train_loss 0.793 train_acc@1 75.918 train_acc@5 95.146 val_loss 1.204 val_acc@1 68.500 val_acc@5 91.340
epoch 108 train_loss 0.809 train_acc@1 75.760 train_acc@5 95.072 val_loss 1.183 val_acc@1 68.610 val_acc@5 91.200
epoch 109 train_loss 0.792 train_acc@1 76.144 train_acc@5 95.212 val_loss 1.221 val_acc@1 68.180 val_acc@5 90.760
epoch 110 train_loss 0.791 train_acc@1 76.310 train_acc@5 95.162 val_loss 1.217 val_acc@1 68.960 val_acc@5 91.340
epoch 111 train_loss 0.781 train_acc@1 76.488 train_acc@5 95.338 val_loss 1.189 val_acc@1 69.050 val_acc@5 91.130
epoch 112 train_loss 0.784 train_acc@1 76.406 train_acc@5 95.282 val_loss 1.230 val_acc@1 68.230 val_acc@5 90.930
epoch 113 train_loss 0.776 train_acc@1 76.554 train_acc@5 95.430 val_loss 1.195 val_acc@1 68.370 val_acc@5 91.400
epoch 114 train_loss 0.778 train_acc@1 76.468 train_acc@5 95.340 val_loss 1.237 val_acc@1 68.480 val_acc@5 91.160
epoch 115 train_loss 0.774 train_acc@1 76.702 train_acc@5 95.398 val_loss 1.270 val_acc@1 67.850 val_acc@5 90.650
epoch 116 train_loss 0.779 train_acc@1 76.262 train_acc@5 95.440 val_loss 1.197 val_acc@1 68.290 val_acc@5 91.200
epoch 117 train_loss 0.762 train_acc@1 76.848 train_acc@5 95.556 val_loss 1.162 val_acc@1 69.600 val_acc@5 91.630
epoch 118 train_loss 0.755 train_acc@1 77.224 train_acc@5 95.520 val_loss 1.205 val_acc@1 68.970 val_acc@5 91.200
epoch 119 train_loss 0.758 train_acc@1 76.992 train_acc@5 95.474 val_loss 1.161 val_acc@1 69.620 val_acc@5 91.790
epoch 120 train_loss 0.756 train_acc@1 77.028 train_acc@5 95.524 val_loss 1.221 val_acc@1 68.640 val_acc@5 91.430
epoch 121 train_loss 0.754 train_acc@1 77.004 train_acc@5 95.632 val_loss 1.180 val_acc@1 69.450 val_acc@5 91.490
epoch 122 train_loss 0.754 train_acc@1 77.206 train_acc@5 95.462 val_loss 1.210 val_acc@1 68.490 val_acc@5 91.320
epoch 123 train_loss 0.749 train_acc@1 77.510 train_acc@5 95.602 val_loss 1.224 val_acc@1 68.390 val_acc@5 91.010
epoch 124 train_loss 0.743 train_acc@1 77.544 train_acc@5 95.658 val_loss 1.217 val_acc@1 68.930 val_acc@5 91.060
epoch 125 train_loss 0.745 train_acc@1 77.350 train_acc@5 95.676 val_loss 1.238 val_acc@1 68.470 val_acc@5 90.990
epoch 126 train_loss 0.747 train_acc@1 77.098 train_acc@5 95.696 val_loss 1.195 val_acc@1 69.570 val_acc@5 91.220
epoch 127 train_loss 0.746 train_acc@1 77.312 train_acc@5 95.628 val_loss 1.190 val_acc@1 69.330 val_acc@5 91.300
epoch 128 train_loss 0.742 train_acc@1 77.556 train_acc@5 95.658 val_loss 1.205 val_acc@1 68.640 val_acc@5 91.270
epoch 129 train_loss 0.742 train_acc@1 77.542 train_acc@5 95.724 val_loss 1.200 val_acc@1 69.150 val_acc@5 91.640
epoch 130 train_loss 0.718 train_acc@1 78.062 train_acc@5 95.930 val_loss 1.182 val_acc@1 69.780 val_acc@5 91.370
epoch 131 train_loss 0.720 train_acc@1 78.176 train_acc@5 95.824 val_loss 1.204 val_acc@1 69.290 val_acc@5 91.520
epoch 132 train_loss 0.723 train_acc@1 78.200 train_acc@5 95.782 val_loss 1.197 val_acc@1 69.150 val_acc@5 90.820
epoch 133 train_loss 0.724 train_acc@1 78.096 train_acc@5 95.834 val_loss 1.185 val_acc@1 69.280 val_acc@5 91.700
epoch 134 train_loss 0.727 train_acc@1 77.964 train_acc@5 95.848 val_loss 1.181 val_acc@1 69.190 val_acc@5 91.900
epoch 135 train_loss 0.719 train_acc@1 78.132 train_acc@5 95.852 val_loss 1.182 val_acc@1 69.810 val_acc@5 91.530
epoch 136 train_loss 0.718 train_acc@1 78.234 train_acc@5 95.932 val_loss 1.214 val_acc@1 68.970 val_acc@5 91.180
epoch 137 train_loss 0.721 train_acc@1 78.036 train_acc@5 95.926 val_loss 1.190 val_acc@1 69.490 val_acc@5 91.350
epoch 138 train_loss 0.703 train_acc@1 78.764 train_acc@5 95.928 val_loss 1.222 val_acc@1 68.730 val_acc@5 91.170
epoch 139 train_loss 0.703 train_acc@1 78.830 train_acc@5 96.116 val_loss 1.223 val_acc@1 69.580 val_acc@5 90.980
epoch 140 train_loss 0.703 train_acc@1 78.474 train_acc@5 95.998 val_loss 1.181 val_acc@1 70.070 val_acc@5 91.650
epoch 141 train_loss 0.695 train_acc@1 79.024 train_acc@5 96.124 val_loss 1.190 val_acc@1 69.830 val_acc@5 91.770
epoch 142 train_loss 0.699 train_acc@1 78.656 train_acc@5 96.026 val_loss 1.240 val_acc@1 69.230 val_acc@5 91.130
epoch 143 train_loss 0.699 train_acc@1 78.954 train_acc@5 96.114 val_loss 1.198 val_acc@1 69.350 val_acc@5 91.480
epoch 144 train_loss 0.694 train_acc@1 78.736 train_acc@5 96.146 val_loss 1.191 val_acc@1 69.570 val_acc@5 91.500
epoch 145 train_loss 0.694 train_acc@1 78.734 train_acc@5 96.118 val_loss 1.193 val_acc@1 69.830 val_acc@5 91.310
epoch 146 train_loss 0.695 train_acc@1 78.840 train_acc@5 96.136 val_loss 1.202 val_acc@1 69.230 val_acc@5 91.230
epoch 147 train_loss 0.693 train_acc@1 78.928 train_acc@5 96.164 val_loss 1.201 val_acc@1 69.520 val_acc@5 91.520
epoch 148 train_loss 0.694 train_acc@1 78.784 train_acc@5 96.168 val_loss 1.225 val_acc@1 69.440 val_acc@5 91.300
epoch 149 train_loss 0.686 train_acc@1 79.068 train_acc@5 96.260 val_loss 1.199 val_acc@1 69.980 val_acc@5 91.090
epoch 150 train_loss 0.676 train_acc@1 79.540 train_acc@5 96.290 val_loss 1.227 val_acc@1 69.410 val_acc@5 91.210
epoch 151 train_loss 0.683 train_acc@1 79.000 train_acc@5 96.200 val_loss 1.177 val_acc@1 70.060 val_acc@5 92.170
epoch 152 train_loss 0.670 train_acc@1 79.696 train_acc@5 96.318 val_loss 1.218 val_acc@1 69.530 val_acc@5 91.310
epoch 153 train_loss 0.677 train_acc@1 79.230 train_acc@5 96.296 val_loss 1.241 val_acc@1 68.820 val_acc@5 91.310
epoch 154 train_loss 0.669 train_acc@1 79.664 train_acc@5 96.386 val_loss 1.227 val_acc@1 69.340 val_acc@5 91.550
epoch 155 train_loss 0.666 train_acc@1 79.608 train_acc@5 96.446 val_loss 1.211 val_acc@1 69.760 val_acc@5 91.480
epoch 156 train_loss 0.655 train_acc@1 80.128 train_acc@5 96.522 val_loss 1.210 val_acc@1 69.760 val_acc@5 91.670
epoch 157 train_loss 0.662 train_acc@1 79.696 train_acc@5 96.438 val_loss 1.210 val_acc@1 69.920 val_acc@5 91.780
epoch 158 train_loss 0.663 train_acc@1 79.850 train_acc@5 96.436 val_loss 1.199 val_acc@1 70.020 val_acc@5 91.780
epoch 159 train_loss 0.661 train_acc@1 79.942 train_acc@5 96.334 val_loss 1.239 val_acc@1 69.800 val_acc@5 91.600
epoch 160 train_loss 0.666 train_acc@1 79.762 train_acc@5 96.280 val_loss 1.226 val_acc@1 70.070 val_acc@5 91.700
epoch 161 train_loss 0.662 train_acc@1 79.998 train_acc@5 96.450 val_loss 1.217 val_acc@1 69.730 val_acc@5 91.680
epoch 162 train_loss 0.658 train_acc@1 80.046 train_acc@5 96.466 val_loss 1.174 val_acc@1 70.820 val_acc@5 92.080
epoch 163 train_loss 0.655 train_acc@1 79.996 train_acc@5 96.504 val_loss 1.230 val_acc@1 69.950 val_acc@5 91.230
epoch 164 train_loss 0.653 train_acc@1 80.122 train_acc@5 96.518 val_loss 1.202 val_acc@1 70.330 val_acc@5 91.540
epoch 165 train_loss 0.654 train_acc@1 80.180 train_acc@5 96.412 val_loss 1.203 val_acc@1 70.860 val_acc@5 91.510
epoch 166 train_loss 0.640 train_acc@1 80.664 train_acc@5 96.536 val_loss 1.176 val_acc@1 70.100 val_acc@5 91.460
epoch 167 train_loss 0.649 train_acc@1 80.032 train_acc@5 96.488 val_loss 1.240 val_acc@1 69.350 val_acc@5 91.510
epoch 168 train_loss 0.652 train_acc@1 79.982 train_acc@5 96.550 val_loss 1.201 val_acc@1 70.420 val_acc@5 91.650
epoch 169 train_loss 0.650 train_acc@1 80.064 train_acc@5 96.556 val_loss 1.233 val_acc@1 69.670 val_acc@5 91.420
epoch 170 train_loss 0.645 train_acc@1 80.136 train_acc@5 96.590 val_loss 1.214 val_acc@1 69.950 val_acc@5 91.460
epoch 171 train_loss 0.638 train_acc@1 80.454 train_acc@5 96.616 val_loss 1.200 val_acc@1 70.190 val_acc@5 91.830
epoch 172 train_loss 0.630 train_acc@1 80.696 train_acc@5 96.724 val_loss 1.192 val_acc@1 70.170 val_acc@5 91.670
epoch 173 train_loss 0.635 train_acc@1 80.580 train_acc@5 96.720 val_loss 1.196 val_acc@1 69.860 val_acc@5 91.540
epoch 174 train_loss 0.627 train_acc@1 80.774 train_acc@5 96.690 val_loss 1.183 val_acc@1 70.720 val_acc@5 91.690
epoch 175 train_loss 0.626 train_acc@1 80.880 train_acc@5 96.690 val_loss 1.216 val_acc@1 69.660 val_acc@5 91.900
epoch 176 train_loss 0.624 train_acc@1 81.000 train_acc@5 96.732 val_loss 1.186 val_acc@1 69.970 val_acc@5 92.020
epoch 177 train_loss 0.633 train_acc@1 80.426 train_acc@5 96.634 val_loss 1.214 val_acc@1 70.450 val_acc@5 91.390
epoch 178 train_loss 0.615 train_acc@1 81.140 train_acc@5 96.892 val_loss 1.216 val_acc@1 70.220 val_acc@5 91.760
epoch 179 train_loss 0.618 train_acc@1 80.846 train_acc@5 96.952 val_loss 1.232 val_acc@1 69.730 val_acc@5 91.520
epoch 180 train_loss 0.600 train_acc@1 81.342 train_acc@5 97.016 val_loss 1.212 val_acc@1 70.200 val_acc@5 91.730
epoch 181 train_loss 0.624 train_acc@1 80.764 train_acc@5 96.770 val_loss 1.207 val_acc@1 69.690 val_acc@5 91.810
epoch 182 train_loss 0.622 train_acc@1 80.804 train_acc@5 96.784 val_loss 1.206 val_acc@1 70.420 val_acc@5 91.760
epoch 183 train_loss 0.604 train_acc@1 81.590 train_acc@5 96.898 val_loss 1.217 val_acc@1 70.160 val_acc@5 91.660
epoch 184 train_loss 0.615 train_acc@1 81.032 train_acc@5 96.886 val_loss 1.220 val_acc@1 70.000 val_acc@5 91.470
epoch 185 train_loss 0.605 train_acc@1 81.408 train_acc@5 96.962 val_loss 1.205 val_acc@1 69.920 val_acc@5 91.610
epoch 186 train_loss 0.606 train_acc@1 81.378 train_acc@5 96.894 val_loss 1.219 val_acc@1 70.460 val_acc@5 91.590
epoch 187 train_loss 0.602 train_acc@1 81.316 train_acc@5 97.016 val_loss 1.229 val_acc@1 69.950 val_acc@5 91.580
epoch 188 train_loss 0.598 train_acc@1 81.616 train_acc@5 96.960 val_loss 1.232 val_acc@1 70.140 val_acc@5 91.590
epoch 189 train_loss 0.600 train_acc@1 81.398 train_acc@5 97.062 val_loss 1.213 val_acc@1 70.570 val_acc@5 91.510
epoch 190 train_loss 0.590 train_acc@1 81.802 train_acc@5 97.016 val_loss 1.219 val_acc@1 70.430 val_acc@5 91.470
epoch 191 train_loss 0.598 train_acc@1 81.572 train_acc@5 96.920 val_loss 1.252 val_acc@1 70.350 val_acc@5 91.540
epoch 192 train_loss 0.606 train_acc@1 81.318 train_acc@5 96.764 val_loss 1.229 val_acc@1 70.490 val_acc@5 91.840
epoch 193 train_loss 0.593 train_acc@1 81.772 train_acc@5 96.948 val_loss 1.227 val_acc@1 70.390 val_acc@5 91.610
epoch 194 train_loss 0.599 train_acc@1 81.704 train_acc@5 96.948 val_loss 1.197 val_acc@1 70.430 val_acc@5 92.050
epoch 195 train_loss 0.588 train_acc@1 81.824 train_acc@5 97.114 val_loss 1.214 val_acc@1 70.290 val_acc@5 91.790
epoch 196 train_loss 0.588 train_acc@1 82.010 train_acc@5 96.982 val_loss 1.192 val_acc@1 70.970 val_acc@5 91.970
epoch 197 train_loss 0.588 train_acc@1 81.938 train_acc@5 97.118 val_loss 1.191 val_acc@1 70.390 val_acc@5 91.840
epoch 198 train_loss 0.592 train_acc@1 81.874 train_acc@5 96.980 val_loss 1.243 val_acc@1 69.850 val_acc@5 91.570
epoch 199 train_loss 0.579 train_acc@1 82.312 train_acc@5 97.072 val_loss 1.232 val_acc@1 70.160 val_acc@5 91.630
epoch 200 train_loss 0.580 train_acc@1 82.190 train_acc@5 97.066 val_loss 1.254 val_acc@1 69.800 val_acc@5 91.650
epoch 201 train_loss 0.577 train_acc@1 82.342 train_acc@5 97.038 val_loss 1.233 val_acc@1 70.690 val_acc@5 91.550
epoch 202 train_loss 0.576 train_acc@1 82.274 train_acc@5 97.112 val_loss 1.241 val_acc@1 69.960 val_acc@5 91.510
epoch 203 train_loss 0.577 train_acc@1 82.252 train_acc@5 97.326 val_loss 1.236 val_acc@1 69.920 val_acc@5 91.490
epoch 204 train_loss 0.575 train_acc@1 82.216 train_acc@5 97.220 val_loss 1.230 val_acc@1 70.370 val_acc@5 91.670
epoch 205 train_loss 0.590 train_acc@1 82.114 train_acc@5 96.958 val_loss 1.241 val_acc@1 70.080 val_acc@5 91.490
epoch 206 train_loss 0.566 train_acc@1 82.566 train_acc@5 97.218 val_loss 1.219 val_acc@1 70.380 val_acc@5 91.980
epoch 207 train_loss 0.583 train_acc@1 82.120 train_acc@5 96.972 val_loss 1.200 val_acc@1 70.770 val_acc@5 91.750
epoch 208 train_loss 0.576 train_acc@1 82.232 train_acc@5 97.036 val_loss 1.232 val_acc@1 70.470 val_acc@5 91.660
epoch 209 train_loss 0.573 train_acc@1 82.448 train_acc@5 97.160 val_loss 1.210 val_acc@1 70.700 val_acc@5 91.730
epoch 210 train_loss 0.562 train_acc@1 82.680 train_acc@5 97.222 val_loss 1.205 val_acc@1 70.760 val_acc@5 92.100
epoch 211 train_loss 0.567 train_acc@1 82.600 train_acc@5 97.200 val_loss 1.201 val_acc@1 70.710 val_acc@5 91.940
epoch 212 train_loss 0.563 train_acc@1 82.730 train_acc@5 97.208 val_loss 1.227 val_acc@1 70.620 val_acc@5 91.640
epoch 213 train_loss 0.554 train_acc@1 82.744 train_acc@5 97.352 val_loss 1.223 val_acc@1 70.670 val_acc@5 91.740
epoch 214 train_loss 0.555 train_acc@1 83.028 train_acc@5 97.296 val_loss 1.212 val_acc@1 70.390 val_acc@5 91.940
epoch 215 train_loss 0.541 train_acc@1 83.260 train_acc@5 97.472 val_loss 1.222 val_acc@1 70.600 val_acc@5 91.820
epoch 216 train_loss 0.546 train_acc@1 83.162 train_acc@5 97.394 val_loss 1.223 val_acc@1 70.770 val_acc@5 91.720
epoch 217 train_loss 0.542 train_acc@1 83.292 train_acc@5 97.350 val_loss 1.228 val_acc@1 70.790 val_acc@5 91.650
epoch 218 train_loss 0.556 train_acc@1 82.796 train_acc@5 97.330 val_loss 1.209 val_acc@1 70.910 val_acc@5 91.430
epoch 219 train_loss 0.551 train_acc@1 83.088 train_acc@5 97.214 val_loss 1.225 val_acc@1 70.620 val_acc@5 91.880
epoch 220 train_loss 0.556 train_acc@1 82.820 train_acc@5 97.306 val_loss 1.251 val_acc@1 70.400 val_acc@5 91.720
epoch 221 train_loss 0.545 train_acc@1 83.140 train_acc@5 97.330 val_loss 1.231 val_acc@1 70.830 val_acc@5 91.720
epoch 222 train_loss 0.549 train_acc@1 82.948 train_acc@5 97.292 val_loss 1.237 val_acc@1 70.490 val_acc@5 91.620
epoch 223 train_loss 0.550 train_acc@1 83.038 train_acc@5 97.386 val_loss 1.246 val_acc@1 70.510 val_acc@5 91.540
epoch 224 train_loss 0.537 train_acc@1 83.594 train_acc@5 97.376 val_loss 1.222 val_acc@1 70.790 val_acc@5 91.990
epoch 225 train_loss 0.536 train_acc@1 83.460 train_acc@5 97.444 val_loss 1.213 val_acc@1 70.910 val_acc@5 91.770
epoch 226 train_loss 0.529 train_acc@1 83.550 train_acc@5 97.588 val_loss 1.252 val_acc@1 70.550 val_acc@5 91.600
epoch 227 train_loss 0.532 train_acc@1 83.642 train_acc@5 97.548 val_loss 1.213 val_acc@1 70.830 val_acc@5 91.840
epoch 228 train_loss 0.540 train_acc@1 83.544 train_acc@5 97.274 val_loss 1.227 val_acc@1 70.790 val_acc@5 91.700
epoch 229 train_loss 0.533 train_acc@1 83.536 train_acc@5 97.532 val_loss 1.245 val_acc@1 70.770 val_acc@5 91.780
epoch 230 train_loss 0.545 train_acc@1 83.272 train_acc@5 97.372 val_loss 1.251 val_acc@1 70.330 val_acc@5 91.660
epoch 231 train_loss 0.530 train_acc@1 83.670 train_acc@5 97.450 val_loss 1.208 val_acc@1 71.530 val_acc@5 92.050
epoch 232 train_loss 0.528 train_acc@1 83.754 train_acc@5 97.502 val_loss 1.234 val_acc@1 70.620 val_acc@5 91.790
epoch 233 train_loss 0.522 train_acc@1 84.122 train_acc@5 97.436 val_loss 1.220 val_acc@1 70.810 val_acc@5 91.690
epoch 234 train_loss 0.528 train_acc@1 83.626 train_acc@5 97.430 val_loss 1.254 val_acc@1 70.810 val_acc@5 91.860
epoch 235 train_loss 0.526 train_acc@1 83.728 train_acc@5 97.464 val_loss 1.244 val_acc@1 70.700 val_acc@5 91.490
epoch 236 train_loss 0.522 train_acc@1 84.084 train_acc@5 97.428 val_loss 1.221 val_acc@1 71.170 val_acc@5 91.670
epoch 237 train_loss 0.523 train_acc@1 83.976 train_acc@5 97.436 val_loss 1.227 val_acc@1 70.620 val_acc@5 91.620
epoch 238 train_loss 0.519 train_acc@1 83.946 train_acc@5 97.578 val_loss 1.231 val_acc@1 70.960 val_acc@5 92.030
epoch 239 train_loss 0.530 train_acc@1 83.670 train_acc@5 97.422 val_loss 1.214 val_acc@1 71.410 val_acc@5 91.950
epoch 240 train_loss 0.503 train_acc@1 84.432 train_acc@5 97.644 val_loss 1.229 val_acc@1 71.080 val_acc@5 91.840
epoch 241 train_loss 0.519 train_acc@1 84.332 train_acc@5 97.474 val_loss 1.265 val_acc@1 70.340 val_acc@5 91.550
epoch 242 train_loss 0.521 train_acc@1 84.078 train_acc@5 97.570 val_loss 1.226 val_acc@1 70.560 val_acc@5 91.960
epoch 243 train_loss 0.514 train_acc@1 84.146 train_acc@5 97.566 val_loss 1.234 val_acc@1 71.010 val_acc@5 91.770
epoch 244 train_loss 0.503 train_acc@1 84.550 train_acc@5 97.644 val_loss 1.248 val_acc@1 71.140 val_acc@5 91.740
epoch 245 train_loss 0.506 train_acc@1 84.364 train_acc@5 97.642 val_loss 1.232 val_acc@1 70.740 val_acc@5 91.910
epoch 246 train_loss 0.507 train_acc@1 84.270 train_acc@5 97.650 val_loss 1.254 val_acc@1 70.620 val_acc@5 91.500
epoch 247 train_loss 0.504 train_acc@1 84.420 train_acc@5 97.640 val_loss 1.219 val_acc@1 70.860 val_acc@5 91.930
epoch 248 train_loss 0.510 train_acc@1 84.286 train_acc@5 97.618 val_loss 1.243 val_acc@1 70.890 val_acc@5 91.660
epoch 249 train_loss 0.506 train_acc@1 84.554 train_acc@5 97.580 val_loss 1.250 val_acc@1 70.820 val_acc@5 91.660
epoch 250 train_loss 0.496 train_acc@1 84.560 train_acc@5 97.694 val_loss 1.240 val_acc@1 71.230 val_acc@5 91.740
epoch 251 train_loss 0.498 train_acc@1 84.592 train_acc@5 97.704 val_loss 1.246 val_acc@1 70.600 val_acc@5 92.000
epoch 252 train_loss 0.502 train_acc@1 84.556 train_acc@5 97.654 val_loss 1.261 val_acc@1 70.640 val_acc@5 91.790
epoch 253 train_loss 0.500 train_acc@1 84.756 train_acc@5 97.524 val_loss 1.260 val_acc@1 70.390 val_acc@5 91.740
epoch 254 train_loss 0.492 train_acc@1 84.942 train_acc@5 97.678 val_loss 1.249 val_acc@1 71.150 val_acc@5 92.100
epoch 255 train_loss 0.500 train_acc@1 84.692 train_acc@5 97.620 val_loss 1.244 val_acc@1 70.920 val_acc@5 91.990
epoch 256 train_loss 0.490 train_acc@1 84.900 train_acc@5 97.784 val_loss 1.234 val_acc@1 71.310 val_acc@5 91.810
epoch 257 train_loss 0.486 train_acc@1 84.944 train_acc@5 97.802 val_loss 1.247 val_acc@1 70.940 val_acc@5 91.830
epoch 258 train_loss 0.488 train_acc@1 84.782 train_acc@5 97.766 val_loss 1.270 val_acc@1 70.660 val_acc@5 91.750
epoch 259 train_loss 0.489 train_acc@1 84.982 train_acc@5 97.726 val_loss 1.251 val_acc@1 70.790 val_acc@5 91.550
epoch 260 train_loss 0.486 train_acc@1 85.106 train_acc@5 97.788 val_loss 1.242 val_acc@1 71.030 val_acc@5 91.950
epoch 261 train_loss 0.484 train_acc@1 84.896 train_acc@5 97.782 val_loss 1.252 val_acc@1 71.330 val_acc@5 91.910
epoch 262 train_loss 0.485 train_acc@1 85.194 train_acc@5 97.736 val_loss 1.248 val_acc@1 71.130 val_acc@5 91.940
epoch 263 train_loss 0.482 train_acc@1 85.228 train_acc@5 97.744 val_loss 1.221 val_acc@1 71.320 val_acc@5 92.060
epoch 264 train_loss 0.482 train_acc@1 85.104 train_acc@5 97.702 val_loss 1.235 val_acc@1 71.160 val_acc@5 91.990
epoch 265 train_loss 0.476 train_acc@1 85.328 train_acc@5 97.784 val_loss 1.237 val_acc@1 70.440 val_acc@5 91.860
epoch 266 train_loss 0.472 train_acc@1 85.470 train_acc@5 97.862 val_loss 1.240 val_acc@1 71.230 val_acc@5 91.940
epoch 267 train_loss 0.479 train_acc@1 85.348 train_acc@5 97.790 val_loss 1.259 val_acc@1 70.940 val_acc@5 91.700
epoch 268 train_loss 0.476 train_acc@1 85.402 train_acc@5 97.786 val_loss 1.269 val_acc@1 71.150 val_acc@5 91.820
epoch 269 train_loss 0.477 train_acc@1 85.468 train_acc@5 97.810 val_loss 1.242 val_acc@1 71.220 val_acc@5 92.240
epoch 270 train_loss 0.465 train_acc@1 85.598 train_acc@5 97.844 val_loss 1.252 val_acc@1 71.160 val_acc@5 92.170
epoch 271 train_loss 0.464 train_acc@1 85.904 train_acc@5 97.884 val_loss 1.251 val_acc@1 70.500 val_acc@5 91.780
epoch 272 train_loss 0.468 train_acc@1 85.506 train_acc@5 97.910 val_loss 1.234 val_acc@1 71.640 val_acc@5 92.200
epoch 273 train_loss 0.460 train_acc@1 85.800 train_acc@5 97.900 val_loss 1.262 val_acc@1 71.150 val_acc@5 91.830
epoch 274 train_loss 0.465 train_acc@1 85.658 train_acc@5 97.980 val_loss 1.279 val_acc@1 71.200 val_acc@5 91.860
epoch 275 train_loss 0.461 train_acc@1 85.746 train_acc@5 97.900 val_loss 1.261 val_acc@1 71.370 val_acc@5 92.150
epoch 276 train_loss 0.464 train_acc@1 85.604 train_acc@5 97.898 val_loss 1.267 val_acc@1 70.870 val_acc@5 91.910
epoch 277 train_loss 0.464 train_acc@1 85.626 train_acc@5 97.898 val_loss 1.235 val_acc@1 71.250 val_acc@5 91.950
epoch 278 train_loss 0.458 train_acc@1 85.920 train_acc@5 97.892 val_loss 1.245 val_acc@1 71.300 val_acc@5 92.000
epoch 279 train_loss 0.451 train_acc@1 86.166 train_acc@5 97.984 val_loss 1.253 val_acc@1 71.430 val_acc@5 91.650
epoch 280 train_loss 0.455 train_acc@1 85.856 train_acc@5 97.938 val_loss 1.249 val_acc@1 71.160 val_acc@5 91.780
epoch 281 train_loss 0.441 train_acc@1 86.394 train_acc@5 98.066 val_loss 1.240 val_acc@1 71.520 val_acc@5 92.000
epoch 282 train_loss 0.444 train_acc@1 86.278 train_acc@5 98.066 val_loss 1.261 val_acc@1 71.520 val_acc@5 91.790
epoch 283 train_loss 0.445 train_acc@1 86.304 train_acc@5 98.020 val_loss 1.251 val_acc@1 70.990 val_acc@5 91.960
epoch 284 train_loss 0.451 train_acc@1 85.962 train_acc@5 97.974 val_loss 1.276 val_acc@1 71.210 val_acc@5 91.990
epoch 285 train_loss 0.453 train_acc@1 86.100 train_acc@5 97.954 val_loss 1.256 val_acc@1 71.640 val_acc@5 91.730
epoch 286 train_loss 0.444 train_acc@1 86.322 train_acc@5 97.988 val_loss 1.265 val_acc@1 71.420 val_acc@5 91.950
epoch 287 train_loss 0.451 train_acc@1 86.240 train_acc@5 97.980 val_loss 1.258 val_acc@1 71.300 val_acc@5 91.770
epoch 288 train_loss 0.444 train_acc@1 86.336 train_acc@5 98.058 val_loss 1.248 val_acc@1 71.430 val_acc@5 92.180
epoch 289 train_loss 0.443 train_acc@1 86.350 train_acc@5 97.940 val_loss 1.267 val_acc@1 71.520 val_acc@5 92.080
epoch 290 train_loss 0.429 train_acc@1 86.638 train_acc@5 98.180 val_loss 1.278 val_acc@1 71.300 val_acc@5 92.170
epoch 291 train_loss 0.443 train_acc@1 86.282 train_acc@5 97.994 val_loss 1.242 val_acc@1 71.300 val_acc@5 92.230
epoch 292 train_loss 0.436 train_acc@1 86.578 train_acc@5 98.076 val_loss 1.242 val_acc@1 71.630 val_acc@5 91.830
epoch 293 train_loss 0.434 train_acc@1 86.742 train_acc@5 97.952 val_loss 1.244 val_acc@1 70.940 val_acc@5 92.230
epoch 294 train_loss 0.429 train_acc@1 86.876 train_acc@5 98.052 val_loss 1.257 val_acc@1 71.310 val_acc@5 92.060
epoch 295 train_loss 0.439 train_acc@1 86.448 train_acc@5 98.032 val_loss 1.254 val_acc@1 71.440 val_acc@5 92.000
epoch 296 train_loss 0.423 train_acc@1 86.786 train_acc@5 98.202 val_loss 1.253 val_acc@1 71.320 val_acc@5 92.210
epoch 297 train_loss 0.425 train_acc@1 86.942 train_acc@5 98.178 val_loss 1.266 val_acc@1 71.300 val_acc@5 91.860
epoch 298 train_loss 0.430 train_acc@1 86.746 train_acc@5 98.216 val_loss 1.259 val_acc@1 72.030 val_acc@5 91.990
epoch 299 train_loss 0.422 train_acc@1 87.146 train_acc@5 98.142 val_loss 1.251 val_acc@1 71.650 val_acc@5 92.000
epoch 300 train_loss 0.424 train_acc@1 86.830 train_acc@5 98.166 val_loss 1.262 val_acc@1 71.450 val_acc@5 91.970
epoch 301 train_loss 0.423 train_acc@1 87.066 train_acc@5 98.162 val_loss 1.270 val_acc@1 71.920 val_acc@5 92.180
epoch 302 train_loss 0.419 train_acc@1 87.214 train_acc@5 98.162 val_loss 1.241 val_acc@1 71.700 val_acc@5 92.030
epoch 303 train_loss 0.422 train_acc@1 87.060 train_acc@5 98.100 val_loss 1.273 val_acc@1 71.670 val_acc@5 91.750
epoch 304 train_loss 0.419 train_acc@1 87.212 train_acc@5 98.096 val_loss 1.244 val_acc@1 71.630 val_acc@5 92.080
epoch 305 train_loss 0.417 train_acc@1 87.128 train_acc@5 98.188 val_loss 1.259 val_acc@1 71.340 val_acc@5 92.160
epoch 306 train_loss 0.412 train_acc@1 87.352 train_acc@5 98.262 val_loss 1.264 val_acc@1 71.970 val_acc@5 91.900
epoch 307 train_loss 0.412 train_acc@1 87.386 train_acc@5 98.214 val_loss 1.296 val_acc@1 71.350 val_acc@5 91.910
epoch 308 train_loss 0.423 train_acc@1 86.972 train_acc@5 98.054 val_loss 1.249 val_acc@1 71.720 val_acc@5 92.120
epoch 309 train_loss 0.405 train_acc@1 87.752 train_acc@5 98.182 val_loss 1.255 val_acc@1 71.700 val_acc@5 92.190
epoch 310 train_loss 0.405 train_acc@1 87.644 train_acc@5 98.200 val_loss 1.272 val_acc@1 71.380 val_acc@5 92.200
epoch 311 train_loss 0.406 train_acc@1 87.488 train_acc@5 98.254 val_loss 1.270 val_acc@1 71.390 val_acc@5 91.930
epoch 312 train_loss 0.406 train_acc@1 87.592 train_acc@5 98.240 val_loss 1.271 val_acc@1 71.500 val_acc@5 92.060
epoch 313 train_loss 0.406 train_acc@1 87.644 train_acc@5 98.214 val_loss 1.266 val_acc@1 71.250 val_acc@5 91.790
epoch 314 train_loss 0.405 train_acc@1 87.548 train_acc@5 98.246 val_loss 1.265 val_acc@1 71.580 val_acc@5 91.840
epoch 315 train_loss 0.400 train_acc@1 87.762 train_acc@5 98.238 val_loss 1.235 val_acc@1 72.140 val_acc@5 92.140
epoch 316 train_loss 0.390 train_acc@1 88.092 train_acc@5 98.270 val_loss 1.249 val_acc@1 72.220 val_acc@5 92.110
epoch 317 train_loss 0.400 train_acc@1 87.724 train_acc@5 98.266 val_loss 1.274 val_acc@1 71.730 val_acc@5 92.020
epoch 318 train_loss 0.394 train_acc@1 87.872 train_acc@5 98.298 val_loss 1.279 val_acc@1 71.460 val_acc@5 92.070
epoch 319 train_loss 0.384 train_acc@1 88.250 train_acc@5 98.408 val_loss 1.289 val_acc@1 71.620 val_acc@5 91.820
epoch 320 train_loss 0.388 train_acc@1 88.210 train_acc@5 98.346 val_loss 1.274 val_acc@1 72.090 val_acc@5 92.090
epoch 321 train_loss 0.391 train_acc@1 88.028 train_acc@5 98.306 val_loss 1.287 val_acc@1 71.600 val_acc@5 91.780
epoch 322 train_loss 0.389 train_acc@1 88.144 train_acc@5 98.320 val_loss 1.269 val_acc@1 71.280 val_acc@5 92.160
epoch 323 train_loss 0.384 train_acc@1 88.226 train_acc@5 98.340 val_loss 1.276 val_acc@1 72.040 val_acc@5 91.900
epoch 324 train_loss 0.378 train_acc@1 88.450 train_acc@5 98.386 val_loss 1.264 val_acc@1 71.970 val_acc@5 92.070
epoch 325 train_loss 0.376 train_acc@1 88.458 train_acc@5 98.376 val_loss 1.269 val_acc@1 71.880 val_acc@5 91.770
epoch 326 train_loss 0.382 train_acc@1 88.158 train_acc@5 98.448 val_loss 1.258 val_acc@1 72.260 val_acc@5 92.250
epoch 327 train_loss 0.376 train_acc@1 88.558 train_acc@5 98.420 val_loss 1.264 val_acc@1 71.670 val_acc@5 92.090
epoch 328 train_loss 0.382 train_acc@1 88.438 train_acc@5 98.436 val_loss 1.253 val_acc@1 71.870 val_acc@5 92.080
epoch 329 train_loss 0.376 train_acc@1 88.458 train_acc@5 98.406 val_loss 1.266 val_acc@1 71.580 val_acc@5 91.910
epoch 330 train_loss 0.376 train_acc@1 88.436 train_acc@5 98.416 val_loss 1.274 val_acc@1 71.450 val_acc@5 91.680
epoch 331 train_loss 0.380 train_acc@1 88.252 train_acc@5 98.388 val_loss 1.269 val_acc@1 71.300 val_acc@5 92.080
epoch 332 train_loss 0.383 train_acc@1 88.318 train_acc@5 98.372 val_loss 1.267 val_acc@1 71.710 val_acc@5 92.050
epoch 333 train_loss 0.371 train_acc@1 88.586 train_acc@5 98.478 val_loss 1.249 val_acc@1 72.360 val_acc@5 92.200
epoch 334 train_loss 0.358 train_acc@1 89.068 train_acc@5 98.472 val_loss 1.251 val_acc@1 72.100 val_acc@5 92.090
epoch 335 train_loss 0.367 train_acc@1 88.672 train_acc@5 98.460 val_loss 1.269 val_acc@1 72.180 val_acc@5 92.370
epoch 336 train_loss 0.362 train_acc@1 88.940 train_acc@5 98.510 val_loss 1.273 val_acc@1 71.840 val_acc@5 91.830
epoch 337 train_loss 0.353 train_acc@1 89.412 train_acc@5 98.560 val_loss 1.273 val_acc@1 71.920 val_acc@5 91.970
epoch 338 train_loss 0.362 train_acc@1 88.864 train_acc@5 98.492 val_loss 1.274 val_acc@1 72.210 val_acc@5 91.900
epoch 339 train_loss 0.366 train_acc@1 88.886 train_acc@5 98.458 val_loss 1.265 val_acc@1 72.320 val_acc@5 92.290
epoch 340 train_loss 0.352 train_acc@1 89.208 train_acc@5 98.494 val_loss 1.262 val_acc@1 71.640 val_acc@5 92.000
epoch 341 train_loss 0.357 train_acc@1 88.982 train_acc@5 98.460 val_loss 1.278 val_acc@1 71.890 val_acc@5 92.020
epoch 342 train_loss 0.359 train_acc@1 89.060 train_acc@5 98.532 val_loss 1.253 val_acc@1 72.270 val_acc@5 92.370
epoch 343 train_loss 0.349 train_acc@1 89.334 train_acc@5 98.578 val_loss 1.258 val_acc@1 72.250 val_acc@5 92.280
epoch 344 train_loss 0.360 train_acc@1 88.890 train_acc@5 98.478 val_loss 1.260 val_acc@1 71.840 val_acc@5 92.440
epoch 345 train_loss 0.353 train_acc@1 89.142 train_acc@5 98.410 val_loss 1.272 val_acc@1 72.370 val_acc@5 92.190
epoch 346 train_loss 0.350 train_acc@1 89.256 train_acc@5 98.504 val_loss 1.260 val_acc@1 71.960 val_acc@5 92.250
epoch 347 train_loss 0.351 train_acc@1 89.112 train_acc@5 98.530 val_loss 1.280 val_acc@1 72.110 val_acc@5 92.280
epoch 348 train_loss 0.348 train_acc@1 89.398 train_acc@5 98.550 val_loss 1.262 val_acc@1 72.320 val_acc@5 92.050
epoch 349 train_loss 0.344 train_acc@1 89.424 train_acc@5 98.546 val_loss 1.267 val_acc@1 72.440 val_acc@5 92.190
epoch 350 train_loss 0.340 train_acc@1 89.538 train_acc@5 98.578 val_loss 1.266 val_acc@1 72.110 val_acc@5 92.300
epoch 351 train_loss 0.335 train_acc@1 89.616 train_acc@5 98.700 val_loss 1.274 val_acc@1 72.030 val_acc@5 91.900
epoch 352 train_loss 0.329 train_acc@1 89.896 train_acc@5 98.710 val_loss 1.265 val_acc@1 72.380 val_acc@5 92.180
epoch 353 train_loss 0.327 train_acc@1 89.988 train_acc@5 98.740 val_loss 1.276 val_acc@1 72.280 val_acc@5 92.020
epoch 354 train_loss 0.333 train_acc@1 89.826 train_acc@5 98.608 val_loss 1.272 val_acc@1 72.000 val_acc@5 92.170
epoch 355 train_loss 0.334 train_acc@1 89.788 train_acc@5 98.622 val_loss 1.291 val_acc@1 72.090 val_acc@5 92.080
epoch 356 train_loss 0.334 train_acc@1 89.784 train_acc@5 98.632 val_loss 1.280 val_acc@1 72.150 val_acc@5 92.110
epoch 357 train_loss 0.331 train_acc@1 89.882 train_acc@5 98.638 val_loss 1.274 val_acc@1 72.270 val_acc@5 92.200
epoch 358 train_loss 0.325 train_acc@1 89.992 train_acc@5 98.680 val_loss 1.261 val_acc@1 72.350 val_acc@5 92.000
epoch 359 train_loss 0.317 train_acc@1 90.260 train_acc@5 98.750 val_loss 1.276 val_acc@1 72.240 val_acc@5 92.150
epoch 360 train_loss 0.322 train_acc@1 90.252 train_acc@5 98.626 val_loss 1.295 val_acc@1 72.070 val_acc@5 92.150
epoch 361 train_loss 0.318 train_acc@1 90.506 train_acc@5 98.606 val_loss 1.271 val_acc@1 72.580 val_acc@5 92.030
epoch 362 train_loss 0.315 train_acc@1 90.420 train_acc@5 98.738 val_loss 1.272 val_acc@1 72.420 val_acc@5 91.960
epoch 363 train_loss 0.312 train_acc@1 90.434 train_acc@5 98.824 val_loss 1.268 val_acc@1 72.430 val_acc@5 92.130
epoch 364 train_loss 0.309 train_acc@1 90.536 train_acc@5 98.780 val_loss 1.278 val_acc@1 72.340 val_acc@5 91.890
epoch 365 train_loss 0.308 train_acc@1 90.576 train_acc@5 98.716 val_loss 1.262 val_acc@1 72.410 val_acc@5 91.900
epoch 366 train_loss 0.304 train_acc@1 90.738 train_acc@5 98.822 val_loss 1.258 val_acc@1 72.110 val_acc@5 92.260
epoch 367 train_loss 0.305 train_acc@1 90.728 train_acc@5 98.844 val_loss 1.282 val_acc@1 72.040 val_acc@5 92.090
epoch 368 train_loss 0.302 train_acc@1 90.760 train_acc@5 98.836 val_loss 1.282 val_acc@1 71.920 val_acc@5 92.350
epoch 369 train_loss 0.310 train_acc@1 90.702 train_acc@5 98.740 val_loss 1.271 val_acc@1 72.330 val_acc@5 92.200
epoch 370 train_loss 0.301 train_acc@1 90.900 train_acc@5 98.714 val_loss 1.262 val_acc@1 72.770 val_acc@5 92.390
epoch 371 train_loss 0.297 train_acc@1 90.956 train_acc@5 98.836 val_loss 1.265 val_acc@1 72.940 val_acc@5 92.410
epoch 372 train_loss 0.292 train_acc@1 91.004 train_acc@5 98.890 val_loss 1.276 val_acc@1 72.690 val_acc@5 92.270
epoch 373 train_loss 0.293 train_acc@1 91.034 train_acc@5 98.860 val_loss 1.255 val_acc@1 72.960 val_acc@5 92.090
epoch 374 train_loss 0.286 train_acc@1 91.324 train_acc@5 98.932 val_loss 1.268 val_acc@1 72.880 val_acc@5 92.310
epoch 375 train_loss 0.294 train_acc@1 91.022 train_acc@5 98.844 val_loss 1.276 val_acc@1 72.790 val_acc@5 92.190
epoch 376 train_loss 0.287 train_acc@1 91.192 train_acc@5 98.908 val_loss 1.267 val_acc@1 72.420 val_acc@5 92.510
epoch 377 train_loss 0.283 train_acc@1 91.442 train_acc@5 98.914 val_loss 1.272 val_acc@1 72.510 val_acc@5 92.170
epoch 378 train_loss 0.276 train_acc@1 91.660 train_acc@5 98.946 val_loss 1.272 val_acc@1 72.580 val_acc@5 92.310
epoch 379 train_loss 0.277 train_acc@1 91.518 train_acc@5 98.902 val_loss 1.262 val_acc@1 73.100 val_acc@5 92.250
epoch 380 train_loss 0.270 train_acc@1 91.728 train_acc@5 98.954 val_loss 1.269 val_acc@1 72.460 val_acc@5 92.290
epoch 381 train_loss 0.272 train_acc@1 91.714 train_acc@5 98.926 val_loss 1.261 val_acc@1 73.000 val_acc@5 92.440
epoch 382 train_loss 0.265 train_acc@1 91.840 train_acc@5 98.948 val_loss 1.274 val_acc@1 73.260 val_acc@5 92.690
epoch 383 train_loss 0.265 train_acc@1 91.990 train_acc@5 98.942 val_loss 1.271 val_acc@1 72.510 val_acc@5 92.320
epoch 384 train_loss 0.264 train_acc@1 92.002 train_acc@5 98.984 val_loss 1.268 val_acc@1 73.150 val_acc@5 92.340
epoch 385 train_loss 0.273 train_acc@1 91.728 train_acc@5 98.900 val_loss 1.269 val_acc@1 72.730 val_acc@5 92.130
epoch 386 train_loss 0.259 train_acc@1 92.056 train_acc@5 98.952 val_loss 1.273 val_acc@1 73.060 val_acc@5 92.510
epoch 387 train_loss 0.262 train_acc@1 92.150 train_acc@5 98.990 val_loss 1.268 val_acc@1 72.810 val_acc@5 92.520
epoch 388 train_loss 0.263 train_acc@1 92.034 train_acc@5 98.986 val_loss 1.286 val_acc@1 73.100 val_acc@5 92.160
epoch 389 train_loss 0.260 train_acc@1 92.104 train_acc@5 98.928 val_loss 1.271 val_acc@1 73.090 val_acc@5 92.560
epoch 390 train_loss 0.255 train_acc@1 92.288 train_acc@5 99.092 val_loss 1.272 val_acc@1 73.120 val_acc@5 92.290
epoch 391 train_loss 0.252 train_acc@1 92.390 train_acc@5 99.004 val_loss 1.261 val_acc@1 72.970 val_acc@5 92.340
epoch 392 train_loss 0.248 train_acc@1 92.546 train_acc@5 99.050 val_loss 1.258 val_acc@1 73.170 val_acc@5 92.070
epoch 393 train_loss 0.247 train_acc@1 92.636 train_acc@5 99.096 val_loss 1.254 val_acc@1 73.440 val_acc@5 92.470
epoch 394 train_loss 0.246 train_acc@1 92.524 train_acc@5 99.084 val_loss 1.254 val_acc@1 73.460 val_acc@5 92.430
epoch 395 train_loss 0.244 train_acc@1 92.678 train_acc@5 99.052 val_loss 1.252 val_acc@1 73.320 val_acc@5 92.660
epoch 396 train_loss 0.239 train_acc@1 92.878 train_acc@5 99.116 val_loss 1.248 val_acc@1 73.680 val_acc@5 92.370
epoch 397 train_loss 0.237 train_acc@1 92.944 train_acc@5 99.120 val_loss 1.245 val_acc@1 73.650 val_acc@5 92.530
epoch 398 train_loss 0.240 train_acc@1 92.774 train_acc@5 98.990 val_loss 1.247 val_acc@1 73.360 val_acc@5 92.400
epoch 399 train_loss 0.232 train_acc@1 92.986 train_acc@5 99.150 val_loss 1.244 val_acc@1 73.310 val_acc@5 92.440
