epoch 0 train_loss 4.148 train_acc@1 7.558 train_acc@5 25.020 val_loss 3.622 val_acc@1 14.460 val_acc@5 39.110
epoch 1 train_loss 3.592 train_acc@1 14.750 train_acc@5 39.638 val_loss 3.430 val_acc@1 18.020 val_acc@5 45.290
epoch 2 train_loss 3.266 train_acc@1 20.054 train_acc@5 48.800 val_loss 2.926 val_acc@1 26.830 val_acc@5 56.880
epoch 3 train_loss 3.003 train_acc@1 24.828 train_acc@5 55.348 val_loss 2.718 val_acc@1 29.800 val_acc@5 62.660
epoch 4 train_loss 2.802 train_acc@1 28.478 train_acc@5 60.326 val_loss 2.615 val_acc@1 31.520 val_acc@5 65.190
epoch 5 train_loss 2.643 train_acc@1 31.568 train_acc@5 64.246 val_loss 2.492 val_acc@1 35.550 val_acc@5 68.110
epoch 6 train_loss 2.515 train_acc@1 34.426 train_acc@5 67.290 val_loss 2.298 val_acc@1 38.940 val_acc@5 72.170
epoch 7 train_loss 2.416 train_acc@1 36.260 train_acc@5 69.240 val_loss 2.214 val_acc@1 41.240 val_acc@5 73.890
epoch 8 train_loss 2.316 train_acc@1 38.326 train_acc@5 71.764 val_loss 2.199 val_acc@1 41.100 val_acc@5 74.450
epoch 9 train_loss 2.250 train_acc@1 39.880 train_acc@5 72.844 val_loss 2.135 val_acc@1 42.500 val_acc@5 75.440
epoch 10 train_loss 2.190 train_acc@1 41.416 train_acc@5 74.058 val_loss 2.047 val_acc@1 44.840 val_acc@5 76.850
epoch 11 train_loss 2.123 train_acc@1 42.692 train_acc@5 75.192 val_loss 2.063 val_acc@1 44.300 val_acc@5 77.040
epoch 12 train_loss 2.083 train_acc@1 43.690 train_acc@5 75.932 val_loss 1.839 val_acc@1 49.730 val_acc@5 80.380
epoch 13 train_loss 2.017 train_acc@1 45.236 train_acc@5 77.504 val_loss 1.868 val_acc@1 48.920 val_acc@5 80.040
epoch 14 train_loss 1.986 train_acc@1 46.020 train_acc@5 78.000 val_loss 1.785 val_acc@1 51.180 val_acc@5 81.650
epoch 15 train_loss 1.929 train_acc@1 47.426 train_acc@5 78.936 val_loss 1.791 val_acc@1 51.010 val_acc@5 81.200
epoch 16 train_loss 1.876 train_acc@1 48.678 train_acc@5 80.142 val_loss 1.729 val_acc@1 53.020 val_acc@5 82.430
epoch 17 train_loss 1.825 train_acc@1 49.868 train_acc@5 80.826 val_loss 1.651 val_acc@1 54.290 val_acc@5 83.810
epoch 18 train_loss 1.798 train_acc@1 50.236 train_acc@5 81.326 val_loss 1.703 val_acc@1 53.430 val_acc@5 83.530
epoch 19 train_loss 1.758 train_acc@1 51.388 train_acc@5 82.006 val_loss 1.542 val_acc@1 56.980 val_acc@5 85.230
epoch 20 train_loss 1.718 train_acc@1 52.554 train_acc@5 82.680 val_loss 1.571 val_acc@1 56.220 val_acc@5 84.840
epoch 21 train_loss 1.677 train_acc@1 53.644 train_acc@5 83.446 val_loss 1.553 val_acc@1 56.550 val_acc@5 85.350
epoch 22 train_loss 1.649 train_acc@1 54.058 train_acc@5 83.820 val_loss 1.572 val_acc@1 56.310 val_acc@5 85.420
epoch 23 train_loss 1.619 train_acc@1 55.148 train_acc@5 84.122 val_loss 1.492 val_acc@1 58.620 val_acc@5 86.150
epoch 24 train_loss 1.592 train_acc@1 55.666 train_acc@5 84.656 val_loss 1.474 val_acc@1 58.430 val_acc@5 86.470
epoch 25 train_loss 1.564 train_acc@1 56.354 train_acc@5 85.116 val_loss 1.457 val_acc@1 58.790 val_acc@5 86.860
epoch 26 train_loss 1.530 train_acc@1 57.158 train_acc@5 85.770 val_loss 1.464 val_acc@1 58.850 val_acc@5 86.410
epoch 27 train_loss 1.508 train_acc@1 57.682 train_acc@5 85.898 val_loss 1.423 val_acc@1 59.780 val_acc@5 87.530
epoch 28 train_loss 1.494 train_acc@1 58.004 train_acc@5 86.048 val_loss 1.433 val_acc@1 59.870 val_acc@5 87.660
epoch 29 train_loss 1.465 train_acc@1 58.678 train_acc@5 86.558 val_loss 1.373 val_acc@1 60.870 val_acc@5 88.230
epoch 30 train_loss 1.442 train_acc@1 59.348 train_acc@5 87.124 val_loss 1.385 val_acc@1 60.860 val_acc@5 88.240
epoch 31 train_loss 1.414 train_acc@1 59.972 train_acc@5 87.422 val_loss 1.355 val_acc@1 61.490 val_acc@5 88.550
epoch 32 train_loss 1.402 train_acc@1 60.448 train_acc@5 87.336 val_loss 1.358 val_acc@1 62.100 val_acc@5 88.120
epoch 33 train_loss 1.378 train_acc@1 60.912 train_acc@5 88.040 val_loss 1.323 val_acc@1 62.350 val_acc@5 88.560
epoch 34 train_loss 1.370 train_acc@1 61.532 train_acc@5 88.052 val_loss 1.325 val_acc@1 62.890 val_acc@5 88.760
epoch 35 train_loss 1.343 train_acc@1 61.790 train_acc@5 88.598 val_loss 1.331 val_acc@1 62.570 val_acc@5 88.930
epoch 36 train_loss 1.325 train_acc@1 61.926 train_acc@5 88.858 val_loss 1.303 val_acc@1 62.740 val_acc@5 89.130
epoch 37 train_loss 1.313 train_acc@1 62.686 train_acc@5 88.860 val_loss 1.303 val_acc@1 63.270 val_acc@5 88.840
epoch 38 train_loss 1.298 train_acc@1 62.764 train_acc@5 89.160 val_loss 1.277 val_acc@1 63.670 val_acc@5 89.230
epoch 39 train_loss 1.273 train_acc@1 63.374 train_acc@5 89.498 val_loss 1.238 val_acc@1 64.350 val_acc@5 90.010
epoch 40 train_loss 1.254 train_acc@1 64.178 train_acc@5 89.564 val_loss 1.262 val_acc@1 64.260 val_acc@5 89.700
epoch 41 train_loss 1.248 train_acc@1 64.158 train_acc@5 89.798 val_loss 1.238 val_acc@1 64.390 val_acc@5 89.980
epoch 42 train_loss 1.234 train_acc@1 64.496 train_acc@5 89.740 val_loss 1.263 val_acc@1 64.180 val_acc@5 89.690
epoch 43 train_loss 1.214 train_acc@1 65.004 train_acc@5 90.310 val_loss 1.251 val_acc@1 64.560 val_acc@5 89.590
epoch 44 train_loss 1.213 train_acc@1 64.864 train_acc@5 90.204 val_loss 1.217 val_acc@1 65.400 val_acc@5 89.990
epoch 45 train_loss 1.201 train_acc@1 65.370 train_acc@5 90.182 val_loss 1.236 val_acc@1 65.090 val_acc@5 89.990
epoch 46 train_loss 1.186 train_acc@1 65.954 train_acc@5 90.566 val_loss 1.227 val_acc@1 65.300 val_acc@5 90.020
epoch 47 train_loss 1.175 train_acc@1 66.082 train_acc@5 90.728 val_loss 1.222 val_acc@1 65.050 val_acc@5 89.950
epoch 48 train_loss 1.159 train_acc@1 66.656 train_acc@5 90.924 val_loss 1.200 val_acc@1 66.030 val_acc@5 90.440
epoch 49 train_loss 1.162 train_acc@1 66.294 train_acc@5 90.892 val_loss 1.227 val_acc@1 65.840 val_acc@5 90.010
epoch 50 train_loss 1.143 train_acc@1 67.002 train_acc@5 91.190 val_loss 1.190 val_acc@1 66.120 val_acc@5 90.580
epoch 51 train_loss 1.124 train_acc@1 67.542 train_acc@5 91.282 val_loss 1.202 val_acc@1 66.140 val_acc@5 90.590
epoch 52 train_loss 1.121 train_acc@1 67.238 train_acc@5 91.326 val_loss 1.188 val_acc@1 66.260 val_acc@5 90.450
epoch 53 train_loss 1.102 train_acc@1 67.746 train_acc@5 91.734 val_loss 1.197 val_acc@1 66.350 val_acc@5 90.470
epoch 54 train_loss 1.116 train_acc@1 67.456 train_acc@5 91.438 val_loss 1.185 val_acc@1 67.210 val_acc@5 90.520
epoch 55 train_loss 1.104 train_acc@1 67.782 train_acc@5 91.574 val_loss 1.182 val_acc@1 66.900 val_acc@5 90.370
epoch 56 train_loss 1.081 train_acc@1 68.408 train_acc@5 92.014 val_loss 1.179 val_acc@1 66.890 val_acc@5 90.610
epoch 57 train_loss 1.066 train_acc@1 68.848 train_acc@5 92.030 val_loss 1.205 val_acc@1 66.180 val_acc@5 89.930
epoch 58 train_loss 1.067 train_acc@1 69.016 train_acc@5 92.092 val_loss 1.186 val_acc@1 67.130 val_acc@5 90.140
epoch 59 train_loss 1.062 train_acc@1 69.030 train_acc@5 92.118 val_loss 1.191 val_acc@1 66.640 val_acc@5 90.420
epoch 60 train_loss 1.054 train_acc@1 69.136 train_acc@5 92.006 val_loss 1.198 val_acc@1 66.720 val_acc@5 90.190
epoch 61 train_loss 1.034 train_acc@1 69.608 train_acc@5 92.528 val_loss 1.185 val_acc@1 66.420 val_acc@5 90.650
epoch 62 train_loss 1.026 train_acc@1 69.980 train_acc@5 92.652 val_loss 1.174 val_acc@1 67.280 val_acc@5 91.100
epoch 63 train_loss 1.018 train_acc@1 70.260 train_acc@5 92.554 val_loss 1.189 val_acc@1 66.990 val_acc@5 90.480
epoch 64 train_loss 1.015 train_acc@1 70.118 train_acc@5 92.692 val_loss 1.199 val_acc@1 66.500 val_acc@5 90.640
epoch 65 train_loss 1.002 train_acc@1 70.560 train_acc@5 92.944 val_loss 1.165 val_acc@1 67.430 val_acc@5 90.920
epoch 66 train_loss 1.007 train_acc@1 70.460 train_acc@5 92.894 val_loss 1.180 val_acc@1 67.600 val_acc@5 90.670
epoch 67 train_loss 0.994 train_acc@1 70.730 train_acc@5 92.904 val_loss 1.202 val_acc@1 66.960 val_acc@5 90.530
epoch 68 train_loss 0.994 train_acc@1 70.822 train_acc@5 92.856 val_loss 1.209 val_acc@1 66.930 val_acc@5 90.910
epoch 69 train_loss 0.983 train_acc@1 70.850 train_acc@5 93.242 val_loss 1.167 val_acc@1 67.690 val_acc@5 90.940
epoch 70 train_loss 0.964 train_acc@1 71.586 train_acc@5 93.322 val_loss 1.196 val_acc@1 67.870 val_acc@5 90.820
epoch 71 train_loss 0.966 train_acc@1 71.576 train_acc@5 93.360 val_loss 1.159 val_acc@1 68.020 val_acc@5 91.120
epoch 72 train_loss 0.959 train_acc@1 71.594 train_acc@5 93.388 val_loss 1.201 val_acc@1 67.220 val_acc@5 90.960
epoch 73 train_loss 0.952 train_acc@1 71.758 train_acc@5 93.426 val_loss 1.208 val_acc@1 67.110 val_acc@5 90.550
epoch 74 train_loss 0.957 train_acc@1 71.728 train_acc@5 93.502 val_loss 1.190 val_acc@1 67.950 val_acc@5 90.750
epoch 75 train_loss 0.940 train_acc@1 72.136 train_acc@5 93.636 val_loss 1.168 val_acc@1 68.290 val_acc@5 91.290
epoch 76 train_loss 0.946 train_acc@1 71.960 train_acc@5 93.530 val_loss 1.199 val_acc@1 67.910 val_acc@5 90.740
epoch 77 train_loss 0.923 train_acc@1 72.636 train_acc@5 93.858 val_loss 1.175 val_acc@1 68.190 val_acc@5 91.050
epoch 78 train_loss 0.932 train_acc@1 72.186 train_acc@5 93.762 val_loss 1.183 val_acc@1 67.900 val_acc@5 90.940
epoch 79 train_loss 0.921 train_acc@1 72.774 train_acc@5 93.724 val_loss 1.197 val_acc@1 67.460 val_acc@5 91.090
epoch 80 train_loss 0.920 train_acc@1 72.712 train_acc@5 93.876 val_loss 1.190 val_acc@1 67.420 val_acc@5 90.910
epoch 81 train_loss 0.912 train_acc@1 73.066 train_acc@5 93.940 val_loss 1.187 val_acc@1 67.990 val_acc@5 91.310
epoch 82 train_loss 0.902 train_acc@1 73.332 train_acc@5 93.916 val_loss 1.196 val_acc@1 67.200 val_acc@5 91.200
epoch 83 train_loss 0.903 train_acc@1 73.168 train_acc@5 93.956 val_loss 1.149 val_acc@1 68.970 val_acc@5 90.980
epoch 84 train_loss 0.898 train_acc@1 73.350 train_acc@5 94.088 val_loss 1.174 val_acc@1 68.060 val_acc@5 91.540
epoch 85 train_loss 0.893 train_acc@1 73.380 train_acc@5 94.156 val_loss 1.180 val_acc@1 68.460 val_acc@5 91.250
epoch 86 train_loss 0.893 train_acc@1 73.422 train_acc@5 94.116 val_loss 1.176 val_acc@1 68.390 val_acc@5 91.050
epoch 87 train_loss 0.878 train_acc@1 73.704 train_acc@5 94.412 val_loss 1.148 val_acc@1 69.500 val_acc@5 91.290
epoch 88 train_loss 0.880 train_acc@1 73.648 train_acc@5 94.334 val_loss 1.172 val_acc@1 68.430 val_acc@5 91.030
epoch 89 train_loss 0.874 train_acc@1 73.838 train_acc@5 94.378 val_loss 1.174 val_acc@1 68.410 val_acc@5 91.060
epoch 90 train_loss 0.878 train_acc@1 73.824 train_acc@5 94.284 val_loss 1.182 val_acc@1 67.920 val_acc@5 91.410
epoch 91 train_loss 0.854 train_acc@1 74.552 train_acc@5 94.376 val_loss 1.171 val_acc@1 68.880 val_acc@5 91.550
epoch 92 train_loss 0.866 train_acc@1 74.036 train_acc@5 94.440 val_loss 1.166 val_acc@1 68.800 val_acc@5 91.550
epoch 93 train_loss 0.862 train_acc@1 74.040 train_acc@5 94.510 val_loss 1.169 val_acc@1 68.970 val_acc@5 91.430
epoch 94 train_loss 0.854 train_acc@1 74.638 train_acc@5 94.504 val_loss 1.188 val_acc@1 68.460 val_acc@5 91.160
epoch 95 train_loss 0.849 train_acc@1 74.740 train_acc@5 94.688 val_loss 1.144 val_acc@1 69.040 val_acc@5 91.340
epoch 96 train_loss 0.842 train_acc@1 74.732 train_acc@5 94.632 val_loss 1.188 val_acc@1 68.790 val_acc@5 91.120
epoch 97 train_loss 0.837 train_acc@1 75.052 train_acc@5 94.630 val_loss 1.202 val_acc@1 68.250 val_acc@5 90.980
epoch 98 train_loss 0.833 train_acc@1 74.804 train_acc@5 94.782 val_loss 1.202 val_acc@1 68.640 val_acc@5 91.210
epoch 99 train_loss 0.830 train_acc@1 75.114 train_acc@5 94.870 val_loss 1.191 val_acc@1 68.620 val_acc@5 91.100
epoch 100 train_loss 0.832 train_acc@1 75.088 train_acc@5 94.756 val_loss 1.167 val_acc@1 68.750 val_acc@5 91.690
epoch 101 train_loss 0.816 train_acc@1 75.660 train_acc@5 95.034 val_loss 1.203 val_acc@1 68.690 val_acc@5 91.320
epoch 102 train_loss 0.826 train_acc@1 75.094 train_acc@5 94.864 val_loss 1.168 val_acc@1 69.060 val_acc@5 91.320
epoch 103 train_loss 0.820 train_acc@1 75.216 train_acc@5 95.008 val_loss 1.219 val_acc@1 68.170 val_acc@5 90.940
epoch 104 train_loss 0.816 train_acc@1 75.590 train_acc@5 94.852 val_loss 1.189 val_acc@1 68.960 val_acc@5 91.010
epoch 105 train_loss 0.808 train_acc@1 75.658 train_acc@5 94.946 val_loss 1.183 val_acc@1 68.890 val_acc@5 91.250
epoch 106 train_loss 0.815 train_acc@1 75.544 train_acc@5 94.990 val_loss 1.173 val_acc@1 69.080 val_acc@5 91.630
epoch 107 train_loss 0.795 train_acc@1 75.886 train_acc@5 95.108 val_loss 1.165 val_acc@1 69.410 val_acc@5 91.610
epoch 108 train_loss 0.804 train_acc@1 75.768 train_acc@5 94.992 val_loss 1.202 val_acc@1 68.880 val_acc@5 91.090
epoch 109 train_loss 0.799 train_acc@1 75.824 train_acc@5 95.128 val_loss 1.185 val_acc@1 69.130 val_acc@5 91.250
epoch 110 train_loss 0.794 train_acc@1 75.920 train_acc@5 95.110 val_loss 1.202 val_acc@1 69.120 val_acc@5 91.090
epoch 111 train_loss 0.791 train_acc@1 76.184 train_acc@5 95.238 val_loss 1.163 val_acc@1 69.690 val_acc@5 91.420
epoch 112 train_loss 0.785 train_acc@1 76.172 train_acc@5 95.226 val_loss 1.198 val_acc@1 68.560 val_acc@5 91.280
epoch 113 train_loss 0.788 train_acc@1 76.262 train_acc@5 95.190 val_loss 1.178 val_acc@1 69.400 val_acc@5 91.850
epoch 114 train_loss 0.786 train_acc@1 76.264 train_acc@5 95.308 val_loss 1.191 val_acc@1 68.790 val_acc@5 91.320
epoch 115 train_loss 0.774 train_acc@1 76.666 train_acc@5 95.426 val_loss 1.167 val_acc@1 69.400 val_acc@5 91.390
epoch 116 train_loss 0.779 train_acc@1 76.326 train_acc@5 95.226 val_loss 1.197 val_acc@1 68.990 val_acc@5 91.240
epoch 117 train_loss 0.773 train_acc@1 76.584 train_acc@5 95.376 val_loss 1.194 val_acc@1 69.090 val_acc@5 91.180
epoch 118 train_loss 0.761 train_acc@1 77.060 train_acc@5 95.530 val_loss 1.165 val_acc@1 69.550 val_acc@5 91.480
epoch 119 train_loss 0.764 train_acc@1 76.854 train_acc@5 95.510 val_loss 1.204 val_acc@1 68.340 val_acc@5 91.350
epoch 120 train_loss 0.758 train_acc@1 77.032 train_acc@5 95.550 val_loss 1.165 val_acc@1 69.460 val_acc@5 91.470
epoch 121 train_loss 0.756 train_acc@1 76.984 train_acc@5 95.746 val_loss 1.162 val_acc@1 69.670 val_acc@5 91.640
epoch 122 train_loss 0.752 train_acc@1 77.362 train_acc@5 95.576 val_loss 1.180 val_acc@1 68.890 val_acc@5 91.360
epoch 123 train_loss 0.752 train_acc@1 77.202 train_acc@5 95.600 val_loss 1.156 val_acc@1 69.970 val_acc@5 91.970
epoch 124 train_loss 0.753 train_acc@1 76.930 train_acc@5 95.696 val_loss 1.151 val_acc@1 69.980 val_acc@5 91.630
epoch 125 train_loss 0.748 train_acc@1 77.224 train_acc@5 95.680 val_loss 1.177 val_acc@1 69.400 val_acc@5 91.520
epoch 126 train_loss 0.735 train_acc@1 77.772 train_acc@5 95.770 val_loss 1.163 val_acc@1 69.970 val_acc@5 91.640
epoch 127 train_loss 0.737 train_acc@1 77.598 train_acc@5 95.654 val_loss 1.169 val_acc@1 69.590 val_acc@5 91.640
epoch 128 train_loss 0.738 train_acc@1 77.552 train_acc@5 95.660 val_loss 1.160 val_acc@1 70.350 val_acc@5 91.610
epoch 129 train_loss 0.735 train_acc@1 77.466 train_acc@5 95.598 val_loss 1.176 val_acc@1 69.780 val_acc@5 91.780
epoch 130 train_loss 0.739 train_acc@1 77.606 train_acc@5 95.652 val_loss 1.168 val_acc@1 70.170 val_acc@5 91.610
epoch 131 train_loss 0.724 train_acc@1 77.912 train_acc@5 95.930 val_loss 1.199 val_acc@1 69.880 val_acc@5 91.330
epoch 132 train_loss 0.728 train_acc@1 77.936 train_acc@5 95.788 val_loss 1.205 val_acc@1 68.860 val_acc@5 91.260
epoch 133 train_loss 0.730 train_acc@1 77.854 train_acc@5 95.826 val_loss 1.171 val_acc@1 69.930 val_acc@5 91.560
epoch 134 train_loss 0.723 train_acc@1 78.180 train_acc@5 95.880 val_loss 1.202 val_acc@1 69.390 val_acc@5 91.620
epoch 135 train_loss 0.725 train_acc@1 77.958 train_acc@5 95.832 val_loss 1.182 val_acc@1 69.390 val_acc@5 91.540
epoch 136 train_loss 0.715 train_acc@1 78.286 train_acc@5 96.014 val_loss 1.211 val_acc@1 69.230 val_acc@5 91.310
epoch 137 train_loss 0.708 train_acc@1 78.588 train_acc@5 96.072 val_loss 1.195 val_acc@1 68.990 val_acc@5 91.660
epoch 138 train_loss 0.717 train_acc@1 78.326 train_acc@5 95.992 val_loss 1.172 val_acc@1 69.750 val_acc@5 91.690
epoch 139 train_loss 0.711 train_acc@1 78.528 train_acc@5 95.954 val_loss 1.174 val_acc@1 70.510 val_acc@5 91.450
epoch 140 train_loss 0.712 train_acc@1 78.242 train_acc@5 95.866 val_loss 1.172 val_acc@1 69.730 val_acc@5 91.420
epoch 141 train_loss 0.702 train_acc@1 78.560 train_acc@5 96.106 val_loss 1.211 val_acc@1 69.780 val_acc@5 91.470
epoch 142 train_loss 0.709 train_acc@1 78.378 train_acc@5 95.970 val_loss 1.161 val_acc@1 69.600 val_acc@5 91.690
epoch 143 train_loss 0.695 train_acc@1 78.860 train_acc@5 96.118 val_loss 1.169 val_acc@1 70.090 val_acc@5 91.660
epoch 144 train_loss 0.690 train_acc@1 78.866 train_acc@5 96.150 val_loss 1.170 val_acc@1 69.950 val_acc@5 91.780
epoch 145 train_loss 0.692 train_acc@1 79.078 train_acc@5 96.122 val_loss 1.186 val_acc@1 69.920 val_acc@5 91.400
epoch 146 train_loss 0.696 train_acc@1 78.820 train_acc@5 96.132 val_loss 1.172 val_acc@1 70.180 val_acc@5 91.750
epoch 147 train_loss 0.687 train_acc@1 79.048 train_acc@5 96.244 val_loss 1.184 val_acc@1 70.430 val_acc@5 91.960
epoch 148 train_loss 0.686 train_acc@1 79.114 train_acc@5 96.234 val_loss 1.187 val_acc@1 70.050 val_acc@5 91.790
epoch 149 train_loss 0.690 train_acc@1 78.968 train_acc@5 96.172 val_loss 1.156 val_acc@1 70.650 val_acc@5 91.860
epoch 150 train_loss 0.687 train_acc@1 79.120 train_acc@5 96.250 val_loss 1.171 val_acc@1 70.170 val_acc@5 91.670
epoch 151 train_loss 0.680 train_acc@1 79.294 train_acc@5 96.244 val_loss 1.175 val_acc@1 69.800 val_acc@5 91.740
epoch 152 train_loss 0.674 train_acc@1 79.480 train_acc@5 96.304 val_loss 1.180 val_acc@1 69.560 val_acc@5 91.570
epoch 153 train_loss 0.679 train_acc@1 79.346 train_acc@5 96.170 val_loss 1.155 val_acc@1 70.780 val_acc@5 91.860
epoch 154 train_loss 0.680 train_acc@1 79.180 train_acc@5 96.276 val_loss 1.180 val_acc@1 69.680 val_acc@5 91.830
epoch 155 train_loss 0.680 train_acc@1 79.238 train_acc@5 96.270 val_loss 1.174 val_acc@1 69.930 val_acc@5 91.850
epoch 156 train_loss 0.670 train_acc@1 79.538 train_acc@5 96.366 val_loss 1.178 val_acc@1 70.340 val_acc@5 91.920
epoch 157 train_loss 0.662 train_acc@1 79.798 train_acc@5 96.392 val_loss 1.183 val_acc@1 70.090 val_acc@5 91.710
epoch 158 train_loss 0.663 train_acc@1 79.850 train_acc@5 96.482 val_loss 1.188 val_acc@1 70.230 val_acc@5 91.610
epoch 159 train_loss 0.659 train_acc@1 79.814 train_acc@5 96.484 val_loss 1.173 val_acc@1 70.090 val_acc@5 91.610
epoch 160 train_loss 0.664 train_acc@1 79.888 train_acc@5 96.398 val_loss 1.187 val_acc@1 69.980 val_acc@5 91.590
epoch 161 train_loss 0.662 train_acc@1 79.742 train_acc@5 96.434 val_loss 1.184 val_acc@1 69.970 val_acc@5 91.900
epoch 162 train_loss 0.654 train_acc@1 79.900 train_acc@5 96.474 val_loss 1.170 val_acc@1 70.390 val_acc@5 91.750
epoch 163 train_loss 0.659 train_acc@1 80.002 train_acc@5 96.518 val_loss 1.189 val_acc@1 70.030 val_acc@5 91.770
epoch 164 train_loss 0.649 train_acc@1 80.104 train_acc@5 96.500 val_loss 1.176 val_acc@1 69.960 val_acc@5 91.860
epoch 165 train_loss 0.648 train_acc@1 80.224 train_acc@5 96.564 val_loss 1.188 val_acc@1 70.330 val_acc@5 91.730
epoch 166 train_loss 0.647 train_acc@1 80.236 train_acc@5 96.604 val_loss 1.210 val_acc@1 69.990 val_acc@5 91.630
epoch 167 train_loss 0.647 train_acc@1 80.256 train_acc@5 96.512 val_loss 1.198 val_acc@1 70.230 val_acc@5 91.830
epoch 168 train_loss 0.642 train_acc@1 80.376 train_acc@5 96.580 val_loss 1.186 val_acc@1 70.370 val_acc@5 91.800
epoch 169 train_loss 0.637 train_acc@1 80.364 train_acc@5 96.682 val_loss 1.180 val_acc@1 70.290 val_acc@5 92.050
epoch 170 train_loss 0.643 train_acc@1 80.312 train_acc@5 96.568 val_loss 1.213 val_acc@1 70.410 val_acc@5 91.640
epoch 171 train_loss 0.632 train_acc@1 80.578 train_acc@5 96.728 val_loss 1.176 val_acc@1 70.500 val_acc@5 92.110
epoch 172 train_loss 0.649 train_acc@1 80.504 train_acc@5 96.440 val_loss 1.202 val_acc@1 70.030 val_acc@5 91.630
epoch 173 train_loss 0.637 train_acc@1 80.626 train_acc@5 96.602 val_loss 1.214 val_acc@1 70.030 val_acc@5 91.410
epoch 174 train_loss 0.622 train_acc@1 80.956 train_acc@5 96.754 val_loss 1.213 val_acc@1 70.410 val_acc@5 91.760
epoch 175 train_loss 0.626 train_acc@1 80.906 train_acc@5 96.866 val_loss 1.206 val_acc@1 69.770 val_acc@5 91.410
epoch 176 train_loss 0.621 train_acc@1 81.026 train_acc@5 96.782 val_loss 1.208 val_acc@1 70.150 val_acc@5 91.740
epoch 177 train_loss 0.628 train_acc@1 80.798 train_acc@5 96.638 val_loss 1.186 val_acc@1 70.510 val_acc@5 91.920
epoch 178 train_loss 0.634 train_acc@1 80.520 train_acc@5 96.668 val_loss 1.193 val_acc@1 70.430 val_acc@5 91.820
epoch 179 train_loss 0.625 train_acc@1 80.712 train_acc@5 96.736 val_loss 1.202 val_acc@1 70.360 val_acc@5 91.660
epoch 180 train_loss 0.621 train_acc@1 81.314 train_acc@5 96.736 val_loss 1.171 val_acc@1 71.150 val_acc@5 92.080
epoch 181 train_loss 0.616 train_acc@1 81.178 train_acc@5 96.790 val_loss 1.194 val_acc@1 70.500 val_acc@5 91.280
epoch 182 train_loss 0.618 train_acc@1 80.932 train_acc@5 96.762 val_loss 1.216 val_acc@1 70.170 val_acc@5 91.730
epoch 183 train_loss 0.608 train_acc@1 81.438 train_acc@5 96.842 val_loss 1.180 val_acc@1 70.170 val_acc@5 92.170
epoch 184 train_loss 0.611 train_acc@1 81.272 train_acc@5 96.774 val_loss 1.206 val_acc@1 70.060 val_acc@5 91.800
epoch 185 train_loss 0.612 train_acc@1 81.360 train_acc@5 96.778 val_loss 1.210 val_acc@1 70.540 val_acc@5 91.780
epoch 186 train_loss 0.609 train_acc@1 81.270 train_acc@5 96.858 val_loss 1.209 val_acc@1 70.490 val_acc@5 91.710
epoch 187 train_loss 0.618 train_acc@1 81.144 train_acc@5 96.776 val_loss 1.175 val_acc@1 70.600 val_acc@5 91.930
epoch 188 train_loss 0.606 train_acc@1 81.460 train_acc@5 96.756 val_loss 1.208 val_acc@1 70.330 val_acc@5 91.770
epoch 189 train_loss 0.598 train_acc@1 81.648 train_acc@5 96.956 val_loss 1.203 val_acc@1 70.510 val_acc@5 91.610
epoch 190 train_loss 0.607 train_acc@1 81.364 train_acc@5 96.908 val_loss 1.194 val_acc@1 70.540 val_acc@5 91.890
epoch 191 train_loss 0.594 train_acc@1 81.860 train_acc@5 96.916 val_loss 1.197 val_acc@1 70.540 val_acc@5 91.820
epoch 192 train_loss 0.599 train_acc@1 81.782 train_acc@5 96.980 val_loss 1.225 val_acc@1 70.200 val_acc@5 91.700
epoch 193 train_loss 0.602 train_acc@1 81.636 train_acc@5 96.884 val_loss 1.175 val_acc@1 70.550 val_acc@5 92.070
epoch 194 train_loss 0.596 train_acc@1 81.846 train_acc@5 96.848 val_loss 1.183 val_acc@1 71.230 val_acc@5 91.580
epoch 195 train_loss 0.589 train_acc@1 81.756 train_acc@5 97.014 val_loss 1.203 val_acc@1 70.520 val_acc@5 91.760
epoch 196 train_loss 0.591 train_acc@1 81.818 train_acc@5 97.050 val_loss 1.223 val_acc@1 70.390 val_acc@5 91.660
epoch 197 train_loss 0.587 train_acc@1 82.016 train_acc@5 96.988 val_loss 1.224 val_acc@1 70.670 val_acc@5 91.730
epoch 198 train_loss 0.598 train_acc@1 81.532 train_acc@5 96.924 val_loss 1.229 val_acc@1 70.850 val_acc@5 91.600
epoch 199 train_loss 0.595 train_acc@1 81.756 train_acc@5 97.004 val_loss 1.216 val_acc@1 70.120 val_acc@5 91.800
epoch 200 train_loss 0.586 train_acc@1 82.044 train_acc@5 96.956 val_loss 1.211 val_acc@1 70.680 val_acc@5 91.490
epoch 201 train_loss 0.586 train_acc@1 82.094 train_acc@5 97.032 val_loss 1.216 val_acc@1 70.700 val_acc@5 91.960
epoch 202 train_loss 0.579 train_acc@1 82.218 train_acc@5 97.134 val_loss 1.201 val_acc@1 70.870 val_acc@5 91.580
epoch 203 train_loss 0.587 train_acc@1 81.826 train_acc@5 97.124 val_loss 1.202 val_acc@1 70.760 val_acc@5 92.110
epoch 204 train_loss 0.586 train_acc@1 82.196 train_acc@5 96.962 val_loss 1.229 val_acc@1 70.390 val_acc@5 91.560
epoch 205 train_loss 0.583 train_acc@1 81.886 train_acc@5 97.116 val_loss 1.224 val_acc@1 70.870 val_acc@5 91.470
epoch 206 train_loss 0.573 train_acc@1 82.328 train_acc@5 97.158 val_loss 1.203 val_acc@1 70.830 val_acc@5 92.000
epoch 207 train_loss 0.577 train_acc@1 82.134 train_acc@5 97.226 val_loss 1.186 val_acc@1 71.230 val_acc@5 92.110
epoch 208 train_loss 0.576 train_acc@1 82.312 train_acc@5 97.104 val_loss 1.205 val_acc@1 70.430 val_acc@5 91.900
epoch 209 train_loss 0.569 train_acc@1 82.450 train_acc@5 97.088 val_loss 1.215 val_acc@1 70.270 val_acc@5 91.780
epoch 210 train_loss 0.570 train_acc@1 82.600 train_acc@5 97.146 val_loss 1.171 val_acc@1 71.110 val_acc@5 92.210
epoch 211 train_loss 0.564 train_acc@1 82.680 train_acc@5 97.188 val_loss 1.225 val_acc@1 70.210 val_acc@5 91.580
epoch 212 train_loss 0.562 train_acc@1 82.842 train_acc@5 97.286 val_loss 1.194 val_acc@1 70.750 val_acc@5 92.230
epoch 213 train_loss 0.564 train_acc@1 82.596 train_acc@5 97.208 val_loss 1.196 val_acc@1 70.980 val_acc@5 91.990
epoch 214 train_loss 0.563 train_acc@1 82.592 train_acc@5 97.236 val_loss 1.202 val_acc@1 70.790 val_acc@5 91.960
epoch 215 train_loss 0.571 train_acc@1 82.426 train_acc@5 97.142 val_loss 1.194 val_acc@1 71.090 val_acc@5 92.100
epoch 216 train_loss 0.558 train_acc@1 82.894 train_acc@5 97.256 val_loss 1.204 val_acc@1 70.880 val_acc@5 91.830
epoch 217 train_loss 0.557 train_acc@1 82.700 train_acc@5 97.294 val_loss 1.206 val_acc@1 71.160 val_acc@5 91.780
epoch 218 train_loss 0.546 train_acc@1 83.294 train_acc@5 97.426 val_loss 1.200 val_acc@1 71.100 val_acc@5 92.090
epoch 219 train_loss 0.560 train_acc@1 82.826 train_acc@5 97.204 val_loss 1.223 val_acc@1 70.370 val_acc@5 91.890
epoch 220 train_loss 0.551 train_acc@1 82.902 train_acc@5 97.320 val_loss 1.225 val_acc@1 70.460 val_acc@5 91.750
epoch 221 train_loss 0.549 train_acc@1 82.988 train_acc@5 97.340 val_loss 1.179 val_acc@1 71.260 val_acc@5 92.120
epoch 222 train_loss 0.548 train_acc@1 83.194 train_acc@5 97.314 val_loss 1.211 val_acc@1 71.340 val_acc@5 91.990
epoch 223 train_loss 0.547 train_acc@1 83.094 train_acc@5 97.310 val_loss 1.192 val_acc@1 71.130 val_acc@5 91.830
epoch 224 train_loss 0.547 train_acc@1 83.088 train_acc@5 97.394 val_loss 1.207 val_acc@1 71.310 val_acc@5 92.280
epoch 225 train_loss 0.540 train_acc@1 83.318 train_acc@5 97.352 val_loss 1.202 val_acc@1 71.040 val_acc@5 91.850
epoch 226 train_loss 0.535 train_acc@1 83.638 train_acc@5 97.426 val_loss 1.209 val_acc@1 71.500 val_acc@5 91.910
epoch 227 train_loss 0.543 train_acc@1 83.248 train_acc@5 97.318 val_loss 1.198 val_acc@1 70.630 val_acc@5 91.920
epoch 228 train_loss 0.543 train_acc@1 83.278 train_acc@5 97.408 val_loss 1.201 val_acc@1 70.870 val_acc@5 92.140
epoch 229 train_loss 0.540 train_acc@1 83.414 train_acc@5 97.446 val_loss 1.224 val_acc@1 70.930 val_acc@5 91.510
epoch 230 train_loss 0.534 train_acc@1 83.570 train_acc@5 97.422 val_loss 1.224 val_acc@1 70.410 val_acc@5 91.990
epoch 231 train_loss 0.530 train_acc@1 83.632 train_acc@5 97.532 val_loss 1.206 val_acc@1 70.710 val_acc@5 91.930
epoch 232 train_loss 0.534 train_acc@1 83.594 train_acc@5 97.474 val_loss 1.220 val_acc@1 70.890 val_acc@5 91.830
epoch 233 train_loss 0.535 train_acc@1 83.504 train_acc@5 97.484 val_loss 1.209 val_acc@1 70.830 val_acc@5 91.770
epoch 234 train_loss 0.526 train_acc@1 83.750 train_acc@5 97.526 val_loss 1.205 val_acc@1 71.340 val_acc@5 91.890
epoch 235 train_loss 0.538 train_acc@1 83.534 train_acc@5 97.362 val_loss 1.197 val_acc@1 71.870 val_acc@5 92.050
epoch 236 train_loss 0.526 train_acc@1 83.580 train_acc@5 97.472 val_loss 1.221 val_acc@1 70.970 val_acc@5 91.870
epoch 237 train_loss 0.530 train_acc@1 83.696 train_acc@5 97.492 val_loss 1.214 val_acc@1 70.820 val_acc@5 91.930
epoch 238 train_loss 0.526 train_acc@1 83.770 train_acc@5 97.490 val_loss 1.241 val_acc@1 71.110 val_acc@5 91.460
epoch 239 train_loss 0.526 train_acc@1 83.892 train_acc@5 97.392 val_loss 1.230 val_acc@1 71.020 val_acc@5 91.930
epoch 240 train_loss 0.522 train_acc@1 83.772 train_acc@5 97.534 val_loss 1.219 val_acc@1 70.680 val_acc@5 91.950
epoch 241 train_loss 0.524 train_acc@1 83.966 train_acc@5 97.456 val_loss 1.221 val_acc@1 71.260 val_acc@5 91.720
epoch 242 train_loss 0.517 train_acc@1 84.230 train_acc@5 97.552 val_loss 1.230 val_acc@1 70.660 val_acc@5 91.970
epoch 243 train_loss 0.515 train_acc@1 84.226 train_acc@5 97.478 val_loss 1.232 val_acc@1 71.160 val_acc@5 91.780
epoch 244 train_loss 0.512 train_acc@1 84.014 train_acc@5 97.600 val_loss 1.249 val_acc@1 70.960 val_acc@5 91.860
epoch 245 train_loss 0.514 train_acc@1 84.156 train_acc@5 97.510 val_loss 1.235 val_acc@1 71.270 val_acc@5 91.930
epoch 246 train_loss 0.514 train_acc@1 84.036 train_acc@5 97.554 val_loss 1.232 val_acc@1 71.040 val_acc@5 91.930
epoch 247 train_loss 0.511 train_acc@1 84.346 train_acc@5 97.582 val_loss 1.217 val_acc@1 71.590 val_acc@5 91.800
epoch 248 train_loss 0.506 train_acc@1 84.442 train_acc@5 97.670 val_loss 1.222 val_acc@1 70.660 val_acc@5 92.130
epoch 249 train_loss 0.501 train_acc@1 84.526 train_acc@5 97.738 val_loss 1.229 val_acc@1 71.310 val_acc@5 91.670
epoch 250 train_loss 0.504 train_acc@1 84.382 train_acc@5 97.584 val_loss 1.236 val_acc@1 70.990 val_acc@5 91.890
epoch 251 train_loss 0.500 train_acc@1 84.666 train_acc@5 97.678 val_loss 1.228 val_acc@1 71.410 val_acc@5 92.040
epoch 252 train_loss 0.494 train_acc@1 84.746 train_acc@5 97.712 val_loss 1.236 val_acc@1 71.170 val_acc@5 91.940
epoch 253 train_loss 0.492 train_acc@1 84.810 train_acc@5 97.758 val_loss 1.228 val_acc@1 71.040 val_acc@5 91.890
epoch 254 train_loss 0.491 train_acc@1 84.818 train_acc@5 97.690 val_loss 1.217 val_acc@1 71.440 val_acc@5 92.130
epoch 255 train_loss 0.491 train_acc@1 84.816 train_acc@5 97.708 val_loss 1.221 val_acc@1 71.170 val_acc@5 91.990
epoch 256 train_loss 0.497 train_acc@1 84.634 train_acc@5 97.758 val_loss 1.250 val_acc@1 70.920 val_acc@5 91.950
epoch 257 train_loss 0.493 train_acc@1 84.844 train_acc@5 97.692 val_loss 1.256 val_acc@1 70.900 val_acc@5 91.740
epoch 258 train_loss 0.490 train_acc@1 85.054 train_acc@5 97.592 val_loss 1.214 val_acc@1 71.350 val_acc@5 91.900
epoch 259 train_loss 0.482 train_acc@1 85.188 train_acc@5 97.724 val_loss 1.250 val_acc@1 71.110 val_acc@5 91.920
epoch 260 train_loss 0.487 train_acc@1 84.866 train_acc@5 97.696 val_loss 1.243 val_acc@1 71.340 val_acc@5 91.790
epoch 261 train_loss 0.481 train_acc@1 85.176 train_acc@5 97.750 val_loss 1.249 val_acc@1 71.090 val_acc@5 91.690
epoch 262 train_loss 0.478 train_acc@1 85.102 train_acc@5 97.812 val_loss 1.233 val_acc@1 71.590 val_acc@5 91.910
epoch 263 train_loss 0.481 train_acc@1 85.096 train_acc@5 97.780 val_loss 1.228 val_acc@1 71.200 val_acc@5 92.060
epoch 264 train_loss 0.492 train_acc@1 84.892 train_acc@5 97.700 val_loss 1.239 val_acc@1 71.180 val_acc@5 91.820
epoch 265 train_loss 0.482 train_acc@1 85.178 train_acc@5 97.802 val_loss 1.249 val_acc@1 71.310 val_acc@5 92.030
epoch 266 train_loss 0.479 train_acc@1 85.114 train_acc@5 97.888 val_loss 1.231 val_acc@1 71.470 val_acc@5 91.780
epoch 267 train_loss 0.475 train_acc@1 85.492 train_acc@5 97.798 val_loss 1.199 val_acc@1 71.920 val_acc@5 92.200
epoch 268 train_loss 0.476 train_acc@1 85.494 train_acc@5 97.882 val_loss 1.251 val_acc@1 70.920 val_acc@5 91.780
epoch 269 train_loss 0.479 train_acc@1 85.236 train_acc@5 97.776 val_loss 1.246 val_acc@1 71.490 val_acc@5 91.960
epoch 270 train_loss 0.466 train_acc@1 85.536 train_acc@5 97.900 val_loss 1.232 val_acc@1 71.050 val_acc@5 92.030
epoch 271 train_loss 0.472 train_acc@1 85.574 train_acc@5 97.888 val_loss 1.228 val_acc@1 71.390 val_acc@5 92.240
epoch 272 train_loss 0.461 train_acc@1 85.664 train_acc@5 98.000 val_loss 1.236 val_acc@1 70.860 val_acc@5 92.190
epoch 273 train_loss 0.468 train_acc@1 85.702 train_acc@5 97.798 val_loss 1.238 val_acc@1 71.600 val_acc@5 92.130
epoch 274 train_loss 0.467 train_acc@1 85.708 train_acc@5 97.838 val_loss 1.240 val_acc@1 71.410 val_acc@5 91.930
epoch 275 train_loss 0.466 train_acc@1 85.718 train_acc@5 97.842 val_loss 1.242 val_acc@1 71.350 val_acc@5 92.030
epoch 276 train_loss 0.463 train_acc@1 85.722 train_acc@5 97.894 val_loss 1.222 val_acc@1 71.720 val_acc@5 92.090
epoch 277 train_loss 0.472 train_acc@1 85.602 train_acc@5 97.842 val_loss 1.257 val_acc@1 71.360 val_acc@5 91.870
epoch 278 train_loss 0.449 train_acc@1 86.268 train_acc@5 97.954 val_loss 1.214 val_acc@1 71.360 val_acc@5 91.980
epoch 279 train_loss 0.453 train_acc@1 85.962 train_acc@5 98.046 val_loss 1.245 val_acc@1 71.420 val_acc@5 91.870
epoch 280 train_loss 0.458 train_acc@1 86.040 train_acc@5 97.886 val_loss 1.214 val_acc@1 71.970 val_acc@5 92.220
epoch 281 train_loss 0.453 train_acc@1 85.996 train_acc@5 98.062 val_loss 1.256 val_acc@1 71.490 val_acc@5 92.080
epoch 282 train_loss 0.450 train_acc@1 86.048 train_acc@5 98.016 val_loss 1.228 val_acc@1 71.560 val_acc@5 92.170
epoch 283 train_loss 0.461 train_acc@1 85.782 train_acc@5 97.888 val_loss 1.229 val_acc@1 71.870 val_acc@5 91.950
epoch 284 train_loss 0.459 train_acc@1 85.858 train_acc@5 97.890 val_loss 1.230 val_acc@1 71.690 val_acc@5 92.360
epoch 285 train_loss 0.454 train_acc@1 85.968 train_acc@5 97.972 val_loss 1.246 val_acc@1 71.560 val_acc@5 92.230
epoch 286 train_loss 0.449 train_acc@1 86.202 train_acc@5 98.008 val_loss 1.219 val_acc@1 71.770 val_acc@5 92.010
epoch 287 train_loss 0.451 train_acc@1 85.994 train_acc@5 97.942 val_loss 1.230 val_acc@1 71.620 val_acc@5 92.030
epoch 288 train_loss 0.448 train_acc@1 86.338 train_acc@5 97.902 val_loss 1.221 val_acc@1 71.250 val_acc@5 92.090
epoch 289 train_loss 0.447 train_acc@1 86.344 train_acc@5 97.906 val_loss 1.270 val_acc@1 71.010 val_acc@5 91.860
epoch 290 train_loss 0.440 train_acc@1 86.306 train_acc@5 98.044 val_loss 1.254 val_acc@1 72.230 val_acc@5 92.210
epoch 291 train_loss 0.444 train_acc@1 86.322 train_acc@5 97.972 val_loss 1.237 val_acc@1 71.450 val_acc@5 92.340
epoch 292 train_loss 0.436 train_acc@1 86.500 train_acc@5 98.060 val_loss 1.265 val_acc@1 71.480 val_acc@5 91.930
epoch 293 train_loss 0.436 train_acc@1 86.572 train_acc@5 98.046 val_loss 1.246 val_acc@1 71.630 val_acc@5 92.090
epoch 294 train_loss 0.435 train_acc@1 86.688 train_acc@5 98.060 val_loss 1.250 val_acc@1 71.310 val_acc@5 92.220
epoch 295 train_loss 0.435 train_acc@1 86.554 train_acc@5 98.154 val_loss 1.230 val_acc@1 71.420 val_acc@5 92.070
epoch 296 train_loss 0.433 train_acc@1 86.610 train_acc@5 98.050 val_loss 1.260 val_acc@1 71.440 val_acc@5 92.050
epoch 297 train_loss 0.429 train_acc@1 86.872 train_acc@5 98.110 val_loss 1.254 val_acc@1 70.960 val_acc@5 91.940
epoch 298 train_loss 0.432 train_acc@1 86.648 train_acc@5 98.076 val_loss 1.244 val_acc@1 71.700 val_acc@5 91.910
epoch 299 train_loss 0.434 train_acc@1 86.766 train_acc@5 98.052 val_loss 1.239 val_acc@1 71.980 val_acc@5 92.260
epoch 300 train_loss 0.431 train_acc@1 86.852 train_acc@5 98.042 val_loss 1.238 val_acc@1 71.760 val_acc@5 92.000
epoch 301 train_loss 0.427 train_acc@1 86.898 train_acc@5 98.146 val_loss 1.250 val_acc@1 71.800 val_acc@5 91.870
epoch 302 train_loss 0.420 train_acc@1 87.092 train_acc@5 98.208 val_loss 1.222 val_acc@1 71.780 val_acc@5 92.070
epoch 303 train_loss 0.423 train_acc@1 86.936 train_acc@5 98.168 val_loss 1.238 val_acc@1 71.720 val_acc@5 92.050
epoch 304 train_loss 0.419 train_acc@1 87.292 train_acc@5 98.126 val_loss 1.241 val_acc@1 71.760 val_acc@5 92.090
epoch 305 train_loss 0.416 train_acc@1 87.098 train_acc@5 98.274 val_loss 1.258 val_acc@1 71.580 val_acc@5 92.170
epoch 306 train_loss 0.419 train_acc@1 87.144 train_acc@5 98.158 val_loss 1.252 val_acc@1 71.180 val_acc@5 92.070
epoch 307 train_loss 0.421 train_acc@1 87.078 train_acc@5 98.210 val_loss 1.230 val_acc@1 72.160 val_acc@5 92.470
epoch 308 train_loss 0.417 train_acc@1 87.198 train_acc@5 98.128 val_loss 1.253 val_acc@1 71.850 val_acc@5 92.260
epoch 309 train_loss 0.405 train_acc@1 87.324 train_acc@5 98.308 val_loss 1.213 val_acc@1 71.940 val_acc@5 92.300
epoch 310 train_loss 0.417 train_acc@1 87.170 train_acc@5 98.196 val_loss 1.253 val_acc@1 71.540 val_acc@5 91.780
epoch 311 train_loss 0.410 train_acc@1 87.358 train_acc@5 98.266 val_loss 1.253 val_acc@1 71.840 val_acc@5 92.210
epoch 312 train_loss 0.411 train_acc@1 87.398 train_acc@5 98.120 val_loss 1.235 val_acc@1 72.130 val_acc@5 92.180
epoch 313 train_loss 0.406 train_acc@1 87.360 train_acc@5 98.266 val_loss 1.242 val_acc@1 71.840 val_acc@5 92.310
epoch 314 train_loss 0.410 train_acc@1 87.318 train_acc@5 98.198 val_loss 1.231 val_acc@1 71.860 val_acc@5 92.160
epoch 315 train_loss 0.398 train_acc@1 87.634 train_acc@5 98.318 val_loss 1.257 val_acc@1 72.010 val_acc@5 91.990
epoch 316 train_loss 0.399 train_acc@1 87.722 train_acc@5 98.292 val_loss 1.244 val_acc@1 72.090 val_acc@5 92.070
epoch 317 train_loss 0.396 train_acc@1 87.712 train_acc@5 98.336 val_loss 1.263 val_acc@1 71.960 val_acc@5 91.990
epoch 318 train_loss 0.395 train_acc@1 87.898 train_acc@5 98.300 val_loss 1.231 val_acc@1 72.260 val_acc@5 92.490
epoch 319 train_loss 0.393 train_acc@1 87.818 train_acc@5 98.362 val_loss 1.223 val_acc@1 72.280 val_acc@5 92.340
epoch 320 train_loss 0.394 train_acc@1 87.852 train_acc@5 98.296 val_loss 1.250 val_acc@1 71.750 val_acc@5 91.850
epoch 321 train_loss 0.396 train_acc@1 87.896 train_acc@5 98.362 val_loss 1.245 val_acc@1 72.180 val_acc@5 92.240
epoch 322 train_loss 0.391 train_acc@1 87.926 train_acc@5 98.390 val_loss 1.249 val_acc@1 71.960 val_acc@5 92.200
epoch 323 train_loss 0.395 train_acc@1 87.774 train_acc@5 98.290 val_loss 1.265 val_acc@1 72.110 val_acc@5 92.070
epoch 324 train_loss 0.386 train_acc@1 88.238 train_acc@5 98.400 val_loss 1.230 val_acc@1 72.600 val_acc@5 92.200
epoch 325 train_loss 0.383 train_acc@1 88.296 train_acc@5 98.418 val_loss 1.237 val_acc@1 72.060 val_acc@5 92.160
epoch 326 train_loss 0.390 train_acc@1 87.990 train_acc@5 98.326 val_loss 1.252 val_acc@1 72.380 val_acc@5 92.190
epoch 327 train_loss 0.381 train_acc@1 88.302 train_acc@5 98.372 val_loss 1.269 val_acc@1 72.130 val_acc@5 92.180
epoch 328 train_loss 0.383 train_acc@1 88.332 train_acc@5 98.324 val_loss 1.251 val_acc@1 72.130 val_acc@5 92.280
epoch 329 train_loss 0.380 train_acc@1 88.350 train_acc@5 98.456 val_loss 1.241 val_acc@1 72.170 val_acc@5 92.020
epoch 330 train_loss 0.381 train_acc@1 88.252 train_acc@5 98.376 val_loss 1.267 val_acc@1 71.750 val_acc@5 92.250
epoch 331 train_loss 0.370 train_acc@1 88.582 train_acc@5 98.454 val_loss 1.237 val_acc@1 73.030 val_acc@5 92.210
epoch 332 train_loss 0.381 train_acc@1 88.340 train_acc@5 98.370 val_loss 1.250 val_acc@1 71.960 val_acc@5 91.970
epoch 333 train_loss 0.368 train_acc@1 88.648 train_acc@5 98.498 val_loss 1.249 val_acc@1 72.340 val_acc@5 92.280
epoch 334 train_loss 0.369 train_acc@1 88.586 train_acc@5 98.514 val_loss 1.264 val_acc@1 72.000 val_acc@5 92.140
epoch 335 train_loss 0.372 train_acc@1 88.548 train_acc@5 98.424 val_loss 1.265 val_acc@1 72.290 val_acc@5 92.230
epoch 336 train_loss 0.370 train_acc@1 88.700 train_acc@5 98.446 val_loss 1.248 val_acc@1 72.140 val_acc@5 92.070
epoch 337 train_loss 0.365 train_acc@1 88.924 train_acc@5 98.418 val_loss 1.242 val_acc@1 72.380 val_acc@5 92.420
epoch 338 train_loss 0.367 train_acc@1 88.738 train_acc@5 98.468 val_loss 1.248 val_acc@1 72.060 val_acc@5 92.370
epoch 339 train_loss 0.358 train_acc@1 88.982 train_acc@5 98.524 val_loss 1.261 val_acc@1 72.510 val_acc@5 92.150
epoch 340 train_loss 0.361 train_acc@1 88.942 train_acc@5 98.466 val_loss 1.247 val_acc@1 72.520 val_acc@5 92.140
epoch 341 train_loss 0.355 train_acc@1 89.092 train_acc@5 98.560 val_loss 1.234 val_acc@1 72.280 val_acc@5 92.470
epoch 342 train_loss 0.363 train_acc@1 88.786 train_acc@5 98.486 val_loss 1.251 val_acc@1 72.010 val_acc@5 92.170
epoch 343 train_loss 0.361 train_acc@1 88.894 train_acc@5 98.564 val_loss 1.240 val_acc@1 72.530 val_acc@5 92.390
epoch 344 train_loss 0.345 train_acc@1 89.438 train_acc@5 98.636 val_loss 1.224 val_acc@1 72.610 val_acc@5 92.400
epoch 345 train_loss 0.351 train_acc@1 89.256 train_acc@5 98.508 val_loss 1.236 val_acc@1 72.190 val_acc@5 92.470
epoch 346 train_loss 0.344 train_acc@1 89.424 train_acc@5 98.518 val_loss 1.261 val_acc@1 72.560 val_acc@5 92.090
epoch 347 train_loss 0.342 train_acc@1 89.472 train_acc@5 98.650 val_loss 1.262 val_acc@1 72.350 val_acc@5 91.970
epoch 348 train_loss 0.337 train_acc@1 89.626 train_acc@5 98.680 val_loss 1.265 val_acc@1 72.710 val_acc@5 92.080
epoch 349 train_loss 0.350 train_acc@1 89.190 train_acc@5 98.594 val_loss 1.260 val_acc@1 72.100 val_acc@5 92.030
epoch 350 train_loss 0.343 train_acc@1 89.426 train_acc@5 98.598 val_loss 1.261 val_acc@1 72.250 val_acc@5 92.260
epoch 351 train_loss 0.344 train_acc@1 89.490 train_acc@5 98.650 val_loss 1.268 val_acc@1 71.830 val_acc@5 92.200
epoch 352 train_loss 0.340 train_acc@1 89.578 train_acc@5 98.564 val_loss 1.253 val_acc@1 72.580 val_acc@5 92.020
epoch 353 train_loss 0.337 train_acc@1 89.640 train_acc@5 98.688 val_loss 1.260 val_acc@1 72.210 val_acc@5 92.130
epoch 354 train_loss 0.330 train_acc@1 89.952 train_acc@5 98.702 val_loss 1.268 val_acc@1 72.090 val_acc@5 92.140
epoch 355 train_loss 0.327 train_acc@1 89.998 train_acc@5 98.608 val_loss 1.263 val_acc@1 72.600 val_acc@5 92.050
epoch 356 train_loss 0.336 train_acc@1 89.724 train_acc@5 98.638 val_loss 1.258 val_acc@1 72.570 val_acc@5 91.990
epoch 357 train_loss 0.330 train_acc@1 89.814 train_acc@5 98.700 val_loss 1.253 val_acc@1 72.200 val_acc@5 92.260
epoch 358 train_loss 0.323 train_acc@1 90.064 train_acc@5 98.672 val_loss 1.256 val_acc@1 72.580 val_acc@5 92.130
epoch 359 train_loss 0.323 train_acc@1 90.012 train_acc@5 98.762 val_loss 1.257 val_acc@1 72.490 val_acc@5 92.150
epoch 360 train_loss 0.320 train_acc@1 90.288 train_acc@5 98.650 val_loss 1.259 val_acc@1 72.630 val_acc@5 92.240
epoch 361 train_loss 0.327 train_acc@1 90.004 train_acc@5 98.590 val_loss 1.259 val_acc@1 72.310 val_acc@5 92.110
epoch 362 train_loss 0.318 train_acc@1 90.386 train_acc@5 98.720 val_loss 1.259 val_acc@1 72.670 val_acc@5 92.180
epoch 363 train_loss 0.312 train_acc@1 90.370 train_acc@5 98.794 val_loss 1.266 val_acc@1 72.460 val_acc@5 92.220
epoch 364 train_loss 0.314 train_acc@1 90.464 train_acc@5 98.718 val_loss 1.261 val_acc@1 72.320 val_acc@5 92.100
epoch 365 train_loss 0.312 train_acc@1 90.490 train_acc@5 98.694 val_loss 1.266 val_acc@1 72.280 val_acc@5 92.270
epoch 366 train_loss 0.306 train_acc@1 90.718 train_acc@5 98.820 val_loss 1.254 val_acc@1 72.970 val_acc@5 92.140
epoch 367 train_loss 0.306 train_acc@1 90.802 train_acc@5 98.818 val_loss 1.261 val_acc@1 73.150 val_acc@5 92.140
epoch 368 train_loss 0.304 train_acc@1 90.546 train_acc@5 98.782 val_loss 1.263 val_acc@1 72.790 val_acc@5 92.590
epoch 369 train_loss 0.299 train_acc@1 90.868 train_acc@5 98.800 val_loss 1.248 val_acc@1 72.610 val_acc@5 92.450
epoch 370 train_loss 0.302 train_acc@1 90.784 train_acc@5 98.748 val_loss 1.254 val_acc@1 73.100 val_acc@5 92.640
epoch 371 train_loss 0.297 train_acc@1 90.928 train_acc@5 98.870 val_loss 1.257 val_acc@1 72.750 val_acc@5 92.340
epoch 372 train_loss 0.295 train_acc@1 91.004 train_acc@5 98.852 val_loss 1.256 val_acc@1 72.880 val_acc@5 92.290
epoch 373 train_loss 0.297 train_acc@1 90.940 train_acc@5 98.816 val_loss 1.247 val_acc@1 73.100 val_acc@5 92.190
epoch 374 train_loss 0.292 train_acc@1 91.000 train_acc@5 98.874 val_loss 1.255 val_acc@1 72.990 val_acc@5 92.450
epoch 375 train_loss 0.290 train_acc@1 91.120 train_acc@5 98.846 val_loss 1.257 val_acc@1 73.230 val_acc@5 92.390
epoch 376 train_loss 0.289 train_acc@1 91.196 train_acc@5 98.828 val_loss 1.257 val_acc@1 72.570 val_acc@5 92.670
epoch 377 train_loss 0.293 train_acc@1 91.030 train_acc@5 98.812 val_loss 1.265 val_acc@1 73.190 val_acc@5 92.190
epoch 378 train_loss 0.281 train_acc@1 91.470 train_acc@5 98.918 val_loss 1.245 val_acc@1 73.000 val_acc@5 92.400
epoch 379 train_loss 0.282 train_acc@1 91.298 train_acc@5 98.944 val_loss 1.250 val_acc@1 72.900 val_acc@5 92.510
epoch 380 train_loss 0.282 train_acc@1 91.534 train_acc@5 98.934 val_loss 1.253 val_acc@1 72.830 val_acc@5 92.550
epoch 381 train_loss 0.278 train_acc@1 91.494 train_acc@5 98.876 val_loss 1.239 val_acc@1 73.200 val_acc@5 92.480
epoch 382 train_loss 0.276 train_acc@1 91.606 train_acc@5 98.932 val_loss 1.255 val_acc@1 73.860 val_acc@5 92.330
epoch 383 train_loss 0.273 train_acc@1 91.764 train_acc@5 98.946 val_loss 1.244 val_acc@1 73.410 val_acc@5 92.540
epoch 384 train_loss 0.271 train_acc@1 91.840 train_acc@5 98.932 val_loss 1.255 val_acc@1 73.130 val_acc@5 92.400
epoch 385 train_loss 0.262 train_acc@1 91.962 train_acc@5 99.046 val_loss 1.261 val_acc@1 73.390 val_acc@5 92.450
epoch 386 train_loss 0.261 train_acc@1 92.092 train_acc@5 99.054 val_loss 1.258 val_acc@1 73.370 val_acc@5 92.350
epoch 387 train_loss 0.264 train_acc@1 91.886 train_acc@5 98.988 val_loss 1.255 val_acc@1 73.280 val_acc@5 92.310
epoch 388 train_loss 0.265 train_acc@1 92.002 train_acc@5 98.944 val_loss 1.264 val_acc@1 73.360 val_acc@5 92.360
epoch 389 train_loss 0.265 train_acc@1 91.956 train_acc@5 98.962 val_loss 1.254 val_acc@1 73.200 val_acc@5 92.480
epoch 390 train_loss 0.262 train_acc@1 92.140 train_acc@5 99.014 val_loss 1.244 val_acc@1 73.470 val_acc@5 92.250
epoch 391 train_loss 0.259 train_acc@1 92.280 train_acc@5 98.972 val_loss 1.245 val_acc@1 73.370 val_acc@5 92.470
epoch 392 train_loss 0.253 train_acc@1 92.288 train_acc@5 99.006 val_loss 1.247 val_acc@1 73.490 val_acc@5 92.220
epoch 393 train_loss 0.248 train_acc@1 92.422 train_acc@5 99.108 val_loss 1.242 val_acc@1 73.670 val_acc@5 92.500
epoch 394 train_loss 0.248 train_acc@1 92.486 train_acc@5 99.052 val_loss 1.235 val_acc@1 73.720 val_acc@5 92.670
epoch 395 train_loss 0.239 train_acc@1 92.636 train_acc@5 99.218 val_loss 1.242 val_acc@1 73.580 val_acc@5 92.650
epoch 396 train_loss 0.241 train_acc@1 92.774 train_acc@5 99.072 val_loss 1.245 val_acc@1 73.530 val_acc@5 92.290
epoch 397 train_loss 0.237 train_acc@1 92.724 train_acc@5 99.122 val_loss 1.249 val_acc@1 73.610 val_acc@5 92.550
epoch 398 train_loss 0.245 train_acc@1 92.590 train_acc@5 99.096 val_loss 1.244 val_acc@1 73.490 val_acc@5 92.480
epoch 399 train_loss 0.232 train_acc@1 93.000 train_acc@5 99.142 val_loss 1.243 val_acc@1 73.440 val_acc@5 92.680
