epoch 0 train_loss 4.956 train_acc@1 11.842 train_acc@5 26.771 val_loss 3.696 val_acc@1 25.038 val_acc@5 48.830
epoch 1 train_loss 3.534 train_acc@1 28.802 train_acc@5 51.752 val_loss 2.865 val_acc@1 38.742 val_acc@5 63.772
epoch 2 train_loss 3.007 train_acc@1 37.376 train_acc@5 61.036 val_loss 2.541 val_acc@1 44.356 val_acc@5 69.562
epoch 3 train_loss 2.729 train_acc@1 42.224 train_acc@5 65.828 val_loss 2.310 val_acc@1 48.804 val_acc@5 73.222
epoch 4 train_loss 2.559 train_acc@1 45.377 train_acc@5 68.698 val_loss 2.153 val_acc@1 51.714 val_acc@5 75.822
epoch 5 train_loss 2.434 train_acc@1 47.780 train_acc@5 70.812 val_loss 2.058 val_acc@1 53.346 val_acc@5 77.218
epoch 6 train_loss 2.344 train_acc@1 49.455 train_acc@5 72.359 val_loss 1.959 val_acc@1 55.238 val_acc@5 78.726
epoch 7 train_loss 2.271 train_acc@1 50.980 train_acc@5 73.511 val_loss 1.906 val_acc@1 56.336 val_acc@5 79.432
epoch 8 train_loss 2.218 train_acc@1 52.038 train_acc@5 74.445 val_loss 1.839 val_acc@1 57.818 val_acc@5 80.516
epoch 9 train_loss 2.168 train_acc@1 53.028 train_acc@5 75.228 val_loss 1.798 val_acc@1 58.350 val_acc@5 81.106
epoch 10 train_loss 2.130 train_acc@1 53.794 train_acc@5 75.897 val_loss 1.784 val_acc@1 58.770 val_acc@5 81.304
epoch 11 train_loss 2.098 train_acc@1 54.467 train_acc@5 76.401 val_loss 1.752 val_acc@1 59.548 val_acc@5 81.776
epoch 12 train_loss 2.070 train_acc@1 55.022 train_acc@5 76.861 val_loss 1.719 val_acc@1 59.968 val_acc@5 82.214
epoch 13 train_loss 2.044 train_acc@1 55.585 train_acc@5 77.345 val_loss 1.699 val_acc@1 60.382 val_acc@5 82.690
epoch 14 train_loss 2.025 train_acc@1 56.037 train_acc@5 77.676 val_loss 1.671 val_acc@1 60.976 val_acc@5 82.970
epoch 15 train_loss 2.004 train_acc@1 56.485 train_acc@5 77.969 val_loss 1.651 val_acc@1 61.462 val_acc@5 83.322
epoch 16 train_loss 1.990 train_acc@1 56.750 train_acc@5 78.271 val_loss 1.636 val_acc@1 61.766 val_acc@5 83.396
epoch 17 train_loss 1.976 train_acc@1 57.065 train_acc@5 78.438 val_loss 1.618 val_acc@1 61.780 val_acc@5 83.934
epoch 18 train_loss 1.960 train_acc@1 57.476 train_acc@5 78.744 val_loss 1.614 val_acc@1 62.356 val_acc@5 83.738
epoch 19 train_loss 1.950 train_acc@1 57.712 train_acc@5 78.930 val_loss 1.616 val_acc@1 62.052 val_acc@5 83.816
epoch 20 train_loss 1.937 train_acc@1 57.913 train_acc@5 79.110 val_loss 1.586 val_acc@1 62.784 val_acc@5 84.042
epoch 21 train_loss 1.929 train_acc@1 58.125 train_acc@5 79.318 val_loss 1.576 val_acc@1 63.140 val_acc@5 84.314
epoch 22 train_loss 1.918 train_acc@1 58.381 train_acc@5 79.462 val_loss 1.598 val_acc@1 62.654 val_acc@5 84.042
epoch 23 train_loss 1.911 train_acc@1 58.556 train_acc@5 79.600 val_loss 1.570 val_acc@1 63.016 val_acc@5 84.334
epoch 24 train_loss 1.904 train_acc@1 58.683 train_acc@5 79.718 val_loss 1.555 val_acc@1 63.422 val_acc@5 84.654
epoch 25 train_loss 1.895 train_acc@1 58.882 train_acc@5 79.836 val_loss 1.554 val_acc@1 63.278 val_acc@5 84.532
epoch 26 train_loss 1.890 train_acc@1 59.036 train_acc@5 79.935 val_loss 1.565 val_acc@1 63.200 val_acc@5 84.520
epoch 27 train_loss 1.883 train_acc@1 59.201 train_acc@5 80.025 val_loss 1.533 val_acc@1 63.928 val_acc@5 85.014
epoch 28 train_loss 1.875 train_acc@1 59.349 train_acc@5 80.157 val_loss 1.535 val_acc@1 63.632 val_acc@5 84.930
epoch 29 train_loss 1.870 train_acc@1 59.484 train_acc@5 80.329 val_loss 1.521 val_acc@1 63.952 val_acc@5 85.200
epoch 30 train_loss 1.864 train_acc@1 59.614 train_acc@5 80.367 val_loss 1.524 val_acc@1 64.162 val_acc@5 85.228
epoch 31 train_loss 1.859 train_acc@1 59.734 train_acc@5 80.456 val_loss 1.509 val_acc@1 64.220 val_acc@5 85.298
epoch 32 train_loss 1.853 train_acc@1 59.824 train_acc@5 80.568 val_loss 1.507 val_acc@1 64.440 val_acc@5 85.386
epoch 33 train_loss 1.848 train_acc@1 59.960 train_acc@5 80.686 val_loss 1.497 val_acc@1 64.476 val_acc@5 85.472
epoch 34 train_loss 1.846 train_acc@1 60.051 train_acc@5 80.695 val_loss 1.507 val_acc@1 64.374 val_acc@5 85.390
epoch 35 train_loss 1.840 train_acc@1 60.199 train_acc@5 80.789 val_loss 1.498 val_acc@1 64.378 val_acc@5 85.436
epoch 36 train_loss 1.837 train_acc@1 60.260 train_acc@5 80.853 val_loss 1.489 val_acc@1 64.788 val_acc@5 85.596
epoch 37 train_loss 1.832 train_acc@1 60.357 train_acc@5 80.930 val_loss 1.495 val_acc@1 64.560 val_acc@5 85.640
epoch 38 train_loss 1.828 train_acc@1 60.436 train_acc@5 81.031 val_loss 1.481 val_acc@1 64.922 val_acc@5 85.710
epoch 39 train_loss 1.824 train_acc@1 60.535 train_acc@5 81.079 val_loss 1.475 val_acc@1 64.996 val_acc@5 85.800
epoch 40 train_loss 1.821 train_acc@1 60.632 train_acc@5 81.161 val_loss 1.480 val_acc@1 64.882 val_acc@5 85.836
epoch 41 train_loss 1.819 train_acc@1 60.698 train_acc@5 81.184 val_loss 1.471 val_acc@1 65.138 val_acc@5 85.920
epoch 42 train_loss 1.817 train_acc@1 60.769 train_acc@5 81.253 val_loss 1.470 val_acc@1 65.022 val_acc@5 85.826
epoch 43 train_loss 1.814 train_acc@1 60.808 train_acc@5 81.252 val_loss 1.465 val_acc@1 65.034 val_acc@5 86.024
epoch 44 train_loss 1.805 train_acc@1 60.943 train_acc@5 81.392 val_loss 1.466 val_acc@1 65.102 val_acc@5 85.980
epoch 45 train_loss 1.806 train_acc@1 60.981 train_acc@5 81.373 val_loss 1.463 val_acc@1 65.208 val_acc@5 86.042
epoch 46 train_loss 1.804 train_acc@1 61.013 train_acc@5 81.451 val_loss 1.452 val_acc@1 65.502 val_acc@5 86.198
epoch 47 train_loss 1.800 train_acc@1 61.162 train_acc@5 81.509 val_loss 1.459 val_acc@1 65.214 val_acc@5 86.112
epoch 48 train_loss 1.798 train_acc@1 61.154 train_acc@5 81.517 val_loss 1.453 val_acc@1 65.548 val_acc@5 86.144
epoch 49 train_loss 1.795 train_acc@1 61.265 train_acc@5 81.577 val_loss 1.446 val_acc@1 65.472 val_acc@5 86.224
epoch 50 train_loss 1.790 train_acc@1 61.308 train_acc@5 81.647 val_loss 1.454 val_acc@1 65.486 val_acc@5 86.052
epoch 51 train_loss 1.790 train_acc@1 61.325 train_acc@5 81.646 val_loss 1.440 val_acc@1 65.664 val_acc@5 86.414
epoch 52 train_loss 1.787 train_acc@1 61.498 train_acc@5 81.707 val_loss 1.440 val_acc@1 65.666 val_acc@5 86.186
epoch 53 train_loss 1.786 train_acc@1 61.472 train_acc@5 81.754 val_loss 1.439 val_acc@1 65.726 val_acc@5 86.284
epoch 54 train_loss 1.783 train_acc@1 61.534 train_acc@5 81.782 val_loss 1.443 val_acc@1 65.630 val_acc@5 86.276
epoch 55 train_loss 1.779 train_acc@1 61.609 train_acc@5 81.855 val_loss 1.441 val_acc@1 65.736 val_acc@5 86.264
epoch 56 train_loss 1.779 train_acc@1 61.638 train_acc@5 81.880 val_loss 1.436 val_acc@1 65.822 val_acc@5 86.358
epoch 57 train_loss 1.775 train_acc@1 61.718 train_acc@5 81.942 val_loss 1.425 val_acc@1 65.914 val_acc@5 86.408
epoch 58 train_loss 1.774 train_acc@1 61.718 train_acc@5 81.954 val_loss 1.426 val_acc@1 66.180 val_acc@5 86.456
epoch 59 train_loss 1.771 train_acc@1 61.814 train_acc@5 82.009 val_loss 1.434 val_acc@1 65.668 val_acc@5 86.224
epoch 60 train_loss 1.768 train_acc@1 61.875 train_acc@5 82.064 val_loss 1.422 val_acc@1 65.908 val_acc@5 86.502
epoch 61 train_loss 1.765 train_acc@1 61.912 train_acc@5 82.094 val_loss 1.424 val_acc@1 66.092 val_acc@5 86.590
epoch 62 train_loss 1.767 train_acc@1 61.994 train_acc@5 82.119 val_loss 1.412 val_acc@1 66.174 val_acc@5 86.714
epoch 63 train_loss 1.761 train_acc@1 62.039 train_acc@5 82.146 val_loss 1.410 val_acc@1 66.138 val_acc@5 86.710
epoch 64 train_loss 1.759 train_acc@1 62.094 train_acc@5 82.148 val_loss 1.402 val_acc@1 66.390 val_acc@5 86.904
epoch 65 train_loss 1.758 train_acc@1 62.140 train_acc@5 82.248 val_loss 1.414 val_acc@1 66.158 val_acc@5 86.756
epoch 66 train_loss 1.758 train_acc@1 62.137 train_acc@5 82.214 val_loss 1.411 val_acc@1 66.126 val_acc@5 86.698
epoch 67 train_loss 1.752 train_acc@1 62.224 train_acc@5 82.319 val_loss 1.410 val_acc@1 66.208 val_acc@5 86.844
epoch 68 train_loss 1.753 train_acc@1 62.266 train_acc@5 82.314 val_loss 1.411 val_acc@1 66.226 val_acc@5 86.778
epoch 69 train_loss 1.749 train_acc@1 62.314 train_acc@5 82.383 val_loss 1.402 val_acc@1 66.516 val_acc@5 86.842
epoch 70 train_loss 1.749 train_acc@1 62.340 train_acc@5 82.377 val_loss 1.405 val_acc@1 66.420 val_acc@5 86.748
epoch 71 train_loss 1.749 train_acc@1 62.403 train_acc@5 82.357 val_loss 1.413 val_acc@1 66.282 val_acc@5 86.654
epoch 72 train_loss 1.743 train_acc@1 62.501 train_acc@5 82.442 val_loss 1.407 val_acc@1 66.410 val_acc@5 86.708
epoch 73 train_loss 1.743 train_acc@1 62.499 train_acc@5 82.497 val_loss 1.399 val_acc@1 66.374 val_acc@5 86.810
epoch 74 train_loss 1.740 train_acc@1 62.547 train_acc@5 82.513 val_loss 1.397 val_acc@1 66.570 val_acc@5 86.854
epoch 75 train_loss 1.739 train_acc@1 62.594 train_acc@5 82.526 val_loss 1.387 val_acc@1 66.774 val_acc@5 87.062
epoch 76 train_loss 1.736 train_acc@1 62.648 train_acc@5 82.593 val_loss 1.386 val_acc@1 66.894 val_acc@5 87.094
epoch 77 train_loss 1.736 train_acc@1 62.747 train_acc@5 82.612 val_loss 1.394 val_acc@1 66.726 val_acc@5 86.876
epoch 78 train_loss 1.735 train_acc@1 62.665 train_acc@5 82.632 val_loss 1.389 val_acc@1 66.732 val_acc@5 87.018
epoch 79 train_loss 1.732 train_acc@1 62.746 train_acc@5 82.663 val_loss 1.389 val_acc@1 66.820 val_acc@5 87.034
epoch 80 train_loss 1.731 train_acc@1 62.764 train_acc@5 82.699 val_loss 1.390 val_acc@1 66.470 val_acc@5 87.052
epoch 81 train_loss 1.729 train_acc@1 62.852 train_acc@5 82.731 val_loss 1.390 val_acc@1 66.836 val_acc@5 87.014
epoch 82 train_loss 1.727 train_acc@1 62.874 train_acc@5 82.775 val_loss 1.391 val_acc@1 66.660 val_acc@5 86.922
epoch 83 train_loss 1.726 train_acc@1 62.897 train_acc@5 82.793 val_loss 1.374 val_acc@1 67.044 val_acc@5 87.294
epoch 84 train_loss 1.723 train_acc@1 62.946 train_acc@5 82.805 val_loss 1.387 val_acc@1 66.812 val_acc@5 87.040
epoch 85 train_loss 1.723 train_acc@1 63.030 train_acc@5 82.825 val_loss 1.392 val_acc@1 66.564 val_acc@5 86.886
epoch 86 train_loss 1.720 train_acc@1 62.982 train_acc@5 82.852 val_loss 1.374 val_acc@1 67.034 val_acc@5 87.172
epoch 87 train_loss 1.719 train_acc@1 63.093 train_acc@5 82.925 val_loss 1.378 val_acc@1 66.946 val_acc@5 87.252
epoch 88 train_loss 1.719 train_acc@1 63.094 train_acc@5 82.902 val_loss 1.376 val_acc@1 67.170 val_acc@5 87.152
epoch 89 train_loss 1.716 train_acc@1 63.201 train_acc@5 82.965 val_loss 1.378 val_acc@1 66.786 val_acc@5 87.130
epoch 90 train_loss 1.715 train_acc@1 63.199 train_acc@5 82.964 val_loss 1.368 val_acc@1 67.044 val_acc@5 87.352
epoch 91 train_loss 1.713 train_acc@1 63.191 train_acc@5 82.967 val_loss 1.368 val_acc@1 67.092 val_acc@5 87.306
epoch 92 train_loss 1.712 train_acc@1 63.322 train_acc@5 83.050 val_loss 1.365 val_acc@1 67.316 val_acc@5 87.276
epoch 93 train_loss 1.710 train_acc@1 63.347 train_acc@5 83.083 val_loss 1.361 val_acc@1 67.230 val_acc@5 87.356
epoch 94 train_loss 1.708 train_acc@1 63.324 train_acc@5 83.072 val_loss 1.371 val_acc@1 67.024 val_acc@5 87.394
epoch 95 train_loss 1.708 train_acc@1 63.398 train_acc@5 83.116 val_loss 1.371 val_acc@1 66.998 val_acc@5 87.362
epoch 96 train_loss 1.708 train_acc@1 63.417 train_acc@5 83.111 val_loss 1.364 val_acc@1 67.290 val_acc@5 87.350
epoch 97 train_loss 1.707 train_acc@1 63.413 train_acc@5 83.135 val_loss 1.360 val_acc@1 67.410 val_acc@5 87.366
epoch 98 train_loss 1.700 train_acc@1 63.562 train_acc@5 83.201 val_loss 1.363 val_acc@1 67.184 val_acc@5 87.330
epoch 99 train_loss 1.702 train_acc@1 63.495 train_acc@5 83.158 val_loss 1.357 val_acc@1 67.124 val_acc@5 87.484
epoch 100 train_loss 1.701 train_acc@1 63.550 train_acc@5 83.205 val_loss 1.357 val_acc@1 67.480 val_acc@5 87.322
epoch 101 train_loss 1.699 train_acc@1 63.539 train_acc@5 83.251 val_loss 1.346 val_acc@1 67.618 val_acc@5 87.454
epoch 102 train_loss 1.698 train_acc@1 63.629 train_acc@5 83.228 val_loss 1.357 val_acc@1 67.642 val_acc@5 87.438
epoch 103 train_loss 1.697 train_acc@1 63.682 train_acc@5 83.286 val_loss 1.344 val_acc@1 67.490 val_acc@5 87.592
epoch 104 train_loss 1.694 train_acc@1 63.701 train_acc@5 83.324 val_loss 1.356 val_acc@1 67.332 val_acc@5 87.452
epoch 105 train_loss 1.694 train_acc@1 63.688 train_acc@5 83.295 val_loss 1.352 val_acc@1 67.556 val_acc@5 87.528
epoch 106 train_loss 1.692 train_acc@1 63.765 train_acc@5 83.389 val_loss 1.345 val_acc@1 67.628 val_acc@5 87.550
epoch 107 train_loss 1.692 train_acc@1 63.820 train_acc@5 83.377 val_loss 1.343 val_acc@1 67.764 val_acc@5 87.678
epoch 108 train_loss 1.689 train_acc@1 63.819 train_acc@5 83.420 val_loss 1.351 val_acc@1 67.558 val_acc@5 87.594
epoch 109 train_loss 1.688 train_acc@1 63.896 train_acc@5 83.460 val_loss 1.343 val_acc@1 67.694 val_acc@5 87.642
epoch 110 train_loss 1.685 train_acc@1 63.951 train_acc@5 83.468 val_loss 1.335 val_acc@1 67.778 val_acc@5 87.750
epoch 111 train_loss 1.685 train_acc@1 63.925 train_acc@5 83.500 val_loss 1.332 val_acc@1 67.794 val_acc@5 87.830
epoch 112 train_loss 1.683 train_acc@1 64.037 train_acc@5 83.516 val_loss 1.333 val_acc@1 67.782 val_acc@5 87.682
epoch 113 train_loss 1.683 train_acc@1 63.981 train_acc@5 83.525 val_loss 1.337 val_acc@1 67.770 val_acc@5 87.756
epoch 114 train_loss 1.681 train_acc@1 64.054 train_acc@5 83.557 val_loss 1.335 val_acc@1 67.896 val_acc@5 87.654
epoch 115 train_loss 1.681 train_acc@1 64.030 train_acc@5 83.561 val_loss 1.334 val_acc@1 67.814 val_acc@5 87.752
epoch 116 train_loss 1.679 train_acc@1 64.113 train_acc@5 83.614 val_loss 1.337 val_acc@1 67.892 val_acc@5 87.848
epoch 117 train_loss 1.678 train_acc@1 64.110 train_acc@5 83.570 val_loss 1.328 val_acc@1 67.880 val_acc@5 87.924
epoch 118 train_loss 1.677 train_acc@1 64.097 train_acc@5 83.577 val_loss 1.335 val_acc@1 67.992 val_acc@5 87.606
epoch 119 train_loss 1.675 train_acc@1 64.216 train_acc@5 83.669 val_loss 1.337 val_acc@1 67.834 val_acc@5 87.526
epoch 120 train_loss 1.672 train_acc@1 64.260 train_acc@5 83.717 val_loss 1.334 val_acc@1 67.788 val_acc@5 87.810
epoch 121 train_loss 1.671 train_acc@1 64.289 train_acc@5 83.686 val_loss 1.320 val_acc@1 67.908 val_acc@5 87.998
epoch 122 train_loss 1.669 train_acc@1 64.289 train_acc@5 83.735 val_loss 1.315 val_acc@1 68.204 val_acc@5 88.018
epoch 123 train_loss 1.668 train_acc@1 64.399 train_acc@5 83.781 val_loss 1.318 val_acc@1 68.010 val_acc@5 87.838
epoch 124 train_loss 1.666 train_acc@1 64.427 train_acc@5 83.795 val_loss 1.315 val_acc@1 68.338 val_acc@5 87.984
epoch 125 train_loss 1.667 train_acc@1 64.412 train_acc@5 83.796 val_loss 1.329 val_acc@1 67.964 val_acc@5 87.818
epoch 126 train_loss 1.665 train_acc@1 64.435 train_acc@5 83.816 val_loss 1.319 val_acc@1 68.164 val_acc@5 88.022
epoch 127 train_loss 1.664 train_acc@1 64.501 train_acc@5 83.812 val_loss 1.318 val_acc@1 68.170 val_acc@5 87.994
epoch 128 train_loss 1.661 train_acc@1 64.519 train_acc@5 83.855 val_loss 1.323 val_acc@1 67.978 val_acc@5 87.928
epoch 129 train_loss 1.659 train_acc@1 64.571 train_acc@5 83.892 val_loss 1.310 val_acc@1 68.358 val_acc@5 88.116
epoch 130 train_loss 1.658 train_acc@1 64.611 train_acc@5 83.946 val_loss 1.321 val_acc@1 68.068 val_acc@5 87.884
epoch 131 train_loss 1.658 train_acc@1 64.612 train_acc@5 83.946 val_loss 1.316 val_acc@1 68.108 val_acc@5 87.986
epoch 132 train_loss 1.656 train_acc@1 64.667 train_acc@5 83.993 val_loss 1.310 val_acc@1 68.192 val_acc@5 87.998
epoch 133 train_loss 1.654 train_acc@1 64.692 train_acc@5 84.024 val_loss 1.320 val_acc@1 68.028 val_acc@5 88.020
epoch 134 train_loss 1.655 train_acc@1 64.688 train_acc@5 84.006 val_loss 1.313 val_acc@1 68.246 val_acc@5 88.124
epoch 135 train_loss 1.654 train_acc@1 64.721 train_acc@5 84.030 val_loss 1.313 val_acc@1 68.282 val_acc@5 88.018
epoch 136 train_loss 1.653 train_acc@1 64.810 train_acc@5 84.066 val_loss 1.318 val_acc@1 68.076 val_acc@5 87.980
epoch 137 train_loss 1.649 train_acc@1 64.849 train_acc@5 84.083 val_loss 1.301 val_acc@1 68.378 val_acc@5 88.192
epoch 138 train_loss 1.649 train_acc@1 64.909 train_acc@5 84.117 val_loss 1.307 val_acc@1 68.294 val_acc@5 88.156
epoch 139 train_loss 1.648 train_acc@1 64.904 train_acc@5 84.105 val_loss 1.302 val_acc@1 68.512 val_acc@5 88.220
epoch 140 train_loss 1.646 train_acc@1 64.930 train_acc@5 84.134 val_loss 1.308 val_acc@1 68.398 val_acc@5 88.118
epoch 141 train_loss 1.645 train_acc@1 64.966 train_acc@5 84.195 val_loss 1.301 val_acc@1 68.560 val_acc@5 88.120
epoch 142 train_loss 1.644 train_acc@1 64.991 train_acc@5 84.161 val_loss 1.295 val_acc@1 68.758 val_acc@5 88.192
epoch 143 train_loss 1.643 train_acc@1 65.017 train_acc@5 84.209 val_loss 1.297 val_acc@1 68.662 val_acc@5 88.274
epoch 144 train_loss 1.641 train_acc@1 65.026 train_acc@5 84.260 val_loss 1.299 val_acc@1 68.582 val_acc@5 88.244
epoch 145 train_loss 1.638 train_acc@1 65.060 train_acc@5 84.271 val_loss 1.294 val_acc@1 68.688 val_acc@5 88.238
epoch 146 train_loss 1.639 train_acc@1 65.099 train_acc@5 84.242 val_loss 1.295 val_acc@1 68.534 val_acc@5 88.238
epoch 147 train_loss 1.636 train_acc@1 65.191 train_acc@5 84.315 val_loss 1.294 val_acc@1 68.608 val_acc@5 88.378
epoch 148 train_loss 1.635 train_acc@1 65.196 train_acc@5 84.304 val_loss 1.288 val_acc@1 68.698 val_acc@5 88.330
epoch 149 train_loss 1.634 train_acc@1 65.227 train_acc@5 84.347 val_loss 1.283 val_acc@1 68.762 val_acc@5 88.410
epoch 150 train_loss 1.631 train_acc@1 65.305 train_acc@5 84.395 val_loss 1.293 val_acc@1 68.596 val_acc@5 88.312
epoch 151 train_loss 1.631 train_acc@1 65.354 train_acc@5 84.416 val_loss 1.286 val_acc@1 68.756 val_acc@5 88.376
epoch 152 train_loss 1.631 train_acc@1 65.345 train_acc@5 84.411 val_loss 1.285 val_acc@1 68.868 val_acc@5 88.448
epoch 153 train_loss 1.630 train_acc@1 65.364 train_acc@5 84.425 val_loss 1.279 val_acc@1 68.946 val_acc@5 88.420
epoch 154 train_loss 1.628 train_acc@1 65.408 train_acc@5 84.480 val_loss 1.284 val_acc@1 68.952 val_acc@5 88.450
epoch 155 train_loss 1.624 train_acc@1 65.543 train_acc@5 84.556 val_loss 1.281 val_acc@1 68.872 val_acc@5 88.516
epoch 156 train_loss 1.624 train_acc@1 65.505 train_acc@5 84.555 val_loss 1.277 val_acc@1 68.956 val_acc@5 88.546
epoch 157 train_loss 1.623 train_acc@1 65.572 train_acc@5 84.575 val_loss 1.274 val_acc@1 69.004 val_acc@5 88.578
epoch 158 train_loss 1.624 train_acc@1 65.540 train_acc@5 84.511 val_loss 1.279 val_acc@1 68.936 val_acc@5 88.506
epoch 159 train_loss 1.622 train_acc@1 65.560 train_acc@5 84.556 val_loss 1.274 val_acc@1 68.886 val_acc@5 88.644
epoch 160 train_loss 1.619 train_acc@1 65.612 train_acc@5 84.619 val_loss 1.269 val_acc@1 68.982 val_acc@5 88.620
epoch 161 train_loss 1.619 train_acc@1 65.660 train_acc@5 84.634 val_loss 1.279 val_acc@1 68.842 val_acc@5 88.304
epoch 162 train_loss 1.617 train_acc@1 65.725 train_acc@5 84.620 val_loss 1.274 val_acc@1 68.990 val_acc@5 88.582
epoch 163 train_loss 1.615 train_acc@1 65.811 train_acc@5 84.703 val_loss 1.276 val_acc@1 69.004 val_acc@5 88.580
epoch 164 train_loss 1.614 train_acc@1 65.755 train_acc@5 84.673 val_loss 1.272 val_acc@1 69.188 val_acc@5 88.600
epoch 165 train_loss 1.613 train_acc@1 65.770 train_acc@5 84.709 val_loss 1.278 val_acc@1 68.984 val_acc@5 88.500
epoch 166 train_loss 1.609 train_acc@1 65.872 train_acc@5 84.751 val_loss 1.269 val_acc@1 69.060 val_acc@5 88.588
epoch 167 train_loss 1.610 train_acc@1 65.903 train_acc@5 84.811 val_loss 1.274 val_acc@1 69.038 val_acc@5 88.580
epoch 168 train_loss 1.608 train_acc@1 65.933 train_acc@5 84.779 val_loss 1.270 val_acc@1 69.082 val_acc@5 88.632
epoch 169 train_loss 1.606 train_acc@1 66.001 train_acc@5 84.858 val_loss 1.267 val_acc@1 69.226 val_acc@5 88.660
epoch 170 train_loss 1.604 train_acc@1 65.974 train_acc@5 84.864 val_loss 1.266 val_acc@1 69.352 val_acc@5 88.656
epoch 171 train_loss 1.606 train_acc@1 66.017 train_acc@5 84.841 val_loss 1.258 val_acc@1 69.418 val_acc@5 88.788
epoch 172 train_loss 1.603 train_acc@1 66.069 train_acc@5 84.880 val_loss 1.263 val_acc@1 69.164 val_acc@5 88.624
epoch 173 train_loss 1.601 train_acc@1 66.131 train_acc@5 84.899 val_loss 1.255 val_acc@1 69.508 val_acc@5 88.748
epoch 174 train_loss 1.599 train_acc@1 66.127 train_acc@5 84.940 val_loss 1.263 val_acc@1 69.164 val_acc@5 88.626
epoch 175 train_loss 1.599 train_acc@1 66.125 train_acc@5 84.919 val_loss 1.255 val_acc@1 69.368 val_acc@5 88.870
epoch 176 train_loss 1.596 train_acc@1 66.285 train_acc@5 85.026 val_loss 1.262 val_acc@1 69.340 val_acc@5 88.634
epoch 177 train_loss 1.595 train_acc@1 66.268 train_acc@5 85.031 val_loss 1.260 val_acc@1 69.224 val_acc@5 88.768
epoch 178 train_loss 1.594 train_acc@1 66.303 train_acc@5 85.059 val_loss 1.258 val_acc@1 69.340 val_acc@5 88.810
epoch 179 train_loss 1.593 train_acc@1 66.373 train_acc@5 85.064 val_loss 1.254 val_acc@1 69.360 val_acc@5 88.782
epoch 180 train_loss 1.590 train_acc@1 66.381 train_acc@5 85.074 val_loss 1.252 val_acc@1 69.406 val_acc@5 88.732
epoch 181 train_loss 1.588 train_acc@1 66.387 train_acc@5 85.135 val_loss 1.244 val_acc@1 69.650 val_acc@5 88.930
epoch 182 train_loss 1.587 train_acc@1 66.481 train_acc@5 85.113 val_loss 1.244 val_acc@1 69.656 val_acc@5 88.914
epoch 183 train_loss 1.586 train_acc@1 66.479 train_acc@5 85.193 val_loss 1.249 val_acc@1 69.486 val_acc@5 88.930
epoch 184 train_loss 1.585 train_acc@1 66.501 train_acc@5 85.183 val_loss 1.243 val_acc@1 69.712 val_acc@5 88.926
epoch 185 train_loss 1.583 train_acc@1 66.585 train_acc@5 85.230 val_loss 1.250 val_acc@1 69.440 val_acc@5 88.910
epoch 186 train_loss 1.579 train_acc@1 66.689 train_acc@5 85.299 val_loss 1.245 val_acc@1 69.612 val_acc@5 88.862
epoch 187 train_loss 1.580 train_acc@1 66.682 train_acc@5 85.284 val_loss 1.233 val_acc@1 69.796 val_acc@5 89.022
epoch 188 train_loss 1.579 train_acc@1 66.703 train_acc@5 85.289 val_loss 1.239 val_acc@1 69.612 val_acc@5 89.010
epoch 189 train_loss 1.577 train_acc@1 66.739 train_acc@5 85.344 val_loss 1.239 val_acc@1 69.612 val_acc@5 89.098
epoch 190 train_loss 1.578 train_acc@1 66.720 train_acc@5 85.337 val_loss 1.235 val_acc@1 69.770 val_acc@5 89.090
epoch 191 train_loss 1.574 train_acc@1 66.815 train_acc@5 85.364 val_loss 1.237 val_acc@1 69.760 val_acc@5 89.032
epoch 192 train_loss 1.573 train_acc@1 66.879 train_acc@5 85.426 val_loss 1.230 val_acc@1 69.716 val_acc@5 89.008
epoch 193 train_loss 1.573 train_acc@1 66.894 train_acc@5 85.438 val_loss 1.235 val_acc@1 69.802 val_acc@5 89.140
epoch 194 train_loss 1.570 train_acc@1 66.952 train_acc@5 85.461 val_loss 1.230 val_acc@1 70.050 val_acc@5 89.168
epoch 195 train_loss 1.569 train_acc@1 67.030 train_acc@5 85.491 val_loss 1.235 val_acc@1 69.832 val_acc@5 89.084
epoch 196 train_loss 1.568 train_acc@1 67.050 train_acc@5 85.520 val_loss 1.229 val_acc@1 69.946 val_acc@5 89.114
epoch 197 train_loss 1.565 train_acc@1 67.093 train_acc@5 85.563 val_loss 1.230 val_acc@1 69.886 val_acc@5 89.220
epoch 198 train_loss 1.563 train_acc@1 67.133 train_acc@5 85.609 val_loss 1.228 val_acc@1 70.078 val_acc@5 89.150
epoch 199 train_loss 1.562 train_acc@1 67.179 train_acc@5 85.605 val_loss 1.223 val_acc@1 69.994 val_acc@5 89.208
epoch 200 train_loss 1.560 train_acc@1 67.251 train_acc@5 85.614 val_loss 1.222 val_acc@1 70.164 val_acc@5 89.270
epoch 201 train_loss 1.559 train_acc@1 67.188 train_acc@5 85.649 val_loss 1.222 val_acc@1 70.050 val_acc@5 89.150
epoch 202 train_loss 1.555 train_acc@1 67.335 train_acc@5 85.731 val_loss 1.219 val_acc@1 70.186 val_acc@5 89.214
epoch 203 train_loss 1.556 train_acc@1 67.306 train_acc@5 85.721 val_loss 1.227 val_acc@1 69.930 val_acc@5 89.128
epoch 204 train_loss 1.554 train_acc@1 67.354 train_acc@5 85.689 val_loss 1.222 val_acc@1 70.016 val_acc@5 89.244
epoch 205 train_loss 1.552 train_acc@1 67.465 train_acc@5 85.762 val_loss 1.219 val_acc@1 70.118 val_acc@5 89.268
epoch 206 train_loss 1.554 train_acc@1 67.443 train_acc@5 85.766 val_loss 1.219 val_acc@1 70.128 val_acc@5 89.272
epoch 207 train_loss 1.549 train_acc@1 67.501 train_acc@5 85.792 val_loss 1.213 val_acc@1 70.190 val_acc@5 89.292
epoch 208 train_loss 1.549 train_acc@1 67.523 train_acc@5 85.817 val_loss 1.213 val_acc@1 70.140 val_acc@5 89.362
epoch 209 train_loss 1.546 train_acc@1 67.602 train_acc@5 85.876 val_loss 1.208 val_acc@1 70.286 val_acc@5 89.352
epoch 210 train_loss 1.544 train_acc@1 67.628 train_acc@5 85.922 val_loss 1.207 val_acc@1 70.470 val_acc@5 89.388
epoch 211 train_loss 1.542 train_acc@1 67.739 train_acc@5 85.972 val_loss 1.204 val_acc@1 70.276 val_acc@5 89.440
epoch 212 train_loss 1.541 train_acc@1 67.740 train_acc@5 85.941 val_loss 1.208 val_acc@1 70.226 val_acc@5 89.402
epoch 213 train_loss 1.539 train_acc@1 67.798 train_acc@5 85.999 val_loss 1.205 val_acc@1 70.390 val_acc@5 89.438
epoch 214 train_loss 1.536 train_acc@1 67.897 train_acc@5 86.038 val_loss 1.199 val_acc@1 70.432 val_acc@5 89.522
epoch 215 train_loss 1.535 train_acc@1 67.908 train_acc@5 86.070 val_loss 1.198 val_acc@1 70.552 val_acc@5 89.456
epoch 216 train_loss 1.534 train_acc@1 67.971 train_acc@5 86.069 val_loss 1.196 val_acc@1 70.628 val_acc@5 89.496
epoch 217 train_loss 1.531 train_acc@1 68.013 train_acc@5 86.133 val_loss 1.200 val_acc@1 70.410 val_acc@5 89.558
epoch 218 train_loss 1.528 train_acc@1 68.083 train_acc@5 86.177 val_loss 1.191 val_acc@1 70.714 val_acc@5 89.664
epoch 219 train_loss 1.528 train_acc@1 68.119 train_acc@5 86.153 val_loss 1.196 val_acc@1 70.520 val_acc@5 89.598
epoch 220 train_loss 1.526 train_acc@1 68.198 train_acc@5 86.226 val_loss 1.192 val_acc@1 70.676 val_acc@5 89.612
epoch 221 train_loss 1.526 train_acc@1 68.185 train_acc@5 86.180 val_loss 1.189 val_acc@1 70.904 val_acc@5 89.674
epoch 222 train_loss 1.522 train_acc@1 68.294 train_acc@5 86.302 val_loss 1.189 val_acc@1 70.802 val_acc@5 89.648
epoch 223 train_loss 1.520 train_acc@1 68.357 train_acc@5 86.289 val_loss 1.185 val_acc@1 70.750 val_acc@5 89.714
epoch 224 train_loss 1.520 train_acc@1 68.384 train_acc@5 86.355 val_loss 1.188 val_acc@1 70.668 val_acc@5 89.694
epoch 225 train_loss 1.516 train_acc@1 68.399 train_acc@5 86.357 val_loss 1.187 val_acc@1 70.886 val_acc@5 89.694
epoch 226 train_loss 1.515 train_acc@1 68.472 train_acc@5 86.415 val_loss 1.180 val_acc@1 70.804 val_acc@5 89.854
epoch 227 train_loss 1.515 train_acc@1 68.488 train_acc@5 86.454 val_loss 1.179 val_acc@1 71.000 val_acc@5 89.894
epoch 228 train_loss 1.512 train_acc@1 68.583 train_acc@5 86.476 val_loss 1.176 val_acc@1 71.088 val_acc@5 89.846
epoch 229 train_loss 1.510 train_acc@1 68.609 train_acc@5 86.479 val_loss 1.173 val_acc@1 71.066 val_acc@5 89.938
epoch 230 train_loss 1.508 train_acc@1 68.672 train_acc@5 86.501 val_loss 1.176 val_acc@1 71.054 val_acc@5 89.880
epoch 231 train_loss 1.506 train_acc@1 68.762 train_acc@5 86.559 val_loss 1.169 val_acc@1 71.152 val_acc@5 89.980
epoch 232 train_loss 1.504 train_acc@1 68.849 train_acc@5 86.594 val_loss 1.171 val_acc@1 71.032 val_acc@5 89.864
epoch 233 train_loss 1.501 train_acc@1 68.912 train_acc@5 86.652 val_loss 1.169 val_acc@1 71.104 val_acc@5 89.908
epoch 234 train_loss 1.498 train_acc@1 68.966 train_acc@5 86.700 val_loss 1.169 val_acc@1 71.186 val_acc@5 89.904
epoch 235 train_loss 1.499 train_acc@1 69.017 train_acc@5 86.726 val_loss 1.163 val_acc@1 71.296 val_acc@5 90.018
epoch 236 train_loss 1.498 train_acc@1 68.990 train_acc@5 86.695 val_loss 1.163 val_acc@1 71.258 val_acc@5 90.028
epoch 237 train_loss 1.495 train_acc@1 69.121 train_acc@5 86.714 val_loss 1.164 val_acc@1 71.206 val_acc@5 90.086
epoch 238 train_loss 1.492 train_acc@1 69.176 train_acc@5 86.792 val_loss 1.159 val_acc@1 71.278 val_acc@5 90.012
epoch 239 train_loss 1.489 train_acc@1 69.242 train_acc@5 86.845 val_loss 1.156 val_acc@1 71.360 val_acc@5 90.102
epoch 240 train_loss 1.488 train_acc@1 69.218 train_acc@5 86.866 val_loss 1.155 val_acc@1 71.404 val_acc@5 90.130
epoch 241 train_loss 1.486 train_acc@1 69.347 train_acc@5 86.896 val_loss 1.154 val_acc@1 71.460 val_acc@5 90.152
epoch 242 train_loss 1.484 train_acc@1 69.388 train_acc@5 86.923 val_loss 1.151 val_acc@1 71.456 val_acc@5 90.144
epoch 243 train_loss 1.483 train_acc@1 69.438 train_acc@5 86.975 val_loss 1.154 val_acc@1 71.478 val_acc@5 90.224
epoch 244 train_loss 1.482 train_acc@1 69.519 train_acc@5 87.004 val_loss 1.146 val_acc@1 71.662 val_acc@5 90.264
epoch 245 train_loss 1.477 train_acc@1 69.590 train_acc@5 87.074 val_loss 1.146 val_acc@1 71.652 val_acc@5 90.328
epoch 246 train_loss 1.478 train_acc@1 69.594 train_acc@5 87.060 val_loss 1.146 val_acc@1 71.686 val_acc@5 90.340
epoch 247 train_loss 1.473 train_acc@1 69.711 train_acc@5 87.128 val_loss 1.146 val_acc@1 71.690 val_acc@5 90.168
epoch 248 train_loss 1.473 train_acc@1 69.736 train_acc@5 87.115 val_loss 1.140 val_acc@1 71.704 val_acc@5 90.352
epoch 249 train_loss 1.469 train_acc@1 69.875 train_acc@5 87.187 val_loss 1.138 val_acc@1 71.760 val_acc@5 90.284
epoch 250 train_loss 1.469 train_acc@1 69.877 train_acc@5 87.207 val_loss 1.141 val_acc@1 71.818 val_acc@5 90.316
epoch 251 train_loss 1.466 train_acc@1 69.931 train_acc@5 87.243 val_loss 1.139 val_acc@1 71.812 val_acc@5 90.378
epoch 252 train_loss 1.467 train_acc@1 69.914 train_acc@5 87.274 val_loss 1.142 val_acc@1 71.806 val_acc@5 90.376
epoch 253 train_loss 1.464 train_acc@1 70.004 train_acc@5 87.302 val_loss 1.135 val_acc@1 71.840 val_acc@5 90.434
epoch 254 train_loss 1.464 train_acc@1 69.994 train_acc@5 87.328 val_loss 1.136 val_acc@1 71.850 val_acc@5 90.390
epoch 255 train_loss 1.461 train_acc@1 70.078 train_acc@5 87.316 val_loss 1.134 val_acc@1 71.762 val_acc@5 90.370



