epoch 0 train_loss 5.076 train_acc@1 10.731 train_acc@5 24.807 val_loss 3.888 val_acc@1 22.800 val_acc@5 45.072
epoch 1 train_loss 3.682 train_acc@1 26.757 train_acc@5 49.045 val_loss 3.040 val_acc@1 35.772 val_acc@5 60.802
epoch 2 train_loss 3.170 train_acc@1 34.818 train_acc@5 58.254 val_loss 2.694 val_acc@1 41.806 val_acc@5 66.792
epoch 3 train_loss 2.898 train_acc@1 39.450 train_acc@5 62.964 val_loss 2.504 val_acc@1 45.526 val_acc@5 69.850
epoch 4 train_loss 2.715 train_acc@1 42.721 train_acc@5 66.060 val_loss 2.334 val_acc@1 48.558 val_acc@5 72.744
epoch 5 train_loss 2.591 train_acc@1 45.047 train_acc@5 68.181 val_loss 2.209 val_acc@1 50.730 val_acc@5 74.690
epoch 6 train_loss 2.489 train_acc@1 46.967 train_acc@5 69.918 val_loss 2.112 val_acc@1 52.428 val_acc@5 76.246
epoch 7 train_loss 2.412 train_acc@1 48.427 train_acc@5 71.194 val_loss 2.045 val_acc@1 53.884 val_acc@5 77.428
epoch 8 train_loss 2.347 train_acc@1 49.748 train_acc@5 72.282 val_loss 2.009 val_acc@1 54.482 val_acc@5 77.810
epoch 9 train_loss 2.296 train_acc@1 50.728 train_acc@5 73.156 val_loss 1.944 val_acc@1 55.790 val_acc@5 78.936
epoch 10 train_loss 2.249 train_acc@1 51.713 train_acc@5 73.946 val_loss 1.898 val_acc@1 56.940 val_acc@5 79.490
epoch 11 train_loss 2.210 train_acc@1 52.515 train_acc@5 74.581 val_loss 1.874 val_acc@1 57.230 val_acc@5 79.782
epoch 12 train_loss 2.175 train_acc@1 53.206 train_acc@5 75.175 val_loss 1.834 val_acc@1 58.056 val_acc@5 80.516
epoch 13 train_loss 2.144 train_acc@1 53.823 train_acc@5 75.695 val_loss 1.811 val_acc@1 58.492 val_acc@5 80.736
epoch 14 train_loss 2.120 train_acc@1 54.336 train_acc@5 76.090 val_loss 1.805 val_acc@1 58.694 val_acc@5 80.730
epoch 15 train_loss 2.095 train_acc@1 54.864 train_acc@5 76.551 val_loss 1.775 val_acc@1 59.324 val_acc@5 81.406
epoch 16 train_loss 2.074 train_acc@1 55.301 train_acc@5 76.900 val_loss 1.748 val_acc@1 59.650 val_acc@5 81.822
epoch 17 train_loss 2.055 train_acc@1 55.709 train_acc@5 77.171 val_loss 1.724 val_acc@1 60.170 val_acc@5 81.962
epoch 18 train_loss 2.037 train_acc@1 56.086 train_acc@5 77.467 val_loss 1.718 val_acc@1 60.334 val_acc@5 82.142
epoch 19 train_loss 2.023 train_acc@1 56.381 train_acc@5 77.715 val_loss 1.703 val_acc@1 60.390 val_acc@5 82.482
epoch 20 train_loss 2.007 train_acc@1 56.707 train_acc@5 78.014 val_loss 1.686 val_acc@1 60.816 val_acc@5 82.766
epoch 21 train_loss 1.972 train_acc@1 57.477 train_acc@5 78.556 val_loss 1.666 val_acc@1 61.462 val_acc@5 82.824
epoch 22 train_loss 1.958 train_acc@1 57.751 train_acc@5 78.776 val_loss 1.658 val_acc@1 61.400 val_acc@5 83.128
epoch 23 train_loss 1.947 train_acc@1 58.014 train_acc@5 78.959 val_loss 1.641 val_acc@1 61.922 val_acc@5 83.388
epoch 24 train_loss 1.936 train_acc@1 58.275 train_acc@5 79.237 val_loss 1.625 val_acc@1 62.070 val_acc@5 83.566
epoch 25 train_loss 1.924 train_acc@1 58.547 train_acc@5 79.425 val_loss 1.625 val_acc@1 62.118 val_acc@5 83.562
epoch 26 train_loss 1.916 train_acc@1 58.730 train_acc@5 79.507 val_loss 1.605 val_acc@1 62.622 val_acc@5 83.900
epoch 27 train_loss 1.909 train_acc@1 58.930 train_acc@5 79.638 val_loss 1.602 val_acc@1 62.562 val_acc@5 83.944
epoch 28 train_loss 1.898 train_acc@1 59.115 train_acc@5 79.851 val_loss 1.589 val_acc@1 62.816 val_acc@5 84.132
epoch 29 train_loss 1.891 train_acc@1 59.288 train_acc@5 79.963 val_loss 1.586 val_acc@1 63.054 val_acc@5 84.092
epoch 30 train_loss 1.883 train_acc@1 59.486 train_acc@5 80.097 val_loss 1.583 val_acc@1 62.840 val_acc@5 84.268
epoch 31 train_loss 1.877 train_acc@1 59.566 train_acc@5 80.193 val_loss 1.576 val_acc@1 62.942 val_acc@5 84.306
epoch 32 train_loss 1.869 train_acc@1 59.778 train_acc@5 80.326 val_loss 1.572 val_acc@1 63.178 val_acc@5 84.314
epoch 33 train_loss 1.865 train_acc@1 59.879 train_acc@5 80.464 val_loss 1.556 val_acc@1 63.464 val_acc@5 84.688
epoch 34 train_loss 1.857 train_acc@1 60.059 train_acc@5 80.541 val_loss 1.559 val_acc@1 63.436 val_acc@5 84.722
epoch 35 train_loss 1.851 train_acc@1 60.187 train_acc@5 80.612 val_loss 1.563 val_acc@1 63.372 val_acc@5 84.468
epoch 36 train_loss 1.847 train_acc@1 60.284 train_acc@5 80.709 val_loss 1.538 val_acc@1 63.666 val_acc@5 84.850
epoch 37 train_loss 1.841 train_acc@1 60.427 train_acc@5 80.817 val_loss 1.537 val_acc@1 63.894 val_acc@5 84.866
epoch 38 train_loss 1.836 train_acc@1 60.581 train_acc@5 80.903 val_loss 1.544 val_acc@1 63.740 val_acc@5 84.784
epoch 39 train_loss 1.830 train_acc@1 60.677 train_acc@5 81.016 val_loss 1.541 val_acc@1 63.800 val_acc@5 84.788
epoch 40 train_loss 1.827 train_acc@1 60.723 train_acc@5 81.078 val_loss 1.531 val_acc@1 63.808 val_acc@5 84.924
epoch 41 train_loss 1.822 train_acc@1 60.905 train_acc@5 81.178 val_loss 1.521 val_acc@1 64.014 val_acc@5 85.286
epoch 42 train_loss 1.815 train_acc@1 61.023 train_acc@5 81.240 val_loss 1.514 val_acc@1 64.254 val_acc@5 85.212
epoch 43 train_loss 1.813 train_acc@1 61.058 train_acc@5 81.263 val_loss 1.519 val_acc@1 64.316 val_acc@5 85.078
epoch 44 train_loss 1.811 train_acc@1 61.148 train_acc@5 81.344 val_loss 1.504 val_acc@1 64.432 val_acc@5 85.548
epoch 45 train_loss 1.805 train_acc@1 61.298 train_acc@5 81.400 val_loss 1.504 val_acc@1 64.416 val_acc@5 85.384
epoch 46 train_loss 1.801 train_acc@1 61.370 train_acc@5 81.490 val_loss 1.509 val_acc@1 64.240 val_acc@5 85.202
epoch 47 train_loss 1.796 train_acc@1 61.447 train_acc@5 81.596 val_loss 1.504 val_acc@1 64.610 val_acc@5 85.282
epoch 48 train_loss 1.793 train_acc@1 61.528 train_acc@5 81.601 val_loss 1.496 val_acc@1 64.328 val_acc@5 85.468
epoch 49 train_loss 1.790 train_acc@1 61.639 train_acc@5 81.702 val_loss 1.486 val_acc@1 64.598 val_acc@5 85.696
epoch 50 train_loss 1.787 train_acc@1 61.682 train_acc@5 81.724 val_loss 1.493 val_acc@1 64.568 val_acc@5 85.440
epoch 51 train_loss 1.786 train_acc@1 61.751 train_acc@5 81.769 val_loss 1.486 val_acc@1 64.732 val_acc@5 85.646
epoch 52 train_loss 1.783 train_acc@1 61.764 train_acc@5 81.791 val_loss 1.488 val_acc@1 64.698 val_acc@5 85.588
epoch 53 train_loss 1.779 train_acc@1 61.861 train_acc@5 81.832 val_loss 1.482 val_acc@1 65.050 val_acc@5 85.772
epoch 54 train_loss 1.776 train_acc@1 61.987 train_acc@5 81.901 val_loss 1.483 val_acc@1 64.840 val_acc@5 85.590
epoch 55 train_loss 1.774 train_acc@1 61.994 train_acc@5 81.962 val_loss 1.470 val_acc@1 65.042 val_acc@5 85.862
epoch 56 train_loss 1.770 train_acc@1 62.111 train_acc@5 82.018 val_loss 1.471 val_acc@1 65.094 val_acc@5 85.842
epoch 57 train_loss 1.768 train_acc@1 62.162 train_acc@5 82.078 val_loss 1.472 val_acc@1 64.964 val_acc@5 85.850
epoch 58 train_loss 1.764 train_acc@1 62.234 train_acc@5 82.115 val_loss 1.467 val_acc@1 65.248 val_acc@5 85.970
epoch 59 train_loss 1.760 train_acc@1 62.274 train_acc@5 82.183 val_loss 1.473 val_acc@1 65.224 val_acc@5 85.782
epoch 60 train_loss 1.758 train_acc@1 62.348 train_acc@5 82.204 val_loss 1.461 val_acc@1 65.170 val_acc@5 85.984
epoch 61 train_loss 1.756 train_acc@1 62.465 train_acc@5 82.225 val_loss 1.454 val_acc@1 65.374 val_acc@5 86.050
epoch 62 train_loss 1.756 train_acc@1 62.414 train_acc@5 82.268 val_loss 1.466 val_acc@1 65.338 val_acc@5 85.796
epoch 63 train_loss 1.752 train_acc@1 62.532 train_acc@5 82.368 val_loss 1.458 val_acc@1 65.262 val_acc@5 86.000
epoch 64 train_loss 1.750 train_acc@1 62.562 train_acc@5 82.386 val_loss 1.453 val_acc@1 65.410 val_acc@5 85.970
epoch 65 train_loss 1.746 train_acc@1 62.679 train_acc@5 82.428 val_loss 1.449 val_acc@1 65.532 val_acc@5 86.160
epoch 66 train_loss 1.745 train_acc@1 62.670 train_acc@5 82.477 val_loss 1.446 val_acc@1 65.480 val_acc@5 86.152
epoch 67 train_loss 1.743 train_acc@1 62.708 train_acc@5 82.521 val_loss 1.443 val_acc@1 65.496 val_acc@5 86.168
epoch 68 train_loss 1.742 train_acc@1 62.760 train_acc@5 82.508 val_loss 1.447 val_acc@1 65.564 val_acc@5 86.116
epoch 69 train_loss 1.740 train_acc@1 62.798 train_acc@5 82.546 val_loss 1.446 val_acc@1 65.508 val_acc@5 86.156
epoch 70 train_loss 1.736 train_acc@1 62.913 train_acc@5 82.597 val_loss 1.444 val_acc@1 65.466 val_acc@5 86.234
epoch 71 train_loss 1.737 train_acc@1 62.926 train_acc@5 82.601 val_loss 1.440 val_acc@1 65.526 val_acc@5 86.218
epoch 72 train_loss 1.733 train_acc@1 62.999 train_acc@5 82.605 val_loss 1.444 val_acc@1 65.614 val_acc@5 86.130
epoch 73 train_loss 1.731 train_acc@1 63.042 train_acc@5 82.710 val_loss 1.431 val_acc@1 65.730 val_acc@5 86.448
epoch 74 train_loss 1.731 train_acc@1 63.029 train_acc@5 82.693 val_loss 1.433 val_acc@1 65.936 val_acc@5 86.354
epoch 75 train_loss 1.729 train_acc@1 63.067 train_acc@5 82.713 val_loss 1.423 val_acc@1 66.110 val_acc@5 86.532
epoch 76 train_loss 1.726 train_acc@1 63.157 train_acc@5 82.804 val_loss 1.434 val_acc@1 65.844 val_acc@5 86.372
epoch 77 train_loss 1.723 train_acc@1 63.231 train_acc@5 82.799 val_loss 1.424 val_acc@1 66.194 val_acc@5 86.434
epoch 78 train_loss 1.723 train_acc@1 63.208 train_acc@5 82.813 val_loss 1.426 val_acc@1 65.924 val_acc@5 86.388
epoch 79 train_loss 1.720 train_acc@1 63.296 train_acc@5 82.845 val_loss 1.423 val_acc@1 65.990 val_acc@5 86.564
epoch 80 train_loss 1.718 train_acc@1 63.301 train_acc@5 82.901 val_loss 1.425 val_acc@1 65.998 val_acc@5 86.494
epoch 81 train_loss 1.718 train_acc@1 63.352 train_acc@5 82.927 val_loss 1.420 val_acc@1 66.112 val_acc@5 86.516
epoch 82 train_loss 1.716 train_acc@1 63.387 train_acc@5 82.939 val_loss 1.422 val_acc@1 66.192 val_acc@5 86.370
epoch 83 train_loss 1.712 train_acc@1 63.486 train_acc@5 83.004 val_loss 1.422 val_acc@1 66.032 val_acc@5 86.584
epoch 84 train_loss 1.712 train_acc@1 63.501 train_acc@5 83.024 val_loss 1.423 val_acc@1 66.164 val_acc@5 86.480
epoch 85 train_loss 1.710 train_acc@1 63.511 train_acc@5 83.047 val_loss 1.419 val_acc@1 66.176 val_acc@5 86.596
epoch 86 train_loss 1.709 train_acc@1 63.503 train_acc@5 83.051 val_loss 1.424 val_acc@1 66.146 val_acc@5 86.492
epoch 87 train_loss 1.708 train_acc@1 63.566 train_acc@5 83.111 val_loss 1.407 val_acc@1 66.374 val_acc@5 86.746
epoch 88 train_loss 1.709 train_acc@1 63.617 train_acc@5 83.083 val_loss 1.408 val_acc@1 66.444 val_acc@5 86.620
epoch 89 train_loss 1.707 train_acc@1 63.639 train_acc@5 83.103 val_loss 1.416 val_acc@1 66.092 val_acc@5 86.522
epoch 90 train_loss 1.706 train_acc@1 63.672 train_acc@5 83.121 val_loss 1.410 val_acc@1 66.222 val_acc@5 86.772
epoch 91 train_loss 1.702 train_acc@1 63.730 train_acc@5 83.183 val_loss 1.408 val_acc@1 66.446 val_acc@5 86.688
epoch 92 train_loss 1.701 train_acc@1 63.761 train_acc@5 83.215 val_loss 1.406 val_acc@1 66.288 val_acc@5 86.612
epoch 93 train_loss 1.700 train_acc@1 63.766 train_acc@5 83.162 val_loss 1.401 val_acc@1 66.344 val_acc@5 86.850
epoch 94 train_loss 1.700 train_acc@1 63.769 train_acc@5 83.189 val_loss 1.401 val_acc@1 66.580 val_acc@5 86.830
epoch 95 train_loss 1.696 train_acc@1 63.868 train_acc@5 83.263 val_loss 1.402 val_acc@1 66.710 val_acc@5 86.838
epoch 96 train_loss 1.696 train_acc@1 63.859 train_acc@5 83.252 val_loss 1.402 val_acc@1 66.334 val_acc@5 86.758
epoch 97 train_loss 1.697 train_acc@1 63.862 train_acc@5 83.294 val_loss 1.401 val_acc@1 66.662 val_acc@5 86.744
epoch 98 train_loss 1.695 train_acc@1 63.929 train_acc@5 83.337 val_loss 1.404 val_acc@1 66.456 val_acc@5 86.684
epoch 99 train_loss 1.693 train_acc@1 63.943 train_acc@5 83.337 val_loss 1.393 val_acc@1 66.730 val_acc@5 86.846
epoch 100 train_loss 1.690 train_acc@1 63.996 train_acc@5 83.400 val_loss 1.397 val_acc@1 66.532 val_acc@5 86.916
epoch 101 train_loss 1.690 train_acc@1 64.046 train_acc@5 83.434 val_loss 1.400 val_acc@1 66.578 val_acc@5 86.698
epoch 102 train_loss 1.689 train_acc@1 64.077 train_acc@5 83.470 val_loss 1.401 val_acc@1 66.544 val_acc@5 86.860
epoch 103 train_loss 1.690 train_acc@1 64.040 train_acc@5 83.359 val_loss 1.394 val_acc@1 66.600 val_acc@5 86.956
epoch 104 train_loss 1.687 train_acc@1 64.129 train_acc@5 83.438 val_loss 1.391 val_acc@1 66.528 val_acc@5 86.836
epoch 105 train_loss 1.688 train_acc@1 64.129 train_acc@5 83.467 val_loss 1.389 val_acc@1 66.842 val_acc@5 86.980
epoch 106 train_loss 1.685 train_acc@1 64.192 train_acc@5 83.502 val_loss 1.393 val_acc@1 66.592 val_acc@5 86.894
epoch 107 train_loss 1.683 train_acc@1 64.228 train_acc@5 83.526 val_loss 1.392 val_acc@1 66.752 val_acc@5 86.934
epoch 108 train_loss 1.685 train_acc@1 64.181 train_acc@5 83.533 val_loss 1.392 val_acc@1 66.838 val_acc@5 86.826
epoch 109 train_loss 1.683 train_acc@1 64.248 train_acc@5 83.521 val_loss 1.394 val_acc@1 66.518 val_acc@5 86.854
epoch 110 train_loss 1.680 train_acc@1 64.267 train_acc@5 83.558 val_loss 1.386 val_acc@1 66.610 val_acc@5 87.052
epoch 111 train_loss 1.680 train_acc@1 64.242 train_acc@5 83.583 val_loss 1.389 val_acc@1 66.790 val_acc@5 86.868
epoch 112 train_loss 1.680 train_acc@1 64.303 train_acc@5 83.570 val_loss 1.386 val_acc@1 66.638 val_acc@5 87.176
epoch 113 train_loss 1.680 train_acc@1 64.306 train_acc@5 83.551 val_loss 1.388 val_acc@1 66.768 val_acc@5 86.946
epoch 114 train_loss 1.677 train_acc@1 64.333 train_acc@5 83.603 val_loss 1.383 val_acc@1 66.952 val_acc@5 87.030
epoch 115 train_loss 1.676 train_acc@1 64.428 train_acc@5 83.586 val_loss 1.390 val_acc@1 66.738 val_acc@5 86.954
epoch 116 train_loss 1.676 train_acc@1 64.375 train_acc@5 83.649 val_loss 1.382 val_acc@1 66.702 val_acc@5 87.064
epoch 117 train_loss 1.673 train_acc@1 64.490 train_acc@5 83.711 val_loss 1.392 val_acc@1 66.664 val_acc@5 86.890
epoch 118 train_loss 1.674 train_acc@1 64.460 train_acc@5 83.685 val_loss 1.379 val_acc@1 66.946 val_acc@5 87.218
epoch 119 train_loss 1.672 train_acc@1 64.499 train_acc@5 83.690 val_loss 1.378 val_acc@1 66.734 val_acc@5 87.290
epoch 120 train_loss 1.670 train_acc@1 64.523 train_acc@5 83.702 val_loss 1.379 val_acc@1 67.038 val_acc@5 87.092
epoch 121 train_loss 1.669 train_acc@1 64.551 train_acc@5 83.756 val_loss 1.380 val_acc@1 66.998 val_acc@5 87.090
epoch 122 train_loss 1.670 train_acc@1 64.584 train_acc@5 83.745 val_loss 1.378 val_acc@1 66.788 val_acc@5 87.218
epoch 123 train_loss 1.669 train_acc@1 64.575 train_acc@5 83.770 val_loss 1.370 val_acc@1 67.222 val_acc@5 87.162
epoch 124 train_loss 1.667 train_acc@1 64.575 train_acc@5 83.741 val_loss 1.370 val_acc@1 67.012 val_acc@5 87.296
epoch 125 train_loss 1.667 train_acc@1 64.625 train_acc@5 83.737 val_loss 1.381 val_acc@1 67.000 val_acc@5 86.944
epoch 126 train_loss 1.666 train_acc@1 64.638 train_acc@5 83.826 val_loss 1.379 val_acc@1 67.028 val_acc@5 87.094
epoch 127 train_loss 1.666 train_acc@1 64.668 train_acc@5 83.794 val_loss 1.368 val_acc@1 67.170 val_acc@5 87.276
epoch 128 train_loss 1.664 train_acc@1 64.714 train_acc@5 83.828 val_loss 1.374 val_acc@1 66.916 val_acc@5 87.212
epoch 129 train_loss 1.663 train_acc@1 64.702 train_acc@5 83.889 val_loss 1.370 val_acc@1 67.226 val_acc@5 87.224
epoch 130 train_loss 1.662 train_acc@1 64.742 train_acc@5 83.911 val_loss 1.376 val_acc@1 67.000 val_acc@5 87.130
epoch 131 train_loss 1.659 train_acc@1 64.830 train_acc@5 83.911 val_loss 1.368 val_acc@1 67.206 val_acc@5 87.324
epoch 132 train_loss 1.658 train_acc@1 64.807 train_acc@5 83.917 val_loss 1.363 val_acc@1 67.326 val_acc@5 87.264
epoch 133 train_loss 1.658 train_acc@1 64.824 train_acc@5 83.932 val_loss 1.369 val_acc@1 67.058 val_acc@5 87.268
epoch 134 train_loss 1.659 train_acc@1 64.861 train_acc@5 83.932 val_loss 1.358 val_acc@1 67.288 val_acc@5 87.336
epoch 135 train_loss 1.657 train_acc@1 64.876 train_acc@5 83.951 val_loss 1.364 val_acc@1 67.220 val_acc@5 87.354
epoch 136 train_loss 1.657 train_acc@1 64.897 train_acc@5 83.989 val_loss 1.371 val_acc@1 67.012 val_acc@5 87.164
epoch 137 train_loss 1.657 train_acc@1 64.872 train_acc@5 83.971 val_loss 1.372 val_acc@1 67.176 val_acc@5 87.250
epoch 138 train_loss 1.657 train_acc@1 64.923 train_acc@5 83.964 val_loss 1.362 val_acc@1 67.286 val_acc@5 87.330
epoch 139 train_loss 1.654 train_acc@1 64.904 train_acc@5 83.998 val_loss 1.362 val_acc@1 67.014 val_acc@5 87.338
epoch 140 train_loss 1.654 train_acc@1 64.927 train_acc@5 83.981 val_loss 1.362 val_acc@1 67.210 val_acc@5 87.348
epoch 141 train_loss 1.653 train_acc@1 64.972 train_acc@5 84.019 val_loss 1.360 val_acc@1 67.402 val_acc@5 87.294
epoch 142 train_loss 1.652 train_acc@1 65.003 train_acc@5 84.036 val_loss 1.359 val_acc@1 67.306 val_acc@5 87.476
epoch 143 train_loss 1.652 train_acc@1 64.982 train_acc@5 84.039 val_loss 1.366 val_acc@1 67.258 val_acc@5 87.306
epoch 144 train_loss 1.652 train_acc@1 65.064 train_acc@5 84.068 val_loss 1.365 val_acc@1 67.220 val_acc@5 87.330
epoch 145 train_loss 1.649 train_acc@1 65.079 train_acc@5 84.101 val_loss 1.357 val_acc@1 67.264 val_acc@5 87.396
epoch 146 train_loss 1.647 train_acc@1 65.136 train_acc@5 84.088 val_loss 1.358 val_acc@1 67.500 val_acc@5 87.434
epoch 147 train_loss 1.648 train_acc@1 65.073 train_acc@5 84.106 val_loss 1.358 val_acc@1 67.392 val_acc@5 87.428
epoch 148 train_loss 1.648 train_acc@1 65.126 train_acc@5 84.103 val_loss 1.354 val_acc@1 67.472 val_acc@5 87.376
epoch 149 train_loss 1.646 train_acc@1 65.117 train_acc@5 84.163 val_loss 1.353 val_acc@1 67.522 val_acc@5 87.490
epoch 150 train_loss 1.645 train_acc@1 65.219 train_acc@5 84.224 val_loss 1.360 val_acc@1 67.434 val_acc@5 87.296
epoch 151 train_loss 1.645 train_acc@1 65.187 train_acc@5 84.175 val_loss 1.361 val_acc@1 67.360 val_acc@5 87.372
epoch 152 train_loss 1.644 train_acc@1 65.219 train_acc@5 84.172 val_loss 1.362 val_acc@1 67.312 val_acc@5 87.344
epoch 153 train_loss 1.644 train_acc@1 65.213 train_acc@5 84.175 val_loss 1.349 val_acc@1 67.562 val_acc@5 87.574
epoch 154 train_loss 1.644 train_acc@1 65.217 train_acc@5 84.194 val_loss 1.354 val_acc@1 67.360 val_acc@5 87.442
epoch 155 train_loss 1.642 train_acc@1 65.249 train_acc@5 84.181 val_loss 1.352 val_acc@1 67.624 val_acc@5 87.486
epoch 156 train_loss 1.641 train_acc@1 65.303 train_acc@5 84.212 val_loss 1.357 val_acc@1 67.404 val_acc@5 87.324
epoch 157 train_loss 1.643 train_acc@1 65.240 train_acc@5 84.233 val_loss 1.349 val_acc@1 67.608 val_acc@5 87.502
epoch 158 train_loss 1.641 train_acc@1 65.290 train_acc@5 84.259 val_loss 1.350 val_acc@1 67.518 val_acc@5 87.526
epoch 159 train_loss 1.640 train_acc@1 65.334 train_acc@5 84.264 val_loss 1.352 val_acc@1 67.620 val_acc@5 87.464
epoch 160 train_loss 1.640 train_acc@1 65.368 train_acc@5 84.245 val_loss 1.349 val_acc@1 67.604 val_acc@5 87.406
epoch 161 train_loss 1.638 train_acc@1 65.390 train_acc@5 84.255 val_loss 1.341 val_acc@1 67.642 val_acc@5 87.658
epoch 162 train_loss 1.637 train_acc@1 65.388 train_acc@5 84.278 val_loss 1.345 val_acc@1 67.654 val_acc@5 87.588
epoch 163 train_loss 1.637 train_acc@1 65.413 train_acc@5 84.316 val_loss 1.347 val_acc@1 67.640 val_acc@5 87.690
epoch 164 train_loss 1.637 train_acc@1 65.376 train_acc@5 84.307 val_loss 1.345 val_acc@1 67.526 val_acc@5 87.640
epoch 165 train_loss 1.636 train_acc@1 65.447 train_acc@5 84.328 val_loss 1.345 val_acc@1 67.666 val_acc@5 87.564
epoch 166 train_loss 1.634 train_acc@1 65.466 train_acc@5 84.337 val_loss 1.341 val_acc@1 67.806 val_acc@5 87.634
epoch 167 train_loss 1.632 train_acc@1 65.514 train_acc@5 84.374 val_loss 1.345 val_acc@1 67.550 val_acc@5 87.512
epoch 168 train_loss 1.635 train_acc@1 65.463 train_acc@5 84.368 val_loss 1.341 val_acc@1 67.682 val_acc@5 87.672
epoch 169 train_loss 1.633 train_acc@1 65.463 train_acc@5 84.369 val_loss 1.341 val_acc@1 67.644 val_acc@5 87.654
epoch 170 train_loss 1.632 train_acc@1 65.550 train_acc@5 84.398 val_loss 1.344 val_acc@1 67.506 val_acc@5 87.620
epoch 171 train_loss 1.631 train_acc@1 65.521 train_acc@5 84.354 val_loss 1.339 val_acc@1 67.686 val_acc@5 87.682
epoch 172 train_loss 1.631 train_acc@1 65.557 train_acc@5 84.435 val_loss 1.342 val_acc@1 67.704 val_acc@5 87.618
epoch 173 train_loss 1.629 train_acc@1 65.552 train_acc@5 84.389 val_loss 1.343 val_acc@1 67.764 val_acc@5 87.574
epoch 174 train_loss 1.627 train_acc@1 65.635 train_acc@5 84.517 val_loss 1.340 val_acc@1 67.732 val_acc@5 87.758
epoch 175 train_loss 1.628 train_acc@1 65.609 train_acc@5 84.442 val_loss 1.332 val_acc@1 67.810 val_acc@5 87.826
epoch 176 train_loss 1.628 train_acc@1 65.638 train_acc@5 84.438 val_loss 1.334 val_acc@1 67.810 val_acc@5 87.696
epoch 177 train_loss 1.628 train_acc@1 65.637 train_acc@5 84.469 val_loss 1.336 val_acc@1 67.906 val_acc@5 87.658
epoch 178 train_loss 1.628 train_acc@1 65.643 train_acc@5 84.427 val_loss 1.334 val_acc@1 67.840 val_acc@5 87.812
epoch 179 train_loss 1.626 train_acc@1 65.696 train_acc@5 84.544 val_loss 1.337 val_acc@1 67.694 val_acc@5 87.558
epoch 180 train_loss 1.625 train_acc@1 65.716 train_acc@5 84.495 val_loss 1.334 val_acc@1 67.916 val_acc@5 87.866
epoch 181 train_loss 1.625 train_acc@1 65.712 train_acc@5 84.475 val_loss 1.333 val_acc@1 67.904 val_acc@5 87.720
epoch 182 train_loss 1.624 train_acc@1 65.777 train_acc@5 84.564 val_loss 1.330 val_acc@1 67.938 val_acc@5 87.662
epoch 183 train_loss 1.624 train_acc@1 65.730 train_acc@5 84.525 val_loss 1.338 val_acc@1 67.812 val_acc@5 87.742
epoch 184 train_loss 1.622 train_acc@1 65.761 train_acc@5 84.559 val_loss 1.338 val_acc@1 67.898 val_acc@5 87.686
epoch 185 train_loss 1.622 train_acc@1 65.799 train_acc@5 84.557 val_loss 1.333 val_acc@1 67.924 val_acc@5 87.692
epoch 186 train_loss 1.623 train_acc@1 65.804 train_acc@5 84.565 val_loss 1.331 val_acc@1 67.982 val_acc@5 87.700
epoch 187 train_loss 1.622 train_acc@1 65.797 train_acc@5 84.550 val_loss 1.331 val_acc@1 67.918 val_acc@5 87.758
epoch 188 train_loss 1.619 train_acc@1 65.827 train_acc@5 84.596 val_loss 1.324 val_acc@1 68.152 val_acc@5 87.848
epoch 189 train_loss 1.618 train_acc@1 65.942 train_acc@5 84.594 val_loss 1.329 val_acc@1 68.180 val_acc@5 87.758
epoch 190 train_loss 1.620 train_acc@1 65.813 train_acc@5 84.594 val_loss 1.327 val_acc@1 68.114 val_acc@5 87.950
epoch 191 train_loss 1.617 train_acc@1 65.911 train_acc@5 84.609 val_loss 1.327 val_acc@1 68.066 val_acc@5 87.790
epoch 192 train_loss 1.619 train_acc@1 65.882 train_acc@5 84.661 val_loss 1.323 val_acc@1 68.336 val_acc@5 87.758
epoch 193 train_loss 1.617 train_acc@1 65.896 train_acc@5 84.605 val_loss 1.331 val_acc@1 67.980 val_acc@5 87.698
epoch 194 train_loss 1.617 train_acc@1 65.926 train_acc@5 84.682 val_loss 1.327 val_acc@1 68.146 val_acc@5 87.826
epoch 195 train_loss 1.616 train_acc@1 65.946 train_acc@5 84.672 val_loss 1.323 val_acc@1 68.174 val_acc@5 87.936
epoch 196 train_loss 1.615 train_acc@1 66.007 train_acc@5 84.685 val_loss 1.322 val_acc@1 67.954 val_acc@5 87.908
epoch 197 train_loss 1.615 train_acc@1 65.982 train_acc@5 84.686 val_loss 1.318 val_acc@1 68.110 val_acc@5 87.922
epoch 198 train_loss 1.613 train_acc@1 66.019 train_acc@5 84.746 val_loss 1.323 val_acc@1 68.072 val_acc@5 87.862
epoch 199 train_loss 1.612 train_acc@1 66.060 train_acc@5 84.699 val_loss 1.322 val_acc@1 68.196 val_acc@5 87.914
epoch 200 train_loss 1.613 train_acc@1 65.966 train_acc@5 84.702 val_loss 1.320 val_acc@1 68.196 val_acc@5 87.944
epoch 201 train_loss 1.610 train_acc@1 66.119 train_acc@5 84.767 val_loss 1.322 val_acc@1 68.090 val_acc@5 87.906
epoch 202 train_loss 1.611 train_acc@1 66.060 train_acc@5 84.741 val_loss 1.323 val_acc@1 68.006 val_acc@5 87.808
epoch 203 train_loss 1.610 train_acc@1 66.090 train_acc@5 84.768 val_loss 1.323 val_acc@1 68.074 val_acc@5 87.728
epoch 204 train_loss 1.612 train_acc@1 66.095 train_acc@5 84.801 val_loss 1.320 val_acc@1 68.184 val_acc@5 87.858
epoch 205 train_loss 1.608 train_acc@1 66.122 train_acc@5 84.768 val_loss 1.321 val_acc@1 68.082 val_acc@5 87.934
epoch 206 train_loss 1.608 train_acc@1 66.137 train_acc@5 84.802 val_loss 1.326 val_acc@1 67.958 val_acc@5 87.820
epoch 207 train_loss 1.608 train_acc@1 66.186 train_acc@5 84.792 val_loss 1.322 val_acc@1 67.972 val_acc@5 87.998
epoch 208 train_loss 1.608 train_acc@1 66.171 train_acc@5 84.811 val_loss 1.315 val_acc@1 68.292 val_acc@5 87.860
epoch 209 train_loss 1.608 train_acc@1 66.223 train_acc@5 84.807 val_loss 1.320 val_acc@1 68.108 val_acc@5 87.896
epoch 210 train_loss 1.606 train_acc@1 66.215 train_acc@5 84.821 val_loss 1.321 val_acc@1 68.116 val_acc@5 87.902
epoch 211 train_loss 1.605 train_acc@1 66.217 train_acc@5 84.892 val_loss 1.318 val_acc@1 68.156 val_acc@5 88.056
epoch 212 train_loss 1.603 train_acc@1 66.292 train_acc@5 84.876 val_loss 1.319 val_acc@1 68.132 val_acc@5 87.872
epoch 213 train_loss 1.604 train_acc@1 66.257 train_acc@5 84.851 val_loss 1.323 val_acc@1 68.078 val_acc@5 87.898
epoch 214 train_loss 1.604 train_acc@1 66.286 train_acc@5 84.885 val_loss 1.311 val_acc@1 68.434 val_acc@5 88.012
epoch 215 train_loss 1.601 train_acc@1 66.289 train_acc@5 84.945 val_loss 1.318 val_acc@1 68.236 val_acc@5 88.036
epoch 216 train_loss 1.602 train_acc@1 66.373 train_acc@5 84.915 val_loss 1.318 val_acc@1 68.210 val_acc@5 88.032
epoch 217 train_loss 1.601 train_acc@1 66.368 train_acc@5 84.888 val_loss 1.311 val_acc@1 68.340 val_acc@5 88.100
epoch 218 train_loss 1.599 train_acc@1 66.390 train_acc@5 84.939 val_loss 1.310 val_acc@1 68.380 val_acc@5 88.062
epoch 219 train_loss 1.600 train_acc@1 66.399 train_acc@5 84.952 val_loss 1.317 val_acc@1 68.116 val_acc@5 88.000
epoch 220 train_loss 1.600 train_acc@1 66.390 train_acc@5 84.941 val_loss 1.308 val_acc@1 68.334 val_acc@5 88.066
epoch 221 train_loss 1.599 train_acc@1 66.437 train_acc@5 84.994 val_loss 1.312 val_acc@1 68.380 val_acc@5 88.096
epoch 222 train_loss 1.597 train_acc@1 66.448 train_acc@5 84.979 val_loss 1.309 val_acc@1 68.416 val_acc@5 87.986
epoch 223 train_loss 1.598 train_acc@1 66.482 train_acc@5 84.952 val_loss 1.310 val_acc@1 68.418 val_acc@5 88.076
epoch 224 train_loss 1.597 train_acc@1 66.446 train_acc@5 84.988 val_loss 1.302 val_acc@1 68.482 val_acc@5 88.130
epoch 225 train_loss 1.594 train_acc@1 66.506 train_acc@5 85.021 val_loss 1.305 val_acc@1 68.526 val_acc@5 88.120
epoch 226 train_loss 1.595 train_acc@1 66.494 train_acc@5 85.012 val_loss 1.302 val_acc@1 68.514 val_acc@5 88.242
epoch 227 train_loss 1.594 train_acc@1 66.582 train_acc@5 85.030 val_loss 1.310 val_acc@1 68.410 val_acc@5 88.044
epoch 228 train_loss 1.592 train_acc@1 66.571 train_acc@5 85.091 val_loss 1.306 val_acc@1 68.396 val_acc@5 88.146
epoch 229 train_loss 1.592 train_acc@1 66.621 train_acc@5 85.090 val_loss 1.310 val_acc@1 68.516 val_acc@5 88.082
epoch 230 train_loss 1.591 train_acc@1 66.595 train_acc@5 85.064 val_loss 1.300 val_acc@1 68.662 val_acc@5 87.986
epoch 231 train_loss 1.589 train_acc@1 66.708 train_acc@5 85.127 val_loss 1.300 val_acc@1 68.604 val_acc@5 88.152
epoch 232 train_loss 1.590 train_acc@1 66.658 train_acc@5 85.099 val_loss 1.300 val_acc@1 68.560 val_acc@5 88.242
epoch 233 train_loss 1.590 train_acc@1 66.705 train_acc@5 85.121 val_loss 1.306 val_acc@1 68.414 val_acc@5 88.158
epoch 234 train_loss 1.587 train_acc@1 66.749 train_acc@5 85.162 val_loss 1.299 val_acc@1 68.692 val_acc@5 88.132
epoch 235 train_loss 1.588 train_acc@1 66.727 train_acc@5 85.163 val_loss 1.295 val_acc@1 68.732 val_acc@5 88.196
epoch 236 train_loss 1.586 train_acc@1 66.746 train_acc@5 85.131 val_loss 1.295 val_acc@1 68.616 val_acc@5 88.286
epoch 237 train_loss 1.583 train_acc@1 66.833 train_acc@5 85.239 val_loss 1.300 val_acc@1 68.576 val_acc@5 88.196
epoch 238 train_loss 1.584 train_acc@1 66.794 train_acc@5 85.190 val_loss 1.297 val_acc@1 68.654 val_acc@5 88.248
epoch 239 train_loss 1.583 train_acc@1 66.870 train_acc@5 85.228 val_loss 1.296 val_acc@1 68.656 val_acc@5 88.276
epoch 240 train_loss 1.581 train_acc@1 66.884 train_acc@5 85.271 val_loss 1.298 val_acc@1 68.602 val_acc@5 88.186
epoch 241 train_loss 1.581 train_acc@1 66.882 train_acc@5 85.239 val_loss 1.289 val_acc@1 68.730 val_acc@5 88.306
epoch 242 train_loss 1.580 train_acc@1 66.910 train_acc@5 85.285 val_loss 1.296 val_acc@1 68.704 val_acc@5 88.308
epoch 243 train_loss 1.580 train_acc@1 66.931 train_acc@5 85.296 val_loss 1.286 val_acc@1 68.798 val_acc@5 88.408
epoch 244 train_loss 1.576 train_acc@1 66.999 train_acc@5 85.334 val_loss 1.287 val_acc@1 68.860 val_acc@5 88.332
epoch 245 train_loss 1.574 train_acc@1 67.035 train_acc@5 85.378 val_loss 1.290 val_acc@1 68.734 val_acc@5 88.324
epoch 246 train_loss 1.575 train_acc@1 67.115 train_acc@5 85.361 val_loss 1.282 val_acc@1 68.832 val_acc@5 88.452
epoch 247 train_loss 1.571 train_acc@1 67.141 train_acc@5 85.391 val_loss 1.282 val_acc@1 68.766 val_acc@5 88.366
epoch 248 train_loss 1.572 train_acc@1 67.136 train_acc@5 85.420 val_loss 1.291 val_acc@1 68.652 val_acc@5 88.358
epoch 249 train_loss 1.572 train_acc@1 67.186 train_acc@5 85.392 val_loss 1.282 val_acc@1 68.794 val_acc@5 88.392
epoch 250 train_loss 1.568 train_acc@1 67.231 train_acc@5 85.418 val_loss 1.281 val_acc@1 68.872 val_acc@5 88.386
epoch 251 train_loss 1.566 train_acc@1 67.256 train_acc@5 85.490 val_loss 1.280 val_acc@1 69.048 val_acc@5 88.482
epoch 252 train_loss 1.566 train_acc@1 67.353 train_acc@5 85.536 val_loss 1.276 val_acc@1 69.144 val_acc@5 88.470
epoch 253 train_loss 1.561 train_acc@1 67.426 train_acc@5 85.594 val_loss 1.279 val_acc@1 68.976 val_acc@5 88.328
epoch 254 train_loss 1.559 train_acc@1 67.504 train_acc@5 85.600 val_loss 1.275 val_acc@1 69.116 val_acc@5 88.424
epoch 255 train_loss 1.555 train_acc@1 67.578 train_acc@5 85.688 val_loss 1.269 val_acc@1 69.122 val_acc@5 88.610
epoch 256 train_loss 1.582 train_acc@1 66.963 train_acc@5 85.260 val_loss 1.279 val_acc@1 68.906 val_acc@5 88.358
epoch 257 train_loss 1.583 train_acc@1 66.878 train_acc@5 85.235 val_loss 1.280 val_acc@1 69.008 val_acc@5 88.406
epoch 258 train_loss 1.582 train_acc@1 66.930 train_acc@5 85.263 val_loss 1.280 val_acc@1 68.948 val_acc@5 88.418
epoch 259 train_loss 1.581 train_acc@1 66.975 train_acc@5 85.286 val_loss 1.280 val_acc@1 68.998 val_acc@5 88.398
epoch 260 train_loss 1.582 train_acc@1 66.917 train_acc@5 85.315 val_loss 1.280 val_acc@1 68.974 val_acc@5 88.514
epoch 261 train_loss 1.583 train_acc@1 66.918 train_acc@5 85.287 val_loss 1.277 val_acc@1 69.180 val_acc@5 88.444
epoch 262 train_loss 1.581 train_acc@1 66.974 train_acc@5 85.325 val_loss 1.279 val_acc@1 69.006 val_acc@5 88.460
epoch 263 train_loss 1.582 train_acc@1 66.968 train_acc@5 85.276 val_loss 1.278 val_acc@1 69.100 val_acc@5 88.454
epoch 264 train_loss 1.580 train_acc@1 67.025 train_acc@5 85.282 val_loss 1.278 val_acc@1 69.142 val_acc@5 88.482
epoch 265 train_loss 1.581 train_acc@1 66.984 train_acc@5 85.288 val_loss 1.276 val_acc@1 68.884 val_acc@5 88.470
epoch 266 train_loss 1.579 train_acc@1 67.021 train_acc@5 85.290 val_loss 1.280 val_acc@1 68.938 val_acc@5 88.470
epoch 267 train_loss 1.579 train_acc@1 67.021 train_acc@5 85.305 val_loss 1.280 val_acc@1 68.934 val_acc@5 88.416
epoch 268 train_loss 1.577 train_acc@1 67.022 train_acc@5 85.309 val_loss 1.279 val_acc@1 68.830 val_acc@5 88.548
epoch 269 train_loss 1.577 train_acc@1 67.049 train_acc@5 85.314 val_loss 1.278 val_acc@1 69.002 val_acc@5 88.486
epoch 270 train_loss 1.578 train_acc@1 67.059 train_acc@5 85.309 val_loss 1.276 val_acc@1 69.034 val_acc@5 88.590
epoch 271 train_loss 1.577 train_acc@1 67.097 train_acc@5 85.338 val_loss 1.279 val_acc@1 69.094 val_acc@5 88.428
epoch 272 train_loss 1.576 train_acc@1 67.115 train_acc@5 85.382 val_loss 1.275 val_acc@1 69.144 val_acc@5 88.536
epoch 273 train_loss 1.575 train_acc@1 67.121 train_acc@5 85.336 val_loss 1.278 val_acc@1 69.176 val_acc@5 88.398
epoch 274 train_loss 1.574 train_acc@1 67.102 train_acc@5 85.363 val_loss 1.275 val_acc@1 69.334 val_acc@5 88.560
epoch 275 train_loss 1.575 train_acc@1 67.145 train_acc@5 85.402 val_loss 1.279 val_acc@1 69.022 val_acc@5 88.380
epoch 276 train_loss 1.572 train_acc@1 67.188 train_acc@5 85.422 val_loss 1.275 val_acc@1 69.114 val_acc@5 88.558
epoch 278 train_loss 1.572 train_acc@1 67.171 train_acc@5 85.412 val_loss 1.270 val_acc@1 69.238 val_acc@5 88.644
epoch 279 train_loss 1.574 train_acc@1 67.185 train_acc@5 85.424 val_loss 1.267 val_acc@1 69.202 val_acc@5 88.638
epoch 280 train_loss 1.570 train_acc@1 67.279 train_acc@5 85.496 val_loss 1.268 val_acc@1 69.430 val_acc@5 88.526
epoch 281 train_loss 1.569 train_acc@1 67.261 train_acc@5 85.454 val_loss 1.274 val_acc@1 69.272 val_acc@5 88.486

