epoch 0 train_loss 2.233 train_acc@1 51.581 train_acc@5 74.376 val_loss 1.802 val_acc@1 58.116 val_acc@5 81.194
epoch 1 train_loss 2.068 train_acc@1 54.908 train_acc@5 76.983 val_loss 1.681 val_acc@1 60.854 val_acc@5 82.930
epoch 2 train_loss 2.001 train_acc@1 56.448 train_acc@5 78.109 val_loss 1.652 val_acc@1 61.262 val_acc@5 83.370
epoch 3 train_loss 1.955 train_acc@1 57.413 train_acc@5 78.807 val_loss 1.599 val_acc@1 62.534 val_acc@5 84.054
epoch 4 train_loss 1.926 train_acc@1 58.071 train_acc@5 79.307 val_loss 1.593 val_acc@1 62.640 val_acc@5 84.186
epoch 5 train_loss 1.900 train_acc@1 58.715 train_acc@5 79.742 val_loss 1.553 val_acc@1 63.292 val_acc@5 84.706
epoch 6 train_loss 1.881 train_acc@1 59.110 train_acc@5 80.084 val_loss 1.540 val_acc@1 63.554 val_acc@5 84.850
epoch 7 train_loss 1.862 train_acc@1 59.540 train_acc@5 80.361 val_loss 1.528 val_acc@1 63.758 val_acc@5 84.996
epoch 8 train_loss 1.852 train_acc@1 59.837 train_acc@5 80.578 val_loss 1.511 val_acc@1 63.978 val_acc@5 85.208
epoch 9 train_loss 1.839 train_acc@1 60.102 train_acc@5 80.786 val_loss 1.493 val_acc@1 64.638 val_acc@5 85.524
epoch 10 train_loss 1.827 train_acc@1 60.346 train_acc@5 80.964 val_loss 1.496 val_acc@1 64.344 val_acc@5 85.550
epoch 11 train_loss 1.819 train_acc@1 60.605 train_acc@5 81.110 val_loss 1.489 val_acc@1 64.608 val_acc@5 85.580
epoch 12 train_loss 1.811 train_acc@1 60.764 train_acc@5 81.225 val_loss 1.486 val_acc@1 64.668 val_acc@5 85.568
epoch 13 train_loss 1.801 train_acc@1 60.968 train_acc@5 81.391 val_loss 1.469 val_acc@1 64.902 val_acc@5 85.984
epoch 14 train_loss 1.796 train_acc@1 61.169 train_acc@5 81.509 val_loss 1.463 val_acc@1 64.930 val_acc@5 85.764
epoch 15 train_loss 1.789 train_acc@1 61.297 train_acc@5 81.620 val_loss 1.453 val_acc@1 65.304 val_acc@5 85.988
epoch 16 train_loss 1.785 train_acc@1 61.383 train_acc@5 81.686 val_loss 1.456 val_acc@1 65.212 val_acc@5 85.970
epoch 17 train_loss 1.780 train_acc@1 61.543 train_acc@5 81.778 val_loss 1.462 val_acc@1 65.110 val_acc@5 85.988
epoch 18 train_loss 1.773 train_acc@1 61.746 train_acc@5 81.919 val_loss 1.432 val_acc@1 65.772 val_acc@5 86.306
epoch 19 train_loss 1.769 train_acc@1 61.865 train_acc@5 81.993 val_loss 1.440 val_acc@1 65.492 val_acc@5 86.322
epoch 20 train_loss 1.763 train_acc@1 61.963 train_acc@5 82.044 val_loss 1.429 val_acc@1 65.826 val_acc@5 86.336
epoch 21 train_loss 1.760 train_acc@1 62.036 train_acc@5 82.127 val_loss 1.437 val_acc@1 65.856 val_acc@5 86.374
epoch 22 train_loss 1.754 train_acc@1 62.156 train_acc@5 82.194 val_loss 1.424 val_acc@1 66.112 val_acc@5 86.618
epoch 23 train_loss 1.753 train_acc@1 62.247 train_acc@5 82.246 val_loss 1.422 val_acc@1 66.006 val_acc@5 86.510
epoch 24 train_loss 1.750 train_acc@1 62.284 train_acc@5 82.292 val_loss 1.419 val_acc@1 65.830 val_acc@5 86.664
epoch 25 train_loss 1.744 train_acc@1 62.415 train_acc@5 82.388 val_loss 1.418 val_acc@1 65.996 val_acc@5 86.466
epoch 26 train_loss 1.742 train_acc@1 62.464 train_acc@5 82.395 val_loss 1.410 val_acc@1 66.132 val_acc@5 86.634
epoch 27 train_loss 1.739 train_acc@1 62.610 train_acc@5 82.459 val_loss 1.423 val_acc@1 66.038 val_acc@5 86.410
epoch 28 train_loss 1.735 train_acc@1 62.605 train_acc@5 82.517 val_loss 1.415 val_acc@1 66.232 val_acc@5 86.530
epoch 29 train_loss 1.731 train_acc@1 62.724 train_acc@5 82.591 val_loss 1.404 val_acc@1 66.334 val_acc@5 86.668
epoch 30 train_loss 1.730 train_acc@1 62.764 train_acc@5 82.617 val_loss 1.409 val_acc@1 66.378 val_acc@5 86.668
epoch 31 train_loss 1.728 train_acc@1 62.840 train_acc@5 82.684 val_loss 1.408 val_acc@1 66.456 val_acc@5 86.774
epoch 32 train_loss 1.724 train_acc@1 62.905 train_acc@5 82.703 val_loss 1.398 val_acc@1 66.626 val_acc@5 86.762
epoch 33 train_loss 1.722 train_acc@1 62.939 train_acc@5 82.781 val_loss 1.396 val_acc@1 66.472 val_acc@5 86.866
epoch 34 train_loss 1.721 train_acc@1 63.033 train_acc@5 82.786 val_loss 1.396 val_acc@1 66.548 val_acc@5 86.922
epoch 35 train_loss 1.717 train_acc@1 63.116 train_acc@5 82.853 val_loss 1.386 val_acc@1 66.742 val_acc@5 86.952
epoch 36 train_loss 1.716 train_acc@1 63.145 train_acc@5 82.883 val_loss 1.399 val_acc@1 66.354 val_acc@5 86.766
epoch 37 train_loss 1.712 train_acc@1 63.198 train_acc@5 82.931 val_loss 1.392 val_acc@1 66.422 val_acc@5 86.922
epoch 38 train_loss 1.711 train_acc@1 63.224 train_acc@5 82.986 val_loss 1.403 val_acc@1 66.322 val_acc@5 86.752
epoch 39 train_loss 1.708 train_acc@1 63.347 train_acc@5 83.013 val_loss 1.380 val_acc@1 66.684 val_acc@5 87.176
epoch 40 train_loss 1.706 train_acc@1 63.377 train_acc@5 83.068 val_loss 1.381 val_acc@1 66.874 val_acc@5 87.140
epoch 41 train_loss 1.706 train_acc@1 63.402 train_acc@5 83.076 val_loss 1.380 val_acc@1 66.836 val_acc@5 87.186
epoch 42 train_loss 1.706 train_acc@1 63.424 train_acc@5 83.083 val_loss 1.384 val_acc@1 66.640 val_acc@5 86.946
epoch 43 train_loss 1.704 train_acc@1 63.452 train_acc@5 83.077 val_loss 1.381 val_acc@1 66.874 val_acc@5 87.146
epoch 44 train_loss 1.696 train_acc@1 63.576 train_acc@5 83.181 val_loss 1.377 val_acc@1 66.848 val_acc@5 87.108
epoch 45 train_loss 1.697 train_acc@1 63.566 train_acc@5 83.168 val_loss 1.386 val_acc@1 66.774 val_acc@5 86.960
epoch 46 train_loss 1.696 train_acc@1 63.639 train_acc@5 83.195 val_loss 1.371 val_acc@1 67.040 val_acc@5 87.160
epoch 47 train_loss 1.694 train_acc@1 63.655 train_acc@5 83.258 val_loss 1.373 val_acc@1 66.898 val_acc@5 87.194
epoch 48 train_loss 1.694 train_acc@1 63.657 train_acc@5 83.203 val_loss 1.374 val_acc@1 67.098 val_acc@5 87.196
epoch 49 train_loss 1.692 train_acc@1 63.788 train_acc@5 83.310 val_loss 1.363 val_acc@1 67.160 val_acc@5 87.354
epoch 50 train_loss 1.688 train_acc@1 63.837 train_acc@5 83.341 val_loss 1.365 val_acc@1 67.268 val_acc@5 87.294
epoch 51 train_loss 1.689 train_acc@1 63.806 train_acc@5 83.290 val_loss 1.362 val_acc@1 67.068 val_acc@5 87.446
epoch 52 train_loss 1.688 train_acc@1 63.852 train_acc@5 83.349 val_loss 1.358 val_acc@1 67.232 val_acc@5 87.394
epoch 53 train_loss 1.687 train_acc@1 63.884 train_acc@5 83.364 val_loss 1.363 val_acc@1 67.168 val_acc@5 87.304
epoch 54 train_loss 1.683 train_acc@1 63.995 train_acc@5 83.438 val_loss 1.371 val_acc@1 67.118 val_acc@5 87.370
epoch 55 train_loss 1.682 train_acc@1 64.012 train_acc@5 83.466 val_loss 1.361 val_acc@1 67.442 val_acc@5 87.376
epoch 56 train_loss 1.679 train_acc@1 64.041 train_acc@5 83.481 val_loss 1.352 val_acc@1 67.448 val_acc@5 87.406
epoch 57 train_loss 1.679 train_acc@1 64.074 train_acc@5 83.505 val_loss 1.351 val_acc@1 67.280 val_acc@5 87.412
epoch 58 train_loss 1.678 train_acc@1 64.116 train_acc@5 83.511 val_loss 1.353 val_acc@1 67.328 val_acc@5 87.580
epoch 59 train_loss 1.676 train_acc@1 64.091 train_acc@5 83.583 val_loss 1.353 val_acc@1 67.294 val_acc@5 87.416
epoch 60 train_loss 1.675 train_acc@1 64.193 train_acc@5 83.567 val_loss 1.360 val_acc@1 67.210 val_acc@5 87.402
epoch 61 train_loss 1.675 train_acc@1 64.217 train_acc@5 83.574 val_loss 1.352 val_acc@1 67.302 val_acc@5 87.556
epoch 62 train_loss 1.673 train_acc@1 64.265 train_acc@5 83.640 val_loss 1.346 val_acc@1 67.568 val_acc@5 87.756
epoch 63 train_loss 1.673 train_acc@1 64.266 train_acc@5 83.616 val_loss 1.348 val_acc@1 67.438 val_acc@5 87.542
epoch 64 train_loss 1.672 train_acc@1 64.209 train_acc@5 83.618 val_loss 1.351 val_acc@1 67.476 val_acc@5 87.320
epoch 65 train_loss 1.669 train_acc@1 64.343 train_acc@5 83.685 val_loss 1.347 val_acc@1 67.504 val_acc@5 87.454
epoch 66 train_loss 1.668 train_acc@1 64.332 train_acc@5 83.714 val_loss 1.349 val_acc@1 67.606 val_acc@5 87.612
epoch 67 train_loss 1.666 train_acc@1 64.401 train_acc@5 83.714 val_loss 1.345 val_acc@1 67.604 val_acc@5 87.582
epoch 68 train_loss 1.666 train_acc@1 64.394 train_acc@5 83.730 val_loss 1.335 val_acc@1 67.790 val_acc@5 87.696
epoch 69 train_loss 1.664 train_acc@1 64.499 train_acc@5 83.774 val_loss 1.341 val_acc@1 67.596 val_acc@5 87.762
epoch 70 train_loss 1.662 train_acc@1 64.459 train_acc@5 83.754 val_loss 1.342 val_acc@1 67.460 val_acc@5 87.784
epoch 71 train_loss 1.663 train_acc@1 64.466 train_acc@5 83.794 val_loss 1.343 val_acc@1 67.672 val_acc@5 87.526
epoch 72 train_loss 1.661 train_acc@1 64.500 train_acc@5 83.818 val_loss 1.342 val_acc@1 67.768 val_acc@5 87.636
epoch 73 train_loss 1.660 train_acc@1 64.501 train_acc@5 83.842 val_loss 1.331 val_acc@1 67.884 val_acc@5 87.756
epoch 74 train_loss 1.659 train_acc@1 64.547 train_acc@5 83.846 val_loss 1.346 val_acc@1 67.298 val_acc@5 87.684
epoch 75 train_loss 1.657 train_acc@1 64.587 train_acc@5 83.844 val_loss 1.336 val_acc@1 67.734 val_acc@5 87.686
epoch 76 train_loss 1.656 train_acc@1 64.634 train_acc@5 83.891 val_loss 1.355 val_acc@1 67.446 val_acc@5 87.416
epoch 77 train_loss 1.655 train_acc@1 64.681 train_acc@5 83.915 val_loss 1.337 val_acc@1 67.792 val_acc@5 87.650
epoch 78 train_loss 1.655 train_acc@1 64.685 train_acc@5 83.923 val_loss 1.337 val_acc@1 67.818 val_acc@5 87.646
epoch 79 train_loss 1.653 train_acc@1 64.714 train_acc@5 83.971 val_loss 1.335 val_acc@1 67.664 val_acc@5 87.902
epoch 80 train_loss 1.654 train_acc@1 64.738 train_acc@5 83.949 val_loss 1.329 val_acc@1 67.904 val_acc@5 87.900
epoch 81 train_loss 1.653 train_acc@1 64.778 train_acc@5 83.954 val_loss 1.338 val_acc@1 67.554 val_acc@5 87.654
epoch 82 train_loss 1.653 train_acc@1 64.782 train_acc@5 83.945 val_loss 1.339 val_acc@1 67.558 val_acc@5 87.720
epoch 83 train_loss 1.650 train_acc@1 64.761 train_acc@5 83.985 val_loss 1.326 val_acc@1 67.838 val_acc@5 87.782
epoch 84 train_loss 1.650 train_acc@1 64.864 train_acc@5 84.017 val_loss 1.333 val_acc@1 67.774 val_acc@5 87.846
epoch 85 train_loss 1.649 train_acc@1 64.850 train_acc@5 84.009 val_loss 1.330 val_acc@1 67.666 val_acc@5 87.878
epoch 86 train_loss 1.647 train_acc@1 64.879 train_acc@5 84.027 val_loss 1.339 val_acc@1 67.878 val_acc@5 87.582
epoch 87 train_loss 1.647 train_acc@1 64.899 train_acc@5 84.033 val_loss 1.332 val_acc@1 67.916 val_acc@5 87.646
epoch 88 train_loss 1.647 train_acc@1 64.917 train_acc@5 84.074 val_loss 1.326 val_acc@1 67.954 val_acc@5 87.820
epoch 89 train_loss 1.646 train_acc@1 64.908 train_acc@5 84.104 val_loss 1.332 val_acc@1 67.742 val_acc@5 87.724
epoch 90 train_loss 1.645 train_acc@1 64.981 train_acc@5 84.114 val_loss 1.323 val_acc@1 68.032 val_acc@5 87.996
epoch 91 train_loss 1.642 train_acc@1 65.006 train_acc@5 84.118 val_loss 1.326 val_acc@1 68.006 val_acc@5 87.746
epoch 92 train_loss 1.644 train_acc@1 64.994 train_acc@5 84.085 val_loss 1.320 val_acc@1 68.096 val_acc@5 87.796
epoch 93 train_loss 1.641 train_acc@1 65.060 train_acc@5 84.137 val_loss 1.321 val_acc@1 68.224 val_acc@5 87.920
epoch 94 train_loss 1.641 train_acc@1 65.039 train_acc@5 84.127 val_loss 1.324 val_acc@1 67.998 val_acc@5 87.834
epoch 95 train_loss 1.641 train_acc@1 65.035 train_acc@5 84.188 val_loss 1.311 val_acc@1 68.152 val_acc@5 88.064
epoch 96 train_loss 1.638 train_acc@1 65.137 train_acc@5 84.206 val_loss 1.324 val_acc@1 67.774 val_acc@5 87.898
epoch 97 train_loss 1.638 train_acc@1 65.114 train_acc@5 84.162 val_loss 1.312 val_acc@1 68.240 val_acc@5 88.076
epoch 98 train_loss 1.639 train_acc@1 65.091 train_acc@5 84.170 val_loss 1.316 val_acc@1 68.196 val_acc@5 87.924
epoch 99 train_loss 1.639 train_acc@1 65.084 train_acc@5 84.208 val_loss 1.315 val_acc@1 68.180 val_acc@5 88.076
epoch 100 train_loss 1.637 train_acc@1 65.130 train_acc@5 84.234 val_loss 1.314 val_acc@1 68.196 val_acc@5 87.918
epoch 101 train_loss 1.633 train_acc@1 65.244 train_acc@5 84.334 val_loss 1.315 val_acc@1 68.226 val_acc@5 88.070
epoch 102 train_loss 1.635 train_acc@1 65.199 train_acc@5 84.250 val_loss 1.307 val_acc@1 68.260 val_acc@5 88.208
epoch 103 train_loss 1.634 train_acc@1 65.281 train_acc@5 84.300 val_loss 1.306 val_acc@1 68.158 val_acc@5 88.230
epoch 104 train_loss 1.636 train_acc@1 65.175 train_acc@5 84.248 val_loss 1.311 val_acc@1 68.148 val_acc@5 88.036
epoch 105 train_loss 1.635 train_acc@1 65.183 train_acc@5 84.277 val_loss 1.313 val_acc@1 68.120 val_acc@5 87.952
epoch 106 train_loss 1.632 train_acc@1 65.307 train_acc@5 84.329 val_loss 1.309 val_acc@1 68.348 val_acc@5 87.974
epoch 107 train_loss 1.632 train_acc@1 65.294 train_acc@5 84.321 val_loss 1.305 val_acc@1 68.200 val_acc@5 88.122
epoch 108 train_loss 1.631 train_acc@1 65.321 train_acc@5 84.294 val_loss 1.317 val_acc@1 68.250 val_acc@5 87.934
epoch 109 train_loss 1.630 train_acc@1 65.421 train_acc@5 84.379 val_loss 1.306 val_acc@1 68.200 val_acc@5 88.078
epoch 110 train_loss 1.630 train_acc@1 65.306 train_acc@5 84.317 val_loss 1.309 val_acc@1 68.236 val_acc@5 87.954
epoch 111 train_loss 1.630 train_acc@1 65.327 train_acc@5 84.386 val_loss 1.313 val_acc@1 68.220 val_acc@5 88.088
epoch 112 train_loss 1.627 train_acc@1 65.404 train_acc@5 84.382 val_loss 1.310 val_acc@1 68.372 val_acc@5 88.022
epoch 113 train_loss 1.628 train_acc@1 65.433 train_acc@5 84.427 val_loss 1.305 val_acc@1 68.356 val_acc@5 88.034
epoch 114 train_loss 1.626 train_acc@1 65.401 train_acc@5 84.398 val_loss 1.315 val_acc@1 68.198 val_acc@5 88.040
epoch 115 train_loss 1.626 train_acc@1 65.441 train_acc@5 84.424 val_loss 1.305 val_acc@1 68.284 val_acc@5 88.048
epoch 116 train_loss 1.624 train_acc@1 65.466 train_acc@5 84.426 val_loss 1.303 val_acc@1 68.528 val_acc@5 88.164
epoch 117 train_loss 1.627 train_acc@1 65.431 train_acc@5 84.406 val_loss 1.308 val_acc@1 68.436 val_acc@5 88.012
epoch 118 train_loss 1.625 train_acc@1 65.504 train_acc@5 84.460 val_loss 1.305 val_acc@1 68.412 val_acc@5 88.120
epoch 119 train_loss 1.624 train_acc@1 65.518 train_acc@5 84.451 val_loss 1.300 val_acc@1 68.596 val_acc@5 88.178
epoch 120 train_loss 1.622 train_acc@1 65.551 train_acc@5 84.494 val_loss 1.299 val_acc@1 68.458 val_acc@5 88.222
epoch 121 train_loss 1.624 train_acc@1 65.522 train_acc@5 84.478 val_loss 1.303 val_acc@1 68.560 val_acc@5 88.140
epoch 122 train_loss 1.622 train_acc@1 65.577 train_acc@5 84.501 val_loss 1.307 val_acc@1 68.346 val_acc@5 88.080
epoch 123 train_loss 1.621 train_acc@1 65.561 train_acc@5 84.509 val_loss 1.309 val_acc@1 68.394 val_acc@5 88.164
epoch 124 train_loss 1.620 train_acc@1 65.596 train_acc@5 84.540 val_loss 1.310 val_acc@1 68.266 val_acc@5 88.088
epoch 125 train_loss 1.620 train_acc@1 65.593 train_acc@5 84.508 val_loss 1.303 val_acc@1 68.438 val_acc@5 88.132
epoch 126 train_loss 1.618 train_acc@1 65.650 train_acc@5 84.557 val_loss 1.296 val_acc@1 68.640 val_acc@5 88.262
epoch 127 train_loss 1.618 train_acc@1 65.645 train_acc@5 84.535 val_loss 1.297 val_acc@1 68.762 val_acc@5 88.222
epoch 128 train_loss 1.617 train_acc@1 65.701 train_acc@5 84.558 val_loss 1.290 val_acc@1 68.764 val_acc@5 88.382
epoch 129 train_loss 1.617 train_acc@1 65.724 train_acc@5 84.580 val_loss 1.299 val_acc@1 68.592 val_acc@5 88.072
epoch 130 train_loss 1.617 train_acc@1 65.649 train_acc@5 84.568 val_loss 1.300 val_acc@1 68.502 val_acc@5 88.186
epoch 131 train_loss 1.615 train_acc@1 65.696 train_acc@5 84.625 val_loss 1.304 val_acc@1 68.474 val_acc@5 87.998
epoch 132 train_loss 1.613 train_acc@1 65.820 train_acc@5 84.635 val_loss 1.299 val_acc@1 68.312 val_acc@5 88.194
epoch 133 train_loss 1.615 train_acc@1 65.748 train_acc@5 84.641 val_loss 1.291 val_acc@1 68.730 val_acc@5 88.230
epoch 134 train_loss 1.614 train_acc@1 65.780 train_acc@5 84.634 val_loss 1.298 val_acc@1 68.580 val_acc@5 88.220
epoch 135 train_loss 1.613 train_acc@1 65.762 train_acc@5 84.649 val_loss 1.299 val_acc@1 68.408 val_acc@5 88.266
epoch 136 train_loss 1.614 train_acc@1 65.758 train_acc@5 84.647 val_loss 1.291 val_acc@1 68.554 val_acc@5 88.446
epoch 137 train_loss 1.611 train_acc@1 65.803 train_acc@5 84.678 val_loss 1.295 val_acc@1 68.498 val_acc@5 88.184
epoch 138 train_loss 1.612 train_acc@1 65.869 train_acc@5 84.645 val_loss 1.296 val_acc@1 68.754 val_acc@5 88.212
epoch 139 train_loss 1.612 train_acc@1 65.838 train_acc@5 84.676 val_loss 1.294 val_acc@1 68.658 val_acc@5 88.390
epoch 140 train_loss 1.611 train_acc@1 65.829 train_acc@5 84.715 val_loss 1.288 val_acc@1 68.760 val_acc@5 88.322
epoch 141 train_loss 1.611 train_acc@1 65.896 train_acc@5 84.695 val_loss 1.291 val_acc@1 68.536 val_acc@5 88.258
epoch 142 train_loss 1.610 train_acc@1 65.893 train_acc@5 84.716 val_loss 1.299 val_acc@1 68.500 val_acc@5 88.128
epoch 143 train_loss 1.608 train_acc@1 65.899 train_acc@5 84.753 val_loss 1.289 val_acc@1 68.708 val_acc@5 88.302
epoch 144 train_loss 1.608 train_acc@1 65.910 train_acc@5 84.758 val_loss 1.292 val_acc@1 68.628 val_acc@5 88.298
epoch 145 train_loss 1.609 train_acc@1 65.898 train_acc@5 84.719 val_loss 1.291 val_acc@1 68.776 val_acc@5 88.234
epoch 146 train_loss 1.607 train_acc@1 65.947 train_acc@5 84.731 val_loss 1.293 val_acc@1 68.592 val_acc@5 88.314
epoch 147 train_loss 1.607 train_acc@1 65.919 train_acc@5 84.752 val_loss 1.292 val_acc@1 68.696 val_acc@5 88.364
epoch 148 train_loss 1.604 train_acc@1 66.016 train_acc@5 84.847 val_loss 1.302 val_acc@1 68.568 val_acc@5 88.230
epoch 149 train_loss 1.606 train_acc@1 66.021 train_acc@5 84.770 val_loss 1.294 val_acc@1 68.624 val_acc@5 88.232
epoch 150 train_loss 1.606 train_acc@1 65.972 train_acc@5 84.747 val_loss 1.291 val_acc@1 68.620 val_acc@5 88.294
epoch 151 train_loss 1.605 train_acc@1 66.034 train_acc@5 84.787 val_loss 1.284 val_acc@1 68.716 val_acc@5 88.290
epoch 152 train_loss 1.606 train_acc@1 65.994 train_acc@5 84.787 val_loss 1.295 val_acc@1 68.772 val_acc@5 88.252
epoch 153 train_loss 1.603 train_acc@1 66.005 train_acc@5 84.771 val_loss 1.289 val_acc@1 68.718 val_acc@5 88.266
epoch 154 train_loss 1.604 train_acc@1 66.049 train_acc@5 84.789 val_loss 1.282 val_acc@1 68.702 val_acc@5 88.376
epoch 155 train_loss 1.603 train_acc@1 66.077 train_acc@5 84.838 val_loss 1.285 val_acc@1 68.754 val_acc@5 88.398
epoch 156 train_loss 1.601 train_acc@1 66.140 train_acc@5 84.876 val_loss 1.279 val_acc@1 68.900 val_acc@5 88.522
epoch 157 train_loss 1.600 train_acc@1 66.128 train_acc@5 84.891 val_loss 1.277 val_acc@1 68.888 val_acc@5 88.438
epoch 158 train_loss 1.601 train_acc@1 66.125 train_acc@5 84.838 val_loss 1.287 val_acc@1 68.660 val_acc@5 88.338
epoch 159 train_loss 1.599 train_acc@1 66.132 train_acc@5 84.904 val_loss 1.279 val_acc@1 68.972 val_acc@5 88.492
epoch 160 train_loss 1.598 train_acc@1 66.187 train_acc@5 84.884 val_loss 1.286 val_acc@1 68.740 val_acc@5 88.434
epoch 161 train_loss 1.598 train_acc@1 66.160 train_acc@5 84.923 val_loss 1.282 val_acc@1 68.706 val_acc@5 88.346
epoch 162 train_loss 1.599 train_acc@1 66.191 train_acc@5 84.916 val_loss 1.281 val_acc@1 68.812 val_acc@5 88.380
epoch 163 train_loss 1.596 train_acc@1 66.268 train_acc@5 84.923 val_loss 1.276 val_acc@1 69.034 val_acc@5 88.444
epoch 164 train_loss 1.595 train_acc@1 66.269 train_acc@5 84.968 val_loss 1.274 val_acc@1 69.006 val_acc@5 88.514
epoch 165 train_loss 1.596 train_acc@1 66.229 train_acc@5 84.920 val_loss 1.279 val_acc@1 68.918 val_acc@5 88.514
epoch 166 train_loss 1.595 train_acc@1 66.282 train_acc@5 84.949 val_loss 1.278 val_acc@1 68.888 val_acc@5 88.486
epoch 167 train_loss 1.598 train_acc@1 66.192 train_acc@5 84.870 val_loss 1.278 val_acc@1 68.874 val_acc@5 88.424
epoch 168 train_loss 1.595 train_acc@1 66.277 train_acc@5 84.953 val_loss 1.284 val_acc@1 68.882 val_acc@5 88.392
epoch 169 train_loss 1.595 train_acc@1 66.287 train_acc@5 84.977 val_loss 1.273 val_acc@1 69.200 val_acc@5 88.626
epoch 170 train_loss 1.595 train_acc@1 66.328 train_acc@5 84.974 val_loss 1.285 val_acc@1 68.698 val_acc@5 88.400
epoch 171 train_loss 1.592 train_acc@1 66.307 train_acc@5 84.991 val_loss 1.271 val_acc@1 69.100 val_acc@5 88.638
epoch 172 train_loss 1.593 train_acc@1 66.273 train_acc@5 85.006 val_loss 1.277 val_acc@1 68.828 val_acc@5 88.532
epoch 173 train_loss 1.593 train_acc@1 66.321 train_acc@5 85.042 val_loss 1.276 val_acc@1 69.068 val_acc@5 88.386
epoch 174 train_loss 1.592 train_acc@1 66.326 train_acc@5 85.031 val_loss 1.270 val_acc@1 69.062 val_acc@5 88.572
epoch 175 train_loss 1.592 train_acc@1 66.360 train_acc@5 84.993 val_loss 1.268 val_acc@1 69.194 val_acc@5 88.644
epoch 176 train_loss 1.591 train_acc@1 66.378 train_acc@5 85.051 val_loss 1.279 val_acc@1 68.804 val_acc@5 88.392
epoch 177 train_loss 1.590 train_acc@1 66.443 train_acc@5 85.054 val_loss 1.276 val_acc@1 68.988 val_acc@5 88.452
epoch 178 train_loss 1.589 train_acc@1 66.474 train_acc@5 85.058 val_loss 1.275 val_acc@1 69.090 val_acc@5 88.554
epoch 179 train_loss 1.588 train_acc@1 66.530 train_acc@5 85.109 val_loss 1.269 val_acc@1 69.040 val_acc@5 88.654
epoch 180 train_loss 1.588 train_acc@1 66.459 train_acc@5 85.092 val_loss 1.273 val_acc@1 69.128 val_acc@5 88.562
epoch 181 train_loss 1.590 train_acc@1 66.450 train_acc@5 85.093 val_loss 1.273 val_acc@1 68.858 val_acc@5 88.506
epoch 182 train_loss 1.590 train_acc@1 66.429 train_acc@5 85.059 val_loss 1.275 val_acc@1 68.902 val_acc@5 88.576
epoch 183 train_loss 1.588 train_acc@1 66.502 train_acc@5 85.042 val_loss 1.270 val_acc@1 69.052 val_acc@5 88.672
epoch 184 train_loss 1.586 train_acc@1 66.543 train_acc@5 85.117 val_loss 1.265 val_acc@1 69.238 val_acc@5 88.616
epoch 185 train_loss 1.585 train_acc@1 66.566 train_acc@5 85.133 val_loss 1.268 val_acc@1 69.120 val_acc@5 88.640
epoch 186 train_loss 1.586 train_acc@1 66.472 train_acc@5 85.116 val_loss 1.269 val_acc@1 69.268 val_acc@5 88.516
epoch 187 train_loss 1.585 train_acc@1 66.534 train_acc@5 85.134 val_loss 1.266 val_acc@1 69.256 val_acc@5 88.614
epoch 188 train_loss 1.585 train_acc@1 66.557 train_acc@5 85.106 val_loss 1.261 val_acc@1 69.336 val_acc@5 88.710
epoch 189 train_loss 1.585 train_acc@1 66.554 train_acc@5 85.141 val_loss 1.276 val_acc@1 69.002 val_acc@5 88.544
epoch 190 train_loss 1.585 train_acc@1 66.551 train_acc@5 85.144 val_loss 1.268 val_acc@1 69.216 val_acc@5 88.538
epoch 191 train_loss 1.582 train_acc@1 66.609 train_acc@5 85.165 val_loss 1.268 val_acc@1 69.152 val_acc@5 88.660
epoch 192 train_loss 1.584 train_acc@1 66.588 train_acc@5 85.152 val_loss 1.270 val_acc@1 69.186 val_acc@5 88.652
epoch 193 train_loss 1.581 train_acc@1 66.679 train_acc@5 85.216 val_loss 1.264 val_acc@1 69.346 val_acc@5 88.650
epoch 194 train_loss 1.583 train_acc@1 66.641 train_acc@5 85.146 val_loss 1.265 val_acc@1 69.248 val_acc@5 88.614
epoch 195 train_loss 1.580 train_acc@1 66.738 train_acc@5 85.225 val_loss 1.260 val_acc@1 69.148 val_acc@5 88.548
epoch 196 train_loss 1.579 train_acc@1 66.716 train_acc@5 85.248 val_loss 1.265 val_acc@1 69.410 val_acc@5 88.576
epoch 197 train_loss 1.579 train_acc@1 66.766 train_acc@5 85.255 val_loss 1.262 val_acc@1 69.318 val_acc@5 88.718
epoch 198 train_loss 1.576 train_acc@1 66.763 train_acc@5 85.244 val_loss 1.267 val_acc@1 69.376 val_acc@5 88.636
epoch 199 train_loss 1.579 train_acc@1 66.704 train_acc@5 85.235 val_loss 1.265 val_acc@1 69.216 val_acc@5 88.610
epoch 200 train_loss 1.579 train_acc@1 66.711 train_acc@5 85.249 val_loss 1.257 val_acc@1 69.576 val_acc@5 88.766
epoch 201 train_loss 1.577 train_acc@1 66.763 train_acc@5 85.326 val_loss 1.259 val_acc@1 69.390 val_acc@5 88.700
epoch 202 train_loss 1.576 train_acc@1 66.779 train_acc@5 85.285 val_loss 1.265 val_acc@1 69.148 val_acc@5 88.596
epoch 203 train_loss 1.575 train_acc@1 66.836 train_acc@5 85.291 val_loss 1.259 val_acc@1 69.302 val_acc@5 88.712
epoch 204 train_loss 1.575 train_acc@1 66.756 train_acc@5 85.305 val_loss 1.269 val_acc@1 69.230 val_acc@5 88.566
epoch 205 train_loss 1.577 train_acc@1 66.797 train_acc@5 85.275 val_loss 1.260 val_acc@1 69.318 val_acc@5 88.584
epoch 206 train_loss 1.574 train_acc@1 66.831 train_acc@5 85.298 val_loss 1.264 val_acc@1 69.322 val_acc@5 88.688
epoch 207 train_loss 1.575 train_acc@1 66.816 train_acc@5 85.333 val_loss 1.253 val_acc@1 69.356 val_acc@5 88.922
epoch 208 train_loss 1.575 train_acc@1 66.853 train_acc@5 85.308 val_loss 1.259 val_acc@1 69.214 val_acc@5 88.672
epoch 209 train_loss 1.573 train_acc@1 66.884 train_acc@5 85.327 val_loss 1.261 val_acc@1 69.232 val_acc@5 88.624
epoch 210 train_loss 1.572 train_acc@1 66.909 train_acc@5 85.350 val_loss 1.255 val_acc@1 69.496 val_acc@5 88.728
epoch 211 train_loss 1.572 train_acc@1 66.926 train_acc@5 85.365 val_loss 1.259 val_acc@1 69.260 val_acc@5 88.766
epoch 212 train_loss 1.572 train_acc@1 66.890 train_acc@5 85.364 val_loss 1.256 val_acc@1 69.528 val_acc@5 88.804
epoch 213 train_loss 1.570 train_acc@1 66.939 train_acc@5 85.394 val_loss 1.254 val_acc@1 69.450 val_acc@5 88.748
epoch 214 train_loss 1.569 train_acc@1 66.988 train_acc@5 85.412 val_loss 1.248 val_acc@1 69.628 val_acc@5 88.822
epoch 215 train_loss 1.569 train_acc@1 67.036 train_acc@5 85.379 val_loss 1.256 val_acc@1 69.382 val_acc@5 88.742
epoch 216 train_loss 1.569 train_acc@1 67.019 train_acc@5 85.433 val_loss 1.258 val_acc@1 69.660 val_acc@5 88.660
epoch 217 train_loss 1.568 train_acc@1 67.001 train_acc@5 85.411 val_loss 1.247 val_acc@1 69.724 val_acc@5 88.956
epoch 218 train_loss 1.568 train_acc@1 67.056 train_acc@5 85.471 val_loss 1.251 val_acc@1 69.566 val_acc@5 88.894
epoch 219 train_loss 1.568 train_acc@1 67.049 train_acc@5 85.464 val_loss 1.256 val_acc@1 69.484 val_acc@5 88.984
epoch 220 train_loss 1.568 train_acc@1 67.039 train_acc@5 85.427 val_loss 1.249 val_acc@1 69.450 val_acc@5 88.842
epoch 221 train_loss 1.565 train_acc@1 67.136 train_acc@5 85.446 val_loss 1.246 val_acc@1 69.590 val_acc@5 89.018
epoch 222 train_loss 1.564 train_acc@1 67.082 train_acc@5 85.441 val_loss 1.252 val_acc@1 69.458 val_acc@5 88.940
epoch 223 train_loss 1.564 train_acc@1 67.171 train_acc@5 85.476 val_loss 1.251 val_acc@1 69.590 val_acc@5 88.894
epoch 224 train_loss 1.563 train_acc@1 67.121 train_acc@5 85.500 val_loss 1.249 val_acc@1 69.478 val_acc@5 88.938
epoch 225 train_loss 1.562 train_acc@1 67.218 train_acc@5 85.533 val_loss 1.246 val_acc@1 69.726 val_acc@5 88.908
epoch 226 train_loss 1.563 train_acc@1 67.166 train_acc@5 85.503 val_loss 1.247 val_acc@1 69.748 val_acc@5 88.896
epoch 227 train_loss 1.560 train_acc@1 67.243 train_acc@5 85.540 val_loss 1.244 val_acc@1 69.596 val_acc@5 88.926
epoch 228 train_loss 1.560 train_acc@1 67.262 train_acc@5 85.534 val_loss 1.249 val_acc@1 69.644 val_acc@5 88.880
epoch 229 train_loss 1.558 train_acc@1 67.249 train_acc@5 85.592 val_loss 1.245 val_acc@1 69.690 val_acc@5 88.960
epoch 230 train_loss 1.559 train_acc@1 67.247 train_acc@5 85.592 val_loss 1.247 val_acc@1 69.566 val_acc@5 88.886
epoch 231 train_loss 1.558 train_acc@1 67.334 train_acc@5 85.584 val_loss 1.240 val_acc@1 69.716 val_acc@5 89.008
epoch 232 train_loss 1.557 train_acc@1 67.317 train_acc@5 85.583 val_loss 1.245 val_acc@1 69.802 val_acc@5 88.872
epoch 233 train_loss 1.557 train_acc@1 67.306 train_acc@5 85.604 val_loss 1.243 val_acc@1 69.784 val_acc@5 88.858
epoch 234 train_loss 1.557 train_acc@1 67.375 train_acc@5 85.600 val_loss 1.240 val_acc@1 69.740 val_acc@5 88.940
epoch 235 train_loss 1.554 train_acc@1 67.424 train_acc@5 85.666 val_loss 1.248 val_acc@1 69.566 val_acc@5 88.752
epoch 236 train_loss 1.553 train_acc@1 67.403 train_acc@5 85.671 val_loss 1.239 val_acc@1 69.908 val_acc@5 88.940
epoch 237 train_loss 1.553 train_acc@1 67.428 train_acc@5 85.673 val_loss 1.235 val_acc@1 69.764 val_acc@5 89.010
epoch 238 train_loss 1.551 train_acc@1 67.456 train_acc@5 85.672 val_loss 1.239 val_acc@1 69.774 val_acc@5 88.880
epoch 239 train_loss 1.551 train_acc@1 67.455 train_acc@5 85.708 val_loss 1.241 val_acc@1 69.714 val_acc@5 89.006
epoch 240 train_loss 1.550 train_acc@1 67.500 train_acc@5 85.727 val_loss 1.236 val_acc@1 69.830 val_acc@5 88.920
epoch 241 train_loss 1.547 train_acc@1 67.611 train_acc@5 85.825 val_loss 1.231 val_acc@1 69.806 val_acc@5 89.114
epoch 242 train_loss 1.549 train_acc@1 67.501 train_acc@5 85.755 val_loss 1.233 val_acc@1 69.688 val_acc@5 89.142
epoch 243 train_loss 1.547 train_acc@1 67.567 train_acc@5 85.796 val_loss 1.238 val_acc@1 69.940 val_acc@5 88.986
epoch 244 train_loss 1.544 train_acc@1 67.707 train_acc@5 85.830 val_loss 1.231 val_acc@1 69.892 val_acc@5 89.192
epoch 245 train_loss 1.546 train_acc@1 67.659 train_acc@5 85.786 val_loss 1.230 val_acc@1 69.874 val_acc@5 89.182
epoch 246 train_loss 1.541 train_acc@1 67.758 train_acc@5 85.914 val_loss 1.227 val_acc@1 69.938 val_acc@5 89.156
epoch 247 train_loss 1.542 train_acc@1 67.732 train_acc@5 85.861 val_loss 1.229 val_acc@1 70.008 val_acc@5 89.022
epoch 248 train_loss 1.542 train_acc@1 67.754 train_acc@5 85.896 val_loss 1.225 val_acc@1 69.972 val_acc@5 89.204
epoch 249 train_loss 1.538 train_acc@1 67.875 train_acc@5 85.928 val_loss 1.228 val_acc@1 69.970 val_acc@5 89.244
epoch 250 train_loss 1.535 train_acc@1 67.925 train_acc@5 85.958 val_loss 1.226 val_acc@1 70.074 val_acc@5 89.282
epoch 251 train_loss 1.535 train_acc@1 67.948 train_acc@5 86.005 val_loss 1.223 val_acc@1 70.052 val_acc@5 89.280
epoch 252 train_loss 1.532 train_acc@1 68.033 train_acc@5 86.016 val_loss 1.223 val_acc@1 70.096 val_acc@5 89.100
epoch 253 train_loss 1.529 train_acc@1 68.055 train_acc@5 86.069 val_loss 1.221 val_acc@1 70.116 val_acc@5 89.144
epoch 254 train_loss 1.526 train_acc@1 68.175 train_acc@5 86.079 val_loss 1.216 val_acc@1 70.234 val_acc@5 89.236
epoch 255 train_loss 1.522 train_acc@1 68.265 train_acc@5 86.150 val_loss 1.210 val_acc@1 70.518 val_acc@5 89.478
epoch 256 train_loss 1.529 train_acc@1 68.094 train_acc@5 86.098 val_loss 1.218 val_acc@1 70.168 val_acc@5 89.312
epoch 257 train_loss 1.528 train_acc@1 68.145 train_acc@5 86.094 val_loss 1.220 val_acc@1 70.118 val_acc@5 89.300
epoch 258 train_loss 1.529 train_acc@1 68.184 train_acc@5 86.102 val_loss 1.219 val_acc@1 70.162 val_acc@5 89.312
epoch 259 train_loss 1.528 train_acc@1 68.105 train_acc@5 86.100 val_loss 1.212 val_acc@1 70.448 val_acc@5 89.336
epoch 260 train_loss 1.529 train_acc@1 68.115 train_acc@5 86.107 val_loss 1.217 val_acc@1 70.280 val_acc@5 89.320
epoch 261 train_loss 1.527 train_acc@1 68.183 train_acc@5 86.097 val_loss 1.214 val_acc@1 70.368 val_acc@5 89.296
epoch 262 train_loss 1.526 train_acc@1 68.200 train_acc@5 86.148 val_loss 1.215 val_acc@1 70.186 val_acc@5 89.226
epoch 263 train_loss 1.524 train_acc@1 68.250 train_acc@5 86.169 val_loss 1.218 val_acc@1 70.230 val_acc@5 89.206
epoch 264 train_loss 1.528 train_acc@1 68.183 train_acc@5 86.117 val_loss 1.213 val_acc@1 70.308 val_acc@5 89.324
epoch 265 train_loss 1.525 train_acc@1 68.160 train_acc@5 86.119 val_loss 1.213 val_acc@1 70.490 val_acc@5 89.286
epoch 266 train_loss 1.524 train_acc@1 68.185 train_acc@5 86.137 val_loss 1.215 val_acc@1 70.214 val_acc@5 89.272
epoch 267 train_loss 1.525 train_acc@1 68.209 train_acc@5 86.165 val_loss 1.209 val_acc@1 70.398 val_acc@5 89.460
epoch 268 train_loss 1.525 train_acc@1 68.180 train_acc@5 86.137 val_loss 1.209 val_acc@1 70.550 val_acc@5 89.372
epoch 269 train_loss 1.522 train_acc@1 68.251 train_acc@5 86.136 val_loss 1.211 val_acc@1 70.310 val_acc@5 89.394
epoch 270 train_loss 1.524 train_acc@1 68.279 train_acc@5 86.185 val_loss 1.217 val_acc@1 70.250 val_acc@5 89.336
epoch 271 train_loss 1.522 train_acc@1 68.282 train_acc@5 86.183 val_loss 1.214 val_acc@1 70.290 val_acc@5 89.338
epoch 272 train_loss 1.524 train_acc@1 68.286 train_acc@5 86.197 val_loss 1.214 val_acc@1 70.338 val_acc@5 89.286
epoch 273 train_loss 1.524 train_acc@1 68.265 train_acc@5 86.184 val_loss 1.210 val_acc@1 70.216 val_acc@5 89.398
epoch 274 train_loss 1.521 train_acc@1 68.294 train_acc@5 86.174 val_loss 1.210 val_acc@1 70.400 val_acc@5 89.422
epoch 275 train_loss 1.522 train_acc@1 68.350 train_acc@5 86.227 val_loss 1.212 val_acc@1 70.304 val_acc@5 89.380
epoch 276 train_loss 1.518 train_acc@1 68.408 train_acc@5 86.239 val_loss 1.209 val_acc@1 70.536 val_acc@5 89.378
epoch 278 train_loss 1.519 train_acc@1 68.365 train_acc@5 86.262 val_loss 1.207 val_acc@1 70.650 val_acc@5 89.304
epoch 279 train_loss 1.516 train_acc@1 68.448 train_acc@5 86.303 val_loss 1.206 val_acc@1 70.370 val_acc@5 89.364
epoch 280 train_loss 1.517 train_acc@1 68.483 train_acc@5 86.311 val_loss 1.206 val_acc@1 70.548 val_acc@5 89.454
epoch 281 train_loss 1.514 train_acc@1 68.509 train_acc@5 86.349 val_loss 1.204 val_acc@1 70.500 val_acc@5 89.526


